<?xml version="1.0" encoding="UTF-8"?>
<testng-results skipped="0" failed="7" ignored="0" total="50" passed="43">
  <reporter-output>
  </reporter-output>
  <suite name="s1" duration-ms="8431" started-at="2018-12-26T07:09:48Z" finished-at="2018-12-26T07:09:56Z">
    <groups>
    </groups>
    <test name="GetTransportFee" duration-ms="8431" started-at="2018-12-26T07:09:48Z" finished-at="2018-12-26T07:09:56Z">
      <class name="com.edu.test.SkuListTest">
        <test-method status="PASS" signature="testSkuList1()[pri:0, instance:com.edu.test.SkuListTest@371a67ec]" name="testSkuList1" duration-ms="104" started-at="2018-12-26T07:09:50Z" finished-at="2018-12-26T07:09:51Z">
          <reporter-output>
          </reporter-output>
        </test-method> <!-- testSkuList1 -->
        <test-method status="PASS" signature="testSkuList2()[pri:0, instance:com.edu.test.SkuListTest@371a67ec]" name="testSkuList2" duration-ms="99" started-at="2018-12-26T07:09:51Z" finished-at="2018-12-26T07:09:51Z">
          <reporter-output>
          </reporter-output>
        </test-method> <!-- testSkuList2 -->
        <test-method status="FAIL" signature="testSkuList6()[pri:0, instance:com.edu.test.SkuListTest@371a67ec]" name="testSkuList6" duration-ms="110" started-at="2018-12-26T07:09:51Z" finished-at="2018-12-26T07:09:51Z">
          <exception class="java.lang.Exception">
            <message>
              <![CDATA[the Text: 'header' is not Present!]]>
            </message>
            <full-stacktrace>
              <![CDATA[java.lang.Exception: the Text: 'header' is not Present!
at com.edu.utils.Checker.verifyTextPresent(Checker.java:41)
at com.edu.test.SkuListTest.testSkuList6(SkuListTest.java:71)
at sun.reflect.NativeMethodAccessorImpl.invoke0(Native Method)
at sun.reflect.NativeMethodAccessorImpl.invoke(NativeMethodAccessorImpl.java:62)
at sun.reflect.DelegatingMethodAccessorImpl.invoke(DelegatingMethodAccessorImpl.java:43)
at java.lang.reflect.Method.invoke(Method.java:498)
at org.testng.internal.MethodInvocationHelper.invokeMethod(MethodInvocationHelper.java:124)
at org.testng.internal.Invoker.invokeMethod(Invoker.java:580)
at org.testng.internal.Invoker.invokeTestMethod(Invoker.java:716)
at org.testng.internal.Invoker.invokeTestMethods(Invoker.java:988)
at org.testng.internal.TestMethodWorker.invokeTestMethods(TestMethodWorker.java:125)
at org.testng.internal.TestMethodWorker.run(TestMethodWorker.java:109)
at org.testng.TestRunner.privateRun(TestRunner.java:648)
at org.testng.TestRunner.run(TestRunner.java:505)
at org.testng.SuiteRunner.runTest(SuiteRunner.java:455)
at org.testng.SuiteRunner.runSequentially(SuiteRunner.java:450)
at org.testng.SuiteRunner.privateRun(SuiteRunner.java:415)
at org.testng.SuiteRunner.run(SuiteRunner.java:364)
at org.testng.SuiteRunnerWorker.runSuite(SuiteRunnerWorker.java:52)
at org.testng.SuiteRunnerWorker.run(SuiteRunnerWorker.java:84)
at org.testng.TestNG.runSuitesSequentially(TestNG.java:1208)
at org.testng.TestNG.runSuitesLocally(TestNG.java:1137)
at org.testng.TestNG.runSuites(TestNG.java:1049)
at org.testng.TestNG.run(TestNG.java:1017)
at org.testng.remote.AbstractRemoteTestNG.run(AbstractRemoteTestNG.java:114)
at org.testng.remote.RemoteTestNG.initAndRun(RemoteTestNG.java:251)
at org.testng.remote.RemoteTestNG.main(RemoteTestNG.java:77)
]]>
            </full-stacktrace>
          </exception> <!-- java.lang.Exception -->
          <reporter-output>
          </reporter-output>
        </test-method> <!-- testSkuList6 -->
        <test-method status="FAIL" signature="testSkuLlist3()[pri:0, instance:com.edu.test.SkuListTest@371a67ec]" name="testSkuLlist3" duration-ms="95" started-at="2018-12-26T07:09:51Z" finished-at="2018-12-26T07:09:51Z">
          <exception class="java.lang.Exception">
            <message>
              <![CDATA[the Text: 'ID' is not Present!]]>
            </message>
            <full-stacktrace>
              <![CDATA[java.lang.Exception: the Text: 'ID' is not Present!
at com.edu.utils.Checker.verifyTextPresent(Checker.java:41)
at com.edu.test.SkuListTest.testSkuLlist3(SkuListTest.java:53)
at sun.reflect.NativeMethodAccessorImpl.invoke0(Native Method)
at sun.reflect.NativeMethodAccessorImpl.invoke(NativeMethodAccessorImpl.java:62)
at sun.reflect.DelegatingMethodAccessorImpl.invoke(DelegatingMethodAccessorImpl.java:43)
at java.lang.reflect.Method.invoke(Method.java:498)
at org.testng.internal.MethodInvocationHelper.invokeMethod(MethodInvocationHelper.java:124)
at org.testng.internal.Invoker.invokeMethod(Invoker.java:580)
at org.testng.internal.Invoker.invokeTestMethod(Invoker.java:716)
at org.testng.internal.Invoker.invokeTestMethods(Invoker.java:988)
at org.testng.internal.TestMethodWorker.invokeTestMethods(TestMethodWorker.java:125)
at org.testng.internal.TestMethodWorker.run(TestMethodWorker.java:109)
at org.testng.TestRunner.privateRun(TestRunner.java:648)
at org.testng.TestRunner.run(TestRunner.java:505)
at org.testng.SuiteRunner.runTest(SuiteRunner.java:455)
at org.testng.SuiteRunner.runSequentially(SuiteRunner.java:450)
at org.testng.SuiteRunner.privateRun(SuiteRunner.java:415)
at org.testng.SuiteRunner.run(SuiteRunner.java:364)
at org.testng.SuiteRunnerWorker.runSuite(SuiteRunnerWorker.java:52)
at org.testng.SuiteRunnerWorker.run(SuiteRunnerWorker.java:84)
at org.testng.TestNG.runSuitesSequentially(TestNG.java:1208)
at org.testng.TestNG.runSuitesLocally(TestNG.java:1137)
at org.testng.TestNG.runSuites(TestNG.java:1049)
at org.testng.TestNG.run(TestNG.java:1017)
at org.testng.remote.AbstractRemoteTestNG.run(AbstractRemoteTestNG.java:114)
at org.testng.remote.RemoteTestNG.initAndRun(RemoteTestNG.java:251)
at org.testng.remote.RemoteTestNG.main(RemoteTestNG.java:77)
]]>
            </full-stacktrace>
          </exception> <!-- java.lang.Exception -->
          <reporter-output>
          </reporter-output>
        </test-method> <!-- testSkuLlist3 -->
        <test-method status="PASS" signature="testSkuLlist4()[pri:0, instance:com.edu.test.SkuListTest@371a67ec]" name="testSkuLlist4" duration-ms="86" started-at="2018-12-26T07:09:51Z" finished-at="2018-12-26T07:09:51Z">
          <reporter-output>
          </reporter-output>
        </test-method> <!-- testSkuLlist4 -->
      </class> <!-- com.edu.test.SkuListTest -->
      <class name="com.edu.test.SceneTest">
        <test-method status="PASS" signature="testAddress()[pri:0, instance:com.edu.test.SceneTest@a38d7a3]" name="testAddress" duration-ms="210" started-at="2018-12-26T07:09:55Z" finished-at="2018-12-26T07:09:55Z">
          <reporter-output>
          </reporter-output>
        </test-method> <!-- testAddress -->
        <test-method status="PASS" signature="testSkuList()[pri:0, instance:com.edu.test.SceneTest@a38d7a3]" name="testSkuList" duration-ms="173" started-at="2018-12-26T07:09:55Z" finished-at="2018-12-26T07:09:55Z">
          <reporter-output>
          </reporter-output>
        </test-method> <!-- testSkuList -->
        <test-method status="PASS" signature="testSubmit()[pri:0, instance:com.edu.test.SceneTest@a38d7a3]" name="testSubmit" duration-ms="186" started-at="2018-12-26T07:09:55Z" finished-at="2018-12-26T07:09:56Z">
          <reporter-output>
          </reporter-output>
        </test-method> <!-- testSubmit -->
        <test-method status="PASS" signature="testTransport()[pri:0, instance:com.edu.test.SceneTest@a38d7a3]" name="testTransport" duration-ms="193" started-at="2018-12-26T07:09:56Z" finished-at="2018-12-26T07:09:56Z">
          <reporter-output>
          </reporter-output>
        </test-method> <!-- testTransport -->
      </class> <!-- com.edu.test.SceneTest -->
      <class name="com.edu.test.ChangJing_test">
        <test-method status="PASS" signature="changjing4()[pri:0, instance:com.edu.test.ChangJing_test@1a3869f4]" name="changjing4" duration-ms="378" started-at="2018-12-26T07:09:55Z" finished-at="2018-12-26T07:09:55Z">
          <reporter-output>
          </reporter-output>
        </test-method> <!-- changjing4 -->
      </class> <!-- com.edu.test.ChangJing_test -->
      <class name="com.edu.test.HttpClientForGetTransportFeeTest">
        <test-method status="PASS" signature="testGetTranportFeeBySpecial()[pri:0, instance:com.edu.test.HttpClientForGetTransportFeeTest@50d0686]" name="testGetTranportFeeBySpecial" duration-ms="82" started-at="2018-12-26T07:09:52Z" description="addressDetail参数为特别行政区_请求成功" finished-at="2018-12-26T07:09:52Z">
          <reporter-output>
          </reporter-output>
        </test-method> <!-- testGetTranportFeeBySpecial -->
        <test-method status="PASS" signature="testGetTransportFeeByAreaError()[pri:0, instance:com.edu.test.HttpClientForGetTransportFeeTest@50d0686]" name="testGetTransportFeeByAreaError" duration-ms="93" started-at="2018-12-26T07:09:52Z" description="addressDetail参数中区不匹配_请求失败" finished-at="2018-12-26T07:09:52Z">
          <reporter-output>
          </reporter-output>
        </test-method> <!-- testGetTransportFeeByAreaError -->
        <test-method status="PASS" signature="testGetTransportFeeByCityAreaError()[pri:0, instance:com.edu.test.HttpClientForGetTransportFeeTest@50d0686]" name="testGetTransportFeeByCityAreaError" duration-ms="78" started-at="2018-12-26T07:09:52Z" description="addressDetail参数中市区均不匹配_请求失败" finished-at="2018-12-26T07:09:52Z">
          <reporter-output>
          </reporter-output>
        </test-method> <!-- testGetTransportFeeByCityAreaError -->
        <test-method status="PASS" signature="testGetTransportFeeByCityError()[pri:0, instance:com.edu.test.HttpClientForGetTransportFeeTest@50d0686]" name="testGetTransportFeeByCityError" duration-ms="81" started-at="2018-12-26T07:09:52Z" description="addressDetail参数中市不匹配_请求失败" finished-at="2018-12-26T07:09:52Z">
          <reporter-output>
          </reporter-output>
        </test-method> <!-- testGetTransportFeeByCityError -->
        <test-method status="PASS" signature="testGetTransportFeeByDirectly()[pri:0, instance:com.edu.test.HttpClientForGetTransportFeeTest@50d0686]" name="testGetTransportFeeByDirectly" duration-ms="88" started-at="2018-12-26T07:09:52Z" description="addressDetail参数为直辖市_请求成功" finished-at="2018-12-26T07:09:52Z">
          <reporter-output>
          </reporter-output>
        </test-method> <!-- testGetTransportFeeByDirectly -->
        <test-method status="PASS" signature="testGetTransportFeeById()[pri:0, instance:com.edu.test.HttpClientForGetTransportFeeTest@50d0686]" name="testGetTransportFeeById" duration-ms="89" started-at="2018-12-26T07:09:52Z" description="id参数不正确_获取运费成功" finished-at="2018-12-26T07:09:52Z">
          <reporter-output>
          </reporter-output>
        </test-method> <!-- testGetTransportFeeById -->
        <test-method status="PASS" signature="testGetTransportFeeByIdError()[pri:0, instance:com.edu.test.HttpClientForGetTransportFeeTest@50d0686]" name="testGetTransportFeeByIdError" duration-ms="90" started-at="2018-12-26T07:09:52Z" description="id参数类型不正确_获取运费失败" finished-at="2018-12-26T07:09:52Z">
          <reporter-output>
          </reporter-output>
        </test-method> <!-- testGetTransportFeeByIdError -->
        <test-method status="PASS" signature="testGetTransportFeeByMuni()[pri:0, instance:com.edu.test.HttpClientForGetTransportFeeTest@50d0686]" name="testGetTransportFeeByMuni" duration-ms="84" started-at="2018-12-26T07:09:52Z" description="addressDetail参数为自治区_请求成功" finished-at="2018-12-26T07:09:52Z">
          <reporter-output>
          </reporter-output>
        </test-method> <!-- testGetTransportFeeByMuni -->
        <test-method status="PASS" signature="testGetTransportFeeByNullId()[pri:0, instance:com.edu.test.HttpClientForGetTransportFeeTest@50d0686]" name="testGetTransportFeeByNullId" duration-ms="81" started-at="2018-12-26T07:09:52Z" description="id参数为空_获取运费失败" finished-at="2018-12-26T07:09:52Z">
          <reporter-output>
          </reporter-output>
        </test-method> <!-- testGetTransportFeeByNullId -->
        <test-method status="PASS" signature="testGetTransportFeeSuccess()[pri:0, instance:com.edu.test.HttpClientForGetTransportFeeTest@50d0686]" name="testGetTransportFeeSuccess" duration-ms="94" started-at="2018-12-26T07:09:52Z" description="id_addressDetail参数均正确_获取运费成功" finished-at="2018-12-26T07:09:53Z">
          <reporter-output>
          </reporter-output>
        </test-method> <!-- testGetTransportFeeSuccess -->
      </class> <!-- com.edu.test.HttpClientForGetTransportFeeTest -->
      <class name="com.edu.test.loginTest">
        <test-method status="PASS" signature="setUp()[pri:0, instance:com.edu.test.loginTest@262b2c86]" name="setUp" is-config="true" duration-ms="844" started-at="2018-12-26T07:09:48Z" finished-at="2018-12-26T07:09:48Z">
          <reporter-output>
          </reporter-output>
        </test-method> <!-- setUp -->
        <test-method status="PASS" signature="test_Login1()[pri:0, instance:com.edu.test.loginTest@262b2c86]" name="test_Login1" duration-ms="896" started-at="2018-12-26T07:09:48Z" description="登录成功" finished-at="2018-12-26T07:09:49Z">
          <reporter-output>
          </reporter-output>
        </test-method> <!-- test_Login1 -->
        <test-method status="PASS" signature="tearDown()[pri:0, instance:com.edu.test.loginTest@262b2c86]" name="tearDown" is-config="true" duration-ms="3" started-at="2018-12-26T07:09:49Z" finished-at="2018-12-26T07:09:49Z">
          <reporter-output>
          </reporter-output>
        </test-method> <!-- tearDown -->
        <test-method status="PASS" signature="setUp()[pri:0, instance:com.edu.test.loginTest@262b2c86]" name="setUp" is-config="true" duration-ms="10" started-at="2018-12-26T07:09:49Z" finished-at="2018-12-26T07:09:49Z">
          <reporter-output>
          </reporter-output>
        </test-method> <!-- setUp -->
        <test-method status="PASS" signature="test_Login10()[pri:0, instance:com.edu.test.loginTest@262b2c86]" name="test_Login10" duration-ms="78" started-at="2018-12-26T07:09:49Z" description="登录失败，密码错误" finished-at="2018-12-26T07:09:49Z">
          <reporter-output>
          </reporter-output>
        </test-method> <!-- test_Login10 -->
        <test-method status="PASS" signature="tearDown()[pri:0, instance:com.edu.test.loginTest@262b2c86]" name="tearDown" is-config="true" duration-ms="1" started-at="2018-12-26T07:09:49Z" finished-at="2018-12-26T07:09:49Z">
          <reporter-output>
          </reporter-output>
        </test-method> <!-- tearDown -->
        <test-method status="PASS" signature="setUp()[pri:0, instance:com.edu.test.loginTest@262b2c86]" name="setUp" is-config="true" duration-ms="7" started-at="2018-12-26T07:09:49Z" finished-at="2018-12-26T07:09:49Z">
          <reporter-output>
          </reporter-output>
        </test-method> <!-- setUp -->
        <test-method status="PASS" signature="test_Login11()[pri:0, instance:com.edu.test.loginTest@262b2c86]" name="test_Login11" duration-ms="110" started-at="2018-12-26T07:09:49Z" description="登录失败，用户不存在" finished-at="2018-12-26T07:09:50Z">
          <reporter-output>
          </reporter-output>
        </test-method> <!-- test_Login11 -->
        <test-method status="PASS" signature="tearDown()[pri:0, instance:com.edu.test.loginTest@262b2c86]" name="tearDown" is-config="true" duration-ms="0" started-at="2018-12-26T07:09:50Z" finished-at="2018-12-26T07:09:50Z">
          <reporter-output>
          </reporter-output>
        </test-method> <!-- tearDown -->
        <test-method status="PASS" signature="setUp()[pri:0, instance:com.edu.test.loginTest@262b2c86]" name="setUp" is-config="true" duration-ms="7" started-at="2018-12-26T07:09:50Z" finished-at="2018-12-26T07:09:50Z">
          <reporter-output>
          </reporter-output>
        </test-method> <!-- setUp -->
        <test-method status="PASS" signature="test_Login12()[pri:0, instance:com.edu.test.loginTest@262b2c86]" name="test_Login12" duration-ms="98" started-at="2018-12-26T07:09:50Z" description="登录失败，区号不存在" finished-at="2018-12-26T07:09:50Z">
          <reporter-output>
          </reporter-output>
        </test-method> <!-- test_Login12 -->
        <test-method status="PASS" signature="tearDown()[pri:0, instance:com.edu.test.loginTest@262b2c86]" name="tearDown" is-config="true" duration-ms="1" started-at="2018-12-26T07:09:50Z" finished-at="2018-12-26T07:09:50Z">
          <reporter-output>
          </reporter-output>
        </test-method> <!-- tearDown -->
        <test-method status="PASS" signature="setUp()[pri:0, instance:com.edu.test.loginTest@262b2c86]" name="setUp" is-config="true" duration-ms="8" started-at="2018-12-26T07:09:50Z" finished-at="2018-12-26T07:09:50Z">
          <reporter-output>
          </reporter-output>
        </test-method> <!-- setUp -->
        <test-method status="PASS" signature="test_Login2()[pri:0, instance:com.edu.test.loginTest@262b2c86]" name="test_Login2" duration-ms="95" started-at="2018-12-26T07:09:50Z" description="登录失败，phoneArea参数类型不正确" finished-at="2018-12-26T07:09:50Z">
          <reporter-output>
          </reporter-output>
        </test-method> <!-- test_Login2 -->
        <test-method status="PASS" signature="tearDown()[pri:0, instance:com.edu.test.loginTest@262b2c86]" name="tearDown" is-config="true" duration-ms="0" started-at="2018-12-26T07:09:50Z" finished-at="2018-12-26T07:09:50Z">
          <reporter-output>
          </reporter-output>
        </test-method> <!-- tearDown -->
        <test-method status="PASS" signature="setUp()[pri:0, instance:com.edu.test.loginTest@262b2c86]" name="setUp" is-config="true" duration-ms="21" started-at="2018-12-26T07:09:50Z" finished-at="2018-12-26T07:09:50Z">
          <reporter-output>
          </reporter-output>
        </test-method> <!-- setUp -->
        <test-method status="PASS" signature="test_Login3()[pri:0, instance:com.edu.test.loginTest@262b2c86]" name="test_Login3" duration-ms="99" started-at="2018-12-26T07:09:50Z" description="登录失败，phoneNumber参数类型不正确" finished-at="2018-12-26T07:09:50Z">
          <reporter-output>
          </reporter-output>
        </test-method> <!-- test_Login3 -->
        <test-method status="PASS" signature="tearDown()[pri:0, instance:com.edu.test.loginTest@262b2c86]" name="tearDown" is-config="true" duration-ms="1" started-at="2018-12-26T07:09:50Z" finished-at="2018-12-26T07:09:50Z">
          <reporter-output>
          </reporter-output>
        </test-method> <!-- tearDown -->
        <test-method status="PASS" signature="setUp()[pri:0, instance:com.edu.test.loginTest@262b2c86]" name="setUp" is-config="true" duration-ms="7" started-at="2018-12-26T07:09:50Z" finished-at="2018-12-26T07:09:50Z">
          <reporter-output>
          </reporter-output>
        </test-method> <!-- setUp -->
        <test-method status="PASS" signature="test_Login4()[pri:0, instance:com.edu.test.loginTest@262b2c86]" name="test_Login4" duration-ms="89" started-at="2018-12-26T07:09:50Z" description="登录失败，password参数类型不正确" finished-at="2018-12-26T07:09:50Z">
          <reporter-output>
          </reporter-output>
        </test-method> <!-- test_Login4 -->
        <test-method status="PASS" signature="tearDown()[pri:0, instance:com.edu.test.loginTest@262b2c86]" name="tearDown" is-config="true" duration-ms="0" started-at="2018-12-26T07:09:50Z" finished-at="2018-12-26T07:09:50Z">
          <reporter-output>
          </reporter-output>
        </test-method> <!-- tearDown -->
        <test-method status="PASS" signature="setUp()[pri:0, instance:com.edu.test.loginTest@262b2c86]" name="setUp" is-config="true" duration-ms="8" started-at="2018-12-26T07:09:50Z" finished-at="2018-12-26T07:09:50Z">
          <reporter-output>
          </reporter-output>
        </test-method> <!-- setUp -->
        <test-method status="PASS" signature="test_Login5()[pri:0, instance:com.edu.test.loginTest@262b2c86]" name="test_Login5" duration-ms="91" started-at="2018-12-26T07:09:50Z" description="登录失败，缺少phoneArea参数" finished-at="2018-12-26T07:09:50Z">
          <reporter-output>
          </reporter-output>
        </test-method> <!-- test_Login5 -->
        <test-method status="PASS" signature="tearDown()[pri:0, instance:com.edu.test.loginTest@262b2c86]" name="tearDown" is-config="true" duration-ms="0" started-at="2018-12-26T07:09:50Z" finished-at="2018-12-26T07:09:50Z">
          <reporter-output>
          </reporter-output>
        </test-method> <!-- tearDown -->
        <test-method status="PASS" signature="setUp()[pri:0, instance:com.edu.test.loginTest@262b2c86]" name="setUp" is-config="true" duration-ms="7" started-at="2018-12-26T07:09:50Z" finished-at="2018-12-26T07:09:50Z">
          <reporter-output>
          </reporter-output>
        </test-method> <!-- setUp -->
        <test-method status="PASS" signature="test_Login6()[pri:0, instance:com.edu.test.loginTest@262b2c86]" name="test_Login6" duration-ms="84" started-at="2018-12-26T07:09:50Z" description="登录失败，缺少phoneNumber参数" finished-at="2018-12-26T07:09:50Z">
          <reporter-output>
          </reporter-output>
        </test-method> <!-- test_Login6 -->
        <test-method status="PASS" signature="tearDown()[pri:0, instance:com.edu.test.loginTest@262b2c86]" name="tearDown" is-config="true" duration-ms="0" started-at="2018-12-26T07:09:50Z" finished-at="2018-12-26T07:09:50Z">
          <reporter-output>
          </reporter-output>
        </test-method> <!-- tearDown -->
        <test-method status="PASS" signature="setUp()[pri:0, instance:com.edu.test.loginTest@262b2c86]" name="setUp" is-config="true" duration-ms="10" started-at="2018-12-26T07:09:50Z" finished-at="2018-12-26T07:09:50Z">
          <reporter-output>
          </reporter-output>
        </test-method> <!-- setUp -->
        <test-method status="PASS" signature="test_Login7()[pri:0, instance:com.edu.test.loginTest@262b2c86]" name="test_Login7" duration-ms="87" started-at="2018-12-26T07:09:50Z" description="登录失败，缺少password参数" finished-at="2018-12-26T07:09:50Z">
          <reporter-output>
          </reporter-output>
        </test-method> <!-- test_Login7 -->
        <test-method status="PASS" signature="tearDown()[pri:0, instance:com.edu.test.loginTest@262b2c86]" name="tearDown" is-config="true" duration-ms="0" started-at="2018-12-26T07:09:50Z" finished-at="2018-12-26T07:09:50Z">
          <reporter-output>
          </reporter-output>
        </test-method> <!-- tearDown -->
        <test-method status="PASS" signature="setUp()[pri:0, instance:com.edu.test.loginTest@262b2c86]" name="setUp" is-config="true" duration-ms="7" started-at="2018-12-26T07:09:50Z" finished-at="2018-12-26T07:09:50Z">
          <reporter-output>
          </reporter-output>
        </test-method> <!-- setUp -->
        <test-method status="PASS" signature="test_Login8()[pri:0, instance:com.edu.test.loginTest@262b2c86]" name="test_Login8" duration-ms="76" started-at="2018-12-26T07:09:50Z" description="登录失败，电话号码超过11位" finished-at="2018-12-26T07:09:50Z">
          <reporter-output>
          </reporter-output>
        </test-method> <!-- test_Login8 -->
        <test-method status="PASS" signature="tearDown()[pri:0, instance:com.edu.test.loginTest@262b2c86]" name="tearDown" is-config="true" duration-ms="0" started-at="2018-12-26T07:09:50Z" finished-at="2018-12-26T07:09:50Z">
          <reporter-output>
          </reporter-output>
        </test-method> <!-- tearDown -->
        <test-method status="PASS" signature="setUp()[pri:0, instance:com.edu.test.loginTest@262b2c86]" name="setUp" is-config="true" duration-ms="6" started-at="2018-12-26T07:09:50Z" finished-at="2018-12-26T07:09:50Z">
          <reporter-output>
          </reporter-output>
        </test-method> <!-- setUp -->
        <test-method status="PASS" signature="test_Login9()[pri:0, instance:com.edu.test.loginTest@262b2c86]" name="test_Login9" duration-ms="97" started-at="2018-12-26T07:09:50Z" description="登录失败，电话号码不足11位" finished-at="2018-12-26T07:09:50Z">
          <reporter-output>
          </reporter-output>
        </test-method> <!-- test_Login9 -->
        <test-method status="PASS" signature="tearDown()[pri:0, instance:com.edu.test.loginTest@262b2c86]" name="tearDown" is-config="true" duration-ms="1" started-at="2018-12-26T07:09:50Z" finished-at="2018-12-26T07:09:50Z">
          <reporter-output>
          </reporter-output>
        </test-method> <!-- tearDown -->
      </class> <!-- com.edu.test.loginTest -->
      <class name="com.edu.test.SubmitTest">
        <test-method status="PASS" signature="startUp()[pri:0, instance:com.edu.test.SubmitTest@77ec78b9]" name="startUp" is-config="true" duration-ms="3" started-at="2018-12-26T07:09:55Z" finished-at="2018-12-26T07:09:55Z">
          <reporter-output>
          </reporter-output>
        </test-method> <!-- startUp -->
        <test-method status="PASS" signature="loginSuccess()[pri:0, instance:com.edu.test.SubmitTest@77ec78b9]" name="loginSuccess" duration-ms="101" started-at="2018-12-26T07:09:55Z" finished-at="2018-12-26T07:09:55Z">
          <reporter-output>
          </reporter-output>
        </test-method> <!-- loginSuccess -->
        <test-method status="PASS" signature="submit()[pri:1, instance:com.edu.test.SubmitTest@77ec78b9]" name="submit" duration-ms="89" started-at="2018-12-26T07:09:56Z" finished-at="2018-12-26T07:09:56Z">
          <reporter-output>
          </reporter-output>
        </test-method> <!-- submit -->
        <test-method status="PASS" signature="submit11()[pri:1, instance:com.edu.test.SubmitTest@77ec78b9]" name="submit11" duration-ms="50" started-at="2018-12-26T07:09:56Z" finished-at="2018-12-26T07:09:56Z">
          <reporter-output>
          </reporter-output>
        </test-method> <!-- submit11 -->
        <test-method status="PASS" signature="submit1()[pri:1, instance:com.edu.test.SubmitTest@77ec78b9]" name="submit1" duration-ms="50" started-at="2018-12-26T07:09:56Z" finished-at="2018-12-26T07:09:56Z">
          <reporter-output>
          </reporter-output>
        </test-method> <!-- submit1 -->
        <test-method status="PASS" signature="tearDown()[pri:0, instance:com.edu.test.SubmitTest@77ec78b9]" name="tearDown" is-config="true" duration-ms="1" started-at="2018-12-26T07:09:56Z" finished-at="2018-12-26T07:09:56Z">
          <reporter-output>
          </reporter-output>
        </test-method> <!-- tearDown -->
      </class> <!-- com.edu.test.SubmitTest -->
      <class name="com.edu.test.QGDelete">
        <test-method status="PASS" signature="AddressDeleteFail1()[pri:0, instance:com.edu.test.QGDelete@1e7c7811]" name="AddressDeleteFail1" duration-ms="174" started-at="2018-12-26T07:09:54Z" finished-at="2018-12-26T07:09:54Z">
          <reporter-output>
          </reporter-output>
        </test-method> <!-- AddressDeleteFail1 -->
        <test-method status="PASS" signature="AddressDeleteFail2()[pri:0, instance:com.edu.test.QGDelete@1e7c7811]" name="AddressDeleteFail2" duration-ms="181" started-at="2018-12-26T07:09:54Z" finished-at="2018-12-26T07:09:54Z">
          <reporter-output>
          </reporter-output>
        </test-method> <!-- AddressDeleteFail2 -->
        <test-method status="PASS" signature="AddressDeleteFail3()[pri:0, instance:com.edu.test.QGDelete@1e7c7811]" name="AddressDeleteFail3" duration-ms="188" started-at="2018-12-26T07:09:54Z" finished-at="2018-12-26T07:09:54Z">
          <reporter-output>
          </reporter-output>
        </test-method> <!-- AddressDeleteFail3 -->
        <test-method status="FAIL" signature="AddressDeleteSuccess()[pri:0, instance:com.edu.test.QGDelete@1e7c7811]" name="AddressDeleteSuccess" duration-ms="205" started-at="2018-12-26T07:09:54Z" finished-at="2018-12-26T07:09:54Z">
          <exception class="net.sf.json.JSONException">
            <message>
              <![CDATA[JSONObject["list"] is not a JSONArray.]]>
            </message>
            <full-stacktrace>
              <![CDATA[net.sf.json.JSONException: JSONObject["list"] is not a JSONArray.
at net.sf.json.JSONObject.getJSONArray(JSONObject.java:2038)
at com.edu.test.QGDelete.Getid(QGDelete.java:30)
at com.edu.test.QGDelete.AddressDeleteSuccess(QGDelete.java:49)
at sun.reflect.NativeMethodAccessorImpl.invoke0(Native Method)
at sun.reflect.NativeMethodAccessorImpl.invoke(NativeMethodAccessorImpl.java:62)
at sun.reflect.DelegatingMethodAccessorImpl.invoke(DelegatingMethodAccessorImpl.java:43)
at java.lang.reflect.Method.invoke(Method.java:498)
at org.testng.internal.MethodInvocationHelper.invokeMethod(MethodInvocationHelper.java:124)
at org.testng.internal.Invoker.invokeMethod(Invoker.java:580)
at org.testng.internal.Invoker.invokeTestMethod(Invoker.java:716)
at org.testng.internal.Invoker.invokeTestMethods(Invoker.java:988)
at org.testng.internal.TestMethodWorker.invokeTestMethods(TestMethodWorker.java:125)
at org.testng.internal.TestMethodWorker.run(TestMethodWorker.java:109)
at org.testng.TestRunner.privateRun(TestRunner.java:648)
at org.testng.TestRunner.run(TestRunner.java:505)
at org.testng.SuiteRunner.runTest(SuiteRunner.java:455)
at org.testng.SuiteRunner.runSequentially(SuiteRunner.java:450)
at org.testng.SuiteRunner.privateRun(SuiteRunner.java:415)
at org.testng.SuiteRunner.run(SuiteRunner.java:364)
at org.testng.SuiteRunnerWorker.runSuite(SuiteRunnerWorker.java:52)
at org.testng.SuiteRunnerWorker.run(SuiteRunnerWorker.java:84)
at org.testng.TestNG.runSuitesSequentially(TestNG.java:1208)
at org.testng.TestNG.runSuitesLocally(TestNG.java:1137)
at org.testng.TestNG.runSuites(TestNG.java:1049)
at org.testng.TestNG.run(TestNG.java:1017)
at org.testng.remote.AbstractRemoteTestNG.run(AbstractRemoteTestNG.java:114)
at org.testng.remote.RemoteTestNG.initAndRun(RemoteTestNG.java:251)
at org.testng.remote.RemoteTestNG.main(RemoteTestNG.java:77)
]]>
            </full-stacktrace>
          </exception> <!-- net.sf.json.JSONException -->
          <reporter-output>
          </reporter-output>
        </test-method> <!-- AddressDeleteSuccess -->
      </class> <!-- com.edu.test.QGDelete -->
      <class name="com.edu.test.AddList">
        <test-method status="PASS" signature="setUp()[pri:0, instance:com.edu.test.AddList@7a3d45bd]" name="setUp" is-config="true" duration-ms="7" started-at="2018-12-26T07:09:53Z" finished-at="2018-12-26T07:09:53Z">
          <reporter-output>
          </reporter-output>
        </test-method> <!-- setUp -->
        <test-method status="PASS" signature="TestAddList1()[pri:0, instance:com.edu.test.AddList@7a3d45bd]" name="TestAddList1" duration-ms="194" started-at="2018-12-26T07:09:53Z" description="获取所有用户收货地址成功" finished-at="2018-12-26T07:09:53Z">
          <reporter-output>
          </reporter-output>
        </test-method> <!-- TestAddList1 -->
        <test-method status="PASS" signature="tearDown()[pri:0, instance:com.edu.test.AddList@7a3d45bd]" name="tearDown" is-config="true" duration-ms="0" started-at="2018-12-26T07:09:53Z" finished-at="2018-12-26T07:09:53Z">
          <reporter-output>
          </reporter-output>
        </test-method> <!-- tearDown -->
        <test-method status="PASS" signature="setUp()[pri:0, instance:com.edu.test.AddList@7a3d45bd]" name="setUp" is-config="true" duration-ms="7" started-at="2018-12-26T07:09:53Z" finished-at="2018-12-26T07:09:53Z">
          <reporter-output>
          </reporter-output>
        </test-method> <!-- setUp -->
        <test-method status="PASS" signature="TestAddList2()[pri:0, instance:com.edu.test.AddList@7a3d45bd]" name="TestAddList2" duration-ms="161" started-at="2018-12-26T07:09:53Z" description="获取id=82317644的商品sku信息成功" finished-at="2018-12-26T07:09:53Z">
          <reporter-output>
          </reporter-output>
        </test-method> <!-- TestAddList2 -->
        <test-method status="PASS" signature="tearDown()[pri:0, instance:com.edu.test.AddList@7a3d45bd]" name="tearDown" is-config="true" duration-ms="1" started-at="2018-12-26T07:09:53Z" finished-at="2018-12-26T07:09:53Z">
          <reporter-output>
          </reporter-output>
        </test-method> <!-- tearDown -->
        <test-method status="PASS" signature="setUp()[pri:0, instance:com.edu.test.AddList@7a3d45bd]" name="setUp" is-config="true" duration-ms="8" started-at="2018-12-26T07:09:53Z" finished-at="2018-12-26T07:09:53Z">
          <reporter-output>
          </reporter-output>
        </test-method> <!-- setUp -->
        <test-method status="PASS" signature="TestAddList3()[pri:0, instance:com.edu.test.AddList@7a3d45bd]" name="TestAddList3" duration-ms="186" started-at="2018-12-26T07:09:53Z" description="获取id=2147483648的商品sku信息失败" finished-at="2018-12-26T07:09:53Z">
          <reporter-output>
          </reporter-output>
        </test-method> <!-- TestAddList3 -->
        <test-method status="PASS" signature="tearDown()[pri:0, instance:com.edu.test.AddList@7a3d45bd]" name="tearDown" is-config="true" duration-ms="0" started-at="2018-12-26T07:09:53Z" finished-at="2018-12-26T07:09:53Z">
          <reporter-output>
          </reporter-output>
        </test-method> <!-- tearDown -->
        <test-method status="PASS" signature="setUp()[pri:0, instance:com.edu.test.AddList@7a3d45bd]" name="setUp" is-config="true" duration-ms="11" started-at="2018-12-26T07:09:53Z" finished-at="2018-12-26T07:09:53Z">
          <reporter-output>
          </reporter-output>
        </test-method> <!-- setUp -->
        <test-method status="PASS" signature="TestAddList4()[pri:0, instance:com.edu.test.AddList@7a3d45bd]" name="TestAddList4" duration-ms="199" started-at="2018-12-26T07:09:53Z" description="获取id=-2147483648的商品sku信息失败" finished-at="2018-12-26T07:09:53Z">
          <reporter-output>
          </reporter-output>
        </test-method> <!-- TestAddList4 -->
        <test-method status="PASS" signature="tearDown()[pri:0, instance:com.edu.test.AddList@7a3d45bd]" name="tearDown" is-config="true" duration-ms="1" started-at="2018-12-26T07:09:53Z" finished-at="2018-12-26T07:09:53Z">
          <reporter-output>
          </reporter-output>
        </test-method> <!-- tearDown -->
        <test-method status="PASS" signature="setUp()[pri:0, instance:com.edu.test.AddList@7a3d45bd]" name="setUp" is-config="true" duration-ms="6" started-at="2018-12-26T07:09:53Z" finished-at="2018-12-26T07:09:53Z">
          <reporter-output>
          </reporter-output>
        </test-method> <!-- setUp -->
        <test-method status="PASS" signature="TestAddList5()[pri:0, instance:com.edu.test.AddList@7a3d45bd]" name="TestAddList5" duration-ms="173" started-at="2018-12-26T07:09:53Z" description="获取id不存在的商品失败" finished-at="2018-12-26T07:09:54Z">
          <reporter-output>
          </reporter-output>
        </test-method> <!-- TestAddList5 -->
        <test-method status="PASS" signature="tearDown()[pri:0, instance:com.edu.test.AddList@7a3d45bd]" name="tearDown" is-config="true" duration-ms="0" started-at="2018-12-26T07:09:54Z" finished-at="2018-12-26T07:09:54Z">
          <reporter-output>
          </reporter-output>
        </test-method> <!-- tearDown -->
        <test-method status="PASS" signature="setUp()[pri:0, instance:com.edu.test.AddList@7a3d45bd]" name="setUp" is-config="true" duration-ms="10" started-at="2018-12-26T07:09:54Z" finished-at="2018-12-26T07:09:54Z">
          <reporter-output>
          </reporter-output>
        </test-method> <!-- setUp -->
        <test-method status="PASS" signature="TestAddList6()[pri:0, instance:com.edu.test.AddList@7a3d45bd]" name="TestAddList6" duration-ms="191" started-at="2018-12-26T07:09:54Z" description="id类型不正确" finished-at="2018-12-26T07:09:54Z">
          <reporter-output>
          </reporter-output>
        </test-method> <!-- TestAddList6 -->
        <test-method status="PASS" signature="tearDown()[pri:0, instance:com.edu.test.AddList@7a3d45bd]" name="tearDown" is-config="true" duration-ms="0" started-at="2018-12-26T07:09:54Z" finished-at="2018-12-26T07:09:54Z">
          <reporter-output>
          </reporter-output>
        </test-method> <!-- tearDown -->
      </class> <!-- com.edu.test.AddList -->
      <class name="com.edu.test.JK">
        <test-method status="FAIL" signature="KonDetail()[pri:0, instance:com.edu.test.JK@5ed828d]" name="KonDetail" duration-ms="206" started-at="2018-12-26T07:09:51Z" finished-at="2018-12-26T07:09:51Z">
          <exception class="java.lang.AssertionError">
            <message>
              <![CDATA[expected [success] but found [最多只能添加6个地址]]]>
            </message>
            <full-stacktrace>
              <![CDATA[java.lang.AssertionError: expected [success] but found [最多只能添加6个地址]
at org.testng.Assert.fail(Assert.java:96)
at org.testng.Assert.failNotEquals(Assert.java:776)
at org.testng.Assert.assertEqualsImpl(Assert.java:137)
at org.testng.Assert.assertEquals(Assert.java:118)
at org.testng.Assert.assertEquals(Assert.java:453)
at org.testng.Assert.assertEquals(Assert.java:463)
at com.edu.utils.Checker.assertXpath(Checker.java:77)
at com.edu.test.JK.KonDetail(JK.java:100)
at sun.reflect.NativeMethodAccessorImpl.invoke0(Native Method)
at sun.reflect.NativeMethodAccessorImpl.invoke(NativeMethodAccessorImpl.java:62)
at sun.reflect.DelegatingMethodAccessorImpl.invoke(DelegatingMethodAccessorImpl.java:43)
at java.lang.reflect.Method.invoke(Method.java:498)
at org.testng.internal.MethodInvocationHelper.invokeMethod(MethodInvocationHelper.java:124)
at org.testng.internal.Invoker.invokeMethod(Invoker.java:580)
at org.testng.internal.Invoker.invokeTestMethod(Invoker.java:716)
at org.testng.internal.Invoker.invokeTestMethods(Invoker.java:988)
at org.testng.internal.TestMethodWorker.invokeTestMethods(TestMethodWorker.java:125)
at org.testng.internal.TestMethodWorker.run(TestMethodWorker.java:109)
at org.testng.TestRunner.privateRun(TestRunner.java:648)
at org.testng.TestRunner.run(TestRunner.java:505)
at org.testng.SuiteRunner.runTest(SuiteRunner.java:455)
at org.testng.SuiteRunner.runSequentially(SuiteRunner.java:450)
at org.testng.SuiteRunner.privateRun(SuiteRunner.java:415)
at org.testng.SuiteRunner.run(SuiteRunner.java:364)
at org.testng.SuiteRunnerWorker.runSuite(SuiteRunnerWorker.java:52)
at org.testng.SuiteRunnerWorker.run(SuiteRunnerWorker.java:84)
at org.testng.TestNG.runSuitesSequentially(TestNG.java:1208)
at org.testng.TestNG.runSuitesLocally(TestNG.java:1137)
at org.testng.TestNG.runSuites(TestNG.java:1049)
at org.testng.TestNG.run(TestNG.java:1017)
at org.testng.remote.AbstractRemoteTestNG.run(AbstractRemoteTestNG.java:114)
at org.testng.remote.RemoteTestNG.initAndRun(RemoteTestNG.java:251)
at org.testng.remote.RemoteTestNG.main(RemoteTestNG.java:77)
]]>
            </full-stacktrace>
          </exception> <!-- java.lang.AssertionError -->
          <reporter-output>
          </reporter-output>
        </test-method> <!-- KonDetail -->
        <test-method status="FAIL" signature="KonreceiverName()[pri:0, instance:com.edu.test.JK@5ed828d]" name="KonreceiverName" duration-ms="171" started-at="2018-12-26T07:09:51Z" finished-at="2018-12-26T07:09:51Z">
          <exception class="java.lang.AssertionError">
            <message>
              <![CDATA[expected [failure] but found [最多只能添加6个地址]]]>
            </message>
            <full-stacktrace>
              <![CDATA[java.lang.AssertionError: expected [failure] but found [最多只能添加6个地址]
at org.testng.Assert.fail(Assert.java:96)
at org.testng.Assert.failNotEquals(Assert.java:776)
at org.testng.Assert.assertEqualsImpl(Assert.java:137)
at org.testng.Assert.assertEquals(Assert.java:118)
at org.testng.Assert.assertEquals(Assert.java:453)
at org.testng.Assert.assertEquals(Assert.java:463)
at com.edu.utils.Checker.assertXpath(Checker.java:77)
at com.edu.test.JK.KonreceiverName(JK.java:117)
at sun.reflect.NativeMethodAccessorImpl.invoke0(Native Method)
at sun.reflect.NativeMethodAccessorImpl.invoke(NativeMethodAccessorImpl.java:62)
at sun.reflect.DelegatingMethodAccessorImpl.invoke(DelegatingMethodAccessorImpl.java:43)
at java.lang.reflect.Method.invoke(Method.java:498)
at org.testng.internal.MethodInvocationHelper.invokeMethod(MethodInvocationHelper.java:124)
at org.testng.internal.Invoker.invokeMethod(Invoker.java:580)
at org.testng.internal.Invoker.invokeTestMethod(Invoker.java:716)
at org.testng.internal.Invoker.invokeTestMethods(Invoker.java:988)
at org.testng.internal.TestMethodWorker.invokeTestMethods(TestMethodWorker.java:125)
at org.testng.internal.TestMethodWorker.run(TestMethodWorker.java:109)
at org.testng.TestRunner.privateRun(TestRunner.java:648)
at org.testng.TestRunner.run(TestRunner.java:505)
at org.testng.SuiteRunner.runTest(SuiteRunner.java:455)
at org.testng.SuiteRunner.runSequentially(SuiteRunner.java:450)
at org.testng.SuiteRunner.privateRun(SuiteRunner.java:415)
at org.testng.SuiteRunner.run(SuiteRunner.java:364)
at org.testng.SuiteRunnerWorker.runSuite(SuiteRunnerWorker.java:52)
at org.testng.SuiteRunnerWorker.run(SuiteRunnerWorker.java:84)
at org.testng.TestNG.runSuitesSequentially(TestNG.java:1208)
at org.testng.TestNG.runSuitesLocally(TestNG.java:1137)
at org.testng.TestNG.runSuites(TestNG.java:1049)
at org.testng.TestNG.run(TestNG.java:1017)
at org.testng.remote.AbstractRemoteTestNG.run(AbstractRemoteTestNG.java:114)
at org.testng.remote.RemoteTestNG.initAndRun(RemoteTestNG.java:251)
at org.testng.remote.RemoteTestNG.main(RemoteTestNG.java:77)
]]>
            </full-stacktrace>
          </exception> <!-- java.lang.AssertionError -->
          <reporter-output>
          </reporter-output>
        </test-method> <!-- KonreceiverName -->
        <test-method status="FAIL" signature="newaddress()[pri:0, instance:com.edu.test.JK@5ed828d]" name="newaddress" duration-ms="200" started-at="2018-12-26T07:09:51Z" finished-at="2018-12-26T07:09:52Z">
          <exception class="java.lang.AssertionError">
            <message>
              <![CDATA[expected [success] but found [最多只能添加6个地址]]]>
            </message>
            <full-stacktrace>
              <![CDATA[java.lang.AssertionError: expected [success] but found [最多只能添加6个地址]
at org.testng.Assert.fail(Assert.java:96)
at org.testng.Assert.failNotEquals(Assert.java:776)
at org.testng.Assert.assertEqualsImpl(Assert.java:137)
at org.testng.Assert.assertEquals(Assert.java:118)
at org.testng.Assert.assertEquals(Assert.java:453)
at org.testng.Assert.assertEquals(Assert.java:463)
at com.edu.utils.Checker.assertXpath(Checker.java:77)
at com.edu.test.JK.newaddress(JK.java:65)
at sun.reflect.NativeMethodAccessorImpl.invoke0(Native Method)
at sun.reflect.NativeMethodAccessorImpl.invoke(NativeMethodAccessorImpl.java:62)
at sun.reflect.DelegatingMethodAccessorImpl.invoke(DelegatingMethodAccessorImpl.java:43)
at java.lang.reflect.Method.invoke(Method.java:498)
at org.testng.internal.MethodInvocationHelper.invokeMethod(MethodInvocationHelper.java:124)
at org.testng.internal.Invoker.invokeMethod(Invoker.java:580)
at org.testng.internal.Invoker.invokeTestMethod(Invoker.java:716)
at org.testng.internal.Invoker.invokeTestMethods(Invoker.java:988)
at org.testng.internal.TestMethodWorker.invokeTestMethods(TestMethodWorker.java:125)
at org.testng.internal.TestMethodWorker.run(TestMethodWorker.java:109)
at org.testng.TestRunner.privateRun(TestRunner.java:648)
at org.testng.TestRunner.run(TestRunner.java:505)
at org.testng.SuiteRunner.runTest(SuiteRunner.java:455)
at org.testng.SuiteRunner.runSequentially(SuiteRunner.java:450)
at org.testng.SuiteRunner.privateRun(SuiteRunner.java:415)
at org.testng.SuiteRunner.run(SuiteRunner.java:364)
at org.testng.SuiteRunnerWorker.runSuite(SuiteRunnerWorker.java:52)
at org.testng.SuiteRunnerWorker.run(SuiteRunnerWorker.java:84)
at org.testng.TestNG.runSuitesSequentially(TestNG.java:1208)
at org.testng.TestNG.runSuitesLocally(TestNG.java:1137)
at org.testng.TestNG.runSuites(TestNG.java:1049)
at org.testng.TestNG.run(TestNG.java:1017)
at org.testng.remote.AbstractRemoteTestNG.run(AbstractRemoteTestNG.java:114)
at org.testng.remote.RemoteTestNG.initAndRun(RemoteTestNG.java:251)
at org.testng.remote.RemoteTestNG.main(RemoteTestNG.java:77)
]]>
            </full-stacktrace>
          </exception> <!-- java.lang.AssertionError -->
          <reporter-output>
          </reporter-output>
        </test-method> <!-- newaddress -->
        <test-method status="FAIL" signature="newsameaddress()[pri:0, instance:com.edu.test.JK@5ed828d]" name="newsameaddress" duration-ms="189" started-at="2018-12-26T07:09:52Z" finished-at="2018-12-26T07:09:52Z">
          <exception class="java.lang.AssertionError">
            <message>
              <![CDATA[expected [success] but found [最多只能添加6个地址]]]>
            </message>
            <full-stacktrace>
              <![CDATA[java.lang.AssertionError: expected [success] but found [最多只能添加6个地址]
at org.testng.Assert.fail(Assert.java:96)
at org.testng.Assert.failNotEquals(Assert.java:776)
at org.testng.Assert.assertEqualsImpl(Assert.java:137)
at org.testng.Assert.assertEquals(Assert.java:118)
at org.testng.Assert.assertEquals(Assert.java:453)
at org.testng.Assert.assertEquals(Assert.java:463)
at com.edu.utils.Checker.assertXpath(Checker.java:77)
at com.edu.test.JK.newsameaddress(JK.java:83)
at sun.reflect.NativeMethodAccessorImpl.invoke0(Native Method)
at sun.reflect.NativeMethodAccessorImpl.invoke(NativeMethodAccessorImpl.java:62)
at sun.reflect.DelegatingMethodAccessorImpl.invoke(DelegatingMethodAccessorImpl.java:43)
at java.lang.reflect.Method.invoke(Method.java:498)
at org.testng.internal.MethodInvocationHelper.invokeMethod(MethodInvocationHelper.java:124)
at org.testng.internal.Invoker.invokeMethod(Invoker.java:580)
at org.testng.internal.Invoker.invokeTestMethod(Invoker.java:716)
at org.testng.internal.Invoker.invokeTestMethods(Invoker.java:988)
at org.testng.internal.TestMethodWorker.invokeTestMethods(TestMethodWorker.java:125)
at org.testng.internal.TestMethodWorker.run(TestMethodWorker.java:109)
at org.testng.TestRunner.privateRun(TestRunner.java:648)
at org.testng.TestRunner.run(TestRunner.java:505)
at org.testng.SuiteRunner.runTest(SuiteRunner.java:455)
at org.testng.SuiteRunner.runSequentially(SuiteRunner.java:450)
at org.testng.SuiteRunner.privateRun(SuiteRunner.java:415)
at org.testng.SuiteRunner.run(SuiteRunner.java:364)
at org.testng.SuiteRunnerWorker.runSuite(SuiteRunnerWorker.java:52)
at org.testng.SuiteRunnerWorker.run(SuiteRunnerWorker.java:84)
at org.testng.TestNG.runSuitesSequentially(TestNG.java:1208)
at org.testng.TestNG.runSuitesLocally(TestNG.java:1137)
at org.testng.TestNG.runSuites(TestNG.java:1049)
at org.testng.TestNG.run(TestNG.java:1017)
at org.testng.remote.AbstractRemoteTestNG.run(AbstractRemoteTestNG.java:114)
at org.testng.remote.RemoteTestNG.initAndRun(RemoteTestNG.java:251)
at org.testng.remote.RemoteTestNG.main(RemoteTestNG.java:77)
]]>
            </full-stacktrace>
          </exception> <!-- java.lang.AssertionError -->
          <reporter-output>
          </reporter-output>
        </test-method> <!-- newsameaddress -->
      </class> <!-- com.edu.test.JK -->
    </test> <!-- GetTransportFee -->
  </suite> <!-- s1 -->
</testng-results>
