<?xml version="1.0" encoding="UTF-8"?>
<!-- Generated by org.testng.reporters.JUnitXMLReporter -->
<testsuite ignored="0" hostname="DESKTOP-JAB7ISN" failures="6" tests="74" name="personnel" time="1975.988" errors="0" timestamp="07 12æœˆ 2018 01:20:41 GMT">
  <testcase classname="com.webtest.personnel.personnal_files.File_AdvancedSearch_Test" name="testAdvancedSearch" time="31.636"/>
  <testcase classname="com.webtest.xingzheng.TestPart1_wupin" name="test_a1" time="29.114"/>
  <testcase classname="com.webtest.xingzheng.TestPart1_wupin" name="test_a2" time="12.899"/>
  <testcase classname="com.webtest.xingzheng.TestPart1_wupin" name="test_a3" time="19.04"/>
  <testcase classname="com.webtest.xingzheng.TestPart1_wupin" name="test_a4" time="15.944"/>
  <testcase classname="com.webtest.xingzheng.TestPart1_wupin" name="test_a5" time="3.314">
    <failure type="org.openqa.selenium.InvalidElementStateException" message="Element is not enabled
Build info: version: &amp;apos;3.6.0&amp;apos;, revision: &amp;apos;6fbf3ec767&amp;apos;, time: &amp;apos;2017-09-27T16:15:40.131Z&amp;apos;
System info: host: &amp;apos;DESKTOP-JAB7ISN&amp;apos;, ip: &amp;apos;169.254.133.219&amp;apos;, os.name: &amp;apos;Windows 10&amp;apos;, os.arch: &amp;apos;amd64&amp;apos;, os.version: &amp;apos;10.0&amp;apos;, java.version: &amp;apos;9.0.4&amp;apos;
Driver info: org.openqa.selenium.firefox.FirefoxDriver
Capabilities [{moz:profile=C:\Users\DELL\AppData\Local\Temp\rust_mozprofile.2RMrQjvus1lX, rotatable=false, timeouts={implicit=0, pageLoad=300000, script=30000}, pageLoadStrategy=normal, moz:headless=false, platform=XP, specificationLevel=0, moz:accessibilityChecks=false, acceptInsecureCerts=true, browserVersion=56.0, platformVersion=10.0, moz:processID=5364, browserName=firefox, javascriptEnabled=true, platformName=XP}]
Session ID: 2ae9b635-ac1c-4762-8190-82334604f0de">
      <![CDATA[org.openqa.selenium.InvalidElementStateException: Element is not enabled
Build info: version: '3.6.0', revision: '6fbf3ec767', time: '2017-09-27T16:15:40.131Z'
System info: host: 'DESKTOP-JAB7ISN', ip: '169.254.133.219', os.name: 'Windows 10', os.arch: 'amd64', os.version: '10.0', java.version: '9.0.4'
Driver info: org.openqa.selenium.firefox.FirefoxDriver
Capabilities [{moz:profile=C:\Users\DELL\AppData\Local\Temp\rust_mozprofile.2RMrQjvus1lX, rotatable=false, timeouts={implicit=0, pageLoad=300000, script=30000}, pageLoadStrategy=normal, moz:headless=false, platform=XP, specificationLevel=0, moz:accessibilityChecks=false, acceptInsecureCerts=true, browserVersion=56.0, platformVersion=10.0, moz:processID=5364, browserName=firefox, javascriptEnabled=true, platformName=XP}]
Session ID: 2ae9b635-ac1c-4762-8190-82334604f0de
at org.openqa.selenium.remote.http.W3CHttpResponseCodec.createException(W3CHttpResponseCodec.java:185)
at org.openqa.selenium.remote.http.W3CHttpResponseCodec.decode(W3CHttpResponseCodec.java:120)
at org.openqa.selenium.remote.http.W3CHttpResponseCodec.decode(W3CHttpResponseCodec.java:49)
at org.openqa.selenium.remote.HttpCommandExecutor.execute(HttpCommandExecutor.java:164)
at org.openqa.selenium.remote.service.DriverCommandExecutor.execute(DriverCommandExecutor.java:83)
at org.openqa.selenium.remote.RemoteWebDriver.execute(RemoteWebDriver.java:586)
at org.openqa.selenium.remote.RemoteWebElement.execute(RemoteWebElement.java:279)
at org.openqa.selenium.remote.RemoteWebElement.click(RemoteWebElement.java:83)
at com.webtest.core.WebDriverEngine.click(Unknown Source)
at com.webtest.xingzheng.TestPart1_wupin.test_a5(Unknown Source)
... Removed 28 stack frames]]>
    </failure>
  </testcase> <!-- test_a5 -->
  <testcase classname="com.webtest.personnel.personnal_files.File_Flush_Test" name="testFlush" time="16.105"/>
  <testcase classname="com.webtest.xingzheng.TestPart2_zichan" name="test_b1" time="9.734"/>
  <testcase classname="com.webtest.xingzheng.TestPart2_zichan" name="test_b2" time="33.203"/>
  <testcase classname="com.webtest.personnel.personnal_files.File_Operation_Test" name="testOperatioinAddremind" time="25.935"/>
  <testcase classname="com.webtest.personnel.personnal_files.File_Operation_Test" name="testOperationComment" time="22.537"/>
  <testcase classname="com.webtest.personnel.personnal_files.File_Operation_Test" name="testOperationDetails" time="22.415"/>
  <testcase classname="com.webtest.customer.test.CaoZuo_test" name="addReminSetting" time="0.0">
    <skipped/>
  </testcase> <!-- addReminSetting -->
  <testcase classname="com.webtest.customer.test.CaoZuo_test" name="delete" time="14.507"/>
  <testcase classname="com.webtest.customer.test.CaoZuo_test" name="detil" time="13.697"/>
  <testcase classname="com.webtest.customer.test.CaoZuo_test" name="share" time="7.928"/>
  <testcase classname="com.webtest.personnel.personnal_files.File_Output_Test" name="testOutputAll" time="16.111">
    <failure type="java.lang.AssertionError" message="expected [true] but found [false]">
      <![CDATA[java.lang.AssertionError: expected [true] but found [false]
at com.webtest.personnel.action.File_Action.outputAll(Unknown Source)
at com.webtest.personnel.personnal_files.File_Output_Test.testOutputAll(Unknown Source)
... Removed 30 stack frames]]>
    </failure>
  </testcase> <!-- testOutputAll -->
  <testcase classname="com.webtest.personnel.personnal_files.File_Output_Test" name="testOutputCurrent" time="16.138">
    <failure type="java.lang.AssertionError" message="expected [true] but found [false]">
      <![CDATA[java.lang.AssertionError: expected [true] but found [false]
at com.webtest.personnel.action.File_Action.outputCurrent(Unknown Source)
at com.webtest.personnel.personnal_files.File_Output_Test.testOutputCurrent(Unknown Source)
... Removed 30 stack frames]]>
    </failure>
  </testcase> <!-- testOutputCurrent -->
  <testcase classname="com.webtest.customer.test.HighSearch_test" name="custname" time="11.408"/>
  <testcase classname="com.webtest.customer.test.HighSearch_test" name="htshu" time="10.815"/>
  <testcase classname="com.webtest.customer.test.HighSearch_test" name="mobile" time="10.716"/>
  <testcase classname="com.webtest.customer.test.HighSearch_test" name="moneyz" time="10.987"/>
  <testcase classname="com.webtest.customer.test.HighSearch_test" name="type" time="17.085"/>
  <testcase classname="com.webtest.personnel.personnal_files.File_Search_Test" name="testSearch" time="19.439"/>
  <testcase classname="com.webtest.customer.test.NewCustomer_test" name="addCustomer" time="0.0">
    <skipped/>
  </testcase> <!-- addCustomer -->
  <testcase classname="com.webtest.personnel.personnal_files.File_SelectStatus_Test" name="testSelectStatus" time="19.305"/>
  <testcase classname="com.webtest.customer.test.NewCustract_test" name="addAgreement" time="0.0">
    <skipped/>
  </testcase> <!-- addAgreement -->
  <testcase classname="com.webtest.personnel.personnal_files.File_Subscript_Test" name="testSubscript" time="16.159"/>
  <testcase classname="com.webtest.customer.test.NewRecipt_test" name="addRecipt" time="0.0">
    <skipped/>
  </testcase> <!-- addRecipt -->
  <testcase classname="com.webtest.personnel.personnal_files.Add_Test" name="testAddOutRecord" time="29.465"/>
  <testcase classname="com.webtest.personnel.personnal_files.Add_Test" name="testNewContract" time="42.609"/>
  <testcase classname="com.webtest.customer.test.NewSell_test" name="addSell" time="0.0">
    <skipped/>
  </testcase> <!-- addSell -->
  <testcase classname="com.webtest.liucheng.test1" name="testT" time="36.704"/>
  <testcase classname="com.webtest.customer.test.Redata_test" name="redata" time="3.421"/>
  <testcase classname="com.webtest.liucheng.test2" name="test1" time="16.249"/>
  <testcase classname="com.webtest.liucheng.test2" name="test2" time="12.906"/>
  <testcase classname="com.webtest.liucheng.test2" name="test3" time="12.91"/>
  <testcase classname="com.webtest.liucheng.test2" name="test4" time="12.82"/>
  <testcase classname="com.webtest.liucheng.test2" name="test5" time="16.241"/>
  <testcase classname="com.webtest.liucheng.test2" name="test6" time="12.88"/>
  <testcase classname="com.webtest.customer.test.Search_test" name="Search" time="7.311"/>
  <testcase classname="com.webtest.liucheng.test3" name="test1" time="13.142"/>
  <testcase classname="com.webtest.liucheng.test3" name="test2" time="24.743"/>
  <testcase classname="com.webtest.customer.test.Share_Search_test" name="share_search" time="14.427"/>
  <testcase classname="com.webtest.liucheng.test4" name="test1" time="14.089"/>
  <testcase classname="com.webtest.renwu.pingfen" name="testSearch" time="39.757"/>
  <testcase classname="com.webtest.liucheng.test5" name="test" time="17.392"/>
  <testcase classname="com.webtest.renwu.rank" name="testSearch" time="33.298"/>
  <testcase classname="com.webtest.liucheng.test6" name="test" time="9.798"/>
  <testcase classname="com.webtest.renwu.sousuo" name="testSearch" time="44.111">
    <failure type="java.lang.AssertionError" message="expected [true] but found [false]">
      <![CDATA[java.lang.AssertionError: expected [true] but found [false]
at com.webtest.renwu.sousuo.testSearch(Unknown Source)
... Removed 28 stack frames]]>
    </failure>
  </testcase> <!-- testSearch -->
  <testcase classname="com.webtest.xinhu_personal.Addnotice_time" name="login4" time="8.949"/>
  <testcase classname="com.webtest.renwu.xinjian" name="testSearch" time="76.365"/>
  <testcase classname="com.webtest.xinhu_personal.Addnotice_time" name="enterNotice" time="6.531"/>
  <testcase classname="com.webtest.xinhu_personal.Addnotice_time" name="testTime" time="16.273"/>
  <testcase classname="com.webtest.xinhu_personal.Addnotice_time" name="testTime" time="16.241">
    <failure type="java.lang.AssertionError" message="expected [true] but found [false]">
      <![CDATA[java.lang.AssertionError: expected [true] but found [false]
at com.webtest.xinhu_personal.Addnotice_time.testTime(Unknown Source)
... Removed 28 stack frames]]>
    </failure>
  </testcase> <!-- testTime -->
  <testcase classname="com.webtest.xinhu_personal.Addnotice_time" name="testTime" time="16.227">
    <failure type="java.lang.AssertionError" message="expected [true] but found [false]">
      <![CDATA[java.lang.AssertionError: expected [true] but found [false]
at com.webtest.xinhu_personal.Addnotice_time.testTime(Unknown Source)
... Removed 28 stack frames]]>
    </failure>
  </testcase> <!-- testTime -->
  <testcase classname="com.webtest.xinhu_personal.Addnotice" name="login2" time="10.708"/>
  <testcase classname="com.webtest.xinhu_personal.Addnotice" name="enterNotice" time="6.512"/>
  <testcase classname="com.webtest.xinhu_personal.Addnotice" name="addNotice" time="0.0">
    <skipped/>
  </testcase> <!-- addNotice -->
  <testcase classname="com.webtest.xinhu_personal.AddrList" name="login1" time="7.959"/>
  <testcase classname="com.webtest.xinhu_personal.AddrList" name="addrList" time="9.746"/>
  <testcase classname="com.webtest.xinhu_personal.AddrList" name="searchList" time="3.418"/>
  <testcase classname="com.webtest.xinhu_personal.AddrList" name="searchList" time="3.292"/>
  <testcase classname="com.webtest.xinhu_personal.AddrList" name="searchList" time="3.333"/>
  <testcase classname="com.webtest.xinhu_personal.Login" name="openBrower" time="4.936"/>
  <testcase classname="com.webtest.xinhu_personal.Login" name="login" time="3.387"/>
  <testcase classname="com.webtest.xinhu_personal.Login" name="login" time="3.386"/>
  <testcase classname="com.webtest.xinhu_personal.Login" name="login" time="3.381"/>
  <testcase classname="com.webtest.xinhu_personal.Login" name="login" time="3.331"/>
  <testcase classname="com.webtest.xinhu_personal.Login" name="loginsuccess" time="3.391"/>
  <testcase classname="com.webtest.xinhu_personal.ReInfor" name="login3" time="8.284"/>
  <testcase classname="com.webtest.xinhu_personal.ReInfor" name="enterInfor" time="9.754"/>
  <testcase classname="com.webtest.xinhu_personal.ReInfor" name="reInfor1" time="3.266"/>
  <testcase classname="com.webtest.xinhu_personal.ReInfor" name="reInfor2" time="45.707"/>
</testsuite> <!-- personnel -->
