<html>
<head>
<title>TestNG:  personnel</title>
<link href="../testng.css" rel="stylesheet" type="text/css" />
<link href="../my-testng.css" rel="stylesheet" type="text/css" />

<style type="text/css">
.log { display: none;} 
.stack-trace { display: none;} 
</style>
<script type="text/javascript">
<!--
function flip(e) {
  current = e.style.display;
  if (current == 'block') {
    e.style.display = 'none';
    return 0;
  }
  else {
    e.style.display = 'block';
    return 1;
  }
}

function toggleBox(szDivId, elem, msg1, msg2)
{
  var res = -1;  if (document.getElementById) {
    res = flip(document.getElementById(szDivId));
  }
  else if (document.all) {
    // this is the way old msie versions work
    res = flip(document.all[szDivId]);
  }
  if(elem) {
    if(res == 0) elem.innerHTML = msg1; else elem.innerHTML = msg2;
  }

}

function toggleAllBoxes() {
  if (document.getElementsByTagName) {
    d = document.getElementsByTagName('div');
    for (i = 0; i < d.length; i++) {
      if (d[i].className == 'log') {
        flip(d[i]);
      }
    }
  }
}

// -->
</script>

</head>
<body>
<h2 align='center'>personnel</h2><table border='1' align="center">
<tr>
<td>Tests passed/Failed/Skipped:</td><td>0/0/67</td>
</tr><tr>
<td>Started on:</td><td>Mon Dec 10 19:42:11 CST 2018</td>
</tr>
<tr><td>Total time:</td><td>0 seconds (448 ms)</td>
</tr><tr>
<td>Included groups:</td><td></td>
</tr><tr>
<td>Excluded groups:</td><td></td>
</tr>
</table><p/>
<small><i>(Hover the method name to see the test class name)</i></small><p/>
<table width='100%' border='1' class='invocation-failed'>
<tr><td colspan='4' align='center'><b>FAILED CONFIGURATIONS</b></td></tr>
<tr><td><b>Test method</b></td>
<td width="30%"><b>Exception</b></td>
<td width="10%"><b>Time (seconds)</b></td>
<td><b>Instance</b></td>
</tr>
<tr>
<td title='com.webtest.personnel.personnal_files.File_AdvancedSearch_Test.doBeforeSuite()'><b>doBeforeSuite</b><br>Test class: com.webtest.personnel.personnal_files.File_AdvancedSearch_Test</td>
<td><div><pre>java.io.FileNotFoundException: auto2018\conf\config.properties (系统找不到指定的路径。)
	at java.base/java.io.FileInputStream.open0(Native Method)
	at java.base/java.io.FileInputStream.open(FileInputStream.java:196)
	at java.base/java.io.FileInputStream.&lt;init&gt;(FileInputStream.java:139)
	at java.base/java.io.FileInputStream.&lt;init&gt;(FileInputStream.java:94)
	at com.webtest.utils.ReadProperties.getPropertyValue(Unknown Source)
	at com.webtest.core.BaseTest.doBeforeSuite(Unknown Source)
... Removed 25 stack frames</pre></div><a href='#' onClick='toggleBox("stack-trace1881901842", this, "Click to show all stack frames", "Click to hide stack frames")'>Click to show all stack frames</a>
<div class='stack-trace' id='stack-trace1881901842'><pre>java.io.FileNotFoundException: auto2018\conf\config.properties (系统找不到指定的路径。)
	at java.base/java.io.FileInputStream.open0(Native Method)
	at java.base/java.io.FileInputStream.open(FileInputStream.java:196)
	at java.base/java.io.FileInputStream.&lt;init&gt;(FileInputStream.java:139)
	at java.base/java.io.FileInputStream.&lt;init&gt;(FileInputStream.java:94)
	at com.webtest.utils.ReadProperties.getPropertyValue(Unknown Source)
	at com.webtest.core.BaseTest.doBeforeSuite(Unknown Source)
	at java.base/jdk.internal.reflect.NativeMethodAccessorImpl.invoke0(Native Method)
	at java.base/jdk.internal.reflect.NativeMethodAccessorImpl.invoke(NativeMethodAccessorImpl.java:62)
	at java.base/jdk.internal.reflect.DelegatingMethodAccessorImpl.invoke(DelegatingMethodAccessorImpl.java:43)
	at java.base/java.lang.reflect.Method.invoke(Method.java:564)
	at org.testng.internal.MethodInvocationHelper.invokeMethod(MethodInvocationHelper.java:124)
	at org.testng.internal.MethodInvocationHelper.invokeMethodConsideringTimeout(MethodInvocationHelper.java:59)
	at org.testng.internal.Invoker.invokeConfigurationMethod(Invoker.java:455)
	at org.testng.internal.Invoker.invokeConfigurations(Invoker.java:222)
	at org.testng.internal.Invoker.invokeConfigurations(Invoker.java:142)
	at org.testng.internal.TestMethodWorker.invokeBeforeClassMethods(TestMethodWorker.java:168)
	at org.testng.internal.TestMethodWorker.run(TestMethodWorker.java:105)
	at org.testng.TestRunner.privateRun(TestRunner.java:648)
	at org.testng.TestRunner.run(TestRunner.java:505)
	at org.testng.SuiteRunner.runTest(SuiteRunner.java:455)
	at org.testng.SuiteRunner.runSequentially(SuiteRunner.java:450)
	at org.testng.SuiteRunner.privateRun(SuiteRunner.java:415)
	at org.testng.SuiteRunner.run(SuiteRunner.java:364)
	at org.testng.SuiteRunnerWorker.runSuite(SuiteRunnerWorker.java:52)
	at org.testng.SuiteRunnerWorker.run(SuiteRunnerWorker.java:84)
	at org.testng.TestNG.runSuitesSequentially(TestNG.java:1208)
	at org.testng.TestNG.runSuitesLocally(TestNG.java:1137)
	at org.testng.TestNG.runSuites(TestNG.java:1049)
	at org.testng.TestNG.run(TestNG.java:1017)
	at org.testng.TestNG.privateMain(TestNG.java:1354)
	at org.testng.TestNG.main(TestNG.java:1323)
</pre></div></td>
<td>0</td>
<td>com.webtest.personnel.personnal_files.File_AdvancedSearch_Test@15ca7889</td></tr>
</table><p>
<table width='100%' border='1' class='invocation-skipped'>
<tr><td colspan='4' align='center'><b>SKIPPED CONFIGURATIONS</b></td></tr>
<tr><td><b>Test method</b></td>
<td width="30%"><b>Exception</b></td>
<td width="10%"><b>Time (seconds)</b></td>
<td><b>Instance</b></td>
</tr>
<tr>
<td title='com.webtest.xingzheng.TestPart1_wupin.doBeforeSuite()'><b>doBeforeSuite</b><br>Test class: com.webtest.xingzheng.TestPart1_wupin</td>
<td></td>
<td>0</td>
<td>com.webtest.xingzheng.TestPart1_wupin@68567e20</td></tr>
<tr>
<td title='com.webtest.xingzheng.TestPart1_wupin.Enter()'><b>Enter</b><br>Test class: com.webtest.xingzheng.TestPart1_wupin</td>
<td></td>
<td>0</td>
<td>com.webtest.xingzheng.TestPart1_wupin@68567e20</td></tr>
<tr>
<td title='com.webtest.personnel.personnal_files.File_Flush_Test.doBeforeSuite()'><b>doBeforeSuite</b><br>Test class: com.webtest.personnel.personnal_files.File_Flush_Test</td>
<td></td>
<td>0</td>
<td>com.webtest.personnel.personnal_files.File_Flush_Test@7a675056</td></tr>
<tr>
<td title='com.webtest.xingzheng.TestPart2_zichan.doBeforeSuite()'><b>doBeforeSuite</b><br>Test class: com.webtest.xingzheng.TestPart2_zichan</td>
<td></td>
<td>0</td>
<td>com.webtest.xingzheng.TestPart2_zichan@76ed1b7c</td></tr>
<tr>
<td title='com.webtest.xingzheng.TestPart2_zichan.Enter()'><b>Enter</b><br>Test class: com.webtest.xingzheng.TestPart2_zichan</td>
<td></td>
<td>0</td>
<td>com.webtest.xingzheng.TestPart2_zichan@76ed1b7c</td></tr>
<tr>
<td title='com.webtest.personnel.personnal_files.File_Operation_Test.doBeforeSuite()'><b>doBeforeSuite</b><br>Test class: com.webtest.personnel.personnal_files.File_Operation_Test</td>
<td></td>
<td>0</td>
<td>com.webtest.personnel.personnal_files.File_Operation_Test@d21a74c</td></tr>
<tr>
<td title='com.webtest.customer.test.CaoZuo_test.doBeforeSuite()'><b>doBeforeSuite</b><br>Test class: com.webtest.customer.test.CaoZuo_test</td>
<td></td>
<td>0</td>
<td>com.webtest.customer.test.CaoZuo_test@11fc564b</td></tr>
<tr>
<td title='com.webtest.customer.test.CaoZuo_test.enter_customer()'><b>enter_customer</b><br>Test class: com.webtest.customer.test.CaoZuo_test</td>
<td></td>
<td>0</td>
<td>com.webtest.customer.test.CaoZuo_test@11fc564b</td></tr>
<tr>
<td title='com.webtest.personnel.personnal_files.File_Output_Test.doBeforeSuite()'><b>doBeforeSuite</b><br>Test class: com.webtest.personnel.personnal_files.File_Output_Test</td>
<td></td>
<td>0</td>
<td>com.webtest.personnel.personnal_files.File_Output_Test@6e509ffa</td></tr>
<tr>
<td title='com.webtest.customer.test.HighSearch_test.doBeforeSuite()'><b>doBeforeSuite</b><br>Test class: com.webtest.customer.test.HighSearch_test</td>
<td></td>
<td>0</td>
<td>com.webtest.customer.test.HighSearch_test@394a2528</td></tr>
<tr>
<td title='com.webtest.customer.test.HighSearch_test.enter_customer()'><b>enter_customer</b><br>Test class: com.webtest.customer.test.HighSearch_test</td>
<td></td>
<td>0</td>
<td>com.webtest.customer.test.HighSearch_test@394a2528</td></tr>
<tr>
<td title='com.webtest.personnel.personnal_files.File_Search_Test.doBeforeSuite()'><b>doBeforeSuite</b><br>Test class: com.webtest.personnel.personnal_files.File_Search_Test</td>
<td></td>
<td>0</td>
<td>com.webtest.personnel.personnal_files.File_Search_Test@2898ac89</td></tr>
<tr>
<td title='com.webtest.customer.test.NewCustomer_test.doBeforeSuite()'><b>doBeforeSuite</b><br>Test class: com.webtest.customer.test.NewCustomer_test</td>
<td></td>
<td>0</td>
<td>com.webtest.customer.test.NewCustomer_test@6236eb5f</td></tr>
<tr>
<td title='com.webtest.customer.test.NewCustomer_test.enter_customer()'><b>enter_customer</b><br>Test class: com.webtest.customer.test.NewCustomer_test</td>
<td></td>
<td>0</td>
<td>com.webtest.customer.test.NewCustomer_test@6236eb5f</td></tr>
<tr>
<td title='com.webtest.personnel.personnal_files.File_SelectStatus_Test.doBeforeSuite()'><b>doBeforeSuite</b><br>Test class: com.webtest.personnel.personnal_files.File_SelectStatus_Test</td>
<td></td>
<td>0</td>
<td>com.webtest.personnel.personnal_files.File_SelectStatus_Test@683dbc2c</td></tr>
<tr>
<td title='com.webtest.customer.test.NewCustract_test.doBeforeSuite()'><b>doBeforeSuite</b><br>Test class: com.webtest.customer.test.NewCustract_test</td>
<td></td>
<td>0</td>
<td>com.webtest.customer.test.NewCustract_test@7c1e2a9e</td></tr>
<tr>
<td title='com.webtest.customer.test.NewCustract_test.login()'><b>login</b><br>Test class: com.webtest.customer.test.NewCustract_test</td>
<td></td>
<td>0</td>
<td>com.webtest.customer.test.NewCustract_test@7c1e2a9e</td></tr>
<tr>
<td title='com.webtest.personnel.personnal_files.File_Subscript_Test.doBeforeSuite()'><b>doBeforeSuite</b><br>Test class: com.webtest.personnel.personnal_files.File_Subscript_Test</td>
<td></td>
<td>0</td>
<td>com.webtest.personnel.personnal_files.File_Subscript_Test@68267da0</td></tr>
<tr>
<td title='com.webtest.customer.test.NewRecipt_test.doBeforeSuite()'><b>doBeforeSuite</b><br>Test class: com.webtest.customer.test.NewRecipt_test</td>
<td></td>
<td>0</td>
<td>com.webtest.customer.test.NewRecipt_test@fa36558</td></tr>
<tr>
<td title='com.webtest.customer.test.NewRecipt_test.login()'><b>login</b><br>Test class: com.webtest.customer.test.NewRecipt_test</td>
<td></td>
<td>0</td>
<td>com.webtest.customer.test.NewRecipt_test@fa36558</td></tr>
<tr>
<td title='com.webtest.personnel.personnal_files.Add_Test.doBeforeSuite()'><b>doBeforeSuite</b><br>Test class: com.webtest.personnel.personnal_files.Add_Test</td>
<td></td>
<td>0</td>
<td>com.webtest.personnel.personnal_files.Add_Test@2638011</td></tr>
<tr>
<td title='com.webtest.customer.test.NewSell_test.doBeforeSuite()'><b>doBeforeSuite</b><br>Test class: com.webtest.customer.test.NewSell_test</td>
<td></td>
<td>0</td>
<td>com.webtest.customer.test.NewSell_test@672872e1</td></tr>
<tr>
<td title='com.webtest.customer.test.NewSell_test.login()'><b>login</b><br>Test class: com.webtest.customer.test.NewSell_test</td>
<td></td>
<td>0</td>
<td>com.webtest.customer.test.NewSell_test@672872e1</td></tr>
<tr>
<td title='com.webtest.liucheng.test1.doBeforeSuite()'><b>doBeforeSuite</b><br>Test class: com.webtest.liucheng.test1</td>
<td></td>
<td>0</td>
<td>com.webtest.liucheng.test1@6ff29830</td></tr>
<tr>
<td title='com.webtest.liucheng.test1.testLogin()'><b>testLogin</b><br>Test class: com.webtest.liucheng.test1</td>
<td></td>
<td>0</td>
<td>com.webtest.liucheng.test1@6ff29830</td></tr>
<tr>
<td title='com.webtest.customer.test.Redata_test.doBeforeSuite()'><b>doBeforeSuite</b><br>Test class: com.webtest.customer.test.Redata_test</td>
<td></td>
<td>0</td>
<td>com.webtest.customer.test.Redata_test@32910148</td></tr>
<tr>
<td title='com.webtest.customer.test.Redata_test.enter_customer()'><b>enter_customer</b><br>Test class: com.webtest.customer.test.Redata_test</td>
<td></td>
<td>0</td>
<td>com.webtest.customer.test.Redata_test@32910148</td></tr>
<tr>
<td title='com.webtest.liucheng.test2.doBeforeSuite()'><b>doBeforeSuite</b><br>Test class: com.webtest.liucheng.test2</td>
<td></td>
<td>0</td>
<td>com.webtest.liucheng.test2@6a2b953e</td></tr>
<tr>
<td title='com.webtest.liucheng.test2.testLogin()'><b>testLogin</b><br>Test class: com.webtest.liucheng.test2</td>
<td></td>
<td>0</td>
<td>com.webtest.liucheng.test2@6a2b953e</td></tr>
<tr>
<td title='com.webtest.customer.test.Search_test.doBeforeSuite()'><b>doBeforeSuite</b><br>Test class: com.webtest.customer.test.Search_test</td>
<td></td>
<td>0</td>
<td>com.webtest.customer.test.Search_test@3f56875e</td></tr>
<tr>
<td title='com.webtest.customer.test.Search_test.enter_custom()'><b>enter_custom</b><br>Test class: com.webtest.customer.test.Search_test</td>
<td></td>
<td>0</td>
<td>com.webtest.customer.test.Search_test@3f56875e</td></tr>
<tr>
<td title='com.webtest.liucheng.test3.doBeforeSuite()'><b>doBeforeSuite</b><br>Test class: com.webtest.liucheng.test3</td>
<td></td>
<td>0</td>
<td>com.webtest.liucheng.test3@313b2ea6</td></tr>
<tr>
<td title='com.webtest.liucheng.test3.testLogin()'><b>testLogin</b><br>Test class: com.webtest.liucheng.test3</td>
<td></td>
<td>0</td>
<td>com.webtest.liucheng.test3@313b2ea6</td></tr>
<tr>
<td title='com.webtest.customer.test.Share_Search_test.doBeforeSuite()'><b>doBeforeSuite</b><br>Test class: com.webtest.customer.test.Share_Search_test</td>
<td></td>
<td>0</td>
<td>com.webtest.customer.test.Share_Search_test@2b4bac49</td></tr>
<tr>
<td title='com.webtest.customer.test.Share_Search_test.enter_customer()'><b>enter_customer</b><br>Test class: com.webtest.customer.test.Share_Search_test</td>
<td></td>
<td>0</td>
<td>com.webtest.customer.test.Share_Search_test@2b4bac49</td></tr>
<tr>
<td title='com.webtest.liucheng.test4.doBeforeSuite()'><b>doBeforeSuite</b><br>Test class: com.webtest.liucheng.test4</td>
<td></td>
<td>0</td>
<td>com.webtest.liucheng.test4@2f465398</td></tr>
<tr>
<td title='com.webtest.liucheng.test4.testLogin()'><b>testLogin</b><br>Test class: com.webtest.liucheng.test4</td>
<td></td>
<td>0</td>
<td>com.webtest.liucheng.test4@2f465398</td></tr>
<tr>
<td title='com.webtest.renwu.pingfen.doBeforeSuite()'><b>doBeforeSuite</b><br>Test class: com.webtest.renwu.pingfen</td>
<td></td>
<td>0</td>
<td>com.webtest.renwu.pingfen@fd07cbb</td></tr>
<tr>
<td title='com.webtest.liucheng.test5.doBeforeSuite()'><b>doBeforeSuite</b><br>Test class: com.webtest.liucheng.test5</td>
<td></td>
<td>0</td>
<td>com.webtest.liucheng.test5@548e6d58</td></tr>
<tr>
<td title='com.webtest.liucheng.test5.testLogin()'><b>testLogin</b><br>Test class: com.webtest.liucheng.test5</td>
<td></td>
<td>0</td>
<td>com.webtest.liucheng.test5@548e6d58</td></tr>
<tr>
<td title='com.webtest.renwu.rank.doBeforeSuite()'><b>doBeforeSuite</b><br>Test class: com.webtest.renwu.rank</td>
<td></td>
<td>0</td>
<td>com.webtest.renwu.rank@3571b748</td></tr>
<tr>
<td title='com.webtest.liucheng.test6.doBeforeSuite()'><b>doBeforeSuite</b><br>Test class: com.webtest.liucheng.test6</td>
<td></td>
<td>0</td>
<td>com.webtest.liucheng.test6@623a8092</td></tr>
<tr>
<td title='com.webtest.liucheng.test6.testLogin()'><b>testLogin</b><br>Test class: com.webtest.liucheng.test6</td>
<td></td>
<td>0</td>
<td>com.webtest.liucheng.test6@623a8092</td></tr>
<tr>
<td title='com.webtest.renwu.sousuo.doBeforeSuite()'><b>doBeforeSuite</b><br>Test class: com.webtest.renwu.sousuo</td>
<td></td>
<td>0</td>
<td>com.webtest.renwu.sousuo@3e96bacf</td></tr>
<tr>
<td title='com.webtest.xinhu_personal.Addnotice_time.doBeforeSuite()'><b>doBeforeSuite</b><br>Test class: com.webtest.xinhu_personal.Addnotice_time</td>
<td></td>
<td>0</td>
<td>com.webtest.xinhu_personal.Addnotice_time@a1cdc6d</td></tr>
<tr>
<td title='com.webtest.renwu.xinjian.doBeforeSuite()'><b>doBeforeSuite</b><br>Test class: com.webtest.renwu.xinjian</td>
<td></td>
<td>0</td>
<td>com.webtest.renwu.xinjian@484970b0</td></tr>
<tr>
<td title='com.webtest.xinhu_personal.Addnotice.doBeforeSuite()'><b>doBeforeSuite</b><br>Test class: com.webtest.xinhu_personal.Addnotice</td>
<td></td>
<td>0</td>
<td>com.webtest.xinhu_personal.Addnotice@3098cf3b</td></tr>
<tr>
<td title='com.webtest.xinhu_personal.AddrList.doBeforeSuite()'><b>doBeforeSuite</b><br>Test class: com.webtest.xinhu_personal.AddrList</td>
<td></td>
<td>0</td>
<td>com.webtest.xinhu_personal.AddrList@6a03bcb1</td></tr>
<tr>
<td title='com.webtest.xinhu_personal.Login.doBeforeSuite()'><b>doBeforeSuite</b><br>Test class: com.webtest.xinhu_personal.Login</td>
<td></td>
<td>0</td>
<td>com.webtest.xinhu_personal.Login@57250572</td></tr>
<tr>
<td title='com.webtest.xinhu_personal.ReInfor.doBeforeSuite()'><b>doBeforeSuite</b><br>Test class: com.webtest.xinhu_personal.ReInfor</td>
<td></td>
<td>0</td>
<td>com.webtest.xinhu_personal.ReInfor@2118cddf</td></tr>
<tr>
<td title='com.webtest.personnel.personnal_files.File_AdvancedSearch_Test.initAction()'><b>initAction</b><br>Test class: com.webtest.personnel.personnal_files.File_AdvancedSearch_Test</td>
<td></td>
<td>0</td>
<td>com.webtest.personnel.personnal_files.File_AdvancedSearch_Test@15ca7889</td></tr>
<tr>
<td title='com.webtest.personnel.personnal_files.File_Flush_Test.initAction()'><b>initAction</b><br>Test class: com.webtest.personnel.personnal_files.File_Flush_Test</td>
<td></td>
<td>0</td>
<td>com.webtest.personnel.personnal_files.File_Flush_Test@7a675056</td></tr>
<tr>
<td title='com.webtest.personnel.personnal_files.File_Operation_Test.initAction()'><b>initAction</b><br>Test class: com.webtest.personnel.personnal_files.File_Operation_Test</td>
<td></td>
<td>0</td>
<td>com.webtest.personnel.personnal_files.File_Operation_Test@d21a74c</td></tr>
<tr>
<td title='com.webtest.personnel.personnal_files.File_Operation_Test.initAction()'><b>initAction</b><br>Test class: com.webtest.personnel.personnal_files.File_Operation_Test</td>
<td></td>
<td>0</td>
<td>com.webtest.personnel.personnal_files.File_Operation_Test@d21a74c</td></tr>
<tr>
<td title='com.webtest.personnel.personnal_files.File_Operation_Test.initAction()'><b>initAction</b><br>Test class: com.webtest.personnel.personnal_files.File_Operation_Test</td>
<td></td>
<td>0</td>
<td>com.webtest.personnel.personnal_files.File_Operation_Test@d21a74c</td></tr>
<tr>
<td title='com.webtest.personnel.personnal_files.File_Output_Test.initAction()'><b>initAction</b><br>Test class: com.webtest.personnel.personnal_files.File_Output_Test</td>
<td></td>
<td>0</td>
<td>com.webtest.personnel.personnal_files.File_Output_Test@6e509ffa</td></tr>
<tr>
<td title='com.webtest.personnel.personnal_files.File_Output_Test.initAction()'><b>initAction</b><br>Test class: com.webtest.personnel.personnal_files.File_Output_Test</td>
<td></td>
<td>0</td>
<td>com.webtest.personnel.personnal_files.File_Output_Test@6e509ffa</td></tr>
<tr>
<td title='com.webtest.customer.test.HighSearch_test.enter_customer_hightsearch()'><b>enter_customer_hightsearch</b><br>Test class: com.webtest.customer.test.HighSearch_test</td>
<td></td>
<td>0</td>
<td>com.webtest.customer.test.HighSearch_test@394a2528</td></tr>
<tr>
<td title='com.webtest.customer.test.HighSearch_test.enter_customer_hightsearch()'><b>enter_customer_hightsearch</b><br>Test class: com.webtest.customer.test.HighSearch_test</td>
<td></td>
<td>0</td>
<td>com.webtest.customer.test.HighSearch_test@394a2528</td></tr>
<tr>
<td title='com.webtest.customer.test.HighSearch_test.enter_customer_hightsearch()'><b>enter_customer_hightsearch</b><br>Test class: com.webtest.customer.test.HighSearch_test</td>
<td></td>
<td>0</td>
<td>com.webtest.customer.test.HighSearch_test@394a2528</td></tr>
<tr>
<td title='com.webtest.customer.test.HighSearch_test.enter_customer_hightsearch()'><b>enter_customer_hightsearch</b><br>Test class: com.webtest.customer.test.HighSearch_test</td>
<td></td>
<td>0</td>
<td>com.webtest.customer.test.HighSearch_test@394a2528</td></tr>
<tr>
<td title='com.webtest.customer.test.HighSearch_test.enter_customer_hightsearch()'><b>enter_customer_hightsearch</b><br>Test class: com.webtest.customer.test.HighSearch_test</td>
<td></td>
<td>0</td>
<td>com.webtest.customer.test.HighSearch_test@394a2528</td></tr>
<tr>
<td title='com.webtest.personnel.personnal_files.File_Search_Test.initAction()'><b>initAction</b><br>Test class: com.webtest.personnel.personnal_files.File_Search_Test</td>
<td></td>
<td>0</td>
<td>com.webtest.personnel.personnal_files.File_Search_Test@2898ac89</td></tr>
<tr>
<td title='com.webtest.personnel.personnal_files.File_SelectStatus_Test.initAction()'><b>initAction</b><br>Test class: com.webtest.personnel.personnal_files.File_SelectStatus_Test</td>
<td></td>
<td>0</td>
<td>com.webtest.personnel.personnal_files.File_SelectStatus_Test@683dbc2c</td></tr>
<tr>
<td title='com.webtest.personnel.personnal_files.File_Subscript_Test.initAction()'><b>initAction</b><br>Test class: com.webtest.personnel.personnal_files.File_Subscript_Test</td>
<td></td>
<td>0</td>
<td>com.webtest.personnel.personnal_files.File_Subscript_Test@68267da0</td></tr>
<tr>
<td title='com.webtest.personnel.personnal_files.Add_Test.initAction()'><b>initAction</b><br>Test class: com.webtest.personnel.personnal_files.Add_Test</td>
<td></td>
<td>0</td>
<td>com.webtest.personnel.personnal_files.Add_Test@2638011</td></tr>
<tr>
<td title='com.webtest.personnel.personnal_files.Add_Test.initAction()'><b>initAction</b><br>Test class: com.webtest.personnel.personnal_files.Add_Test</td>
<td></td>
<td>0</td>
<td>com.webtest.personnel.personnal_files.Add_Test@2638011</td></tr>
<tr>
<td title='com.webtest.personnel.personnal_files.File_AdvancedSearch_Test.doAfterMethod()'><b>doAfterMethod</b><br>Test class: com.webtest.personnel.personnal_files.File_AdvancedSearch_Test</td>
<td></td>
<td>0</td>
<td>com.webtest.personnel.personnal_files.File_AdvancedSearch_Test@15ca7889</td></tr>
<tr>
<td title='com.webtest.xingzheng.TestPart1_wupin.doAfterMethod()'><b>doAfterMethod</b><br>Test class: com.webtest.xingzheng.TestPart1_wupin</td>
<td></td>
<td>0</td>
<td>com.webtest.xingzheng.TestPart1_wupin@68567e20</td></tr>
<tr>
<td title='com.webtest.personnel.personnal_files.File_Flush_Test.doAfterMethod()'><b>doAfterMethod</b><br>Test class: com.webtest.personnel.personnal_files.File_Flush_Test</td>
<td></td>
<td>0</td>
<td>com.webtest.personnel.personnal_files.File_Flush_Test@7a675056</td></tr>
<tr>
<td title='com.webtest.xingzheng.TestPart2_zichan.doAfterMethod()'><b>doAfterMethod</b><br>Test class: com.webtest.xingzheng.TestPart2_zichan</td>
<td></td>
<td>0</td>
<td>com.webtest.xingzheng.TestPart2_zichan@76ed1b7c</td></tr>
<tr>
<td title='com.webtest.personnel.personnal_files.File_Operation_Test.doAfterMethod()'><b>doAfterMethod</b><br>Test class: com.webtest.personnel.personnal_files.File_Operation_Test</td>
<td></td>
<td>0</td>
<td>com.webtest.personnel.personnal_files.File_Operation_Test@d21a74c</td></tr>
<tr>
<td title='com.webtest.customer.test.CaoZuo_test.doAfterMethod()'><b>doAfterMethod</b><br>Test class: com.webtest.customer.test.CaoZuo_test</td>
<td></td>
<td>0</td>
<td>com.webtest.customer.test.CaoZuo_test@11fc564b</td></tr>
<tr>
<td title='com.webtest.personnel.personnal_files.File_Output_Test.doAfterMethod()'><b>doAfterMethod</b><br>Test class: com.webtest.personnel.personnal_files.File_Output_Test</td>
<td></td>
<td>0</td>
<td>com.webtest.personnel.personnal_files.File_Output_Test@6e509ffa</td></tr>
<tr>
<td title='com.webtest.customer.test.HighSearch_test.doAfterMethod()'><b>doAfterMethod</b><br>Test class: com.webtest.customer.test.HighSearch_test</td>
<td></td>
<td>0</td>
<td>com.webtest.customer.test.HighSearch_test@394a2528</td></tr>
<tr>
<td title='com.webtest.personnel.personnal_files.File_Search_Test.doAfterMethod()'><b>doAfterMethod</b><br>Test class: com.webtest.personnel.personnal_files.File_Search_Test</td>
<td></td>
<td>0</td>
<td>com.webtest.personnel.personnal_files.File_Search_Test@2898ac89</td></tr>
<tr>
<td title='com.webtest.customer.test.NewCustomer_test.doAfterMethod()'><b>doAfterMethod</b><br>Test class: com.webtest.customer.test.NewCustomer_test</td>
<td></td>
<td>0</td>
<td>com.webtest.customer.test.NewCustomer_test@6236eb5f</td></tr>
<tr>
<td title='com.webtest.personnel.personnal_files.File_SelectStatus_Test.doAfterMethod()'><b>doAfterMethod</b><br>Test class: com.webtest.personnel.personnal_files.File_SelectStatus_Test</td>
<td></td>
<td>0</td>
<td>com.webtest.personnel.personnal_files.File_SelectStatus_Test@683dbc2c</td></tr>
<tr>
<td title='com.webtest.customer.test.NewCustract_test.doAfterMethod()'><b>doAfterMethod</b><br>Test class: com.webtest.customer.test.NewCustract_test</td>
<td></td>
<td>0</td>
<td>com.webtest.customer.test.NewCustract_test@7c1e2a9e</td></tr>
<tr>
<td title='com.webtest.personnel.personnal_files.File_Subscript_Test.doAfterMethod()'><b>doAfterMethod</b><br>Test class: com.webtest.personnel.personnal_files.File_Subscript_Test</td>
<td></td>
<td>0</td>
<td>com.webtest.personnel.personnal_files.File_Subscript_Test@68267da0</td></tr>
<tr>
<td title='com.webtest.customer.test.NewRecipt_test.doAfterMethod()'><b>doAfterMethod</b><br>Test class: com.webtest.customer.test.NewRecipt_test</td>
<td></td>
<td>0</td>
<td>com.webtest.customer.test.NewRecipt_test@fa36558</td></tr>
<tr>
<td title='com.webtest.personnel.personnal_files.Add_Test.doAfterMethod()'><b>doAfterMethod</b><br>Test class: com.webtest.personnel.personnal_files.Add_Test</td>
<td></td>
<td>0</td>
<td>com.webtest.personnel.personnal_files.Add_Test@2638011</td></tr>
<tr>
<td title='com.webtest.customer.test.NewSell_test.doAfterMethod()'><b>doAfterMethod</b><br>Test class: com.webtest.customer.test.NewSell_test</td>
<td></td>
<td>0</td>
<td>com.webtest.customer.test.NewSell_test@672872e1</td></tr>
<tr>
<td title='com.webtest.liucheng.test1.doAfterMethod()'><b>doAfterMethod</b><br>Test class: com.webtest.liucheng.test1</td>
<td></td>
<td>0</td>
<td>com.webtest.liucheng.test1@6ff29830</td></tr>
<tr>
<td title='com.webtest.customer.test.Redata_test.doAfterMethod()'><b>doAfterMethod</b><br>Test class: com.webtest.customer.test.Redata_test</td>
<td></td>
<td>0</td>
<td>com.webtest.customer.test.Redata_test@32910148</td></tr>
<tr>
<td title='com.webtest.liucheng.test2.doAfterMethod()'><b>doAfterMethod</b><br>Test class: com.webtest.liucheng.test2</td>
<td></td>
<td>0</td>
<td>com.webtest.liucheng.test2@6a2b953e</td></tr>
<tr>
<td title='com.webtest.customer.test.Search_test.doAfterMethod()'><b>doAfterMethod</b><br>Test class: com.webtest.customer.test.Search_test</td>
<td></td>
<td>0</td>
<td>com.webtest.customer.test.Search_test@3f56875e</td></tr>
<tr>
<td title='com.webtest.liucheng.test3.doAfterMethod()'><b>doAfterMethod</b><br>Test class: com.webtest.liucheng.test3</td>
<td></td>
<td>0</td>
<td>com.webtest.liucheng.test3@313b2ea6</td></tr>
<tr>
<td title='com.webtest.customer.test.Share_Search_test.doAfterMethod()'><b>doAfterMethod</b><br>Test class: com.webtest.customer.test.Share_Search_test</td>
<td></td>
<td>0</td>
<td>com.webtest.customer.test.Share_Search_test@2b4bac49</td></tr>
<tr>
<td title='com.webtest.liucheng.test4.doAfterMethod()'><b>doAfterMethod</b><br>Test class: com.webtest.liucheng.test4</td>
<td></td>
<td>0</td>
<td>com.webtest.liucheng.test4@2f465398</td></tr>
<tr>
<td title='com.webtest.renwu.pingfen.doAfterMethod()'><b>doAfterMethod</b><br>Test class: com.webtest.renwu.pingfen</td>
<td></td>
<td>0</td>
<td>com.webtest.renwu.pingfen@fd07cbb</td></tr>
<tr>
<td title='com.webtest.liucheng.test5.doAfterMethod()'><b>doAfterMethod</b><br>Test class: com.webtest.liucheng.test5</td>
<td></td>
<td>0</td>
<td>com.webtest.liucheng.test5@548e6d58</td></tr>
<tr>
<td title='com.webtest.renwu.rank.doAfterMethod()'><b>doAfterMethod</b><br>Test class: com.webtest.renwu.rank</td>
<td></td>
<td>0</td>
<td>com.webtest.renwu.rank@3571b748</td></tr>
<tr>
<td title='com.webtest.liucheng.test6.doAfterMethod()'><b>doAfterMethod</b><br>Test class: com.webtest.liucheng.test6</td>
<td></td>
<td>0</td>
<td>com.webtest.liucheng.test6@623a8092</td></tr>
<tr>
<td title='com.webtest.renwu.sousuo.doAfterMethod()'><b>doAfterMethod</b><br>Test class: com.webtest.renwu.sousuo</td>
<td></td>
<td>0</td>
<td>com.webtest.renwu.sousuo@3e96bacf</td></tr>
<tr>
<td title='com.webtest.renwu.xinjian.doAfterMethod()'><b>doAfterMethod</b><br>Test class: com.webtest.renwu.xinjian</td>
<td></td>
<td>0</td>
<td>com.webtest.renwu.xinjian@484970b0</td></tr>
<tr>
<td title='com.webtest.xinhu_personal.Addnotice_time.doAfterMethod()'><b>doAfterMethod</b><br>Test class: com.webtest.xinhu_personal.Addnotice_time</td>
<td></td>
<td>0</td>
<td>com.webtest.xinhu_personal.Addnotice_time@a1cdc6d</td></tr>
<tr>
<td title='com.webtest.xinhu_personal.Addnotice.doAfterMethod()'><b>doAfterMethod</b><br>Test class: com.webtest.xinhu_personal.Addnotice</td>
<td></td>
<td>0</td>
<td>com.webtest.xinhu_personal.Addnotice@3098cf3b</td></tr>
<tr>
<td title='com.webtest.xinhu_personal.AddrList.doAfterMethod()'><b>doAfterMethod</b><br>Test class: com.webtest.xinhu_personal.AddrList</td>
<td></td>
<td>0</td>
<td>com.webtest.xinhu_personal.AddrList@6a03bcb1</td></tr>
<tr>
<td title='com.webtest.xinhu_personal.Login.doAfterMethod()'><b>doAfterMethod</b><br>Test class: com.webtest.xinhu_personal.Login</td>
<td></td>
<td>0</td>
<td>com.webtest.xinhu_personal.Login@57250572</td></tr>
<tr>
<td title='com.webtest.xinhu_personal.ReInfor.doAfterMethod()'><b>doAfterMethod</b><br>Test class: com.webtest.xinhu_personal.ReInfor</td>
<td></td>
<td>0</td>
<td>com.webtest.xinhu_personal.ReInfor@2118cddf</td></tr>
</table><p>
<table width='100%' border='1' class='invocation-skipped'>
<tr><td colspan='4' align='center'><b>SKIPPED TESTS</b></td></tr>
<tr><td><b>Test method</b></td>
<td width="30%"><b>Exception</b></td>
<td width="10%"><b>Time (seconds)</b></td>
<td><b>Instance</b></td>
</tr>
<tr>
<td title='com.webtest.customer.test.Search_test.Search()'><b>Search</b><br>Test class: com.webtest.customer.test.Search_test</td>
<td><div><pre>java.io.FileNotFoundException: auto2018\conf\config.properties (系统找不到指定的路径。)
	at java.base/java.io.FileInputStream.open0(Native Method)
	at java.base/java.io.FileInputStream.open(FileInputStream.java:196)
	at java.base/java.io.FileInputStream.&lt;init&gt;(FileInputStream.java:139)
	at java.base/java.io.FileInputStream.&lt;init&gt;(FileInputStream.java:94)
	at com.webtest.utils.ReadProperties.getPropertyValue(Unknown Source)
	at com.webtest.core.BaseTest.doBeforeSuite(Unknown Source)
... Removed 25 stack frames</pre></div><a href='#' onClick='toggleBox("stack-trace2102368942", this, "Click to show all stack frames", "Click to hide stack frames")'>Click to show all stack frames</a>
<div class='stack-trace' id='stack-trace2102368942'><pre>java.io.FileNotFoundException: auto2018\conf\config.properties (系统找不到指定的路径。)
	at java.base/java.io.FileInputStream.open0(Native Method)
	at java.base/java.io.FileInputStream.open(FileInputStream.java:196)
	at java.base/java.io.FileInputStream.&lt;init&gt;(FileInputStream.java:139)
	at java.base/java.io.FileInputStream.&lt;init&gt;(FileInputStream.java:94)
	at com.webtest.utils.ReadProperties.getPropertyValue(Unknown Source)
	at com.webtest.core.BaseTest.doBeforeSuite(Unknown Source)
	at java.base/jdk.internal.reflect.NativeMethodAccessorImpl.invoke0(Native Method)
	at java.base/jdk.internal.reflect.NativeMethodAccessorImpl.invoke(NativeMethodAccessorImpl.java:62)
	at java.base/jdk.internal.reflect.DelegatingMethodAccessorImpl.invoke(DelegatingMethodAccessorImpl.java:43)
	at java.base/java.lang.reflect.Method.invoke(Method.java:564)
	at org.testng.internal.MethodInvocationHelper.invokeMethod(MethodInvocationHelper.java:124)
	at org.testng.internal.MethodInvocationHelper.invokeMethodConsideringTimeout(MethodInvocationHelper.java:59)
	at org.testng.internal.Invoker.invokeConfigurationMethod(Invoker.java:455)
	at org.testng.internal.Invoker.invokeConfigurations(Invoker.java:222)
	at org.testng.internal.Invoker.invokeConfigurations(Invoker.java:142)
	at org.testng.internal.TestMethodWorker.invokeBeforeClassMethods(TestMethodWorker.java:168)
	at org.testng.internal.TestMethodWorker.run(TestMethodWorker.java:105)
	at org.testng.TestRunner.privateRun(TestRunner.java:648)
	at org.testng.TestRunner.run(TestRunner.java:505)
	at org.testng.SuiteRunner.runTest(SuiteRunner.java:455)
	at org.testng.SuiteRunner.runSequentially(SuiteRunner.java:450)
	at org.testng.SuiteRunner.privateRun(SuiteRunner.java:415)
	at org.testng.SuiteRunner.run(SuiteRunner.java:364)
	at org.testng.SuiteRunnerWorker.runSuite(SuiteRunnerWorker.java:52)
	at org.testng.SuiteRunnerWorker.run(SuiteRunnerWorker.java:84)
	at org.testng.TestNG.runSuitesSequentially(TestNG.java:1208)
	at org.testng.TestNG.runSuitesLocally(TestNG.java:1137)
	at org.testng.TestNG.runSuites(TestNG.java:1049)
	at org.testng.TestNG.run(TestNG.java:1017)
	at org.testng.TestNG.privateMain(TestNG.java:1354)
	at org.testng.TestNG.main(TestNG.java:1323)
</pre></div></td>
<td>0</td>
<td>com.webtest.customer.test.Search_test@3f56875e</td></tr>
<tr>
<td title='com.webtest.customer.test.NewCustract_test.addAgreement()'><b>addAgreement</b><br>Test class: com.webtest.customer.test.NewCustract_test</td>
<td><div><pre>java.lang.RuntimeException: java.io.FileNotFoundException: auto2018\conf\config.properties (系统找不到指定的路径。)
Caused by: java.io.FileNotFoundException: auto2018\conf\config.properties (系统找不到指定的路径。)
	at java.base/java.io.FileInputStream.open0(Native Method)
	at java.base/java.io.FileInputStream.open(FileInputStream.java:196)
	at java.base/java.io.FileInputStream.&lt;init&gt;(FileInputStream.java:139)
	at java.base/java.io.FileInputStream.&lt;init&gt;(FileInputStream.java:94)
	at com.webtest.utils.ReadProperties.getPropertyValue(Unknown Source)
	at com.webtest.dataprovider.NSDataProvider.getExcelData3(Unknown Source)
	... 21 more
... Removed 29 stack frames</pre></div><a href='#' onClick='toggleBox("stack-trace844112759", this, "Click to show all stack frames", "Click to hide stack frames")'>Click to show all stack frames</a>
<div class='stack-trace' id='stack-trace844112759'><pre>java.lang.RuntimeException: java.io.FileNotFoundException: auto2018\conf\config.properties (系统找不到指定的路径。)
	at org.testng.internal.MethodInvocationHelper.invokeMethodNoCheckedException(MethodInvocationHelper.java:49)
	at org.testng.internal.MethodInvocationHelper.invokeDataProvider(MethodInvocationHelper.java:131)
	at org.testng.internal.Parameters.handleParameters(Parameters.java:706)
	at org.testng.internal.ParameterHandler.handleParameters(ParameterHandler.java:49)
	at org.testng.internal.ParameterHandler.createParameters(ParameterHandler.java:37)
	at org.testng.internal.Invoker.invokeTestMethods(Invoker.java:923)
	at org.testng.internal.TestMethodWorker.invokeTestMethods(TestMethodWorker.java:125)
	at org.testng.internal.TestMethodWorker.run(TestMethodWorker.java:109)
	at org.testng.TestRunner.privateRun(TestRunner.java:648)
	at org.testng.TestRunner.run(TestRunner.java:505)
	at org.testng.SuiteRunner.runTest(SuiteRunner.java:455)
	at org.testng.SuiteRunner.runSequentially(SuiteRunner.java:450)
	at org.testng.SuiteRunner.privateRun(SuiteRunner.java:415)
	at org.testng.SuiteRunner.run(SuiteRunner.java:364)
	at org.testng.SuiteRunnerWorker.runSuite(SuiteRunnerWorker.java:52)
	at org.testng.SuiteRunnerWorker.run(SuiteRunnerWorker.java:84)
	at org.testng.TestNG.runSuitesSequentially(TestNG.java:1208)
	at org.testng.TestNG.runSuitesLocally(TestNG.java:1137)
	at org.testng.TestNG.runSuites(TestNG.java:1049)
	at org.testng.TestNG.run(TestNG.java:1017)
	at org.testng.TestNG.privateMain(TestNG.java:1354)
	at org.testng.TestNG.main(TestNG.java:1323)
Caused by: java.io.FileNotFoundException: auto2018\conf\config.properties (系统找不到指定的路径。)
	at java.base/java.io.FileInputStream.open0(Native Method)
	at java.base/java.io.FileInputStream.open(FileInputStream.java:196)
	at java.base/java.io.FileInputStream.&lt;init&gt;(FileInputStream.java:139)
	at java.base/java.io.FileInputStream.&lt;init&gt;(FileInputStream.java:94)
	at com.webtest.utils.ReadProperties.getPropertyValue(Unknown Source)
	at com.webtest.dataprovider.NSDataProvider.getExcelData3(Unknown Source)
	at java.base/jdk.internal.reflect.NativeMethodAccessorImpl.invoke0(Native Method)
	at java.base/jdk.internal.reflect.NativeMethodAccessorImpl.invoke(NativeMethodAccessorImpl.java:62)
	at java.base/jdk.internal.reflect.DelegatingMethodAccessorImpl.invoke(DelegatingMethodAccessorImpl.java:43)
	at java.base/java.lang.reflect.Method.invoke(Method.java:564)
	at org.testng.internal.MethodInvocationHelper.invokeMethod(MethodInvocationHelper.java:124)
	at org.testng.internal.MethodInvocationHelper.invokeMethod(MethodInvocationHelper.java:74)
	at org.testng.internal.MethodInvocationHelper.invokeMethodNoCheckedException(MethodInvocationHelper.java:45)
	... 21 more
</pre></div></td>
<td>0</td>
<td>com.webtest.customer.test.NewCustract_test@7c1e2a9e</td></tr>
<tr>
<td title='com.webtest.customer.test.NewCustomer_test.addCustomer()'><b>addCustomer</b><br>Test class: com.webtest.customer.test.NewCustomer_test</td>
<td><div><pre>java.lang.RuntimeException: java.io.FileNotFoundException: auto2018\conf\config.properties (系统找不到指定的路径。)
Caused by: java.io.FileNotFoundException: auto2018\conf\config.properties (系统找不到指定的路径。)
	at java.base/java.io.FileInputStream.open0(Native Method)
	at java.base/java.io.FileInputStream.open(FileInputStream.java:196)
	at java.base/java.io.FileInputStream.&lt;init&gt;(FileInputStream.java:139)
	at java.base/java.io.FileInputStream.&lt;init&gt;(FileInputStream.java:94)
	at com.webtest.utils.ReadProperties.getPropertyValue(Unknown Source)
	at com.webtest.dataprovider.NSDataProvider.getExcelData7(Unknown Source)
	... 21 more
... Removed 29 stack frames</pre></div><a href='#' onClick='toggleBox("stack-trace252553541", this, "Click to show all stack frames", "Click to hide stack frames")'>Click to show all stack frames</a>
<div class='stack-trace' id='stack-trace252553541'><pre>java.lang.RuntimeException: java.io.FileNotFoundException: auto2018\conf\config.properties (系统找不到指定的路径。)
	at org.testng.internal.MethodInvocationHelper.invokeMethodNoCheckedException(MethodInvocationHelper.java:49)
	at org.testng.internal.MethodInvocationHelper.invokeDataProvider(MethodInvocationHelper.java:131)
	at org.testng.internal.Parameters.handleParameters(Parameters.java:706)
	at org.testng.internal.ParameterHandler.handleParameters(ParameterHandler.java:49)
	at org.testng.internal.ParameterHandler.createParameters(ParameterHandler.java:37)
	at org.testng.internal.Invoker.invokeTestMethods(Invoker.java:923)
	at org.testng.internal.TestMethodWorker.invokeTestMethods(TestMethodWorker.java:125)
	at org.testng.internal.TestMethodWorker.run(TestMethodWorker.java:109)
	at org.testng.TestRunner.privateRun(TestRunner.java:648)
	at org.testng.TestRunner.run(TestRunner.java:505)
	at org.testng.SuiteRunner.runTest(SuiteRunner.java:455)
	at org.testng.SuiteRunner.runSequentially(SuiteRunner.java:450)
	at org.testng.SuiteRunner.privateRun(SuiteRunner.java:415)
	at org.testng.SuiteRunner.run(SuiteRunner.java:364)
	at org.testng.SuiteRunnerWorker.runSuite(SuiteRunnerWorker.java:52)
	at org.testng.SuiteRunnerWorker.run(SuiteRunnerWorker.java:84)
	at org.testng.TestNG.runSuitesSequentially(TestNG.java:1208)
	at org.testng.TestNG.runSuitesLocally(TestNG.java:1137)
	at org.testng.TestNG.runSuites(TestNG.java:1049)
	at org.testng.TestNG.run(TestNG.java:1017)
	at org.testng.TestNG.privateMain(TestNG.java:1354)
	at org.testng.TestNG.main(TestNG.java:1323)
Caused by: java.io.FileNotFoundException: auto2018\conf\config.properties (系统找不到指定的路径。)
	at java.base/java.io.FileInputStream.open0(Native Method)
	at java.base/java.io.FileInputStream.open(FileInputStream.java:196)
	at java.base/java.io.FileInputStream.&lt;init&gt;(FileInputStream.java:139)
	at java.base/java.io.FileInputStream.&lt;init&gt;(FileInputStream.java:94)
	at com.webtest.utils.ReadProperties.getPropertyValue(Unknown Source)
	at com.webtest.dataprovider.NSDataProvider.getExcelData7(Unknown Source)
	at java.base/jdk.internal.reflect.NativeMethodAccessorImpl.invoke0(Native Method)
	at java.base/jdk.internal.reflect.NativeMethodAccessorImpl.invoke(NativeMethodAccessorImpl.java:62)
	at java.base/jdk.internal.reflect.DelegatingMethodAccessorImpl.invoke(DelegatingMethodAccessorImpl.java:43)
	at java.base/java.lang.reflect.Method.invoke(Method.java:564)
	at org.testng.internal.MethodInvocationHelper.invokeMethod(MethodInvocationHelper.java:124)
	at org.testng.internal.MethodInvocationHelper.invokeMethod(MethodInvocationHelper.java:74)
	at org.testng.internal.MethodInvocationHelper.invokeMethodNoCheckedException(MethodInvocationHelper.java:45)
	... 21 more
</pre></div></td>
<td>0</td>
<td>com.webtest.customer.test.NewCustomer_test@6236eb5f</td></tr>
<tr>
<td title='com.webtest.xinhu_personal.Addnotice.addNotice()'><b>addNotice</b><br>Test class: com.webtest.xinhu_personal.Addnotice</td>
<td><div><pre>java.lang.Throwable: Method Addnotice.addNotice(java.lang.String, java.lang.String, java.lang.String)[pri:0, instance:com.webtest.xinhu_personal.Addnotice@3098cf3b] depends on not successfully finished methods
... Removed 17 stack frames</pre></div><a href='#' onClick='toggleBox("stack-trace1665197552", this, "Click to show all stack frames", "Click to hide stack frames")'>Click to show all stack frames</a>
<div class='stack-trace' id='stack-trace1665197552'><pre>java.lang.Throwable: Method Addnotice.addNotice(java.lang.String, java.lang.String, java.lang.String)[pri:0, instance:com.webtest.xinhu_personal.Addnotice@3098cf3b] depends on not successfully finished methods
	at org.testng.internal.Invoker.invokeTestMethods(Invoker.java:887)
	at org.testng.internal.TestMethodWorker.invokeTestMethods(TestMethodWorker.java:125)
	at org.testng.internal.TestMethodWorker.run(TestMethodWorker.java:109)
	at org.testng.TestRunner.privateRun(TestRunner.java:648)
	at org.testng.TestRunner.run(TestRunner.java:505)
	at org.testng.SuiteRunner.runTest(SuiteRunner.java:455)
	at org.testng.SuiteRunner.runSequentially(SuiteRunner.java:450)
	at org.testng.SuiteRunner.privateRun(SuiteRunner.java:415)
	at org.testng.SuiteRunner.run(SuiteRunner.java:364)
	at org.testng.SuiteRunnerWorker.runSuite(SuiteRunnerWorker.java:52)
	at org.testng.SuiteRunnerWorker.run(SuiteRunnerWorker.java:84)
	at org.testng.TestNG.runSuitesSequentially(TestNG.java:1208)
	at org.testng.TestNG.runSuitesLocally(TestNG.java:1137)
	at org.testng.TestNG.runSuites(TestNG.java:1049)
	at org.testng.TestNG.run(TestNG.java:1017)
	at org.testng.TestNG.privateMain(TestNG.java:1354)
	at org.testng.TestNG.main(TestNG.java:1323)
</pre></div></td>
<td>0</td>
<td>null</td></tr>
<tr>
<td title='com.webtest.customer.test.NewRecipt_test.addRecipt()'><b>addRecipt</b><br>Test class: com.webtest.customer.test.NewRecipt_test</td>
<td><div><pre>java.lang.RuntimeException: java.io.FileNotFoundException: auto2018\conf\config.properties (系统找不到指定的路径。)
Caused by: java.io.FileNotFoundException: auto2018\conf\config.properties (系统找不到指定的路径。)
	at java.base/java.io.FileInputStream.open0(Native Method)
	at java.base/java.io.FileInputStream.open(FileInputStream.java:196)
	at java.base/java.io.FileInputStream.&lt;init&gt;(FileInputStream.java:139)
	at java.base/java.io.FileInputStream.&lt;init&gt;(FileInputStream.java:94)
	at com.webtest.utils.ReadProperties.getPropertyValue(Unknown Source)
	at com.webtest.dataprovider.NSDataProvider.getExcelData4(Unknown Source)
	... 21 more
... Removed 29 stack frames</pre></div><a href='#' onClick='toggleBox("stack-trace1022081840", this, "Click to show all stack frames", "Click to hide stack frames")'>Click to show all stack frames</a>
<div class='stack-trace' id='stack-trace1022081840'><pre>java.lang.RuntimeException: java.io.FileNotFoundException: auto2018\conf\config.properties (系统找不到指定的路径。)
	at org.testng.internal.MethodInvocationHelper.invokeMethodNoCheckedException(MethodInvocationHelper.java:49)
	at org.testng.internal.MethodInvocationHelper.invokeDataProvider(MethodInvocationHelper.java:131)
	at org.testng.internal.Parameters.handleParameters(Parameters.java:706)
	at org.testng.internal.ParameterHandler.handleParameters(ParameterHandler.java:49)
	at org.testng.internal.ParameterHandler.createParameters(ParameterHandler.java:37)
	at org.testng.internal.Invoker.invokeTestMethods(Invoker.java:923)
	at org.testng.internal.TestMethodWorker.invokeTestMethods(TestMethodWorker.java:125)
	at org.testng.internal.TestMethodWorker.run(TestMethodWorker.java:109)
	at org.testng.TestRunner.privateRun(TestRunner.java:648)
	at org.testng.TestRunner.run(TestRunner.java:505)
	at org.testng.SuiteRunner.runTest(SuiteRunner.java:455)
	at org.testng.SuiteRunner.runSequentially(SuiteRunner.java:450)
	at org.testng.SuiteRunner.privateRun(SuiteRunner.java:415)
	at org.testng.SuiteRunner.run(SuiteRunner.java:364)
	at org.testng.SuiteRunnerWorker.runSuite(SuiteRunnerWorker.java:52)
	at org.testng.SuiteRunnerWorker.run(SuiteRunnerWorker.java:84)
	at org.testng.TestNG.runSuitesSequentially(TestNG.java:1208)
	at org.testng.TestNG.runSuitesLocally(TestNG.java:1137)
	at org.testng.TestNG.runSuites(TestNG.java:1049)
	at org.testng.TestNG.run(TestNG.java:1017)
	at org.testng.TestNG.privateMain(TestNG.java:1354)
	at org.testng.TestNG.main(TestNG.java:1323)
Caused by: java.io.FileNotFoundException: auto2018\conf\config.properties (系统找不到指定的路径。)
	at java.base/java.io.FileInputStream.open0(Native Method)
	at java.base/java.io.FileInputStream.open(FileInputStream.java:196)
	at java.base/java.io.FileInputStream.&lt;init&gt;(FileInputStream.java:139)
	at java.base/java.io.FileInputStream.&lt;init&gt;(FileInputStream.java:94)
	at com.webtest.utils.ReadProperties.getPropertyValue(Unknown Source)
	at com.webtest.dataprovider.NSDataProvider.getExcelData4(Unknown Source)
	at java.base/jdk.internal.reflect.NativeMethodAccessorImpl.invoke0(Native Method)
	at java.base/jdk.internal.reflect.NativeMethodAccessorImpl.invoke(NativeMethodAccessorImpl.java:62)
	at java.base/jdk.internal.reflect.DelegatingMethodAccessorImpl.invoke(DelegatingMethodAccessorImpl.java:43)
	at java.base/java.lang.reflect.Method.invoke(Method.java:564)
	at org.testng.internal.MethodInvocationHelper.invokeMethod(MethodInvocationHelper.java:124)
	at org.testng.internal.MethodInvocationHelper.invokeMethod(MethodInvocationHelper.java:74)
	at org.testng.internal.MethodInvocationHelper.invokeMethodNoCheckedException(MethodInvocationHelper.java:45)
	... 21 more
</pre></div></td>
<td>0</td>
<td>com.webtest.customer.test.NewRecipt_test@fa36558</td></tr>
<tr>
<td title='com.webtest.customer.test.CaoZuo_test.addReminSetting()'><b>addReminSetting</b><br>Test class: com.webtest.customer.test.CaoZuo_test</td>
<td><div><pre>java.lang.RuntimeException: java.io.FileNotFoundException: auto2018\conf\config.properties (系统找不到指定的路径。)
Caused by: java.io.FileNotFoundException: auto2018\conf\config.properties (系统找不到指定的路径。)
	at java.base/java.io.FileInputStream.open0(Native Method)
	at java.base/java.io.FileInputStream.open(FileInputStream.java:196)
	at java.base/java.io.FileInputStream.&lt;init&gt;(FileInputStream.java:139)
	at java.base/java.io.FileInputStream.&lt;init&gt;(FileInputStream.java:94)
	at com.webtest.utils.ReadProperties.getPropertyValue(Unknown Source)
	at com.webtest.dataprovider.NSDataProvider.getExcelData6(Unknown Source)
	... 21 more
... Removed 29 stack frames</pre></div><a href='#' onClick='toggleBox("stack-trace2077528955", this, "Click to show all stack frames", "Click to hide stack frames")'>Click to show all stack frames</a>
<div class='stack-trace' id='stack-trace2077528955'><pre>java.lang.RuntimeException: java.io.FileNotFoundException: auto2018\conf\config.properties (系统找不到指定的路径。)
	at org.testng.internal.MethodInvocationHelper.invokeMethodNoCheckedException(MethodInvocationHelper.java:49)
	at org.testng.internal.MethodInvocationHelper.invokeDataProvider(MethodInvocationHelper.java:131)
	at org.testng.internal.Parameters.handleParameters(Parameters.java:706)
	at org.testng.internal.ParameterHandler.handleParameters(ParameterHandler.java:49)
	at org.testng.internal.ParameterHandler.createParameters(ParameterHandler.java:37)
	at org.testng.internal.Invoker.invokeTestMethods(Invoker.java:923)
	at org.testng.internal.TestMethodWorker.invokeTestMethods(TestMethodWorker.java:125)
	at org.testng.internal.TestMethodWorker.run(TestMethodWorker.java:109)
	at org.testng.TestRunner.privateRun(TestRunner.java:648)
	at org.testng.TestRunner.run(TestRunner.java:505)
	at org.testng.SuiteRunner.runTest(SuiteRunner.java:455)
	at org.testng.SuiteRunner.runSequentially(SuiteRunner.java:450)
	at org.testng.SuiteRunner.privateRun(SuiteRunner.java:415)
	at org.testng.SuiteRunner.run(SuiteRunner.java:364)
	at org.testng.SuiteRunnerWorker.runSuite(SuiteRunnerWorker.java:52)
	at org.testng.SuiteRunnerWorker.run(SuiteRunnerWorker.java:84)
	at org.testng.TestNG.runSuitesSequentially(TestNG.java:1208)
	at org.testng.TestNG.runSuitesLocally(TestNG.java:1137)
	at org.testng.TestNG.runSuites(TestNG.java:1049)
	at org.testng.TestNG.run(TestNG.java:1017)
	at org.testng.TestNG.privateMain(TestNG.java:1354)
	at org.testng.TestNG.main(TestNG.java:1323)
Caused by: java.io.FileNotFoundException: auto2018\conf\config.properties (系统找不到指定的路径。)
	at java.base/java.io.FileInputStream.open0(Native Method)
	at java.base/java.io.FileInputStream.open(FileInputStream.java:196)
	at java.base/java.io.FileInputStream.&lt;init&gt;(FileInputStream.java:139)
	at java.base/java.io.FileInputStream.&lt;init&gt;(FileInputStream.java:94)
	at com.webtest.utils.ReadProperties.getPropertyValue(Unknown Source)
	at com.webtest.dataprovider.NSDataProvider.getExcelData6(Unknown Source)
	at java.base/jdk.internal.reflect.NativeMethodAccessorImpl.invoke0(Native Method)
	at java.base/jdk.internal.reflect.NativeMethodAccessorImpl.invoke(NativeMethodAccessorImpl.java:62)
	at java.base/jdk.internal.reflect.DelegatingMethodAccessorImpl.invoke(DelegatingMethodAccessorImpl.java:43)
	at java.base/java.lang.reflect.Method.invoke(Method.java:564)
	at org.testng.internal.MethodInvocationHelper.invokeMethod(MethodInvocationHelper.java:124)
	at org.testng.internal.MethodInvocationHelper.invokeMethod(MethodInvocationHelper.java:74)
	at org.testng.internal.MethodInvocationHelper.invokeMethodNoCheckedException(MethodInvocationHelper.java:45)
	... 21 more
</pre></div></td>
<td>0</td>
<td>com.webtest.customer.test.CaoZuo_test@11fc564b</td></tr>
<tr>
<td title='com.webtest.customer.test.NewSell_test.addSell()'><b>addSell</b><br>Test class: com.webtest.customer.test.NewSell_test</td>
<td><div><pre>java.lang.RuntimeException: java.io.FileNotFoundException: auto2018\conf\config.properties (系统找不到指定的路径。)
Caused by: java.io.FileNotFoundException: auto2018\conf\config.properties (系统找不到指定的路径。)
	at java.base/java.io.FileInputStream.open0(Native Method)
	at java.base/java.io.FileInputStream.open(FileInputStream.java:196)
	at java.base/java.io.FileInputStream.&lt;init&gt;(FileInputStream.java:139)
	at java.base/java.io.FileInputStream.&lt;init&gt;(FileInputStream.java:94)
	at com.webtest.utils.ReadProperties.getPropertyValue(Unknown Source)
	at com.webtest.dataprovider.NSDataProvider.getExcelData2(Unknown Source)
	... 21 more
... Removed 29 stack frames</pre></div><a href='#' onClick='toggleBox("stack-trace1627396964", this, "Click to show all stack frames", "Click to hide stack frames")'>Click to show all stack frames</a>
<div class='stack-trace' id='stack-trace1627396964'><pre>java.lang.RuntimeException: java.io.FileNotFoundException: auto2018\conf\config.properties (系统找不到指定的路径。)
	at org.testng.internal.MethodInvocationHelper.invokeMethodNoCheckedException(MethodInvocationHelper.java:49)
	at org.testng.internal.MethodInvocationHelper.invokeDataProvider(MethodInvocationHelper.java:131)
	at org.testng.internal.Parameters.handleParameters(Parameters.java:706)
	at org.testng.internal.ParameterHandler.handleParameters(ParameterHandler.java:49)
	at org.testng.internal.ParameterHandler.createParameters(ParameterHandler.java:37)
	at org.testng.internal.Invoker.invokeTestMethods(Invoker.java:923)
	at org.testng.internal.TestMethodWorker.invokeTestMethods(TestMethodWorker.java:125)
	at org.testng.internal.TestMethodWorker.run(TestMethodWorker.java:109)
	at org.testng.TestRunner.privateRun(TestRunner.java:648)
	at org.testng.TestRunner.run(TestRunner.java:505)
	at org.testng.SuiteRunner.runTest(SuiteRunner.java:455)
	at org.testng.SuiteRunner.runSequentially(SuiteRunner.java:450)
	at org.testng.SuiteRunner.privateRun(SuiteRunner.java:415)
	at org.testng.SuiteRunner.run(SuiteRunner.java:364)
	at org.testng.SuiteRunnerWorker.runSuite(SuiteRunnerWorker.java:52)
	at org.testng.SuiteRunnerWorker.run(SuiteRunnerWorker.java:84)
	at org.testng.TestNG.runSuitesSequentially(TestNG.java:1208)
	at org.testng.TestNG.runSuitesLocally(TestNG.java:1137)
	at org.testng.TestNG.runSuites(TestNG.java:1049)
	at org.testng.TestNG.run(TestNG.java:1017)
	at org.testng.TestNG.privateMain(TestNG.java:1354)
	at org.testng.TestNG.main(TestNG.java:1323)
Caused by: java.io.FileNotFoundException: auto2018\conf\config.properties (系统找不到指定的路径。)
	at java.base/java.io.FileInputStream.open0(Native Method)
	at java.base/java.io.FileInputStream.open(FileInputStream.java:196)
	at java.base/java.io.FileInputStream.&lt;init&gt;(FileInputStream.java:139)
	at java.base/java.io.FileInputStream.&lt;init&gt;(FileInputStream.java:94)
	at com.webtest.utils.ReadProperties.getPropertyValue(Unknown Source)
	at com.webtest.dataprovider.NSDataProvider.getExcelData2(Unknown Source)
	at java.base/jdk.internal.reflect.NativeMethodAccessorImpl.invoke0(Native Method)
	at java.base/jdk.internal.reflect.NativeMethodAccessorImpl.invoke(NativeMethodAccessorImpl.java:62)
	at java.base/jdk.internal.reflect.DelegatingMethodAccessorImpl.invoke(DelegatingMethodAccessorImpl.java:43)
	at java.base/java.lang.reflect.Method.invoke(Method.java:564)
	at org.testng.internal.MethodInvocationHelper.invokeMethod(MethodInvocationHelper.java:124)
	at org.testng.internal.MethodInvocationHelper.invokeMethod(MethodInvocationHelper.java:74)
	at org.testng.internal.MethodInvocationHelper.invokeMethodNoCheckedException(MethodInvocationHelper.java:45)
	... 21 more
</pre></div></td>
<td>0</td>
<td>com.webtest.customer.test.NewSell_test@672872e1</td></tr>
<tr>
<td title='com.webtest.xinhu_personal.AddrList.addrList()'><b>addrList</b><br>Test class: com.webtest.xinhu_personal.AddrList</td>
<td><div><pre>java.lang.Throwable: Method AddrList.addrList()[pri:0, instance:com.webtest.xinhu_personal.AddrList@6a03bcb1] depends on not successfully finished methods
... Removed 17 stack frames</pre></div><a href='#' onClick='toggleBox("stack-trace1813666644", this, "Click to show all stack frames", "Click to hide stack frames")'>Click to show all stack frames</a>
<div class='stack-trace' id='stack-trace1813666644'><pre>java.lang.Throwable: Method AddrList.addrList()[pri:0, instance:com.webtest.xinhu_personal.AddrList@6a03bcb1] depends on not successfully finished methods
	at org.testng.internal.Invoker.invokeTestMethods(Invoker.java:887)
	at org.testng.internal.TestMethodWorker.invokeTestMethods(TestMethodWorker.java:125)
	at org.testng.internal.TestMethodWorker.run(TestMethodWorker.java:109)
	at org.testng.TestRunner.privateRun(TestRunner.java:648)
	at org.testng.TestRunner.run(TestRunner.java:505)
	at org.testng.SuiteRunner.runTest(SuiteRunner.java:455)
	at org.testng.SuiteRunner.runSequentially(SuiteRunner.java:450)
	at org.testng.SuiteRunner.privateRun(SuiteRunner.java:415)
	at org.testng.SuiteRunner.run(SuiteRunner.java:364)
	at org.testng.SuiteRunnerWorker.runSuite(SuiteRunnerWorker.java:52)
	at org.testng.SuiteRunnerWorker.run(SuiteRunnerWorker.java:84)
	at org.testng.TestNG.runSuitesSequentially(TestNG.java:1208)
	at org.testng.TestNG.runSuitesLocally(TestNG.java:1137)
	at org.testng.TestNG.runSuites(TestNG.java:1049)
	at org.testng.TestNG.run(TestNG.java:1017)
	at org.testng.TestNG.privateMain(TestNG.java:1354)
	at org.testng.TestNG.main(TestNG.java:1323)
</pre></div></td>
<td>0</td>
<td>null</td></tr>
<tr>
<td title='com.webtest.customer.test.HighSearch_test.custname()'><b>custname</b><br>Test class: com.webtest.customer.test.HighSearch_test</td>
<td><div><pre>java.io.FileNotFoundException: auto2018\conf\config.properties (系统找不到指定的路径。)
	at java.base/java.io.FileInputStream.open0(Native Method)
	at java.base/java.io.FileInputStream.open(FileInputStream.java:196)
	at java.base/java.io.FileInputStream.&lt;init&gt;(FileInputStream.java:139)
	at java.base/java.io.FileInputStream.&lt;init&gt;(FileInputStream.java:94)
	at com.webtest.utils.ReadProperties.getPropertyValue(Unknown Source)
	at com.webtest.core.BaseTest.doBeforeSuite(Unknown Source)
... Removed 25 stack frames</pre></div><a href='#' onClick='toggleBox("stack-trace1560940633", this, "Click to show all stack frames", "Click to hide stack frames")'>Click to show all stack frames</a>
<div class='stack-trace' id='stack-trace1560940633'><pre>java.io.FileNotFoundException: auto2018\conf\config.properties (系统找不到指定的路径。)
	at java.base/java.io.FileInputStream.open0(Native Method)
	at java.base/java.io.FileInputStream.open(FileInputStream.java:196)
	at java.base/java.io.FileInputStream.&lt;init&gt;(FileInputStream.java:139)
	at java.base/java.io.FileInputStream.&lt;init&gt;(FileInputStream.java:94)
	at com.webtest.utils.ReadProperties.getPropertyValue(Unknown Source)
	at com.webtest.core.BaseTest.doBeforeSuite(Unknown Source)
	at java.base/jdk.internal.reflect.NativeMethodAccessorImpl.invoke0(Native Method)
	at java.base/jdk.internal.reflect.NativeMethodAccessorImpl.invoke(NativeMethodAccessorImpl.java:62)
	at java.base/jdk.internal.reflect.DelegatingMethodAccessorImpl.invoke(DelegatingMethodAccessorImpl.java:43)
	at java.base/java.lang.reflect.Method.invoke(Method.java:564)
	at org.testng.internal.MethodInvocationHelper.invokeMethod(MethodInvocationHelper.java:124)
	at org.testng.internal.MethodInvocationHelper.invokeMethodConsideringTimeout(MethodInvocationHelper.java:59)
	at org.testng.internal.Invoker.invokeConfigurationMethod(Invoker.java:455)
	at org.testng.internal.Invoker.invokeConfigurations(Invoker.java:222)
	at org.testng.internal.Invoker.invokeConfigurations(Invoker.java:142)
	at org.testng.internal.TestMethodWorker.invokeBeforeClassMethods(TestMethodWorker.java:168)
	at org.testng.internal.TestMethodWorker.run(TestMethodWorker.java:105)
	at org.testng.TestRunner.privateRun(TestRunner.java:648)
	at org.testng.TestRunner.run(TestRunner.java:505)
	at org.testng.SuiteRunner.runTest(SuiteRunner.java:455)
	at org.testng.SuiteRunner.runSequentially(SuiteRunner.java:450)
	at org.testng.SuiteRunner.privateRun(SuiteRunner.java:415)
	at org.testng.SuiteRunner.run(SuiteRunner.java:364)
	at org.testng.SuiteRunnerWorker.runSuite(SuiteRunnerWorker.java:52)
	at org.testng.SuiteRunnerWorker.run(SuiteRunnerWorker.java:84)
	at org.testng.TestNG.runSuitesSequentially(TestNG.java:1208)
	at org.testng.TestNG.runSuitesLocally(TestNG.java:1137)
	at org.testng.TestNG.runSuites(TestNG.java:1049)
	at org.testng.TestNG.run(TestNG.java:1017)
	at org.testng.TestNG.privateMain(TestNG.java:1354)
	at org.testng.TestNG.main(TestNG.java:1323)
</pre></div></td>
<td>0</td>
<td>com.webtest.customer.test.HighSearch_test@394a2528</td></tr>
<tr>
<td title='com.webtest.customer.test.CaoZuo_test.delete()'><b>delete</b><br>Test class: com.webtest.customer.test.CaoZuo_test</td>
<td><div><pre>java.lang.RuntimeException: java.io.FileNotFoundException: auto2018\conf\config.properties (系统找不到指定的路径。)
Caused by: java.io.FileNotFoundException: auto2018\conf\config.properties (系统找不到指定的路径。)
	at java.base/java.io.FileInputStream.open0(Native Method)
	at java.base/java.io.FileInputStream.open(FileInputStream.java:196)
	at java.base/java.io.FileInputStream.&lt;init&gt;(FileInputStream.java:139)
	at java.base/java.io.FileInputStream.&lt;init&gt;(FileInputStream.java:94)
	at com.webtest.utils.ReadProperties.getPropertyValue(Unknown Source)
	at com.webtest.dataprovider.NSDataProvider.getTxtData5(Unknown Source)
	... 21 more
... Removed 29 stack frames</pre></div><a href='#' onClick='toggleBox("stack-trace1490509465", this, "Click to show all stack frames", "Click to hide stack frames")'>Click to show all stack frames</a>
<div class='stack-trace' id='stack-trace1490509465'><pre>java.lang.RuntimeException: java.io.FileNotFoundException: auto2018\conf\config.properties (系统找不到指定的路径。)
	at org.testng.internal.MethodInvocationHelper.invokeMethodNoCheckedException(MethodInvocationHelper.java:49)
	at org.testng.internal.MethodInvocationHelper.invokeDataProvider(MethodInvocationHelper.java:131)
	at org.testng.internal.Parameters.handleParameters(Parameters.java:706)
	at org.testng.internal.ParameterHandler.handleParameters(ParameterHandler.java:49)
	at org.testng.internal.ParameterHandler.createParameters(ParameterHandler.java:37)
	at org.testng.internal.Invoker.invokeTestMethods(Invoker.java:923)
	at org.testng.internal.TestMethodWorker.invokeTestMethods(TestMethodWorker.java:125)
	at org.testng.internal.TestMethodWorker.run(TestMethodWorker.java:109)
	at org.testng.TestRunner.privateRun(TestRunner.java:648)
	at org.testng.TestRunner.run(TestRunner.java:505)
	at org.testng.SuiteRunner.runTest(SuiteRunner.java:455)
	at org.testng.SuiteRunner.runSequentially(SuiteRunner.java:450)
	at org.testng.SuiteRunner.privateRun(SuiteRunner.java:415)
	at org.testng.SuiteRunner.run(SuiteRunner.java:364)
	at org.testng.SuiteRunnerWorker.runSuite(SuiteRunnerWorker.java:52)
	at org.testng.SuiteRunnerWorker.run(SuiteRunnerWorker.java:84)
	at org.testng.TestNG.runSuitesSequentially(TestNG.java:1208)
	at org.testng.TestNG.runSuitesLocally(TestNG.java:1137)
	at org.testng.TestNG.runSuites(TestNG.java:1049)
	at org.testng.TestNG.run(TestNG.java:1017)
	at org.testng.TestNG.privateMain(TestNG.java:1354)
	at org.testng.TestNG.main(TestNG.java:1323)
Caused by: java.io.FileNotFoundException: auto2018\conf\config.properties (系统找不到指定的路径。)
	at java.base/java.io.FileInputStream.open0(Native Method)
	at java.base/java.io.FileInputStream.open(FileInputStream.java:196)
	at java.base/java.io.FileInputStream.&lt;init&gt;(FileInputStream.java:139)
	at java.base/java.io.FileInputStream.&lt;init&gt;(FileInputStream.java:94)
	at com.webtest.utils.ReadProperties.getPropertyValue(Unknown Source)
	at com.webtest.dataprovider.NSDataProvider.getTxtData5(Unknown Source)
	at java.base/jdk.internal.reflect.NativeMethodAccessorImpl.invoke0(Native Method)
	at java.base/jdk.internal.reflect.NativeMethodAccessorImpl.invoke(NativeMethodAccessorImpl.java:62)
	at java.base/jdk.internal.reflect.DelegatingMethodAccessorImpl.invoke(DelegatingMethodAccessorImpl.java:43)
	at java.base/java.lang.reflect.Method.invoke(Method.java:564)
	at org.testng.internal.MethodInvocationHelper.invokeMethod(MethodInvocationHelper.java:124)
	at org.testng.internal.MethodInvocationHelper.invokeMethod(MethodInvocationHelper.java:74)
	at org.testng.internal.MethodInvocationHelper.invokeMethodNoCheckedException(MethodInvocationHelper.java:45)
	... 21 more
</pre></div></td>
<td>0</td>
<td>com.webtest.customer.test.CaoZuo_test@11fc564b</td></tr>
<tr>
<td title='com.webtest.customer.test.CaoZuo_test.detil()'><b>detil</b><br>Test class: com.webtest.customer.test.CaoZuo_test</td>
<td><div><pre>java.lang.RuntimeException: java.io.FileNotFoundException: auto2018\conf\config.properties (系统找不到指定的路径。)
Caused by: java.io.FileNotFoundException: auto2018\conf\config.properties (系统找不到指定的路径。)
	at java.base/java.io.FileInputStream.open0(Native Method)
	at java.base/java.io.FileInputStream.open(FileInputStream.java:196)
	at java.base/java.io.FileInputStream.&lt;init&gt;(FileInputStream.java:139)
	at java.base/java.io.FileInputStream.&lt;init&gt;(FileInputStream.java:94)
	at com.webtest.utils.ReadProperties.getPropertyValue(Unknown Source)
	at com.webtest.dataprovider.NSDataProvider.getTxtData5(Unknown Source)
	... 21 more
... Removed 29 stack frames</pre></div><a href='#' onClick='toggleBox("stack-trace1947896119", this, "Click to show all stack frames", "Click to hide stack frames")'>Click to show all stack frames</a>
<div class='stack-trace' id='stack-trace1947896119'><pre>java.lang.RuntimeException: java.io.FileNotFoundException: auto2018\conf\config.properties (系统找不到指定的路径。)
	at org.testng.internal.MethodInvocationHelper.invokeMethodNoCheckedException(MethodInvocationHelper.java:49)
	at org.testng.internal.MethodInvocationHelper.invokeDataProvider(MethodInvocationHelper.java:131)
	at org.testng.internal.Parameters.handleParameters(Parameters.java:706)
	at org.testng.internal.ParameterHandler.handleParameters(ParameterHandler.java:49)
	at org.testng.internal.ParameterHandler.createParameters(ParameterHandler.java:37)
	at org.testng.internal.Invoker.invokeTestMethods(Invoker.java:923)
	at org.testng.internal.TestMethodWorker.invokeTestMethods(TestMethodWorker.java:125)
	at org.testng.internal.TestMethodWorker.run(TestMethodWorker.java:109)
	at org.testng.TestRunner.privateRun(TestRunner.java:648)
	at org.testng.TestRunner.run(TestRunner.java:505)
	at org.testng.SuiteRunner.runTest(SuiteRunner.java:455)
	at org.testng.SuiteRunner.runSequentially(SuiteRunner.java:450)
	at org.testng.SuiteRunner.privateRun(SuiteRunner.java:415)
	at org.testng.SuiteRunner.run(SuiteRunner.java:364)
	at org.testng.SuiteRunnerWorker.runSuite(SuiteRunnerWorker.java:52)
	at org.testng.SuiteRunnerWorker.run(SuiteRunnerWorker.java:84)
	at org.testng.TestNG.runSuitesSequentially(TestNG.java:1208)
	at org.testng.TestNG.runSuitesLocally(TestNG.java:1137)
	at org.testng.TestNG.runSuites(TestNG.java:1049)
	at org.testng.TestNG.run(TestNG.java:1017)
	at org.testng.TestNG.privateMain(TestNG.java:1354)
	at org.testng.TestNG.main(TestNG.java:1323)
Caused by: java.io.FileNotFoundException: auto2018\conf\config.properties (系统找不到指定的路径。)
	at java.base/java.io.FileInputStream.open0(Native Method)
	at java.base/java.io.FileInputStream.open(FileInputStream.java:196)
	at java.base/java.io.FileInputStream.&lt;init&gt;(FileInputStream.java:139)
	at java.base/java.io.FileInputStream.&lt;init&gt;(FileInputStream.java:94)
	at com.webtest.utils.ReadProperties.getPropertyValue(Unknown Source)
	at com.webtest.dataprovider.NSDataProvider.getTxtData5(Unknown Source)
	at java.base/jdk.internal.reflect.NativeMethodAccessorImpl.invoke0(Native Method)
	at java.base/jdk.internal.reflect.NativeMethodAccessorImpl.invoke(NativeMethodAccessorImpl.java:62)
	at java.base/jdk.internal.reflect.DelegatingMethodAccessorImpl.invoke(DelegatingMethodAccessorImpl.java:43)
	at java.base/java.lang.reflect.Method.invoke(Method.java:564)
	at org.testng.internal.MethodInvocationHelper.invokeMethod(MethodInvocationHelper.java:124)
	at org.testng.internal.MethodInvocationHelper.invokeMethod(MethodInvocationHelper.java:74)
	at org.testng.internal.MethodInvocationHelper.invokeMethodNoCheckedException(MethodInvocationHelper.java:45)
	... 21 more
</pre></div></td>
<td>0</td>
<td>com.webtest.customer.test.CaoZuo_test@11fc564b</td></tr>
<tr>
<td title='com.webtest.xinhu_personal.ReInfor.enterInfor()'><b>enterInfor</b><br>Test class: com.webtest.xinhu_personal.ReInfor</td>
<td><div><pre>java.lang.Throwable: Method ReInfor.enterInfor()[pri:0, instance:com.webtest.xinhu_personal.ReInfor@2118cddf] depends on not successfully finished methods
... Removed 17 stack frames</pre></div><a href='#' onClick='toggleBox("stack-trace1664576493", this, "Click to show all stack frames", "Click to hide stack frames")'>Click to show all stack frames</a>
<div class='stack-trace' id='stack-trace1664576493'><pre>java.lang.Throwable: Method ReInfor.enterInfor()[pri:0, instance:com.webtest.xinhu_personal.ReInfor@2118cddf] depends on not successfully finished methods
	at org.testng.internal.Invoker.invokeTestMethods(Invoker.java:887)
	at org.testng.internal.TestMethodWorker.invokeTestMethods(TestMethodWorker.java:125)
	at org.testng.internal.TestMethodWorker.run(TestMethodWorker.java:109)
	at org.testng.TestRunner.privateRun(TestRunner.java:648)
	at org.testng.TestRunner.run(TestRunner.java:505)
	at org.testng.SuiteRunner.runTest(SuiteRunner.java:455)
	at org.testng.SuiteRunner.runSequentially(SuiteRunner.java:450)
	at org.testng.SuiteRunner.privateRun(SuiteRunner.java:415)
	at org.testng.SuiteRunner.run(SuiteRunner.java:364)
	at org.testng.SuiteRunnerWorker.runSuite(SuiteRunnerWorker.java:52)
	at org.testng.SuiteRunnerWorker.run(SuiteRunnerWorker.java:84)
	at org.testng.TestNG.runSuitesSequentially(TestNG.java:1208)
	at org.testng.TestNG.runSuitesLocally(TestNG.java:1137)
	at org.testng.TestNG.runSuites(TestNG.java:1049)
	at org.testng.TestNG.run(TestNG.java:1017)
	at org.testng.TestNG.privateMain(TestNG.java:1354)
	at org.testng.TestNG.main(TestNG.java:1323)
</pre></div></td>
<td>0</td>
<td>null</td></tr>
<tr>
<td title='com.webtest.xinhu_personal.Addnotice_time.enterNotice()'><b>enterNotice</b><br>Test class: com.webtest.xinhu_personal.Addnotice_time</td>
<td><div><pre>java.lang.Throwable: Method Addnotice_time.enterNotice()[pri:0, instance:com.webtest.xinhu_personal.Addnotice_time@a1cdc6d] depends on not successfully finished methods
... Removed 17 stack frames</pre></div><a href='#' onClick='toggleBox("stack-trace2032079962", this, "Click to show all stack frames", "Click to hide stack frames")'>Click to show all stack frames</a>
<div class='stack-trace' id='stack-trace2032079962'><pre>java.lang.Throwable: Method Addnotice_time.enterNotice()[pri:0, instance:com.webtest.xinhu_personal.Addnotice_time@a1cdc6d] depends on not successfully finished methods
	at org.testng.internal.Invoker.invokeTestMethods(Invoker.java:887)
	at org.testng.internal.TestMethodWorker.invokeTestMethods(TestMethodWorker.java:125)
	at org.testng.internal.TestMethodWorker.run(TestMethodWorker.java:109)
	at org.testng.TestRunner.privateRun(TestRunner.java:648)
	at org.testng.TestRunner.run(TestRunner.java:505)
	at org.testng.SuiteRunner.runTest(SuiteRunner.java:455)
	at org.testng.SuiteRunner.runSequentially(SuiteRunner.java:450)
	at org.testng.SuiteRunner.privateRun(SuiteRunner.java:415)
	at org.testng.SuiteRunner.run(SuiteRunner.java:364)
	at org.testng.SuiteRunnerWorker.runSuite(SuiteRunnerWorker.java:52)
	at org.testng.SuiteRunnerWorker.run(SuiteRunnerWorker.java:84)
	at org.testng.TestNG.runSuitesSequentially(TestNG.java:1208)
	at org.testng.TestNG.runSuitesLocally(TestNG.java:1137)
	at org.testng.TestNG.runSuites(TestNG.java:1049)
	at org.testng.TestNG.run(TestNG.java:1017)
	at org.testng.TestNG.privateMain(TestNG.java:1354)
	at org.testng.TestNG.main(TestNG.java:1323)
</pre></div></td>
<td>0</td>
<td>null</td></tr>
<tr>
<td title='com.webtest.xinhu_personal.Addnotice.enterNotice()'><b>enterNotice</b><br>Test class: com.webtest.xinhu_personal.Addnotice</td>
<td><div><pre>java.lang.Throwable: Method Addnotice.enterNotice()[pri:0, instance:com.webtest.xinhu_personal.Addnotice@3098cf3b] depends on not successfully finished methods
... Removed 17 stack frames</pre></div><a href='#' onClick='toggleBox("stack-trace664070838", this, "Click to show all stack frames", "Click to hide stack frames")'>Click to show all stack frames</a>
<div class='stack-trace' id='stack-trace664070838'><pre>java.lang.Throwable: Method Addnotice.enterNotice()[pri:0, instance:com.webtest.xinhu_personal.Addnotice@3098cf3b] depends on not successfully finished methods
	at org.testng.internal.Invoker.invokeTestMethods(Invoker.java:887)
	at org.testng.internal.TestMethodWorker.invokeTestMethods(TestMethodWorker.java:125)
	at org.testng.internal.TestMethodWorker.run(TestMethodWorker.java:109)
	at org.testng.TestRunner.privateRun(TestRunner.java:648)
	at org.testng.TestRunner.run(TestRunner.java:505)
	at org.testng.SuiteRunner.runTest(SuiteRunner.java:455)
	at org.testng.SuiteRunner.runSequentially(SuiteRunner.java:450)
	at org.testng.SuiteRunner.privateRun(SuiteRunner.java:415)
	at org.testng.SuiteRunner.run(SuiteRunner.java:364)
	at org.testng.SuiteRunnerWorker.runSuite(SuiteRunnerWorker.java:52)
	at org.testng.SuiteRunnerWorker.run(SuiteRunnerWorker.java:84)
	at org.testng.TestNG.runSuitesSequentially(TestNG.java:1208)
	at org.testng.TestNG.runSuitesLocally(TestNG.java:1137)
	at org.testng.TestNG.runSuites(TestNG.java:1049)
	at org.testng.TestNG.run(TestNG.java:1017)
	at org.testng.TestNG.privateMain(TestNG.java:1354)
	at org.testng.TestNG.main(TestNG.java:1323)
</pre></div></td>
<td>0</td>
<td>null</td></tr>
<tr>
<td title='com.webtest.customer.test.HighSearch_test.htshu()'><b>htshu</b><br>Test class: com.webtest.customer.test.HighSearch_test</td>
<td><div><pre>java.io.FileNotFoundException: auto2018\conf\config.properties (系统找不到指定的路径。)
	at java.base/java.io.FileInputStream.open0(Native Method)
	at java.base/java.io.FileInputStream.open(FileInputStream.java:196)
	at java.base/java.io.FileInputStream.&lt;init&gt;(FileInputStream.java:139)
	at java.base/java.io.FileInputStream.&lt;init&gt;(FileInputStream.java:94)
	at com.webtest.utils.ReadProperties.getPropertyValue(Unknown Source)
	at com.webtest.core.BaseTest.doBeforeSuite(Unknown Source)
... Removed 25 stack frames</pre></div><a href='#' onClick='toggleBox("stack-trace501705927", this, "Click to show all stack frames", "Click to hide stack frames")'>Click to show all stack frames</a>
<div class='stack-trace' id='stack-trace501705927'><pre>java.io.FileNotFoundException: auto2018\conf\config.properties (系统找不到指定的路径。)
	at java.base/java.io.FileInputStream.open0(Native Method)
	at java.base/java.io.FileInputStream.open(FileInputStream.java:196)
	at java.base/java.io.FileInputStream.&lt;init&gt;(FileInputStream.java:139)
	at java.base/java.io.FileInputStream.&lt;init&gt;(FileInputStream.java:94)
	at com.webtest.utils.ReadProperties.getPropertyValue(Unknown Source)
	at com.webtest.core.BaseTest.doBeforeSuite(Unknown Source)
	at java.base/jdk.internal.reflect.NativeMethodAccessorImpl.invoke0(Native Method)
	at java.base/jdk.internal.reflect.NativeMethodAccessorImpl.invoke(NativeMethodAccessorImpl.java:62)
	at java.base/jdk.internal.reflect.DelegatingMethodAccessorImpl.invoke(DelegatingMethodAccessorImpl.java:43)
	at java.base/java.lang.reflect.Method.invoke(Method.java:564)
	at org.testng.internal.MethodInvocationHelper.invokeMethod(MethodInvocationHelper.java:124)
	at org.testng.internal.MethodInvocationHelper.invokeMethodConsideringTimeout(MethodInvocationHelper.java:59)
	at org.testng.internal.Invoker.invokeConfigurationMethod(Invoker.java:455)
	at org.testng.internal.Invoker.invokeConfigurations(Invoker.java:222)
	at org.testng.internal.Invoker.invokeConfigurations(Invoker.java:142)
	at org.testng.internal.TestMethodWorker.invokeBeforeClassMethods(TestMethodWorker.java:168)
	at org.testng.internal.TestMethodWorker.run(TestMethodWorker.java:105)
	at org.testng.TestRunner.privateRun(TestRunner.java:648)
	at org.testng.TestRunner.run(TestRunner.java:505)
	at org.testng.SuiteRunner.runTest(SuiteRunner.java:455)
	at org.testng.SuiteRunner.runSequentially(SuiteRunner.java:450)
	at org.testng.SuiteRunner.privateRun(SuiteRunner.java:415)
	at org.testng.SuiteRunner.run(SuiteRunner.java:364)
	at org.testng.SuiteRunnerWorker.runSuite(SuiteRunnerWorker.java:52)
	at org.testng.SuiteRunnerWorker.run(SuiteRunnerWorker.java:84)
	at org.testng.TestNG.runSuitesSequentially(TestNG.java:1208)
	at org.testng.TestNG.runSuitesLocally(TestNG.java:1137)
	at org.testng.TestNG.runSuites(TestNG.java:1049)
	at org.testng.TestNG.run(TestNG.java:1017)
	at org.testng.TestNG.privateMain(TestNG.java:1354)
	at org.testng.TestNG.main(TestNG.java:1323)
</pre></div></td>
<td>0</td>
<td>com.webtest.customer.test.HighSearch_test@394a2528</td></tr>
<tr>
<td title='com.webtest.xinhu_personal.Login.login()'><b>login</b><br>Test class: com.webtest.xinhu_personal.Login</td>
<td><div><pre>java.lang.Throwable: Method Login.login(java.lang.String, java.lang.String, java.lang.String)[pri:0, instance:com.webtest.xinhu_personal.Login@57250572] depends on not successfully finished methods
... Removed 17 stack frames</pre></div><a href='#' onClick='toggleBox("stack-trace443384617", this, "Click to show all stack frames", "Click to hide stack frames")'>Click to show all stack frames</a>
<div class='stack-trace' id='stack-trace443384617'><pre>java.lang.Throwable: Method Login.login(java.lang.String, java.lang.String, java.lang.String)[pri:0, instance:com.webtest.xinhu_personal.Login@57250572] depends on not successfully finished methods
	at org.testng.internal.Invoker.invokeTestMethods(Invoker.java:887)
	at org.testng.internal.TestMethodWorker.invokeTestMethods(TestMethodWorker.java:125)
	at org.testng.internal.TestMethodWorker.run(TestMethodWorker.java:109)
	at org.testng.TestRunner.privateRun(TestRunner.java:648)
	at org.testng.TestRunner.run(TestRunner.java:505)
	at org.testng.SuiteRunner.runTest(SuiteRunner.java:455)
	at org.testng.SuiteRunner.runSequentially(SuiteRunner.java:450)
	at org.testng.SuiteRunner.privateRun(SuiteRunner.java:415)
	at org.testng.SuiteRunner.run(SuiteRunner.java:364)
	at org.testng.SuiteRunnerWorker.runSuite(SuiteRunnerWorker.java:52)
	at org.testng.SuiteRunnerWorker.run(SuiteRunnerWorker.java:84)
	at org.testng.TestNG.runSuitesSequentially(TestNG.java:1208)
	at org.testng.TestNG.runSuitesLocally(TestNG.java:1137)
	at org.testng.TestNG.runSuites(TestNG.java:1049)
	at org.testng.TestNG.run(TestNG.java:1017)
	at org.testng.TestNG.privateMain(TestNG.java:1354)
	at org.testng.TestNG.main(TestNG.java:1323)
</pre></div></td>
<td>0</td>
<td>null</td></tr>
<tr>
<td title='com.webtest.xinhu_personal.AddrList.login1()'><b>login1</b><br>Test class: com.webtest.xinhu_personal.AddrList</td>
<td><div><pre>java.io.FileNotFoundException: auto2018\conf\config.properties (系统找不到指定的路径。)
	at java.base/java.io.FileInputStream.open0(Native Method)
	at java.base/java.io.FileInputStream.open(FileInputStream.java:196)
	at java.base/java.io.FileInputStream.&lt;init&gt;(FileInputStream.java:139)
	at java.base/java.io.FileInputStream.&lt;init&gt;(FileInputStream.java:94)
	at com.webtest.utils.ReadProperties.getPropertyValue(Unknown Source)
	at com.webtest.core.BaseTest.doBeforeSuite(Unknown Source)
... Removed 25 stack frames</pre></div><a href='#' onClick='toggleBox("stack-trace1702143276", this, "Click to show all stack frames", "Click to hide stack frames")'>Click to show all stack frames</a>
<div class='stack-trace' id='stack-trace1702143276'><pre>java.io.FileNotFoundException: auto2018\conf\config.properties (系统找不到指定的路径。)
	at java.base/java.io.FileInputStream.open0(Native Method)
	at java.base/java.io.FileInputStream.open(FileInputStream.java:196)
	at java.base/java.io.FileInputStream.&lt;init&gt;(FileInputStream.java:139)
	at java.base/java.io.FileInputStream.&lt;init&gt;(FileInputStream.java:94)
	at com.webtest.utils.ReadProperties.getPropertyValue(Unknown Source)
	at com.webtest.core.BaseTest.doBeforeSuite(Unknown Source)
	at java.base/jdk.internal.reflect.NativeMethodAccessorImpl.invoke0(Native Method)
	at java.base/jdk.internal.reflect.NativeMethodAccessorImpl.invoke(NativeMethodAccessorImpl.java:62)
	at java.base/jdk.internal.reflect.DelegatingMethodAccessorImpl.invoke(DelegatingMethodAccessorImpl.java:43)
	at java.base/java.lang.reflect.Method.invoke(Method.java:564)
	at org.testng.internal.MethodInvocationHelper.invokeMethod(MethodInvocationHelper.java:124)
	at org.testng.internal.MethodInvocationHelper.invokeMethodConsideringTimeout(MethodInvocationHelper.java:59)
	at org.testng.internal.Invoker.invokeConfigurationMethod(Invoker.java:455)
	at org.testng.internal.Invoker.invokeConfigurations(Invoker.java:222)
	at org.testng.internal.Invoker.invokeConfigurations(Invoker.java:142)
	at org.testng.internal.TestMethodWorker.invokeBeforeClassMethods(TestMethodWorker.java:168)
	at org.testng.internal.TestMethodWorker.run(TestMethodWorker.java:105)
	at org.testng.TestRunner.privateRun(TestRunner.java:648)
	at org.testng.TestRunner.run(TestRunner.java:505)
	at org.testng.SuiteRunner.runTest(SuiteRunner.java:455)
	at org.testng.SuiteRunner.runSequentially(SuiteRunner.java:450)
	at org.testng.SuiteRunner.privateRun(SuiteRunner.java:415)
	at org.testng.SuiteRunner.run(SuiteRunner.java:364)
	at org.testng.SuiteRunnerWorker.runSuite(SuiteRunnerWorker.java:52)
	at org.testng.SuiteRunnerWorker.run(SuiteRunnerWorker.java:84)
	at org.testng.TestNG.runSuitesSequentially(TestNG.java:1208)
	at org.testng.TestNG.runSuitesLocally(TestNG.java:1137)
	at org.testng.TestNG.runSuites(TestNG.java:1049)
	at org.testng.TestNG.run(TestNG.java:1017)
	at org.testng.TestNG.privateMain(TestNG.java:1354)
	at org.testng.TestNG.main(TestNG.java:1323)
</pre></div></td>
<td>0</td>
<td>com.webtest.xinhu_personal.AddrList@6a03bcb1</td></tr>
<tr>
<td title='com.webtest.xinhu_personal.Addnotice.login2()'><b>login2</b><br>Test class: com.webtest.xinhu_personal.Addnotice</td>
<td><div><pre>java.io.FileNotFoundException: auto2018\conf\config.properties (系统找不到指定的路径。)
	at java.base/java.io.FileInputStream.open0(Native Method)
	at java.base/java.io.FileInputStream.open(FileInputStream.java:196)
	at java.base/java.io.FileInputStream.&lt;init&gt;(FileInputStream.java:139)
	at java.base/java.io.FileInputStream.&lt;init&gt;(FileInputStream.java:94)
	at com.webtest.utils.ReadProperties.getPropertyValue(Unknown Source)
	at com.webtest.core.BaseTest.doBeforeSuite(Unknown Source)
... Removed 25 stack frames</pre></div><a href='#' onClick='toggleBox("stack-trace1101048445", this, "Click to show all stack frames", "Click to hide stack frames")'>Click to show all stack frames</a>
<div class='stack-trace' id='stack-trace1101048445'><pre>java.io.FileNotFoundException: auto2018\conf\config.properties (系统找不到指定的路径。)
	at java.base/java.io.FileInputStream.open0(Native Method)
	at java.base/java.io.FileInputStream.open(FileInputStream.java:196)
	at java.base/java.io.FileInputStream.&lt;init&gt;(FileInputStream.java:139)
	at java.base/java.io.FileInputStream.&lt;init&gt;(FileInputStream.java:94)
	at com.webtest.utils.ReadProperties.getPropertyValue(Unknown Source)
	at com.webtest.core.BaseTest.doBeforeSuite(Unknown Source)
	at java.base/jdk.internal.reflect.NativeMethodAccessorImpl.invoke0(Native Method)
	at java.base/jdk.internal.reflect.NativeMethodAccessorImpl.invoke(NativeMethodAccessorImpl.java:62)
	at java.base/jdk.internal.reflect.DelegatingMethodAccessorImpl.invoke(DelegatingMethodAccessorImpl.java:43)
	at java.base/java.lang.reflect.Method.invoke(Method.java:564)
	at org.testng.internal.MethodInvocationHelper.invokeMethod(MethodInvocationHelper.java:124)
	at org.testng.internal.MethodInvocationHelper.invokeMethodConsideringTimeout(MethodInvocationHelper.java:59)
	at org.testng.internal.Invoker.invokeConfigurationMethod(Invoker.java:455)
	at org.testng.internal.Invoker.invokeConfigurations(Invoker.java:222)
	at org.testng.internal.Invoker.invokeConfigurations(Invoker.java:142)
	at org.testng.internal.TestMethodWorker.invokeBeforeClassMethods(TestMethodWorker.java:168)
	at org.testng.internal.TestMethodWorker.run(TestMethodWorker.java:105)
	at org.testng.TestRunner.privateRun(TestRunner.java:648)
	at org.testng.TestRunner.run(TestRunner.java:505)
	at org.testng.SuiteRunner.runTest(SuiteRunner.java:455)
	at org.testng.SuiteRunner.runSequentially(SuiteRunner.java:450)
	at org.testng.SuiteRunner.privateRun(SuiteRunner.java:415)
	at org.testng.SuiteRunner.run(SuiteRunner.java:364)
	at org.testng.SuiteRunnerWorker.runSuite(SuiteRunnerWorker.java:52)
	at org.testng.SuiteRunnerWorker.run(SuiteRunnerWorker.java:84)
	at org.testng.TestNG.runSuitesSequentially(TestNG.java:1208)
	at org.testng.TestNG.runSuitesLocally(TestNG.java:1137)
	at org.testng.TestNG.runSuites(TestNG.java:1049)
	at org.testng.TestNG.run(TestNG.java:1017)
	at org.testng.TestNG.privateMain(TestNG.java:1354)
	at org.testng.TestNG.main(TestNG.java:1323)
</pre></div></td>
<td>0</td>
<td>com.webtest.xinhu_personal.Addnotice@3098cf3b</td></tr>
<tr>
<td title='com.webtest.xinhu_personal.ReInfor.login3()'><b>login3</b><br>Test class: com.webtest.xinhu_personal.ReInfor</td>
<td><div><pre>java.io.FileNotFoundException: auto2018\conf\config.properties (系统找不到指定的路径。)
	at java.base/java.io.FileInputStream.open0(Native Method)
	at java.base/java.io.FileInputStream.open(FileInputStream.java:196)
	at java.base/java.io.FileInputStream.&lt;init&gt;(FileInputStream.java:139)
	at java.base/java.io.FileInputStream.&lt;init&gt;(FileInputStream.java:94)
	at com.webtest.utils.ReadProperties.getPropertyValue(Unknown Source)
	at com.webtest.core.BaseTest.doBeforeSuite(Unknown Source)
... Removed 25 stack frames</pre></div><a href='#' onClick='toggleBox("stack-trace1014486152", this, "Click to show all stack frames", "Click to hide stack frames")'>Click to show all stack frames</a>
<div class='stack-trace' id='stack-trace1014486152'><pre>java.io.FileNotFoundException: auto2018\conf\config.properties (系统找不到指定的路径。)
	at java.base/java.io.FileInputStream.open0(Native Method)
	at java.base/java.io.FileInputStream.open(FileInputStream.java:196)
	at java.base/java.io.FileInputStream.&lt;init&gt;(FileInputStream.java:139)
	at java.base/java.io.FileInputStream.&lt;init&gt;(FileInputStream.java:94)
	at com.webtest.utils.ReadProperties.getPropertyValue(Unknown Source)
	at com.webtest.core.BaseTest.doBeforeSuite(Unknown Source)
	at java.base/jdk.internal.reflect.NativeMethodAccessorImpl.invoke0(Native Method)
	at java.base/jdk.internal.reflect.NativeMethodAccessorImpl.invoke(NativeMethodAccessorImpl.java:62)
	at java.base/jdk.internal.reflect.DelegatingMethodAccessorImpl.invoke(DelegatingMethodAccessorImpl.java:43)
	at java.base/java.lang.reflect.Method.invoke(Method.java:564)
	at org.testng.internal.MethodInvocationHelper.invokeMethod(MethodInvocationHelper.java:124)
	at org.testng.internal.MethodInvocationHelper.invokeMethodConsideringTimeout(MethodInvocationHelper.java:59)
	at org.testng.internal.Invoker.invokeConfigurationMethod(Invoker.java:455)
	at org.testng.internal.Invoker.invokeConfigurations(Invoker.java:222)
	at org.testng.internal.Invoker.invokeConfigurations(Invoker.java:142)
	at org.testng.internal.TestMethodWorker.invokeBeforeClassMethods(TestMethodWorker.java:168)
	at org.testng.internal.TestMethodWorker.run(TestMethodWorker.java:105)
	at org.testng.TestRunner.privateRun(TestRunner.java:648)
	at org.testng.TestRunner.run(TestRunner.java:505)
	at org.testng.SuiteRunner.runTest(SuiteRunner.java:455)
	at org.testng.SuiteRunner.runSequentially(SuiteRunner.java:450)
	at org.testng.SuiteRunner.privateRun(SuiteRunner.java:415)
	at org.testng.SuiteRunner.run(SuiteRunner.java:364)
	at org.testng.SuiteRunnerWorker.runSuite(SuiteRunnerWorker.java:52)
	at org.testng.SuiteRunnerWorker.run(SuiteRunnerWorker.java:84)
	at org.testng.TestNG.runSuitesSequentially(TestNG.java:1208)
	at org.testng.TestNG.runSuitesLocally(TestNG.java:1137)
	at org.testng.TestNG.runSuites(TestNG.java:1049)
	at org.testng.TestNG.run(TestNG.java:1017)
	at org.testng.TestNG.privateMain(TestNG.java:1354)
	at org.testng.TestNG.main(TestNG.java:1323)
</pre></div></td>
<td>0</td>
<td>com.webtest.xinhu_personal.ReInfor@2118cddf</td></tr>
<tr>
<td title='com.webtest.xinhu_personal.Addnotice_time.login4()'><b>login4</b><br>Test class: com.webtest.xinhu_personal.Addnotice_time</td>
<td><div><pre>java.io.FileNotFoundException: auto2018\conf\config.properties (系统找不到指定的路径。)
	at java.base/java.io.FileInputStream.open0(Native Method)
	at java.base/java.io.FileInputStream.open(FileInputStream.java:196)
	at java.base/java.io.FileInputStream.&lt;init&gt;(FileInputStream.java:139)
	at java.base/java.io.FileInputStream.&lt;init&gt;(FileInputStream.java:94)
	at com.webtest.utils.ReadProperties.getPropertyValue(Unknown Source)
	at com.webtest.core.BaseTest.doBeforeSuite(Unknown Source)
... Removed 25 stack frames</pre></div><a href='#' onClick='toggleBox("stack-trace1707582034", this, "Click to show all stack frames", "Click to hide stack frames")'>Click to show all stack frames</a>
<div class='stack-trace' id='stack-trace1707582034'><pre>java.io.FileNotFoundException: auto2018\conf\config.properties (系统找不到指定的路径。)
	at java.base/java.io.FileInputStream.open0(Native Method)
	at java.base/java.io.FileInputStream.open(FileInputStream.java:196)
	at java.base/java.io.FileInputStream.&lt;init&gt;(FileInputStream.java:139)
	at java.base/java.io.FileInputStream.&lt;init&gt;(FileInputStream.java:94)
	at com.webtest.utils.ReadProperties.getPropertyValue(Unknown Source)
	at com.webtest.core.BaseTest.doBeforeSuite(Unknown Source)
	at java.base/jdk.internal.reflect.NativeMethodAccessorImpl.invoke0(Native Method)
	at java.base/jdk.internal.reflect.NativeMethodAccessorImpl.invoke(NativeMethodAccessorImpl.java:62)
	at java.base/jdk.internal.reflect.DelegatingMethodAccessorImpl.invoke(DelegatingMethodAccessorImpl.java:43)
	at java.base/java.lang.reflect.Method.invoke(Method.java:564)
	at org.testng.internal.MethodInvocationHelper.invokeMethod(MethodInvocationHelper.java:124)
	at org.testng.internal.MethodInvocationHelper.invokeMethodConsideringTimeout(MethodInvocationHelper.java:59)
	at org.testng.internal.Invoker.invokeConfigurationMethod(Invoker.java:455)
	at org.testng.internal.Invoker.invokeConfigurations(Invoker.java:222)
	at org.testng.internal.Invoker.invokeConfigurations(Invoker.java:142)
	at org.testng.internal.TestMethodWorker.invokeBeforeClassMethods(TestMethodWorker.java:168)
	at org.testng.internal.TestMethodWorker.run(TestMethodWorker.java:105)
	at org.testng.TestRunner.privateRun(TestRunner.java:648)
	at org.testng.TestRunner.run(TestRunner.java:505)
	at org.testng.SuiteRunner.runTest(SuiteRunner.java:455)
	at org.testng.SuiteRunner.runSequentially(SuiteRunner.java:450)
	at org.testng.SuiteRunner.privateRun(SuiteRunner.java:415)
	at org.testng.SuiteRunner.run(SuiteRunner.java:364)
	at org.testng.SuiteRunnerWorker.runSuite(SuiteRunnerWorker.java:52)
	at org.testng.SuiteRunnerWorker.run(SuiteRunnerWorker.java:84)
	at org.testng.TestNG.runSuitesSequentially(TestNG.java:1208)
	at org.testng.TestNG.runSuitesLocally(TestNG.java:1137)
	at org.testng.TestNG.runSuites(TestNG.java:1049)
	at org.testng.TestNG.run(TestNG.java:1017)
	at org.testng.TestNG.privateMain(TestNG.java:1354)
	at org.testng.TestNG.main(TestNG.java:1323)
</pre></div></td>
<td>0</td>
<td>com.webtest.xinhu_personal.Addnotice_time@a1cdc6d</td></tr>
<tr>
<td title='com.webtest.xinhu_personal.Login.loginsuccess()'><b>loginsuccess</b><br>Test class: com.webtest.xinhu_personal.Login</td>
<td><div><pre>java.lang.Throwable: Method Login.loginsuccess()[pri:0, instance:com.webtest.xinhu_personal.Login@57250572] depends on not successfully finished methods
... Removed 17 stack frames</pre></div><a href='#' onClick='toggleBox("stack-trace445918232", this, "Click to show all stack frames", "Click to hide stack frames")'>Click to show all stack frames</a>
<div class='stack-trace' id='stack-trace445918232'><pre>java.lang.Throwable: Method Login.loginsuccess()[pri:0, instance:com.webtest.xinhu_personal.Login@57250572] depends on not successfully finished methods
	at org.testng.internal.Invoker.invokeTestMethods(Invoker.java:887)
	at org.testng.internal.TestMethodWorker.invokeTestMethods(TestMethodWorker.java:125)
	at org.testng.internal.TestMethodWorker.run(TestMethodWorker.java:109)
	at org.testng.TestRunner.privateRun(TestRunner.java:648)
	at org.testng.TestRunner.run(TestRunner.java:505)
	at org.testng.SuiteRunner.runTest(SuiteRunner.java:455)
	at org.testng.SuiteRunner.runSequentially(SuiteRunner.java:450)
	at org.testng.SuiteRunner.privateRun(SuiteRunner.java:415)
	at org.testng.SuiteRunner.run(SuiteRunner.java:364)
	at org.testng.SuiteRunnerWorker.runSuite(SuiteRunnerWorker.java:52)
	at org.testng.SuiteRunnerWorker.run(SuiteRunnerWorker.java:84)
	at org.testng.TestNG.runSuitesSequentially(TestNG.java:1208)
	at org.testng.TestNG.runSuitesLocally(TestNG.java:1137)
	at org.testng.TestNG.runSuites(TestNG.java:1049)
	at org.testng.TestNG.run(TestNG.java:1017)
	at org.testng.TestNG.privateMain(TestNG.java:1354)
	at org.testng.TestNG.main(TestNG.java:1323)
</pre></div></td>
<td>0</td>
<td>null</td></tr>
<tr>
<td title='com.webtest.customer.test.HighSearch_test.mobile()'><b>mobile</b><br>Test class: com.webtest.customer.test.HighSearch_test</td>
<td><div><pre>java.io.FileNotFoundException: auto2018\conf\config.properties (系统找不到指定的路径。)
	at java.base/java.io.FileInputStream.open0(Native Method)
	at java.base/java.io.FileInputStream.open(FileInputStream.java:196)
	at java.base/java.io.FileInputStream.&lt;init&gt;(FileInputStream.java:139)
	at java.base/java.io.FileInputStream.&lt;init&gt;(FileInputStream.java:94)
	at com.webtest.utils.ReadProperties.getPropertyValue(Unknown Source)
	at com.webtest.core.BaseTest.doBeforeSuite(Unknown Source)
... Removed 25 stack frames</pre></div><a href='#' onClick='toggleBox("stack-trace1497018177", this, "Click to show all stack frames", "Click to hide stack frames")'>Click to show all stack frames</a>
<div class='stack-trace' id='stack-trace1497018177'><pre>java.io.FileNotFoundException: auto2018\conf\config.properties (系统找不到指定的路径。)
	at java.base/java.io.FileInputStream.open0(Native Method)
	at java.base/java.io.FileInputStream.open(FileInputStream.java:196)
	at java.base/java.io.FileInputStream.&lt;init&gt;(FileInputStream.java:139)
	at java.base/java.io.FileInputStream.&lt;init&gt;(FileInputStream.java:94)
	at com.webtest.utils.ReadProperties.getPropertyValue(Unknown Source)
	at com.webtest.core.BaseTest.doBeforeSuite(Unknown Source)
	at java.base/jdk.internal.reflect.NativeMethodAccessorImpl.invoke0(Native Method)
	at java.base/jdk.internal.reflect.NativeMethodAccessorImpl.invoke(NativeMethodAccessorImpl.java:62)
	at java.base/jdk.internal.reflect.DelegatingMethodAccessorImpl.invoke(DelegatingMethodAccessorImpl.java:43)
	at java.base/java.lang.reflect.Method.invoke(Method.java:564)
	at org.testng.internal.MethodInvocationHelper.invokeMethod(MethodInvocationHelper.java:124)
	at org.testng.internal.MethodInvocationHelper.invokeMethodConsideringTimeout(MethodInvocationHelper.java:59)
	at org.testng.internal.Invoker.invokeConfigurationMethod(Invoker.java:455)
	at org.testng.internal.Invoker.invokeConfigurations(Invoker.java:222)
	at org.testng.internal.Invoker.invokeConfigurations(Invoker.java:142)
	at org.testng.internal.TestMethodWorker.invokeBeforeClassMethods(TestMethodWorker.java:168)
	at org.testng.internal.TestMethodWorker.run(TestMethodWorker.java:105)
	at org.testng.TestRunner.privateRun(TestRunner.java:648)
	at org.testng.TestRunner.run(TestRunner.java:505)
	at org.testng.SuiteRunner.runTest(SuiteRunner.java:455)
	at org.testng.SuiteRunner.runSequentially(SuiteRunner.java:450)
	at org.testng.SuiteRunner.privateRun(SuiteRunner.java:415)
	at org.testng.SuiteRunner.run(SuiteRunner.java:364)
	at org.testng.SuiteRunnerWorker.runSuite(SuiteRunnerWorker.java:52)
	at org.testng.SuiteRunnerWorker.run(SuiteRunnerWorker.java:84)
	at org.testng.TestNG.runSuitesSequentially(TestNG.java:1208)
	at org.testng.TestNG.runSuitesLocally(TestNG.java:1137)
	at org.testng.TestNG.runSuites(TestNG.java:1049)
	at org.testng.TestNG.run(TestNG.java:1017)
	at org.testng.TestNG.privateMain(TestNG.java:1354)
	at org.testng.TestNG.main(TestNG.java:1323)
</pre></div></td>
<td>0</td>
<td>com.webtest.customer.test.HighSearch_test@394a2528</td></tr>
<tr>
<td title='com.webtest.customer.test.HighSearch_test.moneyz()'><b>moneyz</b><br>Test class: com.webtest.customer.test.HighSearch_test</td>
<td><div><pre>java.io.FileNotFoundException: auto2018\conf\config.properties (系统找不到指定的路径。)
	at java.base/java.io.FileInputStream.open0(Native Method)
	at java.base/java.io.FileInputStream.open(FileInputStream.java:196)
	at java.base/java.io.FileInputStream.&lt;init&gt;(FileInputStream.java:139)
	at java.base/java.io.FileInputStream.&lt;init&gt;(FileInputStream.java:94)
	at com.webtest.utils.ReadProperties.getPropertyValue(Unknown Source)
	at com.webtest.core.BaseTest.doBeforeSuite(Unknown Source)
... Removed 25 stack frames</pre></div><a href='#' onClick='toggleBox("stack-trace2087785333", this, "Click to show all stack frames", "Click to hide stack frames")'>Click to show all stack frames</a>
<div class='stack-trace' id='stack-trace2087785333'><pre>java.io.FileNotFoundException: auto2018\conf\config.properties (系统找不到指定的路径。)
	at java.base/java.io.FileInputStream.open0(Native Method)
	at java.base/java.io.FileInputStream.open(FileInputStream.java:196)
	at java.base/java.io.FileInputStream.&lt;init&gt;(FileInputStream.java:139)
	at java.base/java.io.FileInputStream.&lt;init&gt;(FileInputStream.java:94)
	at com.webtest.utils.ReadProperties.getPropertyValue(Unknown Source)
	at com.webtest.core.BaseTest.doBeforeSuite(Unknown Source)
	at java.base/jdk.internal.reflect.NativeMethodAccessorImpl.invoke0(Native Method)
	at java.base/jdk.internal.reflect.NativeMethodAccessorImpl.invoke(NativeMethodAccessorImpl.java:62)
	at java.base/jdk.internal.reflect.DelegatingMethodAccessorImpl.invoke(DelegatingMethodAccessorImpl.java:43)
	at java.base/java.lang.reflect.Method.invoke(Method.java:564)
	at org.testng.internal.MethodInvocationHelper.invokeMethod(MethodInvocationHelper.java:124)
	at org.testng.internal.MethodInvocationHelper.invokeMethodConsideringTimeout(MethodInvocationHelper.java:59)
	at org.testng.internal.Invoker.invokeConfigurationMethod(Invoker.java:455)
	at org.testng.internal.Invoker.invokeConfigurations(Invoker.java:222)
	at org.testng.internal.Invoker.invokeConfigurations(Invoker.java:142)
	at org.testng.internal.TestMethodWorker.invokeBeforeClassMethods(TestMethodWorker.java:168)
	at org.testng.internal.TestMethodWorker.run(TestMethodWorker.java:105)
	at org.testng.TestRunner.privateRun(TestRunner.java:648)
	at org.testng.TestRunner.run(TestRunner.java:505)
	at org.testng.SuiteRunner.runTest(SuiteRunner.java:455)
	at org.testng.SuiteRunner.runSequentially(SuiteRunner.java:450)
	at org.testng.SuiteRunner.privateRun(SuiteRunner.java:415)
	at org.testng.SuiteRunner.run(SuiteRunner.java:364)
	at org.testng.SuiteRunnerWorker.runSuite(SuiteRunnerWorker.java:52)
	at org.testng.SuiteRunnerWorker.run(SuiteRunnerWorker.java:84)
	at org.testng.TestNG.runSuitesSequentially(TestNG.java:1208)
	at org.testng.TestNG.runSuitesLocally(TestNG.java:1137)
	at org.testng.TestNG.runSuites(TestNG.java:1049)
	at org.testng.TestNG.run(TestNG.java:1017)
	at org.testng.TestNG.privateMain(TestNG.java:1354)
	at org.testng.TestNG.main(TestNG.java:1323)
</pre></div></td>
<td>0</td>
<td>com.webtest.customer.test.HighSearch_test@394a2528</td></tr>
<tr>
<td title='com.webtest.xinhu_personal.Login.openBrower()'><b>openBrower</b><br>Test class: com.webtest.xinhu_personal.Login</td>
<td><div><pre>java.io.FileNotFoundException: auto2018\conf\config.properties (系统找不到指定的路径。)
	at java.base/java.io.FileInputStream.open0(Native Method)
	at java.base/java.io.FileInputStream.open(FileInputStream.java:196)
	at java.base/java.io.FileInputStream.&lt;init&gt;(FileInputStream.java:139)
	at java.base/java.io.FileInputStream.&lt;init&gt;(FileInputStream.java:94)
	at com.webtest.utils.ReadProperties.getPropertyValue(Unknown Source)
	at com.webtest.core.BaseTest.doBeforeSuite(Unknown Source)
... Removed 25 stack frames</pre></div><a href='#' onClick='toggleBox("stack-trace914507705", this, "Click to show all stack frames", "Click to hide stack frames")'>Click to show all stack frames</a>
<div class='stack-trace' id='stack-trace914507705'><pre>java.io.FileNotFoundException: auto2018\conf\config.properties (系统找不到指定的路径。)
	at java.base/java.io.FileInputStream.open0(Native Method)
	at java.base/java.io.FileInputStream.open(FileInputStream.java:196)
	at java.base/java.io.FileInputStream.&lt;init&gt;(FileInputStream.java:139)
	at java.base/java.io.FileInputStream.&lt;init&gt;(FileInputStream.java:94)
	at com.webtest.utils.ReadProperties.getPropertyValue(Unknown Source)
	at com.webtest.core.BaseTest.doBeforeSuite(Unknown Source)
	at java.base/jdk.internal.reflect.NativeMethodAccessorImpl.invoke0(Native Method)
	at java.base/jdk.internal.reflect.NativeMethodAccessorImpl.invoke(NativeMethodAccessorImpl.java:62)
	at java.base/jdk.internal.reflect.DelegatingMethodAccessorImpl.invoke(DelegatingMethodAccessorImpl.java:43)
	at java.base/java.lang.reflect.Method.invoke(Method.java:564)
	at org.testng.internal.MethodInvocationHelper.invokeMethod(MethodInvocationHelper.java:124)
	at org.testng.internal.MethodInvocationHelper.invokeMethodConsideringTimeout(MethodInvocationHelper.java:59)
	at org.testng.internal.Invoker.invokeConfigurationMethod(Invoker.java:455)
	at org.testng.internal.Invoker.invokeConfigurations(Invoker.java:222)
	at org.testng.internal.Invoker.invokeConfigurations(Invoker.java:142)
	at org.testng.internal.TestMethodWorker.invokeBeforeClassMethods(TestMethodWorker.java:168)
	at org.testng.internal.TestMethodWorker.run(TestMethodWorker.java:105)
	at org.testng.TestRunner.privateRun(TestRunner.java:648)
	at org.testng.TestRunner.run(TestRunner.java:505)
	at org.testng.SuiteRunner.runTest(SuiteRunner.java:455)
	at org.testng.SuiteRunner.runSequentially(SuiteRunner.java:450)
	at org.testng.SuiteRunner.privateRun(SuiteRunner.java:415)
	at org.testng.SuiteRunner.run(SuiteRunner.java:364)
	at org.testng.SuiteRunnerWorker.runSuite(SuiteRunnerWorker.java:52)
	at org.testng.SuiteRunnerWorker.run(SuiteRunnerWorker.java:84)
	at org.testng.TestNG.runSuitesSequentially(TestNG.java:1208)
	at org.testng.TestNG.runSuitesLocally(TestNG.java:1137)
	at org.testng.TestNG.runSuites(TestNG.java:1049)
	at org.testng.TestNG.run(TestNG.java:1017)
	at org.testng.TestNG.privateMain(TestNG.java:1354)
	at org.testng.TestNG.main(TestNG.java:1323)
</pre></div></td>
<td>0</td>
<td>com.webtest.xinhu_personal.Login@57250572</td></tr>
<tr>
<td title='com.webtest.xinhu_personal.ReInfor.reInfor1()'><b>reInfor1</b><br>Test class: com.webtest.xinhu_personal.ReInfor</td>
<td><div><pre>java.lang.Throwable: Method ReInfor.reInfor1()[pri:0, instance:com.webtest.xinhu_personal.ReInfor@2118cddf] depends on not successfully finished methods
... Removed 17 stack frames</pre></div><a href='#' onClick='toggleBox("stack-trace1095088856", this, "Click to show all stack frames", "Click to hide stack frames")'>Click to show all stack frames</a>
<div class='stack-trace' id='stack-trace1095088856'><pre>java.lang.Throwable: Method ReInfor.reInfor1()[pri:0, instance:com.webtest.xinhu_personal.ReInfor@2118cddf] depends on not successfully finished methods
	at org.testng.internal.Invoker.invokeTestMethods(Invoker.java:887)
	at org.testng.internal.TestMethodWorker.invokeTestMethods(TestMethodWorker.java:125)
	at org.testng.internal.TestMethodWorker.run(TestMethodWorker.java:109)
	at org.testng.TestRunner.privateRun(TestRunner.java:648)
	at org.testng.TestRunner.run(TestRunner.java:505)
	at org.testng.SuiteRunner.runTest(SuiteRunner.java:455)
	at org.testng.SuiteRunner.runSequentially(SuiteRunner.java:450)
	at org.testng.SuiteRunner.privateRun(SuiteRunner.java:415)
	at org.testng.SuiteRunner.run(SuiteRunner.java:364)
	at org.testng.SuiteRunnerWorker.runSuite(SuiteRunnerWorker.java:52)
	at org.testng.SuiteRunnerWorker.run(SuiteRunnerWorker.java:84)
	at org.testng.TestNG.runSuitesSequentially(TestNG.java:1208)
	at org.testng.TestNG.runSuitesLocally(TestNG.java:1137)
	at org.testng.TestNG.runSuites(TestNG.java:1049)
	at org.testng.TestNG.run(TestNG.java:1017)
	at org.testng.TestNG.privateMain(TestNG.java:1354)
	at org.testng.TestNG.main(TestNG.java:1323)
</pre></div></td>
<td>0</td>
<td>null</td></tr>
<tr>
<td title='com.webtest.xinhu_personal.ReInfor.reInfor2()'><b>reInfor2</b><br>Test class: com.webtest.xinhu_personal.ReInfor</td>
<td><div><pre>java.lang.Throwable: Method ReInfor.reInfor2()[pri:0, instance:com.webtest.xinhu_personal.ReInfor@2118cddf] depends on not successfully finished methods
... Removed 17 stack frames</pre></div><a href='#' onClick='toggleBox("stack-trace14183023", this, "Click to show all stack frames", "Click to hide stack frames")'>Click to show all stack frames</a>
<div class='stack-trace' id='stack-trace14183023'><pre>java.lang.Throwable: Method ReInfor.reInfor2()[pri:0, instance:com.webtest.xinhu_personal.ReInfor@2118cddf] depends on not successfully finished methods
	at org.testng.internal.Invoker.invokeTestMethods(Invoker.java:887)
	at org.testng.internal.TestMethodWorker.invokeTestMethods(TestMethodWorker.java:125)
	at org.testng.internal.TestMethodWorker.run(TestMethodWorker.java:109)
	at org.testng.TestRunner.privateRun(TestRunner.java:648)
	at org.testng.TestRunner.run(TestRunner.java:505)
	at org.testng.SuiteRunner.runTest(SuiteRunner.java:455)
	at org.testng.SuiteRunner.runSequentially(SuiteRunner.java:450)
	at org.testng.SuiteRunner.privateRun(SuiteRunner.java:415)
	at org.testng.SuiteRunner.run(SuiteRunner.java:364)
	at org.testng.SuiteRunnerWorker.runSuite(SuiteRunnerWorker.java:52)
	at org.testng.SuiteRunnerWorker.run(SuiteRunnerWorker.java:84)
	at org.testng.TestNG.runSuitesSequentially(TestNG.java:1208)
	at org.testng.TestNG.runSuitesLocally(TestNG.java:1137)
	at org.testng.TestNG.runSuites(TestNG.java:1049)
	at org.testng.TestNG.run(TestNG.java:1017)
	at org.testng.TestNG.privateMain(TestNG.java:1354)
	at org.testng.TestNG.main(TestNG.java:1323)
</pre></div></td>
<td>0</td>
<td>null</td></tr>
<tr>
<td title='com.webtest.customer.test.Redata_test.redata()'><b>redata</b><br>Test class: com.webtest.customer.test.Redata_test</td>
<td><div><pre>java.io.FileNotFoundException: auto2018\conf\config.properties (系统找不到指定的路径。)
	at java.base/java.io.FileInputStream.open0(Native Method)
	at java.base/java.io.FileInputStream.open(FileInputStream.java:196)
	at java.base/java.io.FileInputStream.&lt;init&gt;(FileInputStream.java:139)
	at java.base/java.io.FileInputStream.&lt;init&gt;(FileInputStream.java:94)
	at com.webtest.utils.ReadProperties.getPropertyValue(Unknown Source)
	at com.webtest.core.BaseTest.doBeforeSuite(Unknown Source)
... Removed 25 stack frames</pre></div><a href='#' onClick='toggleBox("stack-trace1180244251", this, "Click to show all stack frames", "Click to hide stack frames")'>Click to show all stack frames</a>
<div class='stack-trace' id='stack-trace1180244251'><pre>java.io.FileNotFoundException: auto2018\conf\config.properties (系统找不到指定的路径。)
	at java.base/java.io.FileInputStream.open0(Native Method)
	at java.base/java.io.FileInputStream.open(FileInputStream.java:196)
	at java.base/java.io.FileInputStream.&lt;init&gt;(FileInputStream.java:139)
	at java.base/java.io.FileInputStream.&lt;init&gt;(FileInputStream.java:94)
	at com.webtest.utils.ReadProperties.getPropertyValue(Unknown Source)
	at com.webtest.core.BaseTest.doBeforeSuite(Unknown Source)
	at java.base/jdk.internal.reflect.NativeMethodAccessorImpl.invoke0(Native Method)
	at java.base/jdk.internal.reflect.NativeMethodAccessorImpl.invoke(NativeMethodAccessorImpl.java:62)
	at java.base/jdk.internal.reflect.DelegatingMethodAccessorImpl.invoke(DelegatingMethodAccessorImpl.java:43)
	at java.base/java.lang.reflect.Method.invoke(Method.java:564)
	at org.testng.internal.MethodInvocationHelper.invokeMethod(MethodInvocationHelper.java:124)
	at org.testng.internal.MethodInvocationHelper.invokeMethodConsideringTimeout(MethodInvocationHelper.java:59)
	at org.testng.internal.Invoker.invokeConfigurationMethod(Invoker.java:455)
	at org.testng.internal.Invoker.invokeConfigurations(Invoker.java:222)
	at org.testng.internal.Invoker.invokeConfigurations(Invoker.java:142)
	at org.testng.internal.TestMethodWorker.invokeBeforeClassMethods(TestMethodWorker.java:168)
	at org.testng.internal.TestMethodWorker.run(TestMethodWorker.java:105)
	at org.testng.TestRunner.privateRun(TestRunner.java:648)
	at org.testng.TestRunner.run(TestRunner.java:505)
	at org.testng.SuiteRunner.runTest(SuiteRunner.java:455)
	at org.testng.SuiteRunner.runSequentially(SuiteRunner.java:450)
	at org.testng.SuiteRunner.privateRun(SuiteRunner.java:415)
	at org.testng.SuiteRunner.run(SuiteRunner.java:364)
	at org.testng.SuiteRunnerWorker.runSuite(SuiteRunnerWorker.java:52)
	at org.testng.SuiteRunnerWorker.run(SuiteRunnerWorker.java:84)
	at org.testng.TestNG.runSuitesSequentially(TestNG.java:1208)
	at org.testng.TestNG.runSuitesLocally(TestNG.java:1137)
	at org.testng.TestNG.runSuites(TestNG.java:1049)
	at org.testng.TestNG.run(TestNG.java:1017)
	at org.testng.TestNG.privateMain(TestNG.java:1354)
	at org.testng.TestNG.main(TestNG.java:1323)
</pre></div></td>
<td>0</td>
<td>com.webtest.customer.test.Redata_test@32910148</td></tr>
<tr>
<td title='com.webtest.xinhu_personal.AddrList.searchList()'><b>searchList</b><br>Test class: com.webtest.xinhu_personal.AddrList</td>
<td><div><pre>java.lang.Throwable: Method AddrList.searchList(java.lang.String)[pri:0, instance:com.webtest.xinhu_personal.AddrList@6a03bcb1] depends on not successfully finished methods
... Removed 17 stack frames</pre></div><a href='#' onClick='toggleBox("stack-trace477533894", this, "Click to show all stack frames", "Click to hide stack frames")'>Click to show all stack frames</a>
<div class='stack-trace' id='stack-trace477533894'><pre>java.lang.Throwable: Method AddrList.searchList(java.lang.String)[pri:0, instance:com.webtest.xinhu_personal.AddrList@6a03bcb1] depends on not successfully finished methods
	at org.testng.internal.Invoker.invokeTestMethods(Invoker.java:887)
	at org.testng.internal.TestMethodWorker.invokeTestMethods(TestMethodWorker.java:125)
	at org.testng.internal.TestMethodWorker.run(TestMethodWorker.java:109)
	at org.testng.TestRunner.privateRun(TestRunner.java:648)
	at org.testng.TestRunner.run(TestRunner.java:505)
	at org.testng.SuiteRunner.runTest(SuiteRunner.java:455)
	at org.testng.SuiteRunner.runSequentially(SuiteRunner.java:450)
	at org.testng.SuiteRunner.privateRun(SuiteRunner.java:415)
	at org.testng.SuiteRunner.run(SuiteRunner.java:364)
	at org.testng.SuiteRunnerWorker.runSuite(SuiteRunnerWorker.java:52)
	at org.testng.SuiteRunnerWorker.run(SuiteRunnerWorker.java:84)
	at org.testng.TestNG.runSuitesSequentially(TestNG.java:1208)
	at org.testng.TestNG.runSuitesLocally(TestNG.java:1137)
	at org.testng.TestNG.runSuites(TestNG.java:1049)
	at org.testng.TestNG.run(TestNG.java:1017)
	at org.testng.TestNG.privateMain(TestNG.java:1354)
	at org.testng.TestNG.main(TestNG.java:1323)
</pre></div></td>
<td>0</td>
<td>null</td></tr>
<tr>
<td title='com.webtest.customer.test.CaoZuo_test.share()'><b>share</b><br>Test class: com.webtest.customer.test.CaoZuo_test</td>
<td><div><pre>java.lang.RuntimeException: java.io.FileNotFoundException: auto2018\conf\config.properties (系统找不到指定的路径。)
Caused by: java.io.FileNotFoundException: auto2018\conf\config.properties (系统找不到指定的路径。)
	at java.base/java.io.FileInputStream.open0(Native Method)
	at java.base/java.io.FileInputStream.open(FileInputStream.java:196)
	at java.base/java.io.FileInputStream.&lt;init&gt;(FileInputStream.java:139)
	at java.base/java.io.FileInputStream.&lt;init&gt;(FileInputStream.java:94)
	at com.webtest.utils.ReadProperties.getPropertyValue(Unknown Source)
	at com.webtest.dataprovider.NSDataProvider.getTxtData5(Unknown Source)
	... 21 more
... Removed 29 stack frames</pre></div><a href='#' onClick='toggleBox("stack-trace1387210478", this, "Click to show all stack frames", "Click to hide stack frames")'>Click to show all stack frames</a>
<div class='stack-trace' id='stack-trace1387210478'><pre>java.lang.RuntimeException: java.io.FileNotFoundException: auto2018\conf\config.properties (系统找不到指定的路径。)
	at org.testng.internal.MethodInvocationHelper.invokeMethodNoCheckedException(MethodInvocationHelper.java:49)
	at org.testng.internal.MethodInvocationHelper.invokeDataProvider(MethodInvocationHelper.java:131)
	at org.testng.internal.Parameters.handleParameters(Parameters.java:706)
	at org.testng.internal.ParameterHandler.handleParameters(ParameterHandler.java:49)
	at org.testng.internal.ParameterHandler.createParameters(ParameterHandler.java:37)
	at org.testng.internal.Invoker.invokeTestMethods(Invoker.java:923)
	at org.testng.internal.TestMethodWorker.invokeTestMethods(TestMethodWorker.java:125)
	at org.testng.internal.TestMethodWorker.run(TestMethodWorker.java:109)
	at org.testng.TestRunner.privateRun(TestRunner.java:648)
	at org.testng.TestRunner.run(TestRunner.java:505)
	at org.testng.SuiteRunner.runTest(SuiteRunner.java:455)
	at org.testng.SuiteRunner.runSequentially(SuiteRunner.java:450)
	at org.testng.SuiteRunner.privateRun(SuiteRunner.java:415)
	at org.testng.SuiteRunner.run(SuiteRunner.java:364)
	at org.testng.SuiteRunnerWorker.runSuite(SuiteRunnerWorker.java:52)
	at org.testng.SuiteRunnerWorker.run(SuiteRunnerWorker.java:84)
	at org.testng.TestNG.runSuitesSequentially(TestNG.java:1208)
	at org.testng.TestNG.runSuitesLocally(TestNG.java:1137)
	at org.testng.TestNG.runSuites(TestNG.java:1049)
	at org.testng.TestNG.run(TestNG.java:1017)
	at org.testng.TestNG.privateMain(TestNG.java:1354)
	at org.testng.TestNG.main(TestNG.java:1323)
Caused by: java.io.FileNotFoundException: auto2018\conf\config.properties (系统找不到指定的路径。)
	at java.base/java.io.FileInputStream.open0(Native Method)
	at java.base/java.io.FileInputStream.open(FileInputStream.java:196)
	at java.base/java.io.FileInputStream.&lt;init&gt;(FileInputStream.java:139)
	at java.base/java.io.FileInputStream.&lt;init&gt;(FileInputStream.java:94)
	at com.webtest.utils.ReadProperties.getPropertyValue(Unknown Source)
	at com.webtest.dataprovider.NSDataProvider.getTxtData5(Unknown Source)
	at java.base/jdk.internal.reflect.NativeMethodAccessorImpl.invoke0(Native Method)
	at java.base/jdk.internal.reflect.NativeMethodAccessorImpl.invoke(NativeMethodAccessorImpl.java:62)
	at java.base/jdk.internal.reflect.DelegatingMethodAccessorImpl.invoke(DelegatingMethodAccessorImpl.java:43)
	at java.base/java.lang.reflect.Method.invoke(Method.java:564)
	at org.testng.internal.MethodInvocationHelper.invokeMethod(MethodInvocationHelper.java:124)
	at org.testng.internal.MethodInvocationHelper.invokeMethod(MethodInvocationHelper.java:74)
	at org.testng.internal.MethodInvocationHelper.invokeMethodNoCheckedException(MethodInvocationHelper.java:45)
	... 21 more
</pre></div></td>
<td>0</td>
<td>com.webtest.customer.test.CaoZuo_test@11fc564b</td></tr>
<tr>
<td title='com.webtest.customer.test.Share_Search_test.share_search()'><b>share_search</b><br>Test class: com.webtest.customer.test.Share_Search_test</td>
<td><div><pre>java.lang.RuntimeException: java.io.FileNotFoundException: auto2018\conf\config.properties (系统找不到指定的路径。)
Caused by: java.io.FileNotFoundException: auto2018\conf\config.properties (系统找不到指定的路径。)
	at java.base/java.io.FileInputStream.open0(Native Method)
	at java.base/java.io.FileInputStream.open(FileInputStream.java:196)
	at java.base/java.io.FileInputStream.&lt;init&gt;(FileInputStream.java:139)
	at java.base/java.io.FileInputStream.&lt;init&gt;(FileInputStream.java:94)
	at com.webtest.utils.ReadProperties.getPropertyValue(Unknown Source)
	at com.webtest.dataprovider.NSDataProvider.getTxtData5(Unknown Source)
	... 21 more
... Removed 29 stack frames</pre></div><a href='#' onClick='toggleBox("stack-trace37926966", this, "Click to show all stack frames", "Click to hide stack frames")'>Click to show all stack frames</a>
<div class='stack-trace' id='stack-trace37926966'><pre>java.lang.RuntimeException: java.io.FileNotFoundException: auto2018\conf\config.properties (系统找不到指定的路径。)
	at org.testng.internal.MethodInvocationHelper.invokeMethodNoCheckedException(MethodInvocationHelper.java:49)
	at org.testng.internal.MethodInvocationHelper.invokeDataProvider(MethodInvocationHelper.java:131)
	at org.testng.internal.Parameters.handleParameters(Parameters.java:706)
	at org.testng.internal.ParameterHandler.handleParameters(ParameterHandler.java:49)
	at org.testng.internal.ParameterHandler.createParameters(ParameterHandler.java:37)
	at org.testng.internal.Invoker.invokeTestMethods(Invoker.java:923)
	at org.testng.internal.TestMethodWorker.invokeTestMethods(TestMethodWorker.java:125)
	at org.testng.internal.TestMethodWorker.run(TestMethodWorker.java:109)
	at org.testng.TestRunner.privateRun(TestRunner.java:648)
	at org.testng.TestRunner.run(TestRunner.java:505)
	at org.testng.SuiteRunner.runTest(SuiteRunner.java:455)
	at org.testng.SuiteRunner.runSequentially(SuiteRunner.java:450)
	at org.testng.SuiteRunner.privateRun(SuiteRunner.java:415)
	at org.testng.SuiteRunner.run(SuiteRunner.java:364)
	at org.testng.SuiteRunnerWorker.runSuite(SuiteRunnerWorker.java:52)
	at org.testng.SuiteRunnerWorker.run(SuiteRunnerWorker.java:84)
	at org.testng.TestNG.runSuitesSequentially(TestNG.java:1208)
	at org.testng.TestNG.runSuitesLocally(TestNG.java:1137)
	at org.testng.TestNG.runSuites(TestNG.java:1049)
	at org.testng.TestNG.run(TestNG.java:1017)
	at org.testng.TestNG.privateMain(TestNG.java:1354)
	at org.testng.TestNG.main(TestNG.java:1323)
Caused by: java.io.FileNotFoundException: auto2018\conf\config.properties (系统找不到指定的路径。)
	at java.base/java.io.FileInputStream.open0(Native Method)
	at java.base/java.io.FileInputStream.open(FileInputStream.java:196)
	at java.base/java.io.FileInputStream.&lt;init&gt;(FileInputStream.java:139)
	at java.base/java.io.FileInputStream.&lt;init&gt;(FileInputStream.java:94)
	at com.webtest.utils.ReadProperties.getPropertyValue(Unknown Source)
	at com.webtest.dataprovider.NSDataProvider.getTxtData5(Unknown Source)
	at java.base/jdk.internal.reflect.NativeMethodAccessorImpl.invoke0(Native Method)
	at java.base/jdk.internal.reflect.NativeMethodAccessorImpl.invoke(NativeMethodAccessorImpl.java:62)
	at java.base/jdk.internal.reflect.DelegatingMethodAccessorImpl.invoke(DelegatingMethodAccessorImpl.java:43)
	at java.base/java.lang.reflect.Method.invoke(Method.java:564)
	at org.testng.internal.MethodInvocationHelper.invokeMethod(MethodInvocationHelper.java:124)
	at org.testng.internal.MethodInvocationHelper.invokeMethod(MethodInvocationHelper.java:74)
	at org.testng.internal.MethodInvocationHelper.invokeMethodNoCheckedException(MethodInvocationHelper.java:45)
	... 21 more
</pre></div></td>
<td>0</td>
<td>com.webtest.customer.test.Share_Search_test@2b4bac49</td></tr>
<tr>
<td title='com.webtest.liucheng.test5.test()'><b>test</b><br>Test class: com.webtest.liucheng.test5</td>
<td><div><pre>java.io.FileNotFoundException: auto2018\conf\config.properties (系统找不到指定的路径。)
	at java.base/java.io.FileInputStream.open0(Native Method)
	at java.base/java.io.FileInputStream.open(FileInputStream.java:196)
	at java.base/java.io.FileInputStream.&lt;init&gt;(FileInputStream.java:139)
	at java.base/java.io.FileInputStream.&lt;init&gt;(FileInputStream.java:94)
	at com.webtest.utils.ReadProperties.getPropertyValue(Unknown Source)
	at com.webtest.core.BaseTest.doBeforeSuite(Unknown Source)
... Removed 25 stack frames</pre></div><a href='#' onClick='toggleBox("stack-trace775514090", this, "Click to show all stack frames", "Click to hide stack frames")'>Click to show all stack frames</a>
<div class='stack-trace' id='stack-trace775514090'><pre>java.io.FileNotFoundException: auto2018\conf\config.properties (系统找不到指定的路径。)
	at java.base/java.io.FileInputStream.open0(Native Method)
	at java.base/java.io.FileInputStream.open(FileInputStream.java:196)
	at java.base/java.io.FileInputStream.&lt;init&gt;(FileInputStream.java:139)
	at java.base/java.io.FileInputStream.&lt;init&gt;(FileInputStream.java:94)
	at com.webtest.utils.ReadProperties.getPropertyValue(Unknown Source)
	at com.webtest.core.BaseTest.doBeforeSuite(Unknown Source)
	at java.base/jdk.internal.reflect.NativeMethodAccessorImpl.invoke0(Native Method)
	at java.base/jdk.internal.reflect.NativeMethodAccessorImpl.invoke(NativeMethodAccessorImpl.java:62)
	at java.base/jdk.internal.reflect.DelegatingMethodAccessorImpl.invoke(DelegatingMethodAccessorImpl.java:43)
	at java.base/java.lang.reflect.Method.invoke(Method.java:564)
	at org.testng.internal.MethodInvocationHelper.invokeMethod(MethodInvocationHelper.java:124)
	at org.testng.internal.MethodInvocationHelper.invokeMethodConsideringTimeout(MethodInvocationHelper.java:59)
	at org.testng.internal.Invoker.invokeConfigurationMethod(Invoker.java:455)
	at org.testng.internal.Invoker.invokeConfigurations(Invoker.java:222)
	at org.testng.internal.Invoker.invokeConfigurations(Invoker.java:142)
	at org.testng.internal.TestMethodWorker.invokeBeforeClassMethods(TestMethodWorker.java:168)
	at org.testng.internal.TestMethodWorker.run(TestMethodWorker.java:105)
	at org.testng.TestRunner.privateRun(TestRunner.java:648)
	at org.testng.TestRunner.run(TestRunner.java:505)
	at org.testng.SuiteRunner.runTest(SuiteRunner.java:455)
	at org.testng.SuiteRunner.runSequentially(SuiteRunner.java:450)
	at org.testng.SuiteRunner.privateRun(SuiteRunner.java:415)
	at org.testng.SuiteRunner.run(SuiteRunner.java:364)
	at org.testng.SuiteRunnerWorker.runSuite(SuiteRunnerWorker.java:52)
	at org.testng.SuiteRunnerWorker.run(SuiteRunnerWorker.java:84)
	at org.testng.TestNG.runSuitesSequentially(TestNG.java:1208)
	at org.testng.TestNG.runSuitesLocally(TestNG.java:1137)
	at org.testng.TestNG.runSuites(TestNG.java:1049)
	at org.testng.TestNG.run(TestNG.java:1017)
	at org.testng.TestNG.privateMain(TestNG.java:1354)
	at org.testng.TestNG.main(TestNG.java:1323)
</pre></div></td>
<td>0</td>
<td>com.webtest.liucheng.test5@548e6d58</td></tr>
<tr>
<td title='com.webtest.liucheng.test6.test()'><b>test</b><br>Test class: com.webtest.liucheng.test6</td>
<td><div><pre>java.io.FileNotFoundException: auto2018\conf\config.properties (系统找不到指定的路径。)
	at java.base/java.io.FileInputStream.open0(Native Method)
	at java.base/java.io.FileInputStream.open(FileInputStream.java:196)
	at java.base/java.io.FileInputStream.&lt;init&gt;(FileInputStream.java:139)
	at java.base/java.io.FileInputStream.&lt;init&gt;(FileInputStream.java:94)
	at com.webtest.utils.ReadProperties.getPropertyValue(Unknown Source)
	at com.webtest.core.BaseTest.doBeforeSuite(Unknown Source)
... Removed 25 stack frames</pre></div><a href='#' onClick='toggleBox("stack-trace806511723", this, "Click to show all stack frames", "Click to hide stack frames")'>Click to show all stack frames</a>
<div class='stack-trace' id='stack-trace806511723'><pre>java.io.FileNotFoundException: auto2018\conf\config.properties (系统找不到指定的路径。)
	at java.base/java.io.FileInputStream.open0(Native Method)
	at java.base/java.io.FileInputStream.open(FileInputStream.java:196)
	at java.base/java.io.FileInputStream.&lt;init&gt;(FileInputStream.java:139)
	at java.base/java.io.FileInputStream.&lt;init&gt;(FileInputStream.java:94)
	at com.webtest.utils.ReadProperties.getPropertyValue(Unknown Source)
	at com.webtest.core.BaseTest.doBeforeSuite(Unknown Source)
	at java.base/jdk.internal.reflect.NativeMethodAccessorImpl.invoke0(Native Method)
	at java.base/jdk.internal.reflect.NativeMethodAccessorImpl.invoke(NativeMethodAccessorImpl.java:62)
	at java.base/jdk.internal.reflect.DelegatingMethodAccessorImpl.invoke(DelegatingMethodAccessorImpl.java:43)
	at java.base/java.lang.reflect.Method.invoke(Method.java:564)
	at org.testng.internal.MethodInvocationHelper.invokeMethod(MethodInvocationHelper.java:124)
	at org.testng.internal.MethodInvocationHelper.invokeMethodConsideringTimeout(MethodInvocationHelper.java:59)
	at org.testng.internal.Invoker.invokeConfigurationMethod(Invoker.java:455)
	at org.testng.internal.Invoker.invokeConfigurations(Invoker.java:222)
	at org.testng.internal.Invoker.invokeConfigurations(Invoker.java:142)
	at org.testng.internal.TestMethodWorker.invokeBeforeClassMethods(TestMethodWorker.java:168)
	at org.testng.internal.TestMethodWorker.run(TestMethodWorker.java:105)
	at org.testng.TestRunner.privateRun(TestRunner.java:648)
	at org.testng.TestRunner.run(TestRunner.java:505)
	at org.testng.SuiteRunner.runTest(SuiteRunner.java:455)
	at org.testng.SuiteRunner.runSequentially(SuiteRunner.java:450)
	at org.testng.SuiteRunner.privateRun(SuiteRunner.java:415)
	at org.testng.SuiteRunner.run(SuiteRunner.java:364)
	at org.testng.SuiteRunnerWorker.runSuite(SuiteRunnerWorker.java:52)
	at org.testng.SuiteRunnerWorker.run(SuiteRunnerWorker.java:84)
	at org.testng.TestNG.runSuitesSequentially(TestNG.java:1208)
	at org.testng.TestNG.runSuitesLocally(TestNG.java:1137)
	at org.testng.TestNG.runSuites(TestNG.java:1049)
	at org.testng.TestNG.run(TestNG.java:1017)
	at org.testng.TestNG.privateMain(TestNG.java:1354)
	at org.testng.TestNG.main(TestNG.java:1323)
</pre></div></td>
<td>0</td>
<td>com.webtest.liucheng.test6@623a8092</td></tr>
<tr>
<td title='com.webtest.liucheng.test2.test1()'><b>test1</b><br>Test class: com.webtest.liucheng.test2</td>
<td><div><pre>java.io.FileNotFoundException: auto2018\conf\config.properties (系统找不到指定的路径。)
	at java.base/java.io.FileInputStream.open0(Native Method)
	at java.base/java.io.FileInputStream.open(FileInputStream.java:196)
	at java.base/java.io.FileInputStream.&lt;init&gt;(FileInputStream.java:139)
	at java.base/java.io.FileInputStream.&lt;init&gt;(FileInputStream.java:94)
	at com.webtest.utils.ReadProperties.getPropertyValue(Unknown Source)
	at com.webtest.core.BaseTest.doBeforeSuite(Unknown Source)
... Removed 25 stack frames</pre></div><a href='#' onClick='toggleBox("stack-trace227755469", this, "Click to show all stack frames", "Click to hide stack frames")'>Click to show all stack frames</a>
<div class='stack-trace' id='stack-trace227755469'><pre>java.io.FileNotFoundException: auto2018\conf\config.properties (系统找不到指定的路径。)
	at java.base/java.io.FileInputStream.open0(Native Method)
	at java.base/java.io.FileInputStream.open(FileInputStream.java:196)
	at java.base/java.io.FileInputStream.&lt;init&gt;(FileInputStream.java:139)
	at java.base/java.io.FileInputStream.&lt;init&gt;(FileInputStream.java:94)
	at com.webtest.utils.ReadProperties.getPropertyValue(Unknown Source)
	at com.webtest.core.BaseTest.doBeforeSuite(Unknown Source)
	at java.base/jdk.internal.reflect.NativeMethodAccessorImpl.invoke0(Native Method)
	at java.base/jdk.internal.reflect.NativeMethodAccessorImpl.invoke(NativeMethodAccessorImpl.java:62)
	at java.base/jdk.internal.reflect.DelegatingMethodAccessorImpl.invoke(DelegatingMethodAccessorImpl.java:43)
	at java.base/java.lang.reflect.Method.invoke(Method.java:564)
	at org.testng.internal.MethodInvocationHelper.invokeMethod(MethodInvocationHelper.java:124)
	at org.testng.internal.MethodInvocationHelper.invokeMethodConsideringTimeout(MethodInvocationHelper.java:59)
	at org.testng.internal.Invoker.invokeConfigurationMethod(Invoker.java:455)
	at org.testng.internal.Invoker.invokeConfigurations(Invoker.java:222)
	at org.testng.internal.Invoker.invokeConfigurations(Invoker.java:142)
	at org.testng.internal.TestMethodWorker.invokeBeforeClassMethods(TestMethodWorker.java:168)
	at org.testng.internal.TestMethodWorker.run(TestMethodWorker.java:105)
	at org.testng.TestRunner.privateRun(TestRunner.java:648)
	at org.testng.TestRunner.run(TestRunner.java:505)
	at org.testng.SuiteRunner.runTest(SuiteRunner.java:455)
	at org.testng.SuiteRunner.runSequentially(SuiteRunner.java:450)
	at org.testng.SuiteRunner.privateRun(SuiteRunner.java:415)
	at org.testng.SuiteRunner.run(SuiteRunner.java:364)
	at org.testng.SuiteRunnerWorker.runSuite(SuiteRunnerWorker.java:52)
	at org.testng.SuiteRunnerWorker.run(SuiteRunnerWorker.java:84)
	at org.testng.TestNG.runSuitesSequentially(TestNG.java:1208)
	at org.testng.TestNG.runSuitesLocally(TestNG.java:1137)
	at org.testng.TestNG.runSuites(TestNG.java:1049)
	at org.testng.TestNG.run(TestNG.java:1017)
	at org.testng.TestNG.privateMain(TestNG.java:1354)
	at org.testng.TestNG.main(TestNG.java:1323)
</pre></div></td>
<td>0</td>
<td>com.webtest.liucheng.test2@6a2b953e</td></tr>
<tr>
<td title='com.webtest.liucheng.test3.test1()'><b>test1</b><br>Test class: com.webtest.liucheng.test3</td>
<td><div><pre>java.io.FileNotFoundException: auto2018\conf\config.properties (系统找不到指定的路径。)
	at java.base/java.io.FileInputStream.open0(Native Method)
	at java.base/java.io.FileInputStream.open(FileInputStream.java:196)
	at java.base/java.io.FileInputStream.&lt;init&gt;(FileInputStream.java:139)
	at java.base/java.io.FileInputStream.&lt;init&gt;(FileInputStream.java:94)
	at com.webtest.utils.ReadProperties.getPropertyValue(Unknown Source)
	at com.webtest.core.BaseTest.doBeforeSuite(Unknown Source)
... Removed 25 stack frames</pre></div><a href='#' onClick='toggleBox("stack-trace658404420", this, "Click to show all stack frames", "Click to hide stack frames")'>Click to show all stack frames</a>
<div class='stack-trace' id='stack-trace658404420'><pre>java.io.FileNotFoundException: auto2018\conf\config.properties (系统找不到指定的路径。)
	at java.base/java.io.FileInputStream.open0(Native Method)
	at java.base/java.io.FileInputStream.open(FileInputStream.java:196)
	at java.base/java.io.FileInputStream.&lt;init&gt;(FileInputStream.java:139)
	at java.base/java.io.FileInputStream.&lt;init&gt;(FileInputStream.java:94)
	at com.webtest.utils.ReadProperties.getPropertyValue(Unknown Source)
	at com.webtest.core.BaseTest.doBeforeSuite(Unknown Source)
	at java.base/jdk.internal.reflect.NativeMethodAccessorImpl.invoke0(Native Method)
	at java.base/jdk.internal.reflect.NativeMethodAccessorImpl.invoke(NativeMethodAccessorImpl.java:62)
	at java.base/jdk.internal.reflect.DelegatingMethodAccessorImpl.invoke(DelegatingMethodAccessorImpl.java:43)
	at java.base/java.lang.reflect.Method.invoke(Method.java:564)
	at org.testng.internal.MethodInvocationHelper.invokeMethod(MethodInvocationHelper.java:124)
	at org.testng.internal.MethodInvocationHelper.invokeMethodConsideringTimeout(MethodInvocationHelper.java:59)
	at org.testng.internal.Invoker.invokeConfigurationMethod(Invoker.java:455)
	at org.testng.internal.Invoker.invokeConfigurations(Invoker.java:222)
	at org.testng.internal.Invoker.invokeConfigurations(Invoker.java:142)
	at org.testng.internal.TestMethodWorker.invokeBeforeClassMethods(TestMethodWorker.java:168)
	at org.testng.internal.TestMethodWorker.run(TestMethodWorker.java:105)
	at org.testng.TestRunner.privateRun(TestRunner.java:648)
	at org.testng.TestRunner.run(TestRunner.java:505)
	at org.testng.SuiteRunner.runTest(SuiteRunner.java:455)
	at org.testng.SuiteRunner.runSequentially(SuiteRunner.java:450)
	at org.testng.SuiteRunner.privateRun(SuiteRunner.java:415)
	at org.testng.SuiteRunner.run(SuiteRunner.java:364)
	at org.testng.SuiteRunnerWorker.runSuite(SuiteRunnerWorker.java:52)
	at org.testng.SuiteRunnerWorker.run(SuiteRunnerWorker.java:84)
	at org.testng.TestNG.runSuitesSequentially(TestNG.java:1208)
	at org.testng.TestNG.runSuitesLocally(TestNG.java:1137)
	at org.testng.TestNG.runSuites(TestNG.java:1049)
	at org.testng.TestNG.run(TestNG.java:1017)
	at org.testng.TestNG.privateMain(TestNG.java:1354)
	at org.testng.TestNG.main(TestNG.java:1323)
</pre></div></td>
<td>0</td>
<td>com.webtest.liucheng.test3@313b2ea6</td></tr>
<tr>
<td title='com.webtest.liucheng.test4.test1()'><b>test1</b><br>Test class: com.webtest.liucheng.test4</td>
<td><div><pre>java.io.FileNotFoundException: auto2018\conf\config.properties (系统找不到指定的路径。)
	at java.base/java.io.FileInputStream.open0(Native Method)
	at java.base/java.io.FileInputStream.open(FileInputStream.java:196)
	at java.base/java.io.FileInputStream.&lt;init&gt;(FileInputStream.java:139)
	at java.base/java.io.FileInputStream.&lt;init&gt;(FileInputStream.java:94)
	at com.webtest.utils.ReadProperties.getPropertyValue(Unknown Source)
	at com.webtest.core.BaseTest.doBeforeSuite(Unknown Source)
... Removed 25 stack frames</pre></div><a href='#' onClick='toggleBox("stack-trace1514476350", this, "Click to show all stack frames", "Click to hide stack frames")'>Click to show all stack frames</a>
<div class='stack-trace' id='stack-trace1514476350'><pre>java.io.FileNotFoundException: auto2018\conf\config.properties (系统找不到指定的路径。)
	at java.base/java.io.FileInputStream.open0(Native Method)
	at java.base/java.io.FileInputStream.open(FileInputStream.java:196)
	at java.base/java.io.FileInputStream.&lt;init&gt;(FileInputStream.java:139)
	at java.base/java.io.FileInputStream.&lt;init&gt;(FileInputStream.java:94)
	at com.webtest.utils.ReadProperties.getPropertyValue(Unknown Source)
	at com.webtest.core.BaseTest.doBeforeSuite(Unknown Source)
	at java.base/jdk.internal.reflect.NativeMethodAccessorImpl.invoke0(Native Method)
	at java.base/jdk.internal.reflect.NativeMethodAccessorImpl.invoke(NativeMethodAccessorImpl.java:62)
	at java.base/jdk.internal.reflect.DelegatingMethodAccessorImpl.invoke(DelegatingMethodAccessorImpl.java:43)
	at java.base/java.lang.reflect.Method.invoke(Method.java:564)
	at org.testng.internal.MethodInvocationHelper.invokeMethod(MethodInvocationHelper.java:124)
	at org.testng.internal.MethodInvocationHelper.invokeMethodConsideringTimeout(MethodInvocationHelper.java:59)
	at org.testng.internal.Invoker.invokeConfigurationMethod(Invoker.java:455)
	at org.testng.internal.Invoker.invokeConfigurations(Invoker.java:222)
	at org.testng.internal.Invoker.invokeConfigurations(Invoker.java:142)
	at org.testng.internal.TestMethodWorker.invokeBeforeClassMethods(TestMethodWorker.java:168)
	at org.testng.internal.TestMethodWorker.run(TestMethodWorker.java:105)
	at org.testng.TestRunner.privateRun(TestRunner.java:648)
	at org.testng.TestRunner.run(TestRunner.java:505)
	at org.testng.SuiteRunner.runTest(SuiteRunner.java:455)
	at org.testng.SuiteRunner.runSequentially(SuiteRunner.java:450)
	at org.testng.SuiteRunner.privateRun(SuiteRunner.java:415)
	at org.testng.SuiteRunner.run(SuiteRunner.java:364)
	at org.testng.SuiteRunnerWorker.runSuite(SuiteRunnerWorker.java:52)
	at org.testng.SuiteRunnerWorker.run(SuiteRunnerWorker.java:84)
	at org.testng.TestNG.runSuitesSequentially(TestNG.java:1208)
	at org.testng.TestNG.runSuitesLocally(TestNG.java:1137)
	at org.testng.TestNG.runSuites(TestNG.java:1049)
	at org.testng.TestNG.run(TestNG.java:1017)
	at org.testng.TestNG.privateMain(TestNG.java:1354)
	at org.testng.TestNG.main(TestNG.java:1323)
</pre></div></td>
<td>0</td>
<td>com.webtest.liucheng.test4@2f465398</td></tr>
<tr>
<td title='com.webtest.liucheng.test2.test2()'><b>test2</b><br>Test class: com.webtest.liucheng.test2</td>
<td><div><pre>java.io.FileNotFoundException: auto2018\conf\config.properties (系统找不到指定的路径。)
	at java.base/java.io.FileInputStream.open0(Native Method)
	at java.base/java.io.FileInputStream.open(FileInputStream.java:196)
	at java.base/java.io.FileInputStream.&lt;init&gt;(FileInputStream.java:139)
	at java.base/java.io.FileInputStream.&lt;init&gt;(FileInputStream.java:94)
	at com.webtest.utils.ReadProperties.getPropertyValue(Unknown Source)
	at com.webtest.core.BaseTest.doBeforeSuite(Unknown Source)
... Removed 25 stack frames</pre></div><a href='#' onClick='toggleBox("stack-trace762384154", this, "Click to show all stack frames", "Click to hide stack frames")'>Click to show all stack frames</a>
<div class='stack-trace' id='stack-trace762384154'><pre>java.io.FileNotFoundException: auto2018\conf\config.properties (系统找不到指定的路径。)
	at java.base/java.io.FileInputStream.open0(Native Method)
	at java.base/java.io.FileInputStream.open(FileInputStream.java:196)
	at java.base/java.io.FileInputStream.&lt;init&gt;(FileInputStream.java:139)
	at java.base/java.io.FileInputStream.&lt;init&gt;(FileInputStream.java:94)
	at com.webtest.utils.ReadProperties.getPropertyValue(Unknown Source)
	at com.webtest.core.BaseTest.doBeforeSuite(Unknown Source)
	at java.base/jdk.internal.reflect.NativeMethodAccessorImpl.invoke0(Native Method)
	at java.base/jdk.internal.reflect.NativeMethodAccessorImpl.invoke(NativeMethodAccessorImpl.java:62)
	at java.base/jdk.internal.reflect.DelegatingMethodAccessorImpl.invoke(DelegatingMethodAccessorImpl.java:43)
	at java.base/java.lang.reflect.Method.invoke(Method.java:564)
	at org.testng.internal.MethodInvocationHelper.invokeMethod(MethodInvocationHelper.java:124)
	at org.testng.internal.MethodInvocationHelper.invokeMethodConsideringTimeout(MethodInvocationHelper.java:59)
	at org.testng.internal.Invoker.invokeConfigurationMethod(Invoker.java:455)
	at org.testng.internal.Invoker.invokeConfigurations(Invoker.java:222)
	at org.testng.internal.Invoker.invokeConfigurations(Invoker.java:142)
	at org.testng.internal.TestMethodWorker.invokeBeforeClassMethods(TestMethodWorker.java:168)
	at org.testng.internal.TestMethodWorker.run(TestMethodWorker.java:105)
	at org.testng.TestRunner.privateRun(TestRunner.java:648)
	at org.testng.TestRunner.run(TestRunner.java:505)
	at org.testng.SuiteRunner.runTest(SuiteRunner.java:455)
	at org.testng.SuiteRunner.runSequentially(SuiteRunner.java:450)
	at org.testng.SuiteRunner.privateRun(SuiteRunner.java:415)
	at org.testng.SuiteRunner.run(SuiteRunner.java:364)
	at org.testng.SuiteRunnerWorker.runSuite(SuiteRunnerWorker.java:52)
	at org.testng.SuiteRunnerWorker.run(SuiteRunnerWorker.java:84)
	at org.testng.TestNG.runSuitesSequentially(TestNG.java:1208)
	at org.testng.TestNG.runSuitesLocally(TestNG.java:1137)
	at org.testng.TestNG.runSuites(TestNG.java:1049)
	at org.testng.TestNG.run(TestNG.java:1017)
	at org.testng.TestNG.privateMain(TestNG.java:1354)
	at org.testng.TestNG.main(TestNG.java:1323)
</pre></div></td>
<td>0</td>
<td>com.webtest.liucheng.test2@6a2b953e</td></tr>
<tr>
<td title='com.webtest.liucheng.test3.test2()'><b>test2</b><br>Test class: com.webtest.liucheng.test3</td>
<td><div><pre>java.io.FileNotFoundException: auto2018\conf\config.properties (系统找不到指定的路径。)
	at java.base/java.io.FileInputStream.open0(Native Method)
	at java.base/java.io.FileInputStream.open(FileInputStream.java:196)
	at java.base/java.io.FileInputStream.&lt;init&gt;(FileInputStream.java:139)
	at java.base/java.io.FileInputStream.&lt;init&gt;(FileInputStream.java:94)
	at com.webtest.utils.ReadProperties.getPropertyValue(Unknown Source)
	at com.webtest.core.BaseTest.doBeforeSuite(Unknown Source)
... Removed 25 stack frames</pre></div><a href='#' onClick='toggleBox("stack-trace2108763062", this, "Click to show all stack frames", "Click to hide stack frames")'>Click to show all stack frames</a>
<div class='stack-trace' id='stack-trace2108763062'><pre>java.io.FileNotFoundException: auto2018\conf\config.properties (系统找不到指定的路径。)
	at java.base/java.io.FileInputStream.open0(Native Method)
	at java.base/java.io.FileInputStream.open(FileInputStream.java:196)
	at java.base/java.io.FileInputStream.&lt;init&gt;(FileInputStream.java:139)
	at java.base/java.io.FileInputStream.&lt;init&gt;(FileInputStream.java:94)
	at com.webtest.utils.ReadProperties.getPropertyValue(Unknown Source)
	at com.webtest.core.BaseTest.doBeforeSuite(Unknown Source)
	at java.base/jdk.internal.reflect.NativeMethodAccessorImpl.invoke0(Native Method)
	at java.base/jdk.internal.reflect.NativeMethodAccessorImpl.invoke(NativeMethodAccessorImpl.java:62)
	at java.base/jdk.internal.reflect.DelegatingMethodAccessorImpl.invoke(DelegatingMethodAccessorImpl.java:43)
	at java.base/java.lang.reflect.Method.invoke(Method.java:564)
	at org.testng.internal.MethodInvocationHelper.invokeMethod(MethodInvocationHelper.java:124)
	at org.testng.internal.MethodInvocationHelper.invokeMethodConsideringTimeout(MethodInvocationHelper.java:59)
	at org.testng.internal.Invoker.invokeConfigurationMethod(Invoker.java:455)
	at org.testng.internal.Invoker.invokeConfigurations(Invoker.java:222)
	at org.testng.internal.Invoker.invokeConfigurations(Invoker.java:142)
	at org.testng.internal.TestMethodWorker.invokeBeforeClassMethods(TestMethodWorker.java:168)
	at org.testng.internal.TestMethodWorker.run(TestMethodWorker.java:105)
	at org.testng.TestRunner.privateRun(TestRunner.java:648)
	at org.testng.TestRunner.run(TestRunner.java:505)
	at org.testng.SuiteRunner.runTest(SuiteRunner.java:455)
	at org.testng.SuiteRunner.runSequentially(SuiteRunner.java:450)
	at org.testng.SuiteRunner.privateRun(SuiteRunner.java:415)
	at org.testng.SuiteRunner.run(SuiteRunner.java:364)
	at org.testng.SuiteRunnerWorker.runSuite(SuiteRunnerWorker.java:52)
	at org.testng.SuiteRunnerWorker.run(SuiteRunnerWorker.java:84)
	at org.testng.TestNG.runSuitesSequentially(TestNG.java:1208)
	at org.testng.TestNG.runSuitesLocally(TestNG.java:1137)
	at org.testng.TestNG.runSuites(TestNG.java:1049)
	at org.testng.TestNG.run(TestNG.java:1017)
	at org.testng.TestNG.privateMain(TestNG.java:1354)
	at org.testng.TestNG.main(TestNG.java:1323)
</pre></div></td>
<td>0</td>
<td>com.webtest.liucheng.test3@313b2ea6</td></tr>
<tr>
<td title='com.webtest.liucheng.test2.test3()'><b>test3</b><br>Test class: com.webtest.liucheng.test2</td>
<td><div><pre>java.io.FileNotFoundException: auto2018\conf\config.properties (系统找不到指定的路径。)
	at java.base/java.io.FileInputStream.open0(Native Method)
	at java.base/java.io.FileInputStream.open(FileInputStream.java:196)
	at java.base/java.io.FileInputStream.&lt;init&gt;(FileInputStream.java:139)
	at java.base/java.io.FileInputStream.&lt;init&gt;(FileInputStream.java:94)
	at com.webtest.utils.ReadProperties.getPropertyValue(Unknown Source)
	at com.webtest.core.BaseTest.doBeforeSuite(Unknown Source)
... Removed 25 stack frames</pre></div><a href='#' onClick='toggleBox("stack-trace690052870", this, "Click to show all stack frames", "Click to hide stack frames")'>Click to show all stack frames</a>
<div class='stack-trace' id='stack-trace690052870'><pre>java.io.FileNotFoundException: auto2018\conf\config.properties (系统找不到指定的路径。)
	at java.base/java.io.FileInputStream.open0(Native Method)
	at java.base/java.io.FileInputStream.open(FileInputStream.java:196)
	at java.base/java.io.FileInputStream.&lt;init&gt;(FileInputStream.java:139)
	at java.base/java.io.FileInputStream.&lt;init&gt;(FileInputStream.java:94)
	at com.webtest.utils.ReadProperties.getPropertyValue(Unknown Source)
	at com.webtest.core.BaseTest.doBeforeSuite(Unknown Source)
	at java.base/jdk.internal.reflect.NativeMethodAccessorImpl.invoke0(Native Method)
	at java.base/jdk.internal.reflect.NativeMethodAccessorImpl.invoke(NativeMethodAccessorImpl.java:62)
	at java.base/jdk.internal.reflect.DelegatingMethodAccessorImpl.invoke(DelegatingMethodAccessorImpl.java:43)
	at java.base/java.lang.reflect.Method.invoke(Method.java:564)
	at org.testng.internal.MethodInvocationHelper.invokeMethod(MethodInvocationHelper.java:124)
	at org.testng.internal.MethodInvocationHelper.invokeMethodConsideringTimeout(MethodInvocationHelper.java:59)
	at org.testng.internal.Invoker.invokeConfigurationMethod(Invoker.java:455)
	at org.testng.internal.Invoker.invokeConfigurations(Invoker.java:222)
	at org.testng.internal.Invoker.invokeConfigurations(Invoker.java:142)
	at org.testng.internal.TestMethodWorker.invokeBeforeClassMethods(TestMethodWorker.java:168)
	at org.testng.internal.TestMethodWorker.run(TestMethodWorker.java:105)
	at org.testng.TestRunner.privateRun(TestRunner.java:648)
	at org.testng.TestRunner.run(TestRunner.java:505)
	at org.testng.SuiteRunner.runTest(SuiteRunner.java:455)
	at org.testng.SuiteRunner.runSequentially(SuiteRunner.java:450)
	at org.testng.SuiteRunner.privateRun(SuiteRunner.java:415)
	at org.testng.SuiteRunner.run(SuiteRunner.java:364)
	at org.testng.SuiteRunnerWorker.runSuite(SuiteRunnerWorker.java:52)
	at org.testng.SuiteRunnerWorker.run(SuiteRunnerWorker.java:84)
	at org.testng.TestNG.runSuitesSequentially(TestNG.java:1208)
	at org.testng.TestNG.runSuitesLocally(TestNG.java:1137)
	at org.testng.TestNG.runSuites(TestNG.java:1049)
	at org.testng.TestNG.run(TestNG.java:1017)
	at org.testng.TestNG.privateMain(TestNG.java:1354)
	at org.testng.TestNG.main(TestNG.java:1323)
</pre></div></td>
<td>0</td>
<td>com.webtest.liucheng.test2@6a2b953e</td></tr>
<tr>
<td title='com.webtest.liucheng.test2.test4()'><b>test4</b><br>Test class: com.webtest.liucheng.test2</td>
<td><div><pre>java.io.FileNotFoundException: auto2018\conf\config.properties (系统找不到指定的路径。)
	at java.base/java.io.FileInputStream.open0(Native Method)
	at java.base/java.io.FileInputStream.open(FileInputStream.java:196)
	at java.base/java.io.FileInputStream.&lt;init&gt;(FileInputStream.java:139)
	at java.base/java.io.FileInputStream.&lt;init&gt;(FileInputStream.java:94)
	at com.webtest.utils.ReadProperties.getPropertyValue(Unknown Source)
	at com.webtest.core.BaseTest.doBeforeSuite(Unknown Source)
... Removed 25 stack frames</pre></div><a href='#' onClick='toggleBox("stack-trace1498438472", this, "Click to show all stack frames", "Click to hide stack frames")'>Click to show all stack frames</a>
<div class='stack-trace' id='stack-trace1498438472'><pre>java.io.FileNotFoundException: auto2018\conf\config.properties (系统找不到指定的路径。)
	at java.base/java.io.FileInputStream.open0(Native Method)
	at java.base/java.io.FileInputStream.open(FileInputStream.java:196)
	at java.base/java.io.FileInputStream.&lt;init&gt;(FileInputStream.java:139)
	at java.base/java.io.FileInputStream.&lt;init&gt;(FileInputStream.java:94)
	at com.webtest.utils.ReadProperties.getPropertyValue(Unknown Source)
	at com.webtest.core.BaseTest.doBeforeSuite(Unknown Source)
	at java.base/jdk.internal.reflect.NativeMethodAccessorImpl.invoke0(Native Method)
	at java.base/jdk.internal.reflect.NativeMethodAccessorImpl.invoke(NativeMethodAccessorImpl.java:62)
	at java.base/jdk.internal.reflect.DelegatingMethodAccessorImpl.invoke(DelegatingMethodAccessorImpl.java:43)
	at java.base/java.lang.reflect.Method.invoke(Method.java:564)
	at org.testng.internal.MethodInvocationHelper.invokeMethod(MethodInvocationHelper.java:124)
	at org.testng.internal.MethodInvocationHelper.invokeMethodConsideringTimeout(MethodInvocationHelper.java:59)
	at org.testng.internal.Invoker.invokeConfigurationMethod(Invoker.java:455)
	at org.testng.internal.Invoker.invokeConfigurations(Invoker.java:222)
	at org.testng.internal.Invoker.invokeConfigurations(Invoker.java:142)
	at org.testng.internal.TestMethodWorker.invokeBeforeClassMethods(TestMethodWorker.java:168)
	at org.testng.internal.TestMethodWorker.run(TestMethodWorker.java:105)
	at org.testng.TestRunner.privateRun(TestRunner.java:648)
	at org.testng.TestRunner.run(TestRunner.java:505)
	at org.testng.SuiteRunner.runTest(SuiteRunner.java:455)
	at org.testng.SuiteRunner.runSequentially(SuiteRunner.java:450)
	at org.testng.SuiteRunner.privateRun(SuiteRunner.java:415)
	at org.testng.SuiteRunner.run(SuiteRunner.java:364)
	at org.testng.SuiteRunnerWorker.runSuite(SuiteRunnerWorker.java:52)
	at org.testng.SuiteRunnerWorker.run(SuiteRunnerWorker.java:84)
	at org.testng.TestNG.runSuitesSequentially(TestNG.java:1208)
	at org.testng.TestNG.runSuitesLocally(TestNG.java:1137)
	at org.testng.TestNG.runSuites(TestNG.java:1049)
	at org.testng.TestNG.run(TestNG.java:1017)
	at org.testng.TestNG.privateMain(TestNG.java:1354)
	at org.testng.TestNG.main(TestNG.java:1323)
</pre></div></td>
<td>0</td>
<td>com.webtest.liucheng.test2@6a2b953e</td></tr>
<tr>
<td title='com.webtest.liucheng.test2.test5()'><b>test5</b><br>Test class: com.webtest.liucheng.test2</td>
<td><div><pre>java.io.FileNotFoundException: auto2018\conf\config.properties (系统找不到指定的路径。)
	at java.base/java.io.FileInputStream.open0(Native Method)
	at java.base/java.io.FileInputStream.open(FileInputStream.java:196)
	at java.base/java.io.FileInputStream.&lt;init&gt;(FileInputStream.java:139)
	at java.base/java.io.FileInputStream.&lt;init&gt;(FileInputStream.java:94)
	at com.webtest.utils.ReadProperties.getPropertyValue(Unknown Source)
	at com.webtest.core.BaseTest.doBeforeSuite(Unknown Source)
... Removed 25 stack frames</pre></div><a href='#' onClick='toggleBox("stack-trace1325056130", this, "Click to show all stack frames", "Click to hide stack frames")'>Click to show all stack frames</a>
<div class='stack-trace' id='stack-trace1325056130'><pre>java.io.FileNotFoundException: auto2018\conf\config.properties (系统找不到指定的路径。)
	at java.base/java.io.FileInputStream.open0(Native Method)
	at java.base/java.io.FileInputStream.open(FileInputStream.java:196)
	at java.base/java.io.FileInputStream.&lt;init&gt;(FileInputStream.java:139)
	at java.base/java.io.FileInputStream.&lt;init&gt;(FileInputStream.java:94)
	at com.webtest.utils.ReadProperties.getPropertyValue(Unknown Source)
	at com.webtest.core.BaseTest.doBeforeSuite(Unknown Source)
	at java.base/jdk.internal.reflect.NativeMethodAccessorImpl.invoke0(Native Method)
	at java.base/jdk.internal.reflect.NativeMethodAccessorImpl.invoke(NativeMethodAccessorImpl.java:62)
	at java.base/jdk.internal.reflect.DelegatingMethodAccessorImpl.invoke(DelegatingMethodAccessorImpl.java:43)
	at java.base/java.lang.reflect.Method.invoke(Method.java:564)
	at org.testng.internal.MethodInvocationHelper.invokeMethod(MethodInvocationHelper.java:124)
	at org.testng.internal.MethodInvocationHelper.invokeMethodConsideringTimeout(MethodInvocationHelper.java:59)
	at org.testng.internal.Invoker.invokeConfigurationMethod(Invoker.java:455)
	at org.testng.internal.Invoker.invokeConfigurations(Invoker.java:222)
	at org.testng.internal.Invoker.invokeConfigurations(Invoker.java:142)
	at org.testng.internal.TestMethodWorker.invokeBeforeClassMethods(TestMethodWorker.java:168)
	at org.testng.internal.TestMethodWorker.run(TestMethodWorker.java:105)
	at org.testng.TestRunner.privateRun(TestRunner.java:648)
	at org.testng.TestRunner.run(TestRunner.java:505)
	at org.testng.SuiteRunner.runTest(SuiteRunner.java:455)
	at org.testng.SuiteRunner.runSequentially(SuiteRunner.java:450)
	at org.testng.SuiteRunner.privateRun(SuiteRunner.java:415)
	at org.testng.SuiteRunner.run(SuiteRunner.java:364)
	at org.testng.SuiteRunnerWorker.runSuite(SuiteRunnerWorker.java:52)
	at org.testng.SuiteRunnerWorker.run(SuiteRunnerWorker.java:84)
	at org.testng.TestNG.runSuitesSequentially(TestNG.java:1208)
	at org.testng.TestNG.runSuitesLocally(TestNG.java:1137)
	at org.testng.TestNG.runSuites(TestNG.java:1049)
	at org.testng.TestNG.run(TestNG.java:1017)
	at org.testng.TestNG.privateMain(TestNG.java:1354)
	at org.testng.TestNG.main(TestNG.java:1323)
</pre></div></td>
<td>0</td>
<td>com.webtest.liucheng.test2@6a2b953e</td></tr>
<tr>
<td title='com.webtest.liucheng.test2.test6()'><b>test6</b><br>Test class: com.webtest.liucheng.test2</td>
<td><div><pre>java.io.FileNotFoundException: auto2018\conf\config.properties (系统找不到指定的路径。)
	at java.base/java.io.FileInputStream.open0(Native Method)
	at java.base/java.io.FileInputStream.open(FileInputStream.java:196)
	at java.base/java.io.FileInputStream.&lt;init&gt;(FileInputStream.java:139)
	at java.base/java.io.FileInputStream.&lt;init&gt;(FileInputStream.java:94)
	at com.webtest.utils.ReadProperties.getPropertyValue(Unknown Source)
	at com.webtest.core.BaseTest.doBeforeSuite(Unknown Source)
... Removed 25 stack frames</pre></div><a href='#' onClick='toggleBox("stack-trace1809194904", this, "Click to show all stack frames", "Click to hide stack frames")'>Click to show all stack frames</a>
<div class='stack-trace' id='stack-trace1809194904'><pre>java.io.FileNotFoundException: auto2018\conf\config.properties (系统找不到指定的路径。)
	at java.base/java.io.FileInputStream.open0(Native Method)
	at java.base/java.io.FileInputStream.open(FileInputStream.java:196)
	at java.base/java.io.FileInputStream.&lt;init&gt;(FileInputStream.java:139)
	at java.base/java.io.FileInputStream.&lt;init&gt;(FileInputStream.java:94)
	at com.webtest.utils.ReadProperties.getPropertyValue(Unknown Source)
	at com.webtest.core.BaseTest.doBeforeSuite(Unknown Source)
	at java.base/jdk.internal.reflect.NativeMethodAccessorImpl.invoke0(Native Method)
	at java.base/jdk.internal.reflect.NativeMethodAccessorImpl.invoke(NativeMethodAccessorImpl.java:62)
	at java.base/jdk.internal.reflect.DelegatingMethodAccessorImpl.invoke(DelegatingMethodAccessorImpl.java:43)
	at java.base/java.lang.reflect.Method.invoke(Method.java:564)
	at org.testng.internal.MethodInvocationHelper.invokeMethod(MethodInvocationHelper.java:124)
	at org.testng.internal.MethodInvocationHelper.invokeMethodConsideringTimeout(MethodInvocationHelper.java:59)
	at org.testng.internal.Invoker.invokeConfigurationMethod(Invoker.java:455)
	at org.testng.internal.Invoker.invokeConfigurations(Invoker.java:222)
	at org.testng.internal.Invoker.invokeConfigurations(Invoker.java:142)
	at org.testng.internal.TestMethodWorker.invokeBeforeClassMethods(TestMethodWorker.java:168)
	at org.testng.internal.TestMethodWorker.run(TestMethodWorker.java:105)
	at org.testng.TestRunner.privateRun(TestRunner.java:648)
	at org.testng.TestRunner.run(TestRunner.java:505)
	at org.testng.SuiteRunner.runTest(SuiteRunner.java:455)
	at org.testng.SuiteRunner.runSequentially(SuiteRunner.java:450)
	at org.testng.SuiteRunner.privateRun(SuiteRunner.java:415)
	at org.testng.SuiteRunner.run(SuiteRunner.java:364)
	at org.testng.SuiteRunnerWorker.runSuite(SuiteRunnerWorker.java:52)
	at org.testng.SuiteRunnerWorker.run(SuiteRunnerWorker.java:84)
	at org.testng.TestNG.runSuitesSequentially(TestNG.java:1208)
	at org.testng.TestNG.runSuitesLocally(TestNG.java:1137)
	at org.testng.TestNG.runSuites(TestNG.java:1049)
	at org.testng.TestNG.run(TestNG.java:1017)
	at org.testng.TestNG.privateMain(TestNG.java:1354)
	at org.testng.TestNG.main(TestNG.java:1323)
</pre></div></td>
<td>0</td>
<td>com.webtest.liucheng.test2@6a2b953e</td></tr>
<tr>
<td title='com.webtest.personnel.personnal_files.Add_Test.testAddOutRecord()'><b>testAddOutRecord</b><br>Test class: com.webtest.personnel.personnal_files.Add_Test</td>
<td><div><pre>java.io.FileNotFoundException: auto2018\conf\config.properties (系统找不到指定的路径。)
	at java.base/java.io.FileInputStream.open0(Native Method)
	at java.base/java.io.FileInputStream.open(FileInputStream.java:196)
	at java.base/java.io.FileInputStream.&lt;init&gt;(FileInputStream.java:139)
	at java.base/java.io.FileInputStream.&lt;init&gt;(FileInputStream.java:94)
	at com.webtest.utils.ReadProperties.getPropertyValue(Unknown Source)
	at com.webtest.core.BaseTest.doBeforeSuite(Unknown Source)
... Removed 25 stack frames</pre></div><a href='#' onClick='toggleBox("stack-trace1225038340", this, "Click to show all stack frames", "Click to hide stack frames")'>Click to show all stack frames</a>
<div class='stack-trace' id='stack-trace1225038340'><pre>java.io.FileNotFoundException: auto2018\conf\config.properties (系统找不到指定的路径。)
	at java.base/java.io.FileInputStream.open0(Native Method)
	at java.base/java.io.FileInputStream.open(FileInputStream.java:196)
	at java.base/java.io.FileInputStream.&lt;init&gt;(FileInputStream.java:139)
	at java.base/java.io.FileInputStream.&lt;init&gt;(FileInputStream.java:94)
	at com.webtest.utils.ReadProperties.getPropertyValue(Unknown Source)
	at com.webtest.core.BaseTest.doBeforeSuite(Unknown Source)
	at java.base/jdk.internal.reflect.NativeMethodAccessorImpl.invoke0(Native Method)
	at java.base/jdk.internal.reflect.NativeMethodAccessorImpl.invoke(NativeMethodAccessorImpl.java:62)
	at java.base/jdk.internal.reflect.DelegatingMethodAccessorImpl.invoke(DelegatingMethodAccessorImpl.java:43)
	at java.base/java.lang.reflect.Method.invoke(Method.java:564)
	at org.testng.internal.MethodInvocationHelper.invokeMethod(MethodInvocationHelper.java:124)
	at org.testng.internal.MethodInvocationHelper.invokeMethodConsideringTimeout(MethodInvocationHelper.java:59)
	at org.testng.internal.Invoker.invokeConfigurationMethod(Invoker.java:455)
	at org.testng.internal.Invoker.invokeConfigurations(Invoker.java:222)
	at org.testng.internal.Invoker.invokeConfigurations(Invoker.java:142)
	at org.testng.internal.TestMethodWorker.invokeBeforeClassMethods(TestMethodWorker.java:168)
	at org.testng.internal.TestMethodWorker.run(TestMethodWorker.java:105)
	at org.testng.TestRunner.privateRun(TestRunner.java:648)
	at org.testng.TestRunner.run(TestRunner.java:505)
	at org.testng.SuiteRunner.runTest(SuiteRunner.java:455)
	at org.testng.SuiteRunner.runSequentially(SuiteRunner.java:450)
	at org.testng.SuiteRunner.privateRun(SuiteRunner.java:415)
	at org.testng.SuiteRunner.run(SuiteRunner.java:364)
	at org.testng.SuiteRunnerWorker.runSuite(SuiteRunnerWorker.java:52)
	at org.testng.SuiteRunnerWorker.run(SuiteRunnerWorker.java:84)
	at org.testng.TestNG.runSuitesSequentially(TestNG.java:1208)
	at org.testng.TestNG.runSuitesLocally(TestNG.java:1137)
	at org.testng.TestNG.runSuites(TestNG.java:1049)
	at org.testng.TestNG.run(TestNG.java:1017)
	at org.testng.TestNG.privateMain(TestNG.java:1354)
	at org.testng.TestNG.main(TestNG.java:1323)
</pre></div></td>
<td>0</td>
<td>com.webtest.personnel.personnal_files.Add_Test@2638011</td></tr>
<tr>
<td title='com.webtest.personnel.personnal_files.File_AdvancedSearch_Test.testAdvancedSearch()'><b>testAdvancedSearch</b><br>Test class: com.webtest.personnel.personnal_files.File_AdvancedSearch_Test</td>
<td><div><pre>java.io.FileNotFoundException: auto2018\conf\config.properties (系统找不到指定的路径。)
	at java.base/java.io.FileInputStream.open0(Native Method)
	at java.base/java.io.FileInputStream.open(FileInputStream.java:196)
	at java.base/java.io.FileInputStream.&lt;init&gt;(FileInputStream.java:139)
	at java.base/java.io.FileInputStream.&lt;init&gt;(FileInputStream.java:94)
	at com.webtest.utils.ReadProperties.getPropertyValue(Unknown Source)
	at com.webtest.core.BaseTest.doBeforeSuite(Unknown Source)
... Removed 25 stack frames</pre></div><a href='#' onClick='toggleBox("stack-trace454305524", this, "Click to show all stack frames", "Click to hide stack frames")'>Click to show all stack frames</a>
<div class='stack-trace' id='stack-trace454305524'><pre>java.io.FileNotFoundException: auto2018\conf\config.properties (系统找不到指定的路径。)
	at java.base/java.io.FileInputStream.open0(Native Method)
	at java.base/java.io.FileInputStream.open(FileInputStream.java:196)
	at java.base/java.io.FileInputStream.&lt;init&gt;(FileInputStream.java:139)
	at java.base/java.io.FileInputStream.&lt;init&gt;(FileInputStream.java:94)
	at com.webtest.utils.ReadProperties.getPropertyValue(Unknown Source)
	at com.webtest.core.BaseTest.doBeforeSuite(Unknown Source)
	at java.base/jdk.internal.reflect.NativeMethodAccessorImpl.invoke0(Native Method)
	at java.base/jdk.internal.reflect.NativeMethodAccessorImpl.invoke(NativeMethodAccessorImpl.java:62)
	at java.base/jdk.internal.reflect.DelegatingMethodAccessorImpl.invoke(DelegatingMethodAccessorImpl.java:43)
	at java.base/java.lang.reflect.Method.invoke(Method.java:564)
	at org.testng.internal.MethodInvocationHelper.invokeMethod(MethodInvocationHelper.java:124)
	at org.testng.internal.MethodInvocationHelper.invokeMethodConsideringTimeout(MethodInvocationHelper.java:59)
	at org.testng.internal.Invoker.invokeConfigurationMethod(Invoker.java:455)
	at org.testng.internal.Invoker.invokeConfigurations(Invoker.java:222)
	at org.testng.internal.Invoker.invokeConfigurations(Invoker.java:142)
	at org.testng.internal.TestMethodWorker.invokeBeforeClassMethods(TestMethodWorker.java:168)
	at org.testng.internal.TestMethodWorker.run(TestMethodWorker.java:105)
	at org.testng.TestRunner.privateRun(TestRunner.java:648)
	at org.testng.TestRunner.run(TestRunner.java:505)
	at org.testng.SuiteRunner.runTest(SuiteRunner.java:455)
	at org.testng.SuiteRunner.runSequentially(SuiteRunner.java:450)
	at org.testng.SuiteRunner.privateRun(SuiteRunner.java:415)
	at org.testng.SuiteRunner.run(SuiteRunner.java:364)
	at org.testng.SuiteRunnerWorker.runSuite(SuiteRunnerWorker.java:52)
	at org.testng.SuiteRunnerWorker.run(SuiteRunnerWorker.java:84)
	at org.testng.TestNG.runSuitesSequentially(TestNG.java:1208)
	at org.testng.TestNG.runSuitesLocally(TestNG.java:1137)
	at org.testng.TestNG.runSuites(TestNG.java:1049)
	at org.testng.TestNG.run(TestNG.java:1017)
	at org.testng.TestNG.privateMain(TestNG.java:1354)
	at org.testng.TestNG.main(TestNG.java:1323)
</pre></div></td>
<td>0</td>
<td>com.webtest.personnel.personnal_files.File_AdvancedSearch_Test@15ca7889</td></tr>
<tr>
<td title='com.webtest.personnel.personnal_files.File_Flush_Test.testFlush()'><b>testFlush</b><br>Test class: com.webtest.personnel.personnal_files.File_Flush_Test</td>
<td><div><pre>java.io.FileNotFoundException: auto2018\conf\config.properties (系统找不到指定的路径。)
	at java.base/java.io.FileInputStream.open0(Native Method)
	at java.base/java.io.FileInputStream.open(FileInputStream.java:196)
	at java.base/java.io.FileInputStream.&lt;init&gt;(FileInputStream.java:139)
	at java.base/java.io.FileInputStream.&lt;init&gt;(FileInputStream.java:94)
	at com.webtest.utils.ReadProperties.getPropertyValue(Unknown Source)
	at com.webtest.core.BaseTest.doBeforeSuite(Unknown Source)
... Removed 25 stack frames</pre></div><a href='#' onClick='toggleBox("stack-trace1006227006", this, "Click to show all stack frames", "Click to hide stack frames")'>Click to show all stack frames</a>
<div class='stack-trace' id='stack-trace1006227006'><pre>java.io.FileNotFoundException: auto2018\conf\config.properties (系统找不到指定的路径。)
	at java.base/java.io.FileInputStream.open0(Native Method)
	at java.base/java.io.FileInputStream.open(FileInputStream.java:196)
	at java.base/java.io.FileInputStream.&lt;init&gt;(FileInputStream.java:139)
	at java.base/java.io.FileInputStream.&lt;init&gt;(FileInputStream.java:94)
	at com.webtest.utils.ReadProperties.getPropertyValue(Unknown Source)
	at com.webtest.core.BaseTest.doBeforeSuite(Unknown Source)
	at java.base/jdk.internal.reflect.NativeMethodAccessorImpl.invoke0(Native Method)
	at java.base/jdk.internal.reflect.NativeMethodAccessorImpl.invoke(NativeMethodAccessorImpl.java:62)
	at java.base/jdk.internal.reflect.DelegatingMethodAccessorImpl.invoke(DelegatingMethodAccessorImpl.java:43)
	at java.base/java.lang.reflect.Method.invoke(Method.java:564)
	at org.testng.internal.MethodInvocationHelper.invokeMethod(MethodInvocationHelper.java:124)
	at org.testng.internal.MethodInvocationHelper.invokeMethodConsideringTimeout(MethodInvocationHelper.java:59)
	at org.testng.internal.Invoker.invokeConfigurationMethod(Invoker.java:455)
	at org.testng.internal.Invoker.invokeConfigurations(Invoker.java:222)
	at org.testng.internal.Invoker.invokeConfigurations(Invoker.java:142)
	at org.testng.internal.TestMethodWorker.invokeBeforeClassMethods(TestMethodWorker.java:168)
	at org.testng.internal.TestMethodWorker.run(TestMethodWorker.java:105)
	at org.testng.TestRunner.privateRun(TestRunner.java:648)
	at org.testng.TestRunner.run(TestRunner.java:505)
	at org.testng.SuiteRunner.runTest(SuiteRunner.java:455)
	at org.testng.SuiteRunner.runSequentially(SuiteRunner.java:450)
	at org.testng.SuiteRunner.privateRun(SuiteRunner.java:415)
	at org.testng.SuiteRunner.run(SuiteRunner.java:364)
	at org.testng.SuiteRunnerWorker.runSuite(SuiteRunnerWorker.java:52)
	at org.testng.SuiteRunnerWorker.run(SuiteRunnerWorker.java:84)
	at org.testng.TestNG.runSuitesSequentially(TestNG.java:1208)
	at org.testng.TestNG.runSuitesLocally(TestNG.java:1137)
	at org.testng.TestNG.runSuites(TestNG.java:1049)
	at org.testng.TestNG.run(TestNG.java:1017)
	at org.testng.TestNG.privateMain(TestNG.java:1354)
	at org.testng.TestNG.main(TestNG.java:1323)
</pre></div></td>
<td>0</td>
<td>com.webtest.personnel.personnal_files.File_Flush_Test@7a675056</td></tr>
<tr>
<td title='com.webtest.personnel.personnal_files.Add_Test.testNewContract()'><b>testNewContract</b><br>Test class: com.webtest.personnel.personnal_files.Add_Test</td>
<td><div><pre>java.io.FileNotFoundException: auto2018\conf\config.properties (系统找不到指定的路径。)
	at java.base/java.io.FileInputStream.open0(Native Method)
	at java.base/java.io.FileInputStream.open(FileInputStream.java:196)
	at java.base/java.io.FileInputStream.&lt;init&gt;(FileInputStream.java:139)
	at java.base/java.io.FileInputStream.&lt;init&gt;(FileInputStream.java:94)
	at com.webtest.utils.ReadProperties.getPropertyValue(Unknown Source)
	at com.webtest.core.BaseTest.doBeforeSuite(Unknown Source)
... Removed 25 stack frames</pre></div><a href='#' onClick='toggleBox("stack-trace658909832", this, "Click to show all stack frames", "Click to hide stack frames")'>Click to show all stack frames</a>
<div class='stack-trace' id='stack-trace658909832'><pre>java.io.FileNotFoundException: auto2018\conf\config.properties (系统找不到指定的路径。)
	at java.base/java.io.FileInputStream.open0(Native Method)
	at java.base/java.io.FileInputStream.open(FileInputStream.java:196)
	at java.base/java.io.FileInputStream.&lt;init&gt;(FileInputStream.java:139)
	at java.base/java.io.FileInputStream.&lt;init&gt;(FileInputStream.java:94)
	at com.webtest.utils.ReadProperties.getPropertyValue(Unknown Source)
	at com.webtest.core.BaseTest.doBeforeSuite(Unknown Source)
	at java.base/jdk.internal.reflect.NativeMethodAccessorImpl.invoke0(Native Method)
	at java.base/jdk.internal.reflect.NativeMethodAccessorImpl.invoke(NativeMethodAccessorImpl.java:62)
	at java.base/jdk.internal.reflect.DelegatingMethodAccessorImpl.invoke(DelegatingMethodAccessorImpl.java:43)
	at java.base/java.lang.reflect.Method.invoke(Method.java:564)
	at org.testng.internal.MethodInvocationHelper.invokeMethod(MethodInvocationHelper.java:124)
	at org.testng.internal.MethodInvocationHelper.invokeMethodConsideringTimeout(MethodInvocationHelper.java:59)
	at org.testng.internal.Invoker.invokeConfigurationMethod(Invoker.java:455)
	at org.testng.internal.Invoker.invokeConfigurations(Invoker.java:222)
	at org.testng.internal.Invoker.invokeConfigurations(Invoker.java:142)
	at org.testng.internal.TestMethodWorker.invokeBeforeClassMethods(TestMethodWorker.java:168)
	at org.testng.internal.TestMethodWorker.run(TestMethodWorker.java:105)
	at org.testng.TestRunner.privateRun(TestRunner.java:648)
	at org.testng.TestRunner.run(TestRunner.java:505)
	at org.testng.SuiteRunner.runTest(SuiteRunner.java:455)
	at org.testng.SuiteRunner.runSequentially(SuiteRunner.java:450)
	at org.testng.SuiteRunner.privateRun(SuiteRunner.java:415)
	at org.testng.SuiteRunner.run(SuiteRunner.java:364)
	at org.testng.SuiteRunnerWorker.runSuite(SuiteRunnerWorker.java:52)
	at org.testng.SuiteRunnerWorker.run(SuiteRunnerWorker.java:84)
	at org.testng.TestNG.runSuitesSequentially(TestNG.java:1208)
	at org.testng.TestNG.runSuitesLocally(TestNG.java:1137)
	at org.testng.TestNG.runSuites(TestNG.java:1049)
	at org.testng.TestNG.run(TestNG.java:1017)
	at org.testng.TestNG.privateMain(TestNG.java:1354)
	at org.testng.TestNG.main(TestNG.java:1323)
</pre></div></td>
<td>0</td>
<td>com.webtest.personnel.personnal_files.Add_Test@2638011</td></tr>
<tr>
<td title='com.webtest.personnel.personnal_files.File_Operation_Test.testOperatioinAddremind()'><b>testOperatioinAddremind</b><br>Test class: com.webtest.personnel.personnal_files.File_Operation_Test</td>
<td><div><pre>java.io.FileNotFoundException: auto2018\conf\config.properties (系统找不到指定的路径。)
	at java.base/java.io.FileInputStream.open0(Native Method)
	at java.base/java.io.FileInputStream.open(FileInputStream.java:196)
	at java.base/java.io.FileInputStream.&lt;init&gt;(FileInputStream.java:139)
	at java.base/java.io.FileInputStream.&lt;init&gt;(FileInputStream.java:94)
	at com.webtest.utils.ReadProperties.getPropertyValue(Unknown Source)
	at com.webtest.core.BaseTest.doBeforeSuite(Unknown Source)
... Removed 25 stack frames</pre></div><a href='#' onClick='toggleBox("stack-trace1944201789", this, "Click to show all stack frames", "Click to hide stack frames")'>Click to show all stack frames</a>
<div class='stack-trace' id='stack-trace1944201789'><pre>java.io.FileNotFoundException: auto2018\conf\config.properties (系统找不到指定的路径。)
	at java.base/java.io.FileInputStream.open0(Native Method)
	at java.base/java.io.FileInputStream.open(FileInputStream.java:196)
	at java.base/java.io.FileInputStream.&lt;init&gt;(FileInputStream.java:139)
	at java.base/java.io.FileInputStream.&lt;init&gt;(FileInputStream.java:94)
	at com.webtest.utils.ReadProperties.getPropertyValue(Unknown Source)
	at com.webtest.core.BaseTest.doBeforeSuite(Unknown Source)
	at java.base/jdk.internal.reflect.NativeMethodAccessorImpl.invoke0(Native Method)
	at java.base/jdk.internal.reflect.NativeMethodAccessorImpl.invoke(NativeMethodAccessorImpl.java:62)
	at java.base/jdk.internal.reflect.DelegatingMethodAccessorImpl.invoke(DelegatingMethodAccessorImpl.java:43)
	at java.base/java.lang.reflect.Method.invoke(Method.java:564)
	at org.testng.internal.MethodInvocationHelper.invokeMethod(MethodInvocationHelper.java:124)
	at org.testng.internal.MethodInvocationHelper.invokeMethodConsideringTimeout(MethodInvocationHelper.java:59)
	at org.testng.internal.Invoker.invokeConfigurationMethod(Invoker.java:455)
	at org.testng.internal.Invoker.invokeConfigurations(Invoker.java:222)
	at org.testng.internal.Invoker.invokeConfigurations(Invoker.java:142)
	at org.testng.internal.TestMethodWorker.invokeBeforeClassMethods(TestMethodWorker.java:168)
	at org.testng.internal.TestMethodWorker.run(TestMethodWorker.java:105)
	at org.testng.TestRunner.privateRun(TestRunner.java:648)
	at org.testng.TestRunner.run(TestRunner.java:505)
	at org.testng.SuiteRunner.runTest(SuiteRunner.java:455)
	at org.testng.SuiteRunner.runSequentially(SuiteRunner.java:450)
	at org.testng.SuiteRunner.privateRun(SuiteRunner.java:415)
	at org.testng.SuiteRunner.run(SuiteRunner.java:364)
	at org.testng.SuiteRunnerWorker.runSuite(SuiteRunnerWorker.java:52)
	at org.testng.SuiteRunnerWorker.run(SuiteRunnerWorker.java:84)
	at org.testng.TestNG.runSuitesSequentially(TestNG.java:1208)
	at org.testng.TestNG.runSuitesLocally(TestNG.java:1137)
	at org.testng.TestNG.runSuites(TestNG.java:1049)
	at org.testng.TestNG.run(TestNG.java:1017)
	at org.testng.TestNG.privateMain(TestNG.java:1354)
	at org.testng.TestNG.main(TestNG.java:1323)
</pre></div></td>
<td>0</td>
<td>com.webtest.personnel.personnal_files.File_Operation_Test@d21a74c</td></tr>
<tr>
<td title='com.webtest.personnel.personnal_files.File_Operation_Test.testOperationComment()'><b>testOperationComment</b><br>Test class: com.webtest.personnel.personnal_files.File_Operation_Test</td>
<td><div><pre>java.io.FileNotFoundException: auto2018\conf\config.properties (系统找不到指定的路径。)
	at java.base/java.io.FileInputStream.open0(Native Method)
	at java.base/java.io.FileInputStream.open(FileInputStream.java:196)
	at java.base/java.io.FileInputStream.&lt;init&gt;(FileInputStream.java:139)
	at java.base/java.io.FileInputStream.&lt;init&gt;(FileInputStream.java:94)
	at com.webtest.utils.ReadProperties.getPropertyValue(Unknown Source)
	at com.webtest.core.BaseTest.doBeforeSuite(Unknown Source)
... Removed 25 stack frames</pre></div><a href='#' onClick='toggleBox("stack-trace686989583", this, "Click to show all stack frames", "Click to hide stack frames")'>Click to show all stack frames</a>
<div class='stack-trace' id='stack-trace686989583'><pre>java.io.FileNotFoundException: auto2018\conf\config.properties (系统找不到指定的路径。)
	at java.base/java.io.FileInputStream.open0(Native Method)
	at java.base/java.io.FileInputStream.open(FileInputStream.java:196)
	at java.base/java.io.FileInputStream.&lt;init&gt;(FileInputStream.java:139)
	at java.base/java.io.FileInputStream.&lt;init&gt;(FileInputStream.java:94)
	at com.webtest.utils.ReadProperties.getPropertyValue(Unknown Source)
	at com.webtest.core.BaseTest.doBeforeSuite(Unknown Source)
	at java.base/jdk.internal.reflect.NativeMethodAccessorImpl.invoke0(Native Method)
	at java.base/jdk.internal.reflect.NativeMethodAccessorImpl.invoke(NativeMethodAccessorImpl.java:62)
	at java.base/jdk.internal.reflect.DelegatingMethodAccessorImpl.invoke(DelegatingMethodAccessorImpl.java:43)
	at java.base/java.lang.reflect.Method.invoke(Method.java:564)
	at org.testng.internal.MethodInvocationHelper.invokeMethod(MethodInvocationHelper.java:124)
	at org.testng.internal.MethodInvocationHelper.invokeMethodConsideringTimeout(MethodInvocationHelper.java:59)
	at org.testng.internal.Invoker.invokeConfigurationMethod(Invoker.java:455)
	at org.testng.internal.Invoker.invokeConfigurations(Invoker.java:222)
	at org.testng.internal.Invoker.invokeConfigurations(Invoker.java:142)
	at org.testng.internal.TestMethodWorker.invokeBeforeClassMethods(TestMethodWorker.java:168)
	at org.testng.internal.TestMethodWorker.run(TestMethodWorker.java:105)
	at org.testng.TestRunner.privateRun(TestRunner.java:648)
	at org.testng.TestRunner.run(TestRunner.java:505)
	at org.testng.SuiteRunner.runTest(SuiteRunner.java:455)
	at org.testng.SuiteRunner.runSequentially(SuiteRunner.java:450)
	at org.testng.SuiteRunner.privateRun(SuiteRunner.java:415)
	at org.testng.SuiteRunner.run(SuiteRunner.java:364)
	at org.testng.SuiteRunnerWorker.runSuite(SuiteRunnerWorker.java:52)
	at org.testng.SuiteRunnerWorker.run(SuiteRunnerWorker.java:84)
	at org.testng.TestNG.runSuitesSequentially(TestNG.java:1208)
	at org.testng.TestNG.runSuitesLocally(TestNG.java:1137)
	at org.testng.TestNG.runSuites(TestNG.java:1049)
	at org.testng.TestNG.run(TestNG.java:1017)
	at org.testng.TestNG.privateMain(TestNG.java:1354)
	at org.testng.TestNG.main(TestNG.java:1323)
</pre></div></td>
<td>0</td>
<td>com.webtest.personnel.personnal_files.File_Operation_Test@d21a74c</td></tr>
<tr>
<td title='com.webtest.personnel.personnal_files.File_Operation_Test.testOperationDetails()'><b>testOperationDetails</b><br>Test class: com.webtest.personnel.personnal_files.File_Operation_Test</td>
<td><div><pre>java.io.FileNotFoundException: auto2018\conf\config.properties (系统找不到指定的路径。)
	at java.base/java.io.FileInputStream.open0(Native Method)
	at java.base/java.io.FileInputStream.open(FileInputStream.java:196)
	at java.base/java.io.FileInputStream.&lt;init&gt;(FileInputStream.java:139)
	at java.base/java.io.FileInputStream.&lt;init&gt;(FileInputStream.java:94)
	at com.webtest.utils.ReadProperties.getPropertyValue(Unknown Source)
	at com.webtest.core.BaseTest.doBeforeSuite(Unknown Source)
... Removed 25 stack frames</pre></div><a href='#' onClick='toggleBox("stack-trace1839337592", this, "Click to show all stack frames", "Click to hide stack frames")'>Click to show all stack frames</a>
<div class='stack-trace' id='stack-trace1839337592'><pre>java.io.FileNotFoundException: auto2018\conf\config.properties (系统找不到指定的路径。)
	at java.base/java.io.FileInputStream.open0(Native Method)
	at java.base/java.io.FileInputStream.open(FileInputStream.java:196)
	at java.base/java.io.FileInputStream.&lt;init&gt;(FileInputStream.java:139)
	at java.base/java.io.FileInputStream.&lt;init&gt;(FileInputStream.java:94)
	at com.webtest.utils.ReadProperties.getPropertyValue(Unknown Source)
	at com.webtest.core.BaseTest.doBeforeSuite(Unknown Source)
	at java.base/jdk.internal.reflect.NativeMethodAccessorImpl.invoke0(Native Method)
	at java.base/jdk.internal.reflect.NativeMethodAccessorImpl.invoke(NativeMethodAccessorImpl.java:62)
	at java.base/jdk.internal.reflect.DelegatingMethodAccessorImpl.invoke(DelegatingMethodAccessorImpl.java:43)
	at java.base/java.lang.reflect.Method.invoke(Method.java:564)
	at org.testng.internal.MethodInvocationHelper.invokeMethod(MethodInvocationHelper.java:124)
	at org.testng.internal.MethodInvocationHelper.invokeMethodConsideringTimeout(MethodInvocationHelper.java:59)
	at org.testng.internal.Invoker.invokeConfigurationMethod(Invoker.java:455)
	at org.testng.internal.Invoker.invokeConfigurations(Invoker.java:222)
	at org.testng.internal.Invoker.invokeConfigurations(Invoker.java:142)
	at org.testng.internal.TestMethodWorker.invokeBeforeClassMethods(TestMethodWorker.java:168)
	at org.testng.internal.TestMethodWorker.run(TestMethodWorker.java:105)
	at org.testng.TestRunner.privateRun(TestRunner.java:648)
	at org.testng.TestRunner.run(TestRunner.java:505)
	at org.testng.SuiteRunner.runTest(SuiteRunner.java:455)
	at org.testng.SuiteRunner.runSequentially(SuiteRunner.java:450)
	at org.testng.SuiteRunner.privateRun(SuiteRunner.java:415)
	at org.testng.SuiteRunner.run(SuiteRunner.java:364)
	at org.testng.SuiteRunnerWorker.runSuite(SuiteRunnerWorker.java:52)
	at org.testng.SuiteRunnerWorker.run(SuiteRunnerWorker.java:84)
	at org.testng.TestNG.runSuitesSequentially(TestNG.java:1208)
	at org.testng.TestNG.runSuitesLocally(TestNG.java:1137)
	at org.testng.TestNG.runSuites(TestNG.java:1049)
	at org.testng.TestNG.run(TestNG.java:1017)
	at org.testng.TestNG.privateMain(TestNG.java:1354)
	at org.testng.TestNG.main(TestNG.java:1323)
</pre></div></td>
<td>0</td>
<td>com.webtest.personnel.personnal_files.File_Operation_Test@d21a74c</td></tr>
<tr>
<td title='com.webtest.personnel.personnal_files.File_Output_Test.testOutputAll()'><b>testOutputAll</b><br>Test class: com.webtest.personnel.personnal_files.File_Output_Test</td>
<td><div><pre>java.io.FileNotFoundException: auto2018\conf\config.properties (系统找不到指定的路径。)
	at java.base/java.io.FileInputStream.open0(Native Method)
	at java.base/java.io.FileInputStream.open(FileInputStream.java:196)
	at java.base/java.io.FileInputStream.&lt;init&gt;(FileInputStream.java:139)
	at java.base/java.io.FileInputStream.&lt;init&gt;(FileInputStream.java:94)
	at com.webtest.utils.ReadProperties.getPropertyValue(Unknown Source)
	at com.webtest.core.BaseTest.doBeforeSuite(Unknown Source)
... Removed 25 stack frames</pre></div><a href='#' onClick='toggleBox("stack-trace236304360", this, "Click to show all stack frames", "Click to hide stack frames")'>Click to show all stack frames</a>
<div class='stack-trace' id='stack-trace236304360'><pre>java.io.FileNotFoundException: auto2018\conf\config.properties (系统找不到指定的路径。)
	at java.base/java.io.FileInputStream.open0(Native Method)
	at java.base/java.io.FileInputStream.open(FileInputStream.java:196)
	at java.base/java.io.FileInputStream.&lt;init&gt;(FileInputStream.java:139)
	at java.base/java.io.FileInputStream.&lt;init&gt;(FileInputStream.java:94)
	at com.webtest.utils.ReadProperties.getPropertyValue(Unknown Source)
	at com.webtest.core.BaseTest.doBeforeSuite(Unknown Source)
	at java.base/jdk.internal.reflect.NativeMethodAccessorImpl.invoke0(Native Method)
	at java.base/jdk.internal.reflect.NativeMethodAccessorImpl.invoke(NativeMethodAccessorImpl.java:62)
	at java.base/jdk.internal.reflect.DelegatingMethodAccessorImpl.invoke(DelegatingMethodAccessorImpl.java:43)
	at java.base/java.lang.reflect.Method.invoke(Method.java:564)
	at org.testng.internal.MethodInvocationHelper.invokeMethod(MethodInvocationHelper.java:124)
	at org.testng.internal.MethodInvocationHelper.invokeMethodConsideringTimeout(MethodInvocationHelper.java:59)
	at org.testng.internal.Invoker.invokeConfigurationMethod(Invoker.java:455)
	at org.testng.internal.Invoker.invokeConfigurations(Invoker.java:222)
	at org.testng.internal.Invoker.invokeConfigurations(Invoker.java:142)
	at org.testng.internal.TestMethodWorker.invokeBeforeClassMethods(TestMethodWorker.java:168)
	at org.testng.internal.TestMethodWorker.run(TestMethodWorker.java:105)
	at org.testng.TestRunner.privateRun(TestRunner.java:648)
	at org.testng.TestRunner.run(TestRunner.java:505)
	at org.testng.SuiteRunner.runTest(SuiteRunner.java:455)
	at org.testng.SuiteRunner.runSequentially(SuiteRunner.java:450)
	at org.testng.SuiteRunner.privateRun(SuiteRunner.java:415)
	at org.testng.SuiteRunner.run(SuiteRunner.java:364)
	at org.testng.SuiteRunnerWorker.runSuite(SuiteRunnerWorker.java:52)
	at org.testng.SuiteRunnerWorker.run(SuiteRunnerWorker.java:84)
	at org.testng.TestNG.runSuitesSequentially(TestNG.java:1208)
	at org.testng.TestNG.runSuitesLocally(TestNG.java:1137)
	at org.testng.TestNG.runSuites(TestNG.java:1049)
	at org.testng.TestNG.run(TestNG.java:1017)
	at org.testng.TestNG.privateMain(TestNG.java:1354)
	at org.testng.TestNG.main(TestNG.java:1323)
</pre></div></td>
<td>0</td>
<td>com.webtest.personnel.personnal_files.File_Output_Test@6e509ffa</td></tr>
<tr>
<td title='com.webtest.personnel.personnal_files.File_Output_Test.testOutputCurrent()'><b>testOutputCurrent</b><br>Test class: com.webtest.personnel.personnal_files.File_Output_Test</td>
<td><div><pre>java.io.FileNotFoundException: auto2018\conf\config.properties (系统找不到指定的路径。)
	at java.base/java.io.FileInputStream.open0(Native Method)
	at java.base/java.io.FileInputStream.open(FileInputStream.java:196)
	at java.base/java.io.FileInputStream.&lt;init&gt;(FileInputStream.java:139)
	at java.base/java.io.FileInputStream.&lt;init&gt;(FileInputStream.java:94)
	at com.webtest.utils.ReadProperties.getPropertyValue(Unknown Source)
	at com.webtest.core.BaseTest.doBeforeSuite(Unknown Source)
... Removed 25 stack frames</pre></div><a href='#' onClick='toggleBox("stack-trace1670546046", this, "Click to show all stack frames", "Click to hide stack frames")'>Click to show all stack frames</a>
<div class='stack-trace' id='stack-trace1670546046'><pre>java.io.FileNotFoundException: auto2018\conf\config.properties (系统找不到指定的路径。)
	at java.base/java.io.FileInputStream.open0(Native Method)
	at java.base/java.io.FileInputStream.open(FileInputStream.java:196)
	at java.base/java.io.FileInputStream.&lt;init&gt;(FileInputStream.java:139)
	at java.base/java.io.FileInputStream.&lt;init&gt;(FileInputStream.java:94)
	at com.webtest.utils.ReadProperties.getPropertyValue(Unknown Source)
	at com.webtest.core.BaseTest.doBeforeSuite(Unknown Source)
	at java.base/jdk.internal.reflect.NativeMethodAccessorImpl.invoke0(Native Method)
	at java.base/jdk.internal.reflect.NativeMethodAccessorImpl.invoke(NativeMethodAccessorImpl.java:62)
	at java.base/jdk.internal.reflect.DelegatingMethodAccessorImpl.invoke(DelegatingMethodAccessorImpl.java:43)
	at java.base/java.lang.reflect.Method.invoke(Method.java:564)
	at org.testng.internal.MethodInvocationHelper.invokeMethod(MethodInvocationHelper.java:124)
	at org.testng.internal.MethodInvocationHelper.invokeMethodConsideringTimeout(MethodInvocationHelper.java:59)
	at org.testng.internal.Invoker.invokeConfigurationMethod(Invoker.java:455)
	at org.testng.internal.Invoker.invokeConfigurations(Invoker.java:222)
	at org.testng.internal.Invoker.invokeConfigurations(Invoker.java:142)
	at org.testng.internal.TestMethodWorker.invokeBeforeClassMethods(TestMethodWorker.java:168)
	at org.testng.internal.TestMethodWorker.run(TestMethodWorker.java:105)
	at org.testng.TestRunner.privateRun(TestRunner.java:648)
	at org.testng.TestRunner.run(TestRunner.java:505)
	at org.testng.SuiteRunner.runTest(SuiteRunner.java:455)
	at org.testng.SuiteRunner.runSequentially(SuiteRunner.java:450)
	at org.testng.SuiteRunner.privateRun(SuiteRunner.java:415)
	at org.testng.SuiteRunner.run(SuiteRunner.java:364)
	at org.testng.SuiteRunnerWorker.runSuite(SuiteRunnerWorker.java:52)
	at org.testng.SuiteRunnerWorker.run(SuiteRunnerWorker.java:84)
	at org.testng.TestNG.runSuitesSequentially(TestNG.java:1208)
	at org.testng.TestNG.runSuitesLocally(TestNG.java:1137)
	at org.testng.TestNG.runSuites(TestNG.java:1049)
	at org.testng.TestNG.run(TestNG.java:1017)
	at org.testng.TestNG.privateMain(TestNG.java:1354)
	at org.testng.TestNG.main(TestNG.java:1323)
</pre></div></td>
<td>0</td>
<td>com.webtest.personnel.personnal_files.File_Output_Test@6e509ffa</td></tr>
<tr>
<td title='com.webtest.personnel.personnal_files.File_Search_Test.testSearch()'><b>testSearch</b><br>Test class: com.webtest.personnel.personnal_files.File_Search_Test</td>
<td><div><pre>java.io.FileNotFoundException: auto2018\conf\config.properties (系统找不到指定的路径。)
	at java.base/java.io.FileInputStream.open0(Native Method)
	at java.base/java.io.FileInputStream.open(FileInputStream.java:196)
	at java.base/java.io.FileInputStream.&lt;init&gt;(FileInputStream.java:139)
	at java.base/java.io.FileInputStream.&lt;init&gt;(FileInputStream.java:94)
	at com.webtest.utils.ReadProperties.getPropertyValue(Unknown Source)
	at com.webtest.core.BaseTest.doBeforeSuite(Unknown Source)
... Removed 25 stack frames</pre></div><a href='#' onClick='toggleBox("stack-trace1055096410", this, "Click to show all stack frames", "Click to hide stack frames")'>Click to show all stack frames</a>
<div class='stack-trace' id='stack-trace1055096410'><pre>java.io.FileNotFoundException: auto2018\conf\config.properties (系统找不到指定的路径。)
	at java.base/java.io.FileInputStream.open0(Native Method)
	at java.base/java.io.FileInputStream.open(FileInputStream.java:196)
	at java.base/java.io.FileInputStream.&lt;init&gt;(FileInputStream.java:139)
	at java.base/java.io.FileInputStream.&lt;init&gt;(FileInputStream.java:94)
	at com.webtest.utils.ReadProperties.getPropertyValue(Unknown Source)
	at com.webtest.core.BaseTest.doBeforeSuite(Unknown Source)
	at java.base/jdk.internal.reflect.NativeMethodAccessorImpl.invoke0(Native Method)
	at java.base/jdk.internal.reflect.NativeMethodAccessorImpl.invoke(NativeMethodAccessorImpl.java:62)
	at java.base/jdk.internal.reflect.DelegatingMethodAccessorImpl.invoke(DelegatingMethodAccessorImpl.java:43)
	at java.base/java.lang.reflect.Method.invoke(Method.java:564)
	at org.testng.internal.MethodInvocationHelper.invokeMethod(MethodInvocationHelper.java:124)
	at org.testng.internal.MethodInvocationHelper.invokeMethodConsideringTimeout(MethodInvocationHelper.java:59)
	at org.testng.internal.Invoker.invokeConfigurationMethod(Invoker.java:455)
	at org.testng.internal.Invoker.invokeConfigurations(Invoker.java:222)
	at org.testng.internal.Invoker.invokeConfigurations(Invoker.java:142)
	at org.testng.internal.TestMethodWorker.invokeBeforeClassMethods(TestMethodWorker.java:168)
	at org.testng.internal.TestMethodWorker.run(TestMethodWorker.java:105)
	at org.testng.TestRunner.privateRun(TestRunner.java:648)
	at org.testng.TestRunner.run(TestRunner.java:505)
	at org.testng.SuiteRunner.runTest(SuiteRunner.java:455)
	at org.testng.SuiteRunner.runSequentially(SuiteRunner.java:450)
	at org.testng.SuiteRunner.privateRun(SuiteRunner.java:415)
	at org.testng.SuiteRunner.run(SuiteRunner.java:364)
	at org.testng.SuiteRunnerWorker.runSuite(SuiteRunnerWorker.java:52)
	at org.testng.SuiteRunnerWorker.run(SuiteRunnerWorker.java:84)
	at org.testng.TestNG.runSuitesSequentially(TestNG.java:1208)
	at org.testng.TestNG.runSuitesLocally(TestNG.java:1137)
	at org.testng.TestNG.runSuites(TestNG.java:1049)
	at org.testng.TestNG.run(TestNG.java:1017)
	at org.testng.TestNG.privateMain(TestNG.java:1354)
	at org.testng.TestNG.main(TestNG.java:1323)
</pre></div></td>
<td>0</td>
<td>com.webtest.personnel.personnal_files.File_Search_Test@2898ac89</td></tr>
<tr>
<td title='com.webtest.renwu.pingfen.testSearch()'><b>testSearch</b><br>Test class: com.webtest.renwu.pingfen</td>
<td><div><pre>java.io.FileNotFoundException: auto2018\conf\config.properties (系统找不到指定的路径。)
	at java.base/java.io.FileInputStream.open0(Native Method)
	at java.base/java.io.FileInputStream.open(FileInputStream.java:196)
	at java.base/java.io.FileInputStream.&lt;init&gt;(FileInputStream.java:139)
	at java.base/java.io.FileInputStream.&lt;init&gt;(FileInputStream.java:94)
	at com.webtest.utils.ReadProperties.getPropertyValue(Unknown Source)
	at com.webtest.core.BaseTest.doBeforeSuite(Unknown Source)
... Removed 25 stack frames</pre></div><a href='#' onClick='toggleBox("stack-trace303240439", this, "Click to show all stack frames", "Click to hide stack frames")'>Click to show all stack frames</a>
<div class='stack-trace' id='stack-trace303240439'><pre>java.io.FileNotFoundException: auto2018\conf\config.properties (系统找不到指定的路径。)
	at java.base/java.io.FileInputStream.open0(Native Method)
	at java.base/java.io.FileInputStream.open(FileInputStream.java:196)
	at java.base/java.io.FileInputStream.&lt;init&gt;(FileInputStream.java:139)
	at java.base/java.io.FileInputStream.&lt;init&gt;(FileInputStream.java:94)
	at com.webtest.utils.ReadProperties.getPropertyValue(Unknown Source)
	at com.webtest.core.BaseTest.doBeforeSuite(Unknown Source)
	at java.base/jdk.internal.reflect.NativeMethodAccessorImpl.invoke0(Native Method)
	at java.base/jdk.internal.reflect.NativeMethodAccessorImpl.invoke(NativeMethodAccessorImpl.java:62)
	at java.base/jdk.internal.reflect.DelegatingMethodAccessorImpl.invoke(DelegatingMethodAccessorImpl.java:43)
	at java.base/java.lang.reflect.Method.invoke(Method.java:564)
	at org.testng.internal.MethodInvocationHelper.invokeMethod(MethodInvocationHelper.java:124)
	at org.testng.internal.MethodInvocationHelper.invokeMethodConsideringTimeout(MethodInvocationHelper.java:59)
	at org.testng.internal.Invoker.invokeConfigurationMethod(Invoker.java:455)
	at org.testng.internal.Invoker.invokeConfigurations(Invoker.java:222)
	at org.testng.internal.Invoker.invokeConfigurations(Invoker.java:142)
	at org.testng.internal.TestMethodWorker.invokeBeforeClassMethods(TestMethodWorker.java:168)
	at org.testng.internal.TestMethodWorker.run(TestMethodWorker.java:105)
	at org.testng.TestRunner.privateRun(TestRunner.java:648)
	at org.testng.TestRunner.run(TestRunner.java:505)
	at org.testng.SuiteRunner.runTest(SuiteRunner.java:455)
	at org.testng.SuiteRunner.runSequentially(SuiteRunner.java:450)
	at org.testng.SuiteRunner.privateRun(SuiteRunner.java:415)
	at org.testng.SuiteRunner.run(SuiteRunner.java:364)
	at org.testng.SuiteRunnerWorker.runSuite(SuiteRunnerWorker.java:52)
	at org.testng.SuiteRunnerWorker.run(SuiteRunnerWorker.java:84)
	at org.testng.TestNG.runSuitesSequentially(TestNG.java:1208)
	at org.testng.TestNG.runSuitesLocally(TestNG.java:1137)
	at org.testng.TestNG.runSuites(TestNG.java:1049)
	at org.testng.TestNG.run(TestNG.java:1017)
	at org.testng.TestNG.privateMain(TestNG.java:1354)
	at org.testng.TestNG.main(TestNG.java:1323)
</pre></div></td>
<td>0</td>
<td>com.webtest.renwu.pingfen@fd07cbb</td></tr>
<tr>
<td title='com.webtest.renwu.rank.testSearch()'><b>testSearch</b><br>Test class: com.webtest.renwu.rank</td>
<td><div><pre>java.io.FileNotFoundException: auto2018\conf\config.properties (系统找不到指定的路径。)
	at java.base/java.io.FileInputStream.open0(Native Method)
	at java.base/java.io.FileInputStream.open(FileInputStream.java:196)
	at java.base/java.io.FileInputStream.&lt;init&gt;(FileInputStream.java:139)
	at java.base/java.io.FileInputStream.&lt;init&gt;(FileInputStream.java:94)
	at com.webtest.utils.ReadProperties.getPropertyValue(Unknown Source)
	at com.webtest.core.BaseTest.doBeforeSuite(Unknown Source)
... Removed 25 stack frames</pre></div><a href='#' onClick='toggleBox("stack-trace1876682596", this, "Click to show all stack frames", "Click to hide stack frames")'>Click to show all stack frames</a>
<div class='stack-trace' id='stack-trace1876682596'><pre>java.io.FileNotFoundException: auto2018\conf\config.properties (系统找不到指定的路径。)
	at java.base/java.io.FileInputStream.open0(Native Method)
	at java.base/java.io.FileInputStream.open(FileInputStream.java:196)
	at java.base/java.io.FileInputStream.&lt;init&gt;(FileInputStream.java:139)
	at java.base/java.io.FileInputStream.&lt;init&gt;(FileInputStream.java:94)
	at com.webtest.utils.ReadProperties.getPropertyValue(Unknown Source)
	at com.webtest.core.BaseTest.doBeforeSuite(Unknown Source)
	at java.base/jdk.internal.reflect.NativeMethodAccessorImpl.invoke0(Native Method)
	at java.base/jdk.internal.reflect.NativeMethodAccessorImpl.invoke(NativeMethodAccessorImpl.java:62)
	at java.base/jdk.internal.reflect.DelegatingMethodAccessorImpl.invoke(DelegatingMethodAccessorImpl.java:43)
	at java.base/java.lang.reflect.Method.invoke(Method.java:564)
	at org.testng.internal.MethodInvocationHelper.invokeMethod(MethodInvocationHelper.java:124)
	at org.testng.internal.MethodInvocationHelper.invokeMethodConsideringTimeout(MethodInvocationHelper.java:59)
	at org.testng.internal.Invoker.invokeConfigurationMethod(Invoker.java:455)
	at org.testng.internal.Invoker.invokeConfigurations(Invoker.java:222)
	at org.testng.internal.Invoker.invokeConfigurations(Invoker.java:142)
	at org.testng.internal.TestMethodWorker.invokeBeforeClassMethods(TestMethodWorker.java:168)
	at org.testng.internal.TestMethodWorker.run(TestMethodWorker.java:105)
	at org.testng.TestRunner.privateRun(TestRunner.java:648)
	at org.testng.TestRunner.run(TestRunner.java:505)
	at org.testng.SuiteRunner.runTest(SuiteRunner.java:455)
	at org.testng.SuiteRunner.runSequentially(SuiteRunner.java:450)
	at org.testng.SuiteRunner.privateRun(SuiteRunner.java:415)
	at org.testng.SuiteRunner.run(SuiteRunner.java:364)
	at org.testng.SuiteRunnerWorker.runSuite(SuiteRunnerWorker.java:52)
	at org.testng.SuiteRunnerWorker.run(SuiteRunnerWorker.java:84)
	at org.testng.TestNG.runSuitesSequentially(TestNG.java:1208)
	at org.testng.TestNG.runSuitesLocally(TestNG.java:1137)
	at org.testng.TestNG.runSuites(TestNG.java:1049)
	at org.testng.TestNG.run(TestNG.java:1017)
	at org.testng.TestNG.privateMain(TestNG.java:1354)
	at org.testng.TestNG.main(TestNG.java:1323)
</pre></div></td>
<td>0</td>
<td>com.webtest.renwu.rank@3571b748</td></tr>
<tr>
<td title='com.webtest.renwu.sousuo.testSearch()'><b>testSearch</b><br>Test class: com.webtest.renwu.sousuo</td>
<td><div><pre>java.io.FileNotFoundException: auto2018\conf\config.properties (系统找不到指定的路径。)
	at java.base/java.io.FileInputStream.open0(Native Method)
	at java.base/java.io.FileInputStream.open(FileInputStream.java:196)
	at java.base/java.io.FileInputStream.&lt;init&gt;(FileInputStream.java:139)
	at java.base/java.io.FileInputStream.&lt;init&gt;(FileInputStream.java:94)
	at com.webtest.utils.ReadProperties.getPropertyValue(Unknown Source)
	at com.webtest.core.BaseTest.doBeforeSuite(Unknown Source)
... Removed 25 stack frames</pre></div><a href='#' onClick='toggleBox("stack-trace1478797373", this, "Click to show all stack frames", "Click to hide stack frames")'>Click to show all stack frames</a>
<div class='stack-trace' id='stack-trace1478797373'><pre>java.io.FileNotFoundException: auto2018\conf\config.properties (系统找不到指定的路径。)
	at java.base/java.io.FileInputStream.open0(Native Method)
	at java.base/java.io.FileInputStream.open(FileInputStream.java:196)
	at java.base/java.io.FileInputStream.&lt;init&gt;(FileInputStream.java:139)
	at java.base/java.io.FileInputStream.&lt;init&gt;(FileInputStream.java:94)
	at com.webtest.utils.ReadProperties.getPropertyValue(Unknown Source)
	at com.webtest.core.BaseTest.doBeforeSuite(Unknown Source)
	at java.base/jdk.internal.reflect.NativeMethodAccessorImpl.invoke0(Native Method)
	at java.base/jdk.internal.reflect.NativeMethodAccessorImpl.invoke(NativeMethodAccessorImpl.java:62)
	at java.base/jdk.internal.reflect.DelegatingMethodAccessorImpl.invoke(DelegatingMethodAccessorImpl.java:43)
	at java.base/java.lang.reflect.Method.invoke(Method.java:564)
	at org.testng.internal.MethodInvocationHelper.invokeMethod(MethodInvocationHelper.java:124)
	at org.testng.internal.MethodInvocationHelper.invokeMethodConsideringTimeout(MethodInvocationHelper.java:59)
	at org.testng.internal.Invoker.invokeConfigurationMethod(Invoker.java:455)
	at org.testng.internal.Invoker.invokeConfigurations(Invoker.java:222)
	at org.testng.internal.Invoker.invokeConfigurations(Invoker.java:142)
	at org.testng.internal.TestMethodWorker.invokeBeforeClassMethods(TestMethodWorker.java:168)
	at org.testng.internal.TestMethodWorker.run(TestMethodWorker.java:105)
	at org.testng.TestRunner.privateRun(TestRunner.java:648)
	at org.testng.TestRunner.run(TestRunner.java:505)
	at org.testng.SuiteRunner.runTest(SuiteRunner.java:455)
	at org.testng.SuiteRunner.runSequentially(SuiteRunner.java:450)
	at org.testng.SuiteRunner.privateRun(SuiteRunner.java:415)
	at org.testng.SuiteRunner.run(SuiteRunner.java:364)
	at org.testng.SuiteRunnerWorker.runSuite(SuiteRunnerWorker.java:52)
	at org.testng.SuiteRunnerWorker.run(SuiteRunnerWorker.java:84)
	at org.testng.TestNG.runSuitesSequentially(TestNG.java:1208)
	at org.testng.TestNG.runSuitesLocally(TestNG.java:1137)
	at org.testng.TestNG.runSuites(TestNG.java:1049)
	at org.testng.TestNG.run(TestNG.java:1017)
	at org.testng.TestNG.privateMain(TestNG.java:1354)
	at org.testng.TestNG.main(TestNG.java:1323)
</pre></div></td>
<td>0</td>
<td>com.webtest.renwu.sousuo@3e96bacf</td></tr>
<tr>
<td title='com.webtest.renwu.xinjian.testSearch()'><b>testSearch</b><br>Test class: com.webtest.renwu.xinjian</td>
<td><div><pre>java.io.FileNotFoundException: auto2018\conf\config.properties (系统找不到指定的路径。)
	at java.base/java.io.FileInputStream.open0(Native Method)
	at java.base/java.io.FileInputStream.open(FileInputStream.java:196)
	at java.base/java.io.FileInputStream.&lt;init&gt;(FileInputStream.java:139)
	at java.base/java.io.FileInputStream.&lt;init&gt;(FileInputStream.java:94)
	at com.webtest.utils.ReadProperties.getPropertyValue(Unknown Source)
	at com.webtest.core.BaseTest.doBeforeSuite(Unknown Source)
... Removed 25 stack frames</pre></div><a href='#' onClick='toggleBox("stack-trace1183231938", this, "Click to show all stack frames", "Click to hide stack frames")'>Click to show all stack frames</a>
<div class='stack-trace' id='stack-trace1183231938'><pre>java.io.FileNotFoundException: auto2018\conf\config.properties (系统找不到指定的路径。)
	at java.base/java.io.FileInputStream.open0(Native Method)
	at java.base/java.io.FileInputStream.open(FileInputStream.java:196)
	at java.base/java.io.FileInputStream.&lt;init&gt;(FileInputStream.java:139)
	at java.base/java.io.FileInputStream.&lt;init&gt;(FileInputStream.java:94)
	at com.webtest.utils.ReadProperties.getPropertyValue(Unknown Source)
	at com.webtest.core.BaseTest.doBeforeSuite(Unknown Source)
	at java.base/jdk.internal.reflect.NativeMethodAccessorImpl.invoke0(Native Method)
	at java.base/jdk.internal.reflect.NativeMethodAccessorImpl.invoke(NativeMethodAccessorImpl.java:62)
	at java.base/jdk.internal.reflect.DelegatingMethodAccessorImpl.invoke(DelegatingMethodAccessorImpl.java:43)
	at java.base/java.lang.reflect.Method.invoke(Method.java:564)
	at org.testng.internal.MethodInvocationHelper.invokeMethod(MethodInvocationHelper.java:124)
	at org.testng.internal.MethodInvocationHelper.invokeMethodConsideringTimeout(MethodInvocationHelper.java:59)
	at org.testng.internal.Invoker.invokeConfigurationMethod(Invoker.java:455)
	at org.testng.internal.Invoker.invokeConfigurations(Invoker.java:222)
	at org.testng.internal.Invoker.invokeConfigurations(Invoker.java:142)
	at org.testng.internal.TestMethodWorker.invokeBeforeClassMethods(TestMethodWorker.java:168)
	at org.testng.internal.TestMethodWorker.run(TestMethodWorker.java:105)
	at org.testng.TestRunner.privateRun(TestRunner.java:648)
	at org.testng.TestRunner.run(TestRunner.java:505)
	at org.testng.SuiteRunner.runTest(SuiteRunner.java:455)
	at org.testng.SuiteRunner.runSequentially(SuiteRunner.java:450)
	at org.testng.SuiteRunner.privateRun(SuiteRunner.java:415)
	at org.testng.SuiteRunner.run(SuiteRunner.java:364)
	at org.testng.SuiteRunnerWorker.runSuite(SuiteRunnerWorker.java:52)
	at org.testng.SuiteRunnerWorker.run(SuiteRunnerWorker.java:84)
	at org.testng.TestNG.runSuitesSequentially(TestNG.java:1208)
	at org.testng.TestNG.runSuitesLocally(TestNG.java:1137)
	at org.testng.TestNG.runSuites(TestNG.java:1049)
	at org.testng.TestNG.run(TestNG.java:1017)
	at org.testng.TestNG.privateMain(TestNG.java:1354)
	at org.testng.TestNG.main(TestNG.java:1323)
</pre></div></td>
<td>0</td>
<td>com.webtest.renwu.xinjian@484970b0</td></tr>
<tr>
<td title='com.webtest.personnel.personnal_files.File_SelectStatus_Test.testSelectStatus()'><b>testSelectStatus</b><br>Test class: com.webtest.personnel.personnal_files.File_SelectStatus_Test</td>
<td><div><pre>java.io.FileNotFoundException: auto2018\conf\config.properties (系统找不到指定的路径。)
	at java.base/java.io.FileInputStream.open0(Native Method)
	at java.base/java.io.FileInputStream.open(FileInputStream.java:196)
	at java.base/java.io.FileInputStream.&lt;init&gt;(FileInputStream.java:139)
	at java.base/java.io.FileInputStream.&lt;init&gt;(FileInputStream.java:94)
	at com.webtest.utils.ReadProperties.getPropertyValue(Unknown Source)
	at com.webtest.core.BaseTest.doBeforeSuite(Unknown Source)
... Removed 25 stack frames</pre></div><a href='#' onClick='toggleBox("stack-trace1678046232", this, "Click to show all stack frames", "Click to hide stack frames")'>Click to show all stack frames</a>
<div class='stack-trace' id='stack-trace1678046232'><pre>java.io.FileNotFoundException: auto2018\conf\config.properties (系统找不到指定的路径。)
	at java.base/java.io.FileInputStream.open0(Native Method)
	at java.base/java.io.FileInputStream.open(FileInputStream.java:196)
	at java.base/java.io.FileInputStream.&lt;init&gt;(FileInputStream.java:139)
	at java.base/java.io.FileInputStream.&lt;init&gt;(FileInputStream.java:94)
	at com.webtest.utils.ReadProperties.getPropertyValue(Unknown Source)
	at com.webtest.core.BaseTest.doBeforeSuite(Unknown Source)
	at java.base/jdk.internal.reflect.NativeMethodAccessorImpl.invoke0(Native Method)
	at java.base/jdk.internal.reflect.NativeMethodAccessorImpl.invoke(NativeMethodAccessorImpl.java:62)
	at java.base/jdk.internal.reflect.DelegatingMethodAccessorImpl.invoke(DelegatingMethodAccessorImpl.java:43)
	at java.base/java.lang.reflect.Method.invoke(Method.java:564)
	at org.testng.internal.MethodInvocationHelper.invokeMethod(MethodInvocationHelper.java:124)
	at org.testng.internal.MethodInvocationHelper.invokeMethodConsideringTimeout(MethodInvocationHelper.java:59)
	at org.testng.internal.Invoker.invokeConfigurationMethod(Invoker.java:455)
	at org.testng.internal.Invoker.invokeConfigurations(Invoker.java:222)
	at org.testng.internal.Invoker.invokeConfigurations(Invoker.java:142)
	at org.testng.internal.TestMethodWorker.invokeBeforeClassMethods(TestMethodWorker.java:168)
	at org.testng.internal.TestMethodWorker.run(TestMethodWorker.java:105)
	at org.testng.TestRunner.privateRun(TestRunner.java:648)
	at org.testng.TestRunner.run(TestRunner.java:505)
	at org.testng.SuiteRunner.runTest(SuiteRunner.java:455)
	at org.testng.SuiteRunner.runSequentially(SuiteRunner.java:450)
	at org.testng.SuiteRunner.privateRun(SuiteRunner.java:415)
	at org.testng.SuiteRunner.run(SuiteRunner.java:364)
	at org.testng.SuiteRunnerWorker.runSuite(SuiteRunnerWorker.java:52)
	at org.testng.SuiteRunnerWorker.run(SuiteRunnerWorker.java:84)
	at org.testng.TestNG.runSuitesSequentially(TestNG.java:1208)
	at org.testng.TestNG.runSuitesLocally(TestNG.java:1137)
	at org.testng.TestNG.runSuites(TestNG.java:1049)
	at org.testng.TestNG.run(TestNG.java:1017)
	at org.testng.TestNG.privateMain(TestNG.java:1354)
	at org.testng.TestNG.main(TestNG.java:1323)
</pre></div></td>
<td>0</td>
<td>com.webtest.personnel.personnal_files.File_SelectStatus_Test@683dbc2c</td></tr>
<tr>
<td title='com.webtest.personnel.personnal_files.File_Subscript_Test.testSubscript()'><b>testSubscript</b><br>Test class: com.webtest.personnel.personnal_files.File_Subscript_Test</td>
<td><div><pre>java.io.FileNotFoundException: auto2018\conf\config.properties (系统找不到指定的路径。)
	at java.base/java.io.FileInputStream.open0(Native Method)
	at java.base/java.io.FileInputStream.open(FileInputStream.java:196)
	at java.base/java.io.FileInputStream.&lt;init&gt;(FileInputStream.java:139)
	at java.base/java.io.FileInputStream.&lt;init&gt;(FileInputStream.java:94)
	at com.webtest.utils.ReadProperties.getPropertyValue(Unknown Source)
	at com.webtest.core.BaseTest.doBeforeSuite(Unknown Source)
... Removed 25 stack frames</pre></div><a href='#' onClick='toggleBox("stack-trace556281560", this, "Click to show all stack frames", "Click to hide stack frames")'>Click to show all stack frames</a>
<div class='stack-trace' id='stack-trace556281560'><pre>java.io.FileNotFoundException: auto2018\conf\config.properties (系统找不到指定的路径。)
	at java.base/java.io.FileInputStream.open0(Native Method)
	at java.base/java.io.FileInputStream.open(FileInputStream.java:196)
	at java.base/java.io.FileInputStream.&lt;init&gt;(FileInputStream.java:139)
	at java.base/java.io.FileInputStream.&lt;init&gt;(FileInputStream.java:94)
	at com.webtest.utils.ReadProperties.getPropertyValue(Unknown Source)
	at com.webtest.core.BaseTest.doBeforeSuite(Unknown Source)
	at java.base/jdk.internal.reflect.NativeMethodAccessorImpl.invoke0(Native Method)
	at java.base/jdk.internal.reflect.NativeMethodAccessorImpl.invoke(NativeMethodAccessorImpl.java:62)
	at java.base/jdk.internal.reflect.DelegatingMethodAccessorImpl.invoke(DelegatingMethodAccessorImpl.java:43)
	at java.base/java.lang.reflect.Method.invoke(Method.java:564)
	at org.testng.internal.MethodInvocationHelper.invokeMethod(MethodInvocationHelper.java:124)
	at org.testng.internal.MethodInvocationHelper.invokeMethodConsideringTimeout(MethodInvocationHelper.java:59)
	at org.testng.internal.Invoker.invokeConfigurationMethod(Invoker.java:455)
	at org.testng.internal.Invoker.invokeConfigurations(Invoker.java:222)
	at org.testng.internal.Invoker.invokeConfigurations(Invoker.java:142)
	at org.testng.internal.TestMethodWorker.invokeBeforeClassMethods(TestMethodWorker.java:168)
	at org.testng.internal.TestMethodWorker.run(TestMethodWorker.java:105)
	at org.testng.TestRunner.privateRun(TestRunner.java:648)
	at org.testng.TestRunner.run(TestRunner.java:505)
	at org.testng.SuiteRunner.runTest(SuiteRunner.java:455)
	at org.testng.SuiteRunner.runSequentially(SuiteRunner.java:450)
	at org.testng.SuiteRunner.privateRun(SuiteRunner.java:415)
	at org.testng.SuiteRunner.run(SuiteRunner.java:364)
	at org.testng.SuiteRunnerWorker.runSuite(SuiteRunnerWorker.java:52)
	at org.testng.SuiteRunnerWorker.run(SuiteRunnerWorker.java:84)
	at org.testng.TestNG.runSuitesSequentially(TestNG.java:1208)
	at org.testng.TestNG.runSuitesLocally(TestNG.java:1137)
	at org.testng.TestNG.runSuites(TestNG.java:1049)
	at org.testng.TestNG.run(TestNG.java:1017)
	at org.testng.TestNG.privateMain(TestNG.java:1354)
	at org.testng.TestNG.main(TestNG.java:1323)
</pre></div></td>
<td>0</td>
<td>com.webtest.personnel.personnal_files.File_Subscript_Test@68267da0</td></tr>
<tr>
<td title='com.webtest.liucheng.test1.testT()'><b>testT</b><br>Test class: com.webtest.liucheng.test1</td>
<td><div><pre>java.io.FileNotFoundException: auto2018\conf\config.properties (系统找不到指定的路径。)
	at java.base/java.io.FileInputStream.open0(Native Method)
	at java.base/java.io.FileInputStream.open(FileInputStream.java:196)
	at java.base/java.io.FileInputStream.&lt;init&gt;(FileInputStream.java:139)
	at java.base/java.io.FileInputStream.&lt;init&gt;(FileInputStream.java:94)
	at com.webtest.utils.ReadProperties.getPropertyValue(Unknown Source)
	at com.webtest.core.BaseTest.doBeforeSuite(Unknown Source)
... Removed 25 stack frames</pre></div><a href='#' onClick='toggleBox("stack-trace1267655902", this, "Click to show all stack frames", "Click to hide stack frames")'>Click to show all stack frames</a>
<div class='stack-trace' id='stack-trace1267655902'><pre>java.io.FileNotFoundException: auto2018\conf\config.properties (系统找不到指定的路径。)
	at java.base/java.io.FileInputStream.open0(Native Method)
	at java.base/java.io.FileInputStream.open(FileInputStream.java:196)
	at java.base/java.io.FileInputStream.&lt;init&gt;(FileInputStream.java:139)
	at java.base/java.io.FileInputStream.&lt;init&gt;(FileInputStream.java:94)
	at com.webtest.utils.ReadProperties.getPropertyValue(Unknown Source)
	at com.webtest.core.BaseTest.doBeforeSuite(Unknown Source)
	at java.base/jdk.internal.reflect.NativeMethodAccessorImpl.invoke0(Native Method)
	at java.base/jdk.internal.reflect.NativeMethodAccessorImpl.invoke(NativeMethodAccessorImpl.java:62)
	at java.base/jdk.internal.reflect.DelegatingMethodAccessorImpl.invoke(DelegatingMethodAccessorImpl.java:43)
	at java.base/java.lang.reflect.Method.invoke(Method.java:564)
	at org.testng.internal.MethodInvocationHelper.invokeMethod(MethodInvocationHelper.java:124)
	at org.testng.internal.MethodInvocationHelper.invokeMethodConsideringTimeout(MethodInvocationHelper.java:59)
	at org.testng.internal.Invoker.invokeConfigurationMethod(Invoker.java:455)
	at org.testng.internal.Invoker.invokeConfigurations(Invoker.java:222)
	at org.testng.internal.Invoker.invokeConfigurations(Invoker.java:142)
	at org.testng.internal.TestMethodWorker.invokeBeforeClassMethods(TestMethodWorker.java:168)
	at org.testng.internal.TestMethodWorker.run(TestMethodWorker.java:105)
	at org.testng.TestRunner.privateRun(TestRunner.java:648)
	at org.testng.TestRunner.run(TestRunner.java:505)
	at org.testng.SuiteRunner.runTest(SuiteRunner.java:455)
	at org.testng.SuiteRunner.runSequentially(SuiteRunner.java:450)
	at org.testng.SuiteRunner.privateRun(SuiteRunner.java:415)
	at org.testng.SuiteRunner.run(SuiteRunner.java:364)
	at org.testng.SuiteRunnerWorker.runSuite(SuiteRunnerWorker.java:52)
	at org.testng.SuiteRunnerWorker.run(SuiteRunnerWorker.java:84)
	at org.testng.TestNG.runSuitesSequentially(TestNG.java:1208)
	at org.testng.TestNG.runSuitesLocally(TestNG.java:1137)
	at org.testng.TestNG.runSuites(TestNG.java:1049)
	at org.testng.TestNG.run(TestNG.java:1017)
	at org.testng.TestNG.privateMain(TestNG.java:1354)
	at org.testng.TestNG.main(TestNG.java:1323)
</pre></div></td>
<td>0</td>
<td>com.webtest.liucheng.test1@6ff29830</td></tr>
<tr>
<td title='com.webtest.xinhu_personal.Addnotice_time.testTime()'><b>testTime</b><br>Test class: com.webtest.xinhu_personal.Addnotice_time</td>
<td><div><pre>java.lang.Throwable: Method Addnotice_time.testTime(java.lang.String, java.lang.String)[pri:0, instance:com.webtest.xinhu_personal.Addnotice_time@a1cdc6d] depends on not successfully finished methods
... Removed 17 stack frames</pre></div><a href='#' onClick='toggleBox("stack-trace953082513", this, "Click to show all stack frames", "Click to hide stack frames")'>Click to show all stack frames</a>
<div class='stack-trace' id='stack-trace953082513'><pre>java.lang.Throwable: Method Addnotice_time.testTime(java.lang.String, java.lang.String)[pri:0, instance:com.webtest.xinhu_personal.Addnotice_time@a1cdc6d] depends on not successfully finished methods
	at org.testng.internal.Invoker.invokeTestMethods(Invoker.java:887)
	at org.testng.internal.TestMethodWorker.invokeTestMethods(TestMethodWorker.java:125)
	at org.testng.internal.TestMethodWorker.run(TestMethodWorker.java:109)
	at org.testng.TestRunner.privateRun(TestRunner.java:648)
	at org.testng.TestRunner.run(TestRunner.java:505)
	at org.testng.SuiteRunner.runTest(SuiteRunner.java:455)
	at org.testng.SuiteRunner.runSequentially(SuiteRunner.java:450)
	at org.testng.SuiteRunner.privateRun(SuiteRunner.java:415)
	at org.testng.SuiteRunner.run(SuiteRunner.java:364)
	at org.testng.SuiteRunnerWorker.runSuite(SuiteRunnerWorker.java:52)
	at org.testng.SuiteRunnerWorker.run(SuiteRunnerWorker.java:84)
	at org.testng.TestNG.runSuitesSequentially(TestNG.java:1208)
	at org.testng.TestNG.runSuitesLocally(TestNG.java:1137)
	at org.testng.TestNG.runSuites(TestNG.java:1049)
	at org.testng.TestNG.run(TestNG.java:1017)
	at org.testng.TestNG.privateMain(TestNG.java:1354)
	at org.testng.TestNG.main(TestNG.java:1323)
</pre></div></td>
<td>0</td>
<td>null</td></tr>
<tr>
<td title='com.webtest.xingzheng.TestPart1_wupin.test_a1()'><b>test_a1</b><br>Test class: com.webtest.xingzheng.TestPart1_wupin</td>
<td><div><pre>java.io.FileNotFoundException: auto2018\conf\config.properties (系统找不到指定的路径。)
	at java.base/java.io.FileInputStream.open0(Native Method)
	at java.base/java.io.FileInputStream.open(FileInputStream.java:196)
	at java.base/java.io.FileInputStream.&lt;init&gt;(FileInputStream.java:139)
	at java.base/java.io.FileInputStream.&lt;init&gt;(FileInputStream.java:94)
	at com.webtest.utils.ReadProperties.getPropertyValue(Unknown Source)
	at com.webtest.core.BaseTest.doBeforeSuite(Unknown Source)
... Removed 25 stack frames</pre></div><a href='#' onClick='toggleBox("stack-trace2014461570", this, "Click to show all stack frames", "Click to hide stack frames")'>Click to show all stack frames</a>
<div class='stack-trace' id='stack-trace2014461570'><pre>java.io.FileNotFoundException: auto2018\conf\config.properties (系统找不到指定的路径。)
	at java.base/java.io.FileInputStream.open0(Native Method)
	at java.base/java.io.FileInputStream.open(FileInputStream.java:196)
	at java.base/java.io.FileInputStream.&lt;init&gt;(FileInputStream.java:139)
	at java.base/java.io.FileInputStream.&lt;init&gt;(FileInputStream.java:94)
	at com.webtest.utils.ReadProperties.getPropertyValue(Unknown Source)
	at com.webtest.core.BaseTest.doBeforeSuite(Unknown Source)
	at java.base/jdk.internal.reflect.NativeMethodAccessorImpl.invoke0(Native Method)
	at java.base/jdk.internal.reflect.NativeMethodAccessorImpl.invoke(NativeMethodAccessorImpl.java:62)
	at java.base/jdk.internal.reflect.DelegatingMethodAccessorImpl.invoke(DelegatingMethodAccessorImpl.java:43)
	at java.base/java.lang.reflect.Method.invoke(Method.java:564)
	at org.testng.internal.MethodInvocationHelper.invokeMethod(MethodInvocationHelper.java:124)
	at org.testng.internal.MethodInvocationHelper.invokeMethodConsideringTimeout(MethodInvocationHelper.java:59)
	at org.testng.internal.Invoker.invokeConfigurationMethod(Invoker.java:455)
	at org.testng.internal.Invoker.invokeConfigurations(Invoker.java:222)
	at org.testng.internal.Invoker.invokeConfigurations(Invoker.java:142)
	at org.testng.internal.TestMethodWorker.invokeBeforeClassMethods(TestMethodWorker.java:168)
	at org.testng.internal.TestMethodWorker.run(TestMethodWorker.java:105)
	at org.testng.TestRunner.privateRun(TestRunner.java:648)
	at org.testng.TestRunner.run(TestRunner.java:505)
	at org.testng.SuiteRunner.runTest(SuiteRunner.java:455)
	at org.testng.SuiteRunner.runSequentially(SuiteRunner.java:450)
	at org.testng.SuiteRunner.privateRun(SuiteRunner.java:415)
	at org.testng.SuiteRunner.run(SuiteRunner.java:364)
	at org.testng.SuiteRunnerWorker.runSuite(SuiteRunnerWorker.java:52)
	at org.testng.SuiteRunnerWorker.run(SuiteRunnerWorker.java:84)
	at org.testng.TestNG.runSuitesSequentially(TestNG.java:1208)
	at org.testng.TestNG.runSuitesLocally(TestNG.java:1137)
	at org.testng.TestNG.runSuites(TestNG.java:1049)
	at org.testng.TestNG.run(TestNG.java:1017)
	at org.testng.TestNG.privateMain(TestNG.java:1354)
	at org.testng.TestNG.main(TestNG.java:1323)
</pre></div></td>
<td>0</td>
<td>com.webtest.xingzheng.TestPart1_wupin@68567e20</td></tr>
<tr>
<td title='com.webtest.xingzheng.TestPart1_wupin.test_a2()'><b>test_a2</b><br>Test class: com.webtest.xingzheng.TestPart1_wupin</td>
<td><div><pre>java.io.FileNotFoundException: auto2018\conf\config.properties (系统找不到指定的路径。)
	at java.base/java.io.FileInputStream.open0(Native Method)
	at java.base/java.io.FileInputStream.open(FileInputStream.java:196)
	at java.base/java.io.FileInputStream.&lt;init&gt;(FileInputStream.java:139)
	at java.base/java.io.FileInputStream.&lt;init&gt;(FileInputStream.java:94)
	at com.webtest.utils.ReadProperties.getPropertyValue(Unknown Source)
	at com.webtest.core.BaseTest.doBeforeSuite(Unknown Source)
... Removed 25 stack frames</pre></div><a href='#' onClick='toggleBox("stack-trace1740846921", this, "Click to show all stack frames", "Click to hide stack frames")'>Click to show all stack frames</a>
<div class='stack-trace' id='stack-trace1740846921'><pre>java.io.FileNotFoundException: auto2018\conf\config.properties (系统找不到指定的路径。)
	at java.base/java.io.FileInputStream.open0(Native Method)
	at java.base/java.io.FileInputStream.open(FileInputStream.java:196)
	at java.base/java.io.FileInputStream.&lt;init&gt;(FileInputStream.java:139)
	at java.base/java.io.FileInputStream.&lt;init&gt;(FileInputStream.java:94)
	at com.webtest.utils.ReadProperties.getPropertyValue(Unknown Source)
	at com.webtest.core.BaseTest.doBeforeSuite(Unknown Source)
	at java.base/jdk.internal.reflect.NativeMethodAccessorImpl.invoke0(Native Method)
	at java.base/jdk.internal.reflect.NativeMethodAccessorImpl.invoke(NativeMethodAccessorImpl.java:62)
	at java.base/jdk.internal.reflect.DelegatingMethodAccessorImpl.invoke(DelegatingMethodAccessorImpl.java:43)
	at java.base/java.lang.reflect.Method.invoke(Method.java:564)
	at org.testng.internal.MethodInvocationHelper.invokeMethod(MethodInvocationHelper.java:124)
	at org.testng.internal.MethodInvocationHelper.invokeMethodConsideringTimeout(MethodInvocationHelper.java:59)
	at org.testng.internal.Invoker.invokeConfigurationMethod(Invoker.java:455)
	at org.testng.internal.Invoker.invokeConfigurations(Invoker.java:222)
	at org.testng.internal.Invoker.invokeConfigurations(Invoker.java:142)
	at org.testng.internal.TestMethodWorker.invokeBeforeClassMethods(TestMethodWorker.java:168)
	at org.testng.internal.TestMethodWorker.run(TestMethodWorker.java:105)
	at org.testng.TestRunner.privateRun(TestRunner.java:648)
	at org.testng.TestRunner.run(TestRunner.java:505)
	at org.testng.SuiteRunner.runTest(SuiteRunner.java:455)
	at org.testng.SuiteRunner.runSequentially(SuiteRunner.java:450)
	at org.testng.SuiteRunner.privateRun(SuiteRunner.java:415)
	at org.testng.SuiteRunner.run(SuiteRunner.java:364)
	at org.testng.SuiteRunnerWorker.runSuite(SuiteRunnerWorker.java:52)
	at org.testng.SuiteRunnerWorker.run(SuiteRunnerWorker.java:84)
	at org.testng.TestNG.runSuitesSequentially(TestNG.java:1208)
	at org.testng.TestNG.runSuitesLocally(TestNG.java:1137)
	at org.testng.TestNG.runSuites(TestNG.java:1049)
	at org.testng.TestNG.run(TestNG.java:1017)
	at org.testng.TestNG.privateMain(TestNG.java:1354)
	at org.testng.TestNG.main(TestNG.java:1323)
</pre></div></td>
<td>0</td>
<td>com.webtest.xingzheng.TestPart1_wupin@68567e20</td></tr>
<tr>
<td title='com.webtest.xingzheng.TestPart1_wupin.test_a3()'><b>test_a3</b><br>Test class: com.webtest.xingzheng.TestPart1_wupin</td>
<td><div><pre>java.io.FileNotFoundException: auto2018\conf\config.properties (系统找不到指定的路径。)
	at java.base/java.io.FileInputStream.open0(Native Method)
	at java.base/java.io.FileInputStream.open(FileInputStream.java:196)
	at java.base/java.io.FileInputStream.&lt;init&gt;(FileInputStream.java:139)
	at java.base/java.io.FileInputStream.&lt;init&gt;(FileInputStream.java:94)
	at com.webtest.utils.ReadProperties.getPropertyValue(Unknown Source)
	at com.webtest.core.BaseTest.doBeforeSuite(Unknown Source)
... Removed 25 stack frames</pre></div><a href='#' onClick='toggleBox("stack-trace263885523", this, "Click to show all stack frames", "Click to hide stack frames")'>Click to show all stack frames</a>
<div class='stack-trace' id='stack-trace263885523'><pre>java.io.FileNotFoundException: auto2018\conf\config.properties (系统找不到指定的路径。)
	at java.base/java.io.FileInputStream.open0(Native Method)
	at java.base/java.io.FileInputStream.open(FileInputStream.java:196)
	at java.base/java.io.FileInputStream.&lt;init&gt;(FileInputStream.java:139)
	at java.base/java.io.FileInputStream.&lt;init&gt;(FileInputStream.java:94)
	at com.webtest.utils.ReadProperties.getPropertyValue(Unknown Source)
	at com.webtest.core.BaseTest.doBeforeSuite(Unknown Source)
	at java.base/jdk.internal.reflect.NativeMethodAccessorImpl.invoke0(Native Method)
	at java.base/jdk.internal.reflect.NativeMethodAccessorImpl.invoke(NativeMethodAccessorImpl.java:62)
	at java.base/jdk.internal.reflect.DelegatingMethodAccessorImpl.invoke(DelegatingMethodAccessorImpl.java:43)
	at java.base/java.lang.reflect.Method.invoke(Method.java:564)
	at org.testng.internal.MethodInvocationHelper.invokeMethod(MethodInvocationHelper.java:124)
	at org.testng.internal.MethodInvocationHelper.invokeMethodConsideringTimeout(MethodInvocationHelper.java:59)
	at org.testng.internal.Invoker.invokeConfigurationMethod(Invoker.java:455)
	at org.testng.internal.Invoker.invokeConfigurations(Invoker.java:222)
	at org.testng.internal.Invoker.invokeConfigurations(Invoker.java:142)
	at org.testng.internal.TestMethodWorker.invokeBeforeClassMethods(TestMethodWorker.java:168)
	at org.testng.internal.TestMethodWorker.run(TestMethodWorker.java:105)
	at org.testng.TestRunner.privateRun(TestRunner.java:648)
	at org.testng.TestRunner.run(TestRunner.java:505)
	at org.testng.SuiteRunner.runTest(SuiteRunner.java:455)
	at org.testng.SuiteRunner.runSequentially(SuiteRunner.java:450)
	at org.testng.SuiteRunner.privateRun(SuiteRunner.java:415)
	at org.testng.SuiteRunner.run(SuiteRunner.java:364)
	at org.testng.SuiteRunnerWorker.runSuite(SuiteRunnerWorker.java:52)
	at org.testng.SuiteRunnerWorker.run(SuiteRunnerWorker.java:84)
	at org.testng.TestNG.runSuitesSequentially(TestNG.java:1208)
	at org.testng.TestNG.runSuitesLocally(TestNG.java:1137)
	at org.testng.TestNG.runSuites(TestNG.java:1049)
	at org.testng.TestNG.run(TestNG.java:1017)
	at org.testng.TestNG.privateMain(TestNG.java:1354)
	at org.testng.TestNG.main(TestNG.java:1323)
</pre></div></td>
<td>0</td>
<td>com.webtest.xingzheng.TestPart1_wupin@68567e20</td></tr>
<tr>
<td title='com.webtest.xingzheng.TestPart1_wupin.test_a4()'><b>test_a4</b><br>Test class: com.webtest.xingzheng.TestPart1_wupin</td>
<td><div><pre>java.io.FileNotFoundException: auto2018\conf\config.properties (系统找不到指定的路径。)
	at java.base/java.io.FileInputStream.open0(Native Method)
	at java.base/java.io.FileInputStream.open(FileInputStream.java:196)
	at java.base/java.io.FileInputStream.&lt;init&gt;(FileInputStream.java:139)
	at java.base/java.io.FileInputStream.&lt;init&gt;(FileInputStream.java:94)
	at com.webtest.utils.ReadProperties.getPropertyValue(Unknown Source)
	at com.webtest.core.BaseTest.doBeforeSuite(Unknown Source)
... Removed 25 stack frames</pre></div><a href='#' onClick='toggleBox("stack-trace1714113641", this, "Click to show all stack frames", "Click to hide stack frames")'>Click to show all stack frames</a>
<div class='stack-trace' id='stack-trace1714113641'><pre>java.io.FileNotFoundException: auto2018\conf\config.properties (系统找不到指定的路径。)
	at java.base/java.io.FileInputStream.open0(Native Method)
	at java.base/java.io.FileInputStream.open(FileInputStream.java:196)
	at java.base/java.io.FileInputStream.&lt;init&gt;(FileInputStream.java:139)
	at java.base/java.io.FileInputStream.&lt;init&gt;(FileInputStream.java:94)
	at com.webtest.utils.ReadProperties.getPropertyValue(Unknown Source)
	at com.webtest.core.BaseTest.doBeforeSuite(Unknown Source)
	at java.base/jdk.internal.reflect.NativeMethodAccessorImpl.invoke0(Native Method)
	at java.base/jdk.internal.reflect.NativeMethodAccessorImpl.invoke(NativeMethodAccessorImpl.java:62)
	at java.base/jdk.internal.reflect.DelegatingMethodAccessorImpl.invoke(DelegatingMethodAccessorImpl.java:43)
	at java.base/java.lang.reflect.Method.invoke(Method.java:564)
	at org.testng.internal.MethodInvocationHelper.invokeMethod(MethodInvocationHelper.java:124)
	at org.testng.internal.MethodInvocationHelper.invokeMethodConsideringTimeout(MethodInvocationHelper.java:59)
	at org.testng.internal.Invoker.invokeConfigurationMethod(Invoker.java:455)
	at org.testng.internal.Invoker.invokeConfigurations(Invoker.java:222)
	at org.testng.internal.Invoker.invokeConfigurations(Invoker.java:142)
	at org.testng.internal.TestMethodWorker.invokeBeforeClassMethods(TestMethodWorker.java:168)
	at org.testng.internal.TestMethodWorker.run(TestMethodWorker.java:105)
	at org.testng.TestRunner.privateRun(TestRunner.java:648)
	at org.testng.TestRunner.run(TestRunner.java:505)
	at org.testng.SuiteRunner.runTest(SuiteRunner.java:455)
	at org.testng.SuiteRunner.runSequentially(SuiteRunner.java:450)
	at org.testng.SuiteRunner.privateRun(SuiteRunner.java:415)
	at org.testng.SuiteRunner.run(SuiteRunner.java:364)
	at org.testng.SuiteRunnerWorker.runSuite(SuiteRunnerWorker.java:52)
	at org.testng.SuiteRunnerWorker.run(SuiteRunnerWorker.java:84)
	at org.testng.TestNG.runSuitesSequentially(TestNG.java:1208)
	at org.testng.TestNG.runSuitesLocally(TestNG.java:1137)
	at org.testng.TestNG.runSuites(TestNG.java:1049)
	at org.testng.TestNG.run(TestNG.java:1017)
	at org.testng.TestNG.privateMain(TestNG.java:1354)
	at org.testng.TestNG.main(TestNG.java:1323)
</pre></div></td>
<td>0</td>
<td>com.webtest.xingzheng.TestPart1_wupin@68567e20</td></tr>
<tr>
<td title='com.webtest.xingzheng.TestPart1_wupin.test_a5()'><b>test_a5</b><br>Test class: com.webtest.xingzheng.TestPart1_wupin</td>
<td><div><pre>java.io.FileNotFoundException: auto2018\conf\config.properties (系统找不到指定的路径。)
	at java.base/java.io.FileInputStream.open0(Native Method)
	at java.base/java.io.FileInputStream.open(FileInputStream.java:196)
	at java.base/java.io.FileInputStream.&lt;init&gt;(FileInputStream.java:139)
	at java.base/java.io.FileInputStream.&lt;init&gt;(FileInputStream.java:94)
	at com.webtest.utils.ReadProperties.getPropertyValue(Unknown Source)
	at com.webtest.core.BaseTest.doBeforeSuite(Unknown Source)
... Removed 25 stack frames</pre></div><a href='#' onClick='toggleBox("stack-trace262445056", this, "Click to show all stack frames", "Click to hide stack frames")'>Click to show all stack frames</a>
<div class='stack-trace' id='stack-trace262445056'><pre>java.io.FileNotFoundException: auto2018\conf\config.properties (系统找不到指定的路径。)
	at java.base/java.io.FileInputStream.open0(Native Method)
	at java.base/java.io.FileInputStream.open(FileInputStream.java:196)
	at java.base/java.io.FileInputStream.&lt;init&gt;(FileInputStream.java:139)
	at java.base/java.io.FileInputStream.&lt;init&gt;(FileInputStream.java:94)
	at com.webtest.utils.ReadProperties.getPropertyValue(Unknown Source)
	at com.webtest.core.BaseTest.doBeforeSuite(Unknown Source)
	at java.base/jdk.internal.reflect.NativeMethodAccessorImpl.invoke0(Native Method)
	at java.base/jdk.internal.reflect.NativeMethodAccessorImpl.invoke(NativeMethodAccessorImpl.java:62)
	at java.base/jdk.internal.reflect.DelegatingMethodAccessorImpl.invoke(DelegatingMethodAccessorImpl.java:43)
	at java.base/java.lang.reflect.Method.invoke(Method.java:564)
	at org.testng.internal.MethodInvocationHelper.invokeMethod(MethodInvocationHelper.java:124)
	at org.testng.internal.MethodInvocationHelper.invokeMethodConsideringTimeout(MethodInvocationHelper.java:59)
	at org.testng.internal.Invoker.invokeConfigurationMethod(Invoker.java:455)
	at org.testng.internal.Invoker.invokeConfigurations(Invoker.java:222)
	at org.testng.internal.Invoker.invokeConfigurations(Invoker.java:142)
	at org.testng.internal.TestMethodWorker.invokeBeforeClassMethods(TestMethodWorker.java:168)
	at org.testng.internal.TestMethodWorker.run(TestMethodWorker.java:105)
	at org.testng.TestRunner.privateRun(TestRunner.java:648)
	at org.testng.TestRunner.run(TestRunner.java:505)
	at org.testng.SuiteRunner.runTest(SuiteRunner.java:455)
	at org.testng.SuiteRunner.runSequentially(SuiteRunner.java:450)
	at org.testng.SuiteRunner.privateRun(SuiteRunner.java:415)
	at org.testng.SuiteRunner.run(SuiteRunner.java:364)
	at org.testng.SuiteRunnerWorker.runSuite(SuiteRunnerWorker.java:52)
	at org.testng.SuiteRunnerWorker.run(SuiteRunnerWorker.java:84)
	at org.testng.TestNG.runSuitesSequentially(TestNG.java:1208)
	at org.testng.TestNG.runSuitesLocally(TestNG.java:1137)
	at org.testng.TestNG.runSuites(TestNG.java:1049)
	at org.testng.TestNG.run(TestNG.java:1017)
	at org.testng.TestNG.privateMain(TestNG.java:1354)
	at org.testng.TestNG.main(TestNG.java:1323)
</pre></div></td>
<td>0</td>
<td>com.webtest.xingzheng.TestPart1_wupin@68567e20</td></tr>
<tr>
<td title='com.webtest.xingzheng.TestPart2_zichan.test_b1()'><b>test_b1</b><br>Test class: com.webtest.xingzheng.TestPart2_zichan</td>
<td><div><pre>java.io.FileNotFoundException: auto2018\conf\config.properties (系统找不到指定的路径。)
	at java.base/java.io.FileInputStream.open0(Native Method)
	at java.base/java.io.FileInputStream.open(FileInputStream.java:196)
	at java.base/java.io.FileInputStream.&lt;init&gt;(FileInputStream.java:139)
	at java.base/java.io.FileInputStream.&lt;init&gt;(FileInputStream.java:94)
	at com.webtest.utils.ReadProperties.getPropertyValue(Unknown Source)
	at com.webtest.core.BaseTest.doBeforeSuite(Unknown Source)
... Removed 25 stack frames</pre></div><a href='#' onClick='toggleBox("stack-trace1409154977", this, "Click to show all stack frames", "Click to hide stack frames")'>Click to show all stack frames</a>
<div class='stack-trace' id='stack-trace1409154977'><pre>java.io.FileNotFoundException: auto2018\conf\config.properties (系统找不到指定的路径。)
	at java.base/java.io.FileInputStream.open0(Native Method)
	at java.base/java.io.FileInputStream.open(FileInputStream.java:196)
	at java.base/java.io.FileInputStream.&lt;init&gt;(FileInputStream.java:139)
	at java.base/java.io.FileInputStream.&lt;init&gt;(FileInputStream.java:94)
	at com.webtest.utils.ReadProperties.getPropertyValue(Unknown Source)
	at com.webtest.core.BaseTest.doBeforeSuite(Unknown Source)
	at java.base/jdk.internal.reflect.NativeMethodAccessorImpl.invoke0(Native Method)
	at java.base/jdk.internal.reflect.NativeMethodAccessorImpl.invoke(NativeMethodAccessorImpl.java:62)
	at java.base/jdk.internal.reflect.DelegatingMethodAccessorImpl.invoke(DelegatingMethodAccessorImpl.java:43)
	at java.base/java.lang.reflect.Method.invoke(Method.java:564)
	at org.testng.internal.MethodInvocationHelper.invokeMethod(MethodInvocationHelper.java:124)
	at org.testng.internal.MethodInvocationHelper.invokeMethodConsideringTimeout(MethodInvocationHelper.java:59)
	at org.testng.internal.Invoker.invokeConfigurationMethod(Invoker.java:455)
	at org.testng.internal.Invoker.invokeConfigurations(Invoker.java:222)
	at org.testng.internal.Invoker.invokeConfigurations(Invoker.java:142)
	at org.testng.internal.TestMethodWorker.invokeBeforeClassMethods(TestMethodWorker.java:168)
	at org.testng.internal.TestMethodWorker.run(TestMethodWorker.java:105)
	at org.testng.TestRunner.privateRun(TestRunner.java:648)
	at org.testng.TestRunner.run(TestRunner.java:505)
	at org.testng.SuiteRunner.runTest(SuiteRunner.java:455)
	at org.testng.SuiteRunner.runSequentially(SuiteRunner.java:450)
	at org.testng.SuiteRunner.privateRun(SuiteRunner.java:415)
	at org.testng.SuiteRunner.run(SuiteRunner.java:364)
	at org.testng.SuiteRunnerWorker.runSuite(SuiteRunnerWorker.java:52)
	at org.testng.SuiteRunnerWorker.run(SuiteRunnerWorker.java:84)
	at org.testng.TestNG.runSuitesSequentially(TestNG.java:1208)
	at org.testng.TestNG.runSuitesLocally(TestNG.java:1137)
	at org.testng.TestNG.runSuites(TestNG.java:1049)
	at org.testng.TestNG.run(TestNG.java:1017)
	at org.testng.TestNG.privateMain(TestNG.java:1354)
	at org.testng.TestNG.main(TestNG.java:1323)
</pre></div></td>
<td>0</td>
<td>com.webtest.xingzheng.TestPart2_zichan@76ed1b7c</td></tr>
<tr>
<td title='com.webtest.xingzheng.TestPart2_zichan.test_b2()'><b>test_b2</b><br>Test class: com.webtest.xingzheng.TestPart2_zichan</td>
<td><div><pre>java.io.FileNotFoundException: auto2018\conf\config.properties (系统找不到指定的路径。)
	at java.base/java.io.FileInputStream.open0(Native Method)
	at java.base/java.io.FileInputStream.open(FileInputStream.java:196)
	at java.base/java.io.FileInputStream.&lt;init&gt;(FileInputStream.java:139)
	at java.base/java.io.FileInputStream.&lt;init&gt;(FileInputStream.java:94)
	at com.webtest.utils.ReadProperties.getPropertyValue(Unknown Source)
	at com.webtest.core.BaseTest.doBeforeSuite(Unknown Source)
... Removed 25 stack frames</pre></div><a href='#' onClick='toggleBox("stack-trace1432536094", this, "Click to show all stack frames", "Click to hide stack frames")'>Click to show all stack frames</a>
<div class='stack-trace' id='stack-trace1432536094'><pre>java.io.FileNotFoundException: auto2018\conf\config.properties (系统找不到指定的路径。)
	at java.base/java.io.FileInputStream.open0(Native Method)
	at java.base/java.io.FileInputStream.open(FileInputStream.java:196)
	at java.base/java.io.FileInputStream.&lt;init&gt;(FileInputStream.java:139)
	at java.base/java.io.FileInputStream.&lt;init&gt;(FileInputStream.java:94)
	at com.webtest.utils.ReadProperties.getPropertyValue(Unknown Source)
	at com.webtest.core.BaseTest.doBeforeSuite(Unknown Source)
	at java.base/jdk.internal.reflect.NativeMethodAccessorImpl.invoke0(Native Method)
	at java.base/jdk.internal.reflect.NativeMethodAccessorImpl.invoke(NativeMethodAccessorImpl.java:62)
	at java.base/jdk.internal.reflect.DelegatingMethodAccessorImpl.invoke(DelegatingMethodAccessorImpl.java:43)
	at java.base/java.lang.reflect.Method.invoke(Method.java:564)
	at org.testng.internal.MethodInvocationHelper.invokeMethod(MethodInvocationHelper.java:124)
	at org.testng.internal.MethodInvocationHelper.invokeMethodConsideringTimeout(MethodInvocationHelper.java:59)
	at org.testng.internal.Invoker.invokeConfigurationMethod(Invoker.java:455)
	at org.testng.internal.Invoker.invokeConfigurations(Invoker.java:222)
	at org.testng.internal.Invoker.invokeConfigurations(Invoker.java:142)
	at org.testng.internal.TestMethodWorker.invokeBeforeClassMethods(TestMethodWorker.java:168)
	at org.testng.internal.TestMethodWorker.run(TestMethodWorker.java:105)
	at org.testng.TestRunner.privateRun(TestRunner.java:648)
	at org.testng.TestRunner.run(TestRunner.java:505)
	at org.testng.SuiteRunner.runTest(SuiteRunner.java:455)
	at org.testng.SuiteRunner.runSequentially(SuiteRunner.java:450)
	at org.testng.SuiteRunner.privateRun(SuiteRunner.java:415)
	at org.testng.SuiteRunner.run(SuiteRunner.java:364)
	at org.testng.SuiteRunnerWorker.runSuite(SuiteRunnerWorker.java:52)
	at org.testng.SuiteRunnerWorker.run(SuiteRunnerWorker.java:84)
	at org.testng.TestNG.runSuitesSequentially(TestNG.java:1208)
	at org.testng.TestNG.runSuitesLocally(TestNG.java:1137)
	at org.testng.TestNG.runSuites(TestNG.java:1049)
	at org.testng.TestNG.run(TestNG.java:1017)
	at org.testng.TestNG.privateMain(TestNG.java:1354)
	at org.testng.TestNG.main(TestNG.java:1323)
</pre></div></td>
<td>0</td>
<td>com.webtest.xingzheng.TestPart2_zichan@76ed1b7c</td></tr>
<tr>
<td title='com.webtest.customer.test.HighSearch_test.type()'><b>type</b><br>Test class: com.webtest.customer.test.HighSearch_test</td>
<td><div><pre>java.io.FileNotFoundException: auto2018\conf\config.properties (系统找不到指定的路径。)
	at java.base/java.io.FileInputStream.open0(Native Method)
	at java.base/java.io.FileInputStream.open(FileInputStream.java:196)
	at java.base/java.io.FileInputStream.&lt;init&gt;(FileInputStream.java:139)
	at java.base/java.io.FileInputStream.&lt;init&gt;(FileInputStream.java:94)
	at com.webtest.utils.ReadProperties.getPropertyValue(Unknown Source)
	at com.webtest.core.BaseTest.doBeforeSuite(Unknown Source)
... Removed 25 stack frames</pre></div><a href='#' onClick='toggleBox("stack-trace1526970878", this, "Click to show all stack frames", "Click to hide stack frames")'>Click to show all stack frames</a>
<div class='stack-trace' id='stack-trace1526970878'><pre>java.io.FileNotFoundException: auto2018\conf\config.properties (系统找不到指定的路径。)
	at java.base/java.io.FileInputStream.open0(Native Method)
	at java.base/java.io.FileInputStream.open(FileInputStream.java:196)
	at java.base/java.io.FileInputStream.&lt;init&gt;(FileInputStream.java:139)
	at java.base/java.io.FileInputStream.&lt;init&gt;(FileInputStream.java:94)
	at com.webtest.utils.ReadProperties.getPropertyValue(Unknown Source)
	at com.webtest.core.BaseTest.doBeforeSuite(Unknown Source)
	at java.base/jdk.internal.reflect.NativeMethodAccessorImpl.invoke0(Native Method)
	at java.base/jdk.internal.reflect.NativeMethodAccessorImpl.invoke(NativeMethodAccessorImpl.java:62)
	at java.base/jdk.internal.reflect.DelegatingMethodAccessorImpl.invoke(DelegatingMethodAccessorImpl.java:43)
	at java.base/java.lang.reflect.Method.invoke(Method.java:564)
	at org.testng.internal.MethodInvocationHelper.invokeMethod(MethodInvocationHelper.java:124)
	at org.testng.internal.MethodInvocationHelper.invokeMethodConsideringTimeout(MethodInvocationHelper.java:59)
	at org.testng.internal.Invoker.invokeConfigurationMethod(Invoker.java:455)
	at org.testng.internal.Invoker.invokeConfigurations(Invoker.java:222)
	at org.testng.internal.Invoker.invokeConfigurations(Invoker.java:142)
	at org.testng.internal.TestMethodWorker.invokeBeforeClassMethods(TestMethodWorker.java:168)
	at org.testng.internal.TestMethodWorker.run(TestMethodWorker.java:105)
	at org.testng.TestRunner.privateRun(TestRunner.java:648)
	at org.testng.TestRunner.run(TestRunner.java:505)
	at org.testng.SuiteRunner.runTest(SuiteRunner.java:455)
	at org.testng.SuiteRunner.runSequentially(SuiteRunner.java:450)
	at org.testng.SuiteRunner.privateRun(SuiteRunner.java:415)
	at org.testng.SuiteRunner.run(SuiteRunner.java:364)
	at org.testng.SuiteRunnerWorker.runSuite(SuiteRunnerWorker.java:52)
	at org.testng.SuiteRunnerWorker.run(SuiteRunnerWorker.java:84)
	at org.testng.TestNG.runSuitesSequentially(TestNG.java:1208)
	at org.testng.TestNG.runSuitesLocally(TestNG.java:1137)
	at org.testng.TestNG.runSuites(TestNG.java:1049)
	at org.testng.TestNG.run(TestNG.java:1017)
	at org.testng.TestNG.privateMain(TestNG.java:1354)
	at org.testng.TestNG.main(TestNG.java:1323)
</pre></div></td>
<td>0</td>
<td>com.webtest.customer.test.HighSearch_test@394a2528</td></tr>
</table><p>
</body>
</html>