<?xml version="1.0" encoding="UTF-8"?>
<!-- Generated by org.testng.reporters.JUnitXMLReporter -->
<testsuite ignored="0" hostname="LAPTOP-SLURSDT2" failures="2" tests="4" name="wangdonghui" time="108.497" errors="0" timestamp="27 11æœˆ 2018 13:50:08 GMT">
  <testcase classname="com.xinhu.customertest.test.Login_test" name="Login_Fail" time="7.671"/>
  <testcase classname="com.xinhu.customertest.test.Login_test" name="Login_success" time="7.593"/>
  <testcase classname="com.xinhu.customertest.test.NewCustomer_test" name="addCustomer" time="55.129">
    <failure type="java.lang.AssertionError" message="expected [true] but found [false]">
      <![CDATA[java.lang.AssertionError: expected [true] but found [false]
at com.xinhu.customertest.test.NewCustomer_test.addCustomer(NewCustomer_test.java:39)
... Removed 29 stack frames]]>
    </failure>
  </testcase> <!-- addCustomer -->
  <testcase classname="com.xinhu.customertest.test.NewSell_test" name="addSell" time="17.576">
    <failure type="org.openqa.selenium.NoSuchFrameException" message="No frame element found by name or id openinputiframe
Build info: version: &amp;apos;3.6.0&amp;apos;, revision: &amp;apos;6fbf3ec767&amp;apos;, time: &amp;apos;2017-09-27T16:15:40.131Z&amp;apos;
System info: host: &amp;apos;LAPTOP-SLURSDT2&amp;apos;, ip: &amp;apos;169.254.128.161&amp;apos;, os.name: &amp;apos;Windows 10&amp;apos;, os.arch: &amp;apos;amd64&amp;apos;, os.version: &amp;apos;10.0&amp;apos;, java.version: &amp;apos;9.0.4&amp;apos;
Driver info: driver.version: unknown">
      <![CDATA[org.openqa.selenium.NoSuchFrameException: No frame element found by name or id openinputiframe
Build info: version: '3.6.0', revision: '6fbf3ec767', time: '2017-09-27T16:15:40.131Z'
System info: host: 'LAPTOP-SLURSDT2', ip: '169.254.128.161', os.name: 'Windows 10', os.arch: 'amd64', os.version: '10.0', java.version: '9.0.4'
Driver info: driver.version: unknown
at org.openqa.selenium.remote.RemoteWebDriver$RemoteTargetLocator.frame(RemoteWebDriver.java:925)
at com.webtest.core.WebDriverEngine.enterFrame(WebDriverEngine.java:67)
at com.xinhu.customertest.test.NewSell_test.addSell(NewSell_test.java:23)
... Removed 25 stack frames]]>
    </failure>
  </testcase> <!-- addSell -->
</testsuite> <!-- wangdonghui -->
