<?xml version="1.0" encoding="UTF-8"?>
<testsuite name="test1"
           tests="4"
           failures="1"
           errors="0"
           skipped="3"
           time="0.104">
  <properties />
            <testcase name="doBeforeSuite" time="0.104" classname="com.webtest.demo.Front_Login_Test">
                <failure type="java.lang.IllegalStateException"
                  message="Specified firefox binary location does not exist or is not a real file: D:\Program Files\Mozilla Firefox\firefox.exe"
              >
<![CDATA[java.lang.IllegalStateException: Specified firefox binary location does not exist or is not a real file: D:\Program Files\Mozilla Firefox\firefox.exe
  com.google.common.base.Preconditions.checkState(Preconditions.java:459)
  org.openqa.selenium.firefox.internal.Executable.<init>(Executable.java:45)
  org.openqa.selenium.firefox.FirefoxBinary.<init>(FirefoxBinary.java:139)
  org.openqa.selenium.firefox.FirefoxOptions$Binary.asBinary(FirefoxOptions.java:442)
  java.base/java.util.Optional.map(Optional.java:257)
  org.openqa.selenium.firefox.FirefoxOptions.getBinaryOrNull(FirefoxOptions.java:221)
  org.openqa.selenium.firefox.FirefoxOptions.getBinary(FirefoxOptions.java:217)
  org.openqa.selenium.firefox.FirefoxDriver.toExecutor(FirefoxDriver.java:147)
  org.openqa.selenium.firefox.FirefoxDriver.<init>(FirefoxDriver.java:120)
  org.openqa.selenium.firefox.FirefoxDriver.<init>(FirefoxDriver.java:98)
  com.webtest.core.BaseTest.newWebDriver(BaseTest.java:47)
  com.webtest.core.BaseTest.doBeforeSuite(BaseTest.java:74)
  java.base/jdk.internal.reflect.NativeMethodAccessorImpl.invoke0(Native Method)
  java.base/jdk.internal.reflect.NativeMethodAccessorImpl.invoke(NativeMethodAccessorImpl.java:62)
  java.base/jdk.internal.reflect.DelegatingMethodAccessorImpl.invoke(DelegatingMethodAccessorImpl.java:43)
  java.base/java.lang.reflect.Method.invoke(Method.java:564)
  org.testng.internal.MethodInvocationHelper.invokeMethod(MethodInvocationHelper.java:124)
  org.testng.internal.MethodInvocationHelper.invokeMethodConsideringTimeout(MethodInvocationHelper.java:59)
  org.testng.internal.Invoker.invokeConfigurationMethod(Invoker.java:455)
  org.testng.internal.Invoker.invokeConfigurations(Invoker.java:222)
  org.testng.internal.Invoker.invokeConfigurations(Invoker.java:142)
  org.testng.SuiteRunner.privateRun(SuiteRunner.java:401)
  org.testng.SuiteRunner.run(SuiteRunner.java:364)
  org.testng.SuiteRunnerWorker.runSuite(SuiteRunnerWorker.java:52)
  org.testng.SuiteRunnerWorker.run(SuiteRunnerWorker.java:84)
  org.testng.TestNG.runSuitesSequentially(TestNG.java:1208)
  org.testng.TestNG.runSuitesLocally(TestNG.java:1137)
  org.testng.TestNG.runSuites(TestNG.java:1049)
  org.testng.TestNG.run(TestNG.java:1017)
  org.testng.remote.AbstractRemoteTestNG.run(AbstractRemoteTestNG.java:114)
  org.testng.remote.RemoteTestNG.initAndRun(RemoteTestNG.java:251)
  org.testng.remote.RemoteTestNG.main(RemoteTestNG.java:77)
]]>
      </failure>

          </testcase>
  
            <testcase name="doAfterMethod" time="0.0" classname="com.webtest.demo.Front_Login_Test">
          <skipped />
    </testcase>
            <testcase name="setup" time="0.0" classname="com.webtest.demo.Front_Login_Test">
          <skipped />
    </testcase>
            <testcase name="testLogin" time="0.0" classname="com.webtest.demo.Front_Login_Test">
          <skipped />
    </testcase>
  
  
</testsuite>
