<?xml version="1.0" encoding="UTF-8"?>
<!-- Generated by org.testng.reporters.JUnitXMLReporter -->
<testsuite hostname="LAPTOP-U7EES6NV" ignored="0" name="personnel" tests="13" failures="7" timestamp="05 十二月 2018 06:17:04 GMT" time="341.598" errors="0">
  <testcase name="testAdvancedSearch" time="3.516" classname="com.xinhu.personnel.personnal_files.File_AdvancedSearch_Test">
    <failure type="org.openqa.selenium.JavascriptException" message="TypeError: document.getElementsByName(...)[0] is undefined
Build info: version: &amp;apos;3.6.0&amp;apos;, revision: &amp;apos;6fbf3ec767&amp;apos;, time: &amp;apos;2017-09-27T16:15:40.131Z&amp;apos;
System info: host: &amp;apos;LAPTOP-U7EES6NV&amp;apos;, ip: &amp;apos;169.254.239.249&amp;apos;, os.name: &amp;apos;Windows 10&amp;apos;, os.arch: &amp;apos;amd64&amp;apos;, os.version: &amp;apos;10.0&amp;apos;, java.version: &amp;apos;1.8.0_191&amp;apos;
Driver info: org.openqa.selenium.firefox.FirefoxDriver
Capabilities [{moz:profile=C:\Users\Lenovo\AppData\Local\Temp\rust_mozprofile.jbYsLvmcXCuj, rotatable=false, timeouts={implicit=0, pageLoad=300000, script=30000}, pageLoadStrategy=normal, moz:headless=false, platform=XP, specificationLevel=0, moz:accessibilityChecks=false, acceptInsecureCerts=true, browserVersion=56.0, platformVersion=10.0, moz:processID=15240, browserName=firefox, javascriptEnabled=true, platformName=XP}]
Session ID: 18954c99-5c77-4a11-a652-ce46dd38dff5">
      <![CDATA[org.openqa.selenium.JavascriptException: TypeError: document.getElementsByName(...)[0] is undefined
Build info: version: '3.6.0', revision: '6fbf3ec767', time: '2017-09-27T16:15:40.131Z'
System info: host: 'LAPTOP-U7EES6NV', ip: '169.254.239.249', os.name: 'Windows 10', os.arch: 'amd64', os.version: '10.0', java.version: '1.8.0_191'
Driver info: org.openqa.selenium.firefox.FirefoxDriver
Capabilities [{moz:profile=C:\Users\Lenovo\AppData\Local\Temp\rust_mozprofile.jbYsLvmcXCuj, rotatable=false, timeouts={implicit=0, pageLoad=300000, script=30000}, pageLoadStrategy=normal, moz:headless=false, platform=XP, specificationLevel=0, moz:accessibilityChecks=false, acceptInsecureCerts=true, browserVersion=56.0, platformVersion=10.0, moz:processID=15240, browserName=firefox, javascriptEnabled=true, platformName=XP}]
Session ID: 18954c99-5c77-4a11-a652-ce46dd38dff5
at org.openqa.selenium.remote.http.W3CHttpResponseCodec.createException(W3CHttpResponseCodec.java:185)
at org.openqa.selenium.remote.http.W3CHttpResponseCodec.decode(W3CHttpResponseCodec.java:120)
at org.openqa.selenium.remote.http.W3CHttpResponseCodec.decode(W3CHttpResponseCodec.java:49)
at org.openqa.selenium.remote.HttpCommandExecutor.execute(HttpCommandExecutor.java:164)
at org.openqa.selenium.remote.service.DriverCommandExecutor.execute(DriverCommandExecutor.java:83)
at org.openqa.selenium.remote.RemoteWebDriver.execute(RemoteWebDriver.java:586)
at org.openqa.selenium.remote.RemoteWebDriver.executeScript(RemoteWebDriver.java:522)
at com.webtest.core.WebDriverEngine.runJs(WebDriverEngine.java:259)
at com.xinhu.personnel.action.File_Action.advancedSearch(File_Action.java:85)
at com.xinhu.personnel.personnal_files.File_AdvancedSearch_Test.testAdvancedSearch(File_AdvancedSearch_Test.java:25)
... Removed 29 stack frames]]>
    </failure>
  </testcase> <!-- testAdvancedSearch -->
  <testcase name="testFlush" time="3.446" classname="com.xinhu.personnel.personnal_files.File_Flush_Test">
    <failure type="java.lang.AssertionError" message="expected [true] but found [false]">
      <![CDATA[java.lang.AssertionError: expected [true] but found [false]
at com.xinhu.personnel.action.File_Action.flush(File_Action.java:125)
at com.xinhu.personnel.personnal_files.File_Flush_Test.testFlush(File_Flush_Test.java:24)
... Removed 31 stack frames]]>
    </failure>
  </testcase> <!-- testFlush -->
  <testcase name="testOperatioinAddremind" time="3.557" classname="com.xinhu.personnel.personnal_files.File_Operation_Test">
    <failure type="java.lang.StringIndexOutOfBoundsException" message="String index out of range: -1">
      <![CDATA[java.lang.StringIndexOutOfBoundsException: String index out of range: -1
at java.lang.String.substring(String.java:1960)
at com.xinhu.personnel.action.File_Action.operation(File_Action.java:198)
at com.xinhu.personnel.personnal_files.File_Operation_Test.testOperatioinAddremind(File_Operation_Test.java:39)
... Removed 25 stack frames]]>
    </failure>
  </testcase> <!-- testOperatioinAddremind -->
  <testcase name="testOperationComment" time="20.647" classname="com.xinhu.personnel.personnal_files.File_Operation_Test"/>
  <testcase name="testOperationDetails" time="20.114" classname="com.xinhu.personnel.personnal_files.File_Operation_Test"/>
  <testcase name="testOutputAll" time="3.665" classname="com.xinhu.personnel.personnal_files.File_Output_Test">
    <failure type="java.lang.AssertionError" message="expected [true] but found [false]">
      <![CDATA[java.lang.AssertionError: expected [true] but found [false]
at com.xinhu.personnel.action.File_Action.outputAll(File_Action.java:171)
at com.xinhu.personnel.personnal_files.File_Output_Test.testOutputAll(File_Output_Test.java:24)
... Removed 31 stack frames]]>
    </failure>
  </testcase> <!-- testOutputAll -->
  <testcase name="testOutputCurrent" time="16.897" classname="com.xinhu.personnel.personnal_files.File_Output_Test"/>
  <testcase name="testSearch" time="3.655" classname="com.xinhu.personnel.personnal_files.File_Search_Test">
    <failure type="java.lang.StringIndexOutOfBoundsException" message="String index out of range: -1">
      <![CDATA[java.lang.StringIndexOutOfBoundsException: String index out of range: -1
at java.lang.String.substring(String.java:1927)
at com.xinhu.personnel.action.Search_Assert_Action.assertSearch(Search_Assert_Action.java:18)
at com.xinhu.personnel.action.File_Action.search(File_Action.java:50)
at com.xinhu.personnel.personnal_files.File_Search_Test.testSearch(File_Search_Test.java:25)
... Removed 25 stack frames]]>
    </failure>
  </testcase> <!-- testSearch -->
  <testcase name="testSelectStatus" time="3.643" classname="com.xinhu.personnel.personnal_files.File_SelectStatus_Test">
    <failure type="java.lang.StringIndexOutOfBoundsException" message="String index out of range: -1">
      <![CDATA[java.lang.StringIndexOutOfBoundsException: String index out of range: -1
at java.lang.String.substring(String.java:1927)
at com.xinhu.personnel.action.Search_Assert_Action.assertSearch(Search_Assert_Action.java:18)
at com.xinhu.personnel.action.File_Action.selectStatus(File_Action.java:61)
at com.xinhu.personnel.personnal_files.File_SelectStatus_Test.testSelectStatus(File_SelectStatus_Test.java:24)
... Removed 25 stack frames]]>
    </failure>
  </testcase> <!-- testSelectStatus -->
  <testcase name="testSubscript" time="3.538" classname="com.xinhu.personnel.personnal_files.File_Subscript_Test"/>
  <testcase name="testAddOutRecord" time="9.709" classname="com.xinhu.personnel.personnal_files.Add_Test">
    <failure type="org.openqa.selenium.NoSuchFrameException" message="No frame element found by name or id openinputiframe
Build info: version: &amp;apos;3.6.0&amp;apos;, revision: &amp;apos;6fbf3ec767&amp;apos;, time: &amp;apos;2017-09-27T16:15:40.131Z&amp;apos;
System info: host: &amp;apos;LAPTOP-U7EES6NV&amp;apos;, ip: &amp;apos;169.254.239.249&amp;apos;, os.name: &amp;apos;Windows 10&amp;apos;, os.arch: &amp;apos;amd64&amp;apos;, os.version: &amp;apos;10.0&amp;apos;, java.version: &amp;apos;1.8.0_191&amp;apos;
Driver info: driver.version: unknown">
      <![CDATA[org.openqa.selenium.NoSuchFrameException: No frame element found by name or id openinputiframe
Build info: version: '3.6.0', revision: '6fbf3ec767', time: '2017-09-27T16:15:40.131Z'
System info: host: 'LAPTOP-U7EES6NV', ip: '169.254.239.249', os.name: 'Windows 10', os.arch: 'amd64', os.version: '10.0', java.version: '1.8.0_191'
Driver info: driver.version: unknown
at org.openqa.selenium.remote.RemoteWebDriver$RemoteTargetLocator.frame(RemoteWebDriver.java:925)
at com.webtest.core.WebDriverEngine.enterFrame(WebDriverEngine.java:67)
at com.xinhu.personnel.action.Add_Action.addOutRecord(Add_Action.java:172)
at com.xinhu.personnel.personnal_files.Add_Test.testAddOutRecord(Add_Test.java:33)
... Removed 25 stack frames]]>
    </failure>
  </testcase> <!-- testAddOutRecord -->
  <testcase name="testAddTransfer" time="54.17" classname="com.xinhu.personnel.personnal_files.Add_Test"/>
  <testcase name="testNewContract" time="47.326" classname="com.xinhu.personnel.personnal_files.Add_Test"/>
</testsuite> <!-- personnel -->
