<html>
<head>
<title>TestNG:  GetTransportFee</title>
<link href="../testng.css" rel="stylesheet" type="text/css" />
<link href="../my-testng.css" rel="stylesheet" type="text/css" />

<style type="text/css">
.log { display: none;} 
.stack-trace { display: none;} 
</style>
<script type="text/javascript">
<!--
function flip(e) {
  current = e.style.display;
  if (current == 'block') {
    e.style.display = 'none';
    return 0;
  }
  else {
    e.style.display = 'block';
    return 1;
  }
}

function toggleBox(szDivId, elem, msg1, msg2)
{
  var res = -1;  if (document.getElementById) {
    res = flip(document.getElementById(szDivId));
  }
  else if (document.all) {
    // this is the way old msie versions work
    res = flip(document.all[szDivId]);
  }
  if(elem) {
    if(res == 0) elem.innerHTML = msg1; else elem.innerHTML = msg2;
  }

}

function toggleAllBoxes() {
  if (document.getElementsByTagName) {
    d = document.getElementsByTagName('div');
    for (i = 0; i < d.length; i++) {
      if (d[i].className == 'log') {
        flip(d[i]);
      }
    }
  }
}

// -->
</script>

</head>
<body>
<h2 align='center'>GetTransportFee</h2><table border='1' align="center">
<tr>
<td>Tests passed/Failed/Skipped:</td><td>43/7/0</td>
</tr><tr>
<td>Started on:</td><td>Wed Dec 26 15:10:58 CST 2018</td>
</tr>
<tr><td>Total time:</td><td>7 seconds (7997 ms)</td>
</tr><tr>
<td>Included groups:</td><td></td>
</tr><tr>
<td>Excluded groups:</td><td></td>
</tr>
</table><p/>
<small><i>(Hover the method name to see the test class name)</i></small><p/>
<table width='100%' border='1' class='invocation-failed'>
<tr><td colspan='4' align='center'><b>FAILED TESTS</b></td></tr>
<tr><td><b>Test method</b></td>
<td width="30%"><b>Exception</b></td>
<td width="10%"><b>Time (seconds)</b></td>
<td><b>Instance</b></td>
</tr>
<tr>
<td title='com.edu.test.QGDelete.AddressDeleteSuccess()'><b>AddressDeleteSuccess</b><br>Test class: com.edu.test.QGDelete</td>
<td><div><pre>net.sf.json.JSONException: JSONObject[&quot;list&quot;] is not a JSONArray.
	at net.sf.json.JSONObject.getJSONArray(JSONObject.java:2038)
	at com.edu.test.QGDelete.Getid(Unknown Source)
	at com.edu.test.QGDelete.AddressDeleteSuccess(Unknown Source)
... Removed 24 stack frames</pre></div><a href='#' onClick='toggleBox("stack-trace533810548", this, "Click to show all stack frames", "Click to hide stack frames")'>Click to show all stack frames</a>
<div class='stack-trace' id='stack-trace533810548'><pre>net.sf.json.JSONException: JSONObject[&quot;list&quot;] is not a JSONArray.
	at net.sf.json.JSONObject.getJSONArray(JSONObject.java:2038)
	at com.edu.test.QGDelete.Getid(Unknown Source)
	at com.edu.test.QGDelete.AddressDeleteSuccess(Unknown Source)
	at sun.reflect.NativeMethodAccessorImpl.invoke0(Native Method)
	at sun.reflect.NativeMethodAccessorImpl.invoke(NativeMethodAccessorImpl.java:62)
	at sun.reflect.DelegatingMethodAccessorImpl.invoke(DelegatingMethodAccessorImpl.java:43)
	at java.lang.reflect.Method.invoke(Method.java:498)
	at org.testng.internal.MethodInvocationHelper.invokeMethod(MethodInvocationHelper.java:124)
	at org.testng.internal.Invoker.invokeMethod(Invoker.java:580)
	at org.testng.internal.Invoker.invokeTestMethod(Invoker.java:716)
	at org.testng.internal.Invoker.invokeTestMethods(Invoker.java:988)
	at org.testng.internal.TestMethodWorker.invokeTestMethods(TestMethodWorker.java:125)
	at org.testng.internal.TestMethodWorker.run(TestMethodWorker.java:109)
	at org.testng.TestRunner.privateRun(TestRunner.java:648)
	at org.testng.TestRunner.run(TestRunner.java:505)
	at org.testng.SuiteRunner.runTest(SuiteRunner.java:455)
	at org.testng.SuiteRunner.runSequentially(SuiteRunner.java:450)
	at org.testng.SuiteRunner.privateRun(SuiteRunner.java:415)
	at org.testng.SuiteRunner.run(SuiteRunner.java:364)
	at org.testng.SuiteRunnerWorker.runSuite(SuiteRunnerWorker.java:52)
	at org.testng.SuiteRunnerWorker.run(SuiteRunnerWorker.java:84)
	at org.testng.TestNG.runSuitesSequentially(TestNG.java:1208)
	at org.testng.TestNG.runSuitesLocally(TestNG.java:1137)
	at org.testng.TestNG.runSuites(TestNG.java:1049)
	at org.testng.TestNG.run(TestNG.java:1017)
	at org.testng.TestNG.privateMain(TestNG.java:1354)
	at org.testng.TestNG.main(TestNG.java:1323)
</pre></div></td>
<td>0</td>
<td>com.edu.test.QGDelete@31ef45e3</td></tr>
<tr>
<td title='com.edu.test.JK.KonDetail()'><b>KonDetail</b><br>Test class: com.edu.test.JK</td>
<td><div><pre>java.lang.AssertionError: expected [success] but found [最多只能添加6个地址]
	at com.edu.utils.Checker.assertXpath(Unknown Source)
	at com.edu.test.JK.KonDetail(Unknown Source)
... Removed 30 stack frames</pre></div><a href='#' onClick='toggleBox("stack-trace841262455", this, "Click to show all stack frames", "Click to hide stack frames")'>Click to show all stack frames</a>
<div class='stack-trace' id='stack-trace841262455'><pre>java.lang.AssertionError: expected [success] but found [最多只能添加6个地址]
	at org.testng.Assert.fail(Assert.java:96)
	at org.testng.Assert.failNotEquals(Assert.java:776)
	at org.testng.Assert.assertEqualsImpl(Assert.java:137)
	at org.testng.Assert.assertEquals(Assert.java:118)
	at org.testng.Assert.assertEquals(Assert.java:453)
	at org.testng.Assert.assertEquals(Assert.java:463)
	at com.edu.utils.Checker.assertXpath(Unknown Source)
	at com.edu.test.JK.KonDetail(Unknown Source)
	at sun.reflect.NativeMethodAccessorImpl.invoke0(Native Method)
	at sun.reflect.NativeMethodAccessorImpl.invoke(NativeMethodAccessorImpl.java:62)
	at sun.reflect.DelegatingMethodAccessorImpl.invoke(DelegatingMethodAccessorImpl.java:43)
	at java.lang.reflect.Method.invoke(Method.java:498)
	at org.testng.internal.MethodInvocationHelper.invokeMethod(MethodInvocationHelper.java:124)
	at org.testng.internal.Invoker.invokeMethod(Invoker.java:580)
	at org.testng.internal.Invoker.invokeTestMethod(Invoker.java:716)
	at org.testng.internal.Invoker.invokeTestMethods(Invoker.java:988)
	at org.testng.internal.TestMethodWorker.invokeTestMethods(TestMethodWorker.java:125)
	at org.testng.internal.TestMethodWorker.run(TestMethodWorker.java:109)
	at org.testng.TestRunner.privateRun(TestRunner.java:648)
	at org.testng.TestRunner.run(TestRunner.java:505)
	at org.testng.SuiteRunner.runTest(SuiteRunner.java:455)
	at org.testng.SuiteRunner.runSequentially(SuiteRunner.java:450)
	at org.testng.SuiteRunner.privateRun(SuiteRunner.java:415)
	at org.testng.SuiteRunner.run(SuiteRunner.java:364)
	at org.testng.SuiteRunnerWorker.runSuite(SuiteRunnerWorker.java:52)
	at org.testng.SuiteRunnerWorker.run(SuiteRunnerWorker.java:84)
	at org.testng.TestNG.runSuitesSequentially(TestNG.java:1208)
	at org.testng.TestNG.runSuitesLocally(TestNG.java:1137)
	at org.testng.TestNG.runSuites(TestNG.java:1049)
	at org.testng.TestNG.run(TestNG.java:1017)
	at org.testng.TestNG.privateMain(TestNG.java:1354)
	at org.testng.TestNG.main(TestNG.java:1323)
</pre></div></td>
<td>0</td>
<td>com.edu.test.JK@239963d8</td></tr>
<tr>
<td title='com.edu.test.JK.KonreceiverName()'><b>KonreceiverName</b><br>Test class: com.edu.test.JK</td>
<td><div><pre>java.lang.AssertionError: expected [failure] but found [最多只能添加6个地址]
	at com.edu.utils.Checker.assertXpath(Unknown Source)
	at com.edu.test.JK.KonreceiverName(Unknown Source)
... Removed 30 stack frames</pre></div><a href='#' onClick='toggleBox("stack-trace1178587240", this, "Click to show all stack frames", "Click to hide stack frames")'>Click to show all stack frames</a>
<div class='stack-trace' id='stack-trace1178587240'><pre>java.lang.AssertionError: expected [failure] but found [最多只能添加6个地址]
	at org.testng.Assert.fail(Assert.java:96)
	at org.testng.Assert.failNotEquals(Assert.java:776)
	at org.testng.Assert.assertEqualsImpl(Assert.java:137)
	at org.testng.Assert.assertEquals(Assert.java:118)
	at org.testng.Assert.assertEquals(Assert.java:453)
	at org.testng.Assert.assertEquals(Assert.java:463)
	at com.edu.utils.Checker.assertXpath(Unknown Source)
	at com.edu.test.JK.KonreceiverName(Unknown Source)
	at sun.reflect.NativeMethodAccessorImpl.invoke0(Native Method)
	at sun.reflect.NativeMethodAccessorImpl.invoke(NativeMethodAccessorImpl.java:62)
	at sun.reflect.DelegatingMethodAccessorImpl.invoke(DelegatingMethodAccessorImpl.java:43)
	at java.lang.reflect.Method.invoke(Method.java:498)
	at org.testng.internal.MethodInvocationHelper.invokeMethod(MethodInvocationHelper.java:124)
	at org.testng.internal.Invoker.invokeMethod(Invoker.java:580)
	at org.testng.internal.Invoker.invokeTestMethod(Invoker.java:716)
	at org.testng.internal.Invoker.invokeTestMethods(Invoker.java:988)
	at org.testng.internal.TestMethodWorker.invokeTestMethods(TestMethodWorker.java:125)
	at org.testng.internal.TestMethodWorker.run(TestMethodWorker.java:109)
	at org.testng.TestRunner.privateRun(TestRunner.java:648)
	at org.testng.TestRunner.run(TestRunner.java:505)
	at org.testng.SuiteRunner.runTest(SuiteRunner.java:455)
	at org.testng.SuiteRunner.runSequentially(SuiteRunner.java:450)
	at org.testng.SuiteRunner.privateRun(SuiteRunner.java:415)
	at org.testng.SuiteRunner.run(SuiteRunner.java:364)
	at org.testng.SuiteRunnerWorker.runSuite(SuiteRunnerWorker.java:52)
	at org.testng.SuiteRunnerWorker.run(SuiteRunnerWorker.java:84)
	at org.testng.TestNG.runSuitesSequentially(TestNG.java:1208)
	at org.testng.TestNG.runSuitesLocally(TestNG.java:1137)
	at org.testng.TestNG.runSuites(TestNG.java:1049)
	at org.testng.TestNG.run(TestNG.java:1017)
	at org.testng.TestNG.privateMain(TestNG.java:1354)
	at org.testng.TestNG.main(TestNG.java:1323)
</pre></div></td>
<td>0</td>
<td>com.edu.test.JK@239963d8</td></tr>
<tr>
<td title='com.edu.test.JK.newaddress()'><b>newaddress</b><br>Test class: com.edu.test.JK</td>
<td><div><pre>java.lang.AssertionError: expected [success] but found [最多只能添加6个地址]
	at com.edu.utils.Checker.assertXpath(Unknown Source)
	at com.edu.test.JK.newaddress(Unknown Source)
... Removed 30 stack frames</pre></div><a href='#' onClick='toggleBox("stack-trace196732636", this, "Click to show all stack frames", "Click to hide stack frames")'>Click to show all stack frames</a>
<div class='stack-trace' id='stack-trace196732636'><pre>java.lang.AssertionError: expected [success] but found [最多只能添加6个地址]
	at org.testng.Assert.fail(Assert.java:96)
	at org.testng.Assert.failNotEquals(Assert.java:776)
	at org.testng.Assert.assertEqualsImpl(Assert.java:137)
	at org.testng.Assert.assertEquals(Assert.java:118)
	at org.testng.Assert.assertEquals(Assert.java:453)
	at org.testng.Assert.assertEquals(Assert.java:463)
	at com.edu.utils.Checker.assertXpath(Unknown Source)
	at com.edu.test.JK.newaddress(Unknown Source)
	at sun.reflect.NativeMethodAccessorImpl.invoke0(Native Method)
	at sun.reflect.NativeMethodAccessorImpl.invoke(NativeMethodAccessorImpl.java:62)
	at sun.reflect.DelegatingMethodAccessorImpl.invoke(DelegatingMethodAccessorImpl.java:43)
	at java.lang.reflect.Method.invoke(Method.java:498)
	at org.testng.internal.MethodInvocationHelper.invokeMethod(MethodInvocationHelper.java:124)
	at org.testng.internal.Invoker.invokeMethod(Invoker.java:580)
	at org.testng.internal.Invoker.invokeTestMethod(Invoker.java:716)
	at org.testng.internal.Invoker.invokeTestMethods(Invoker.java:988)
	at org.testng.internal.TestMethodWorker.invokeTestMethods(TestMethodWorker.java:125)
	at org.testng.internal.TestMethodWorker.run(TestMethodWorker.java:109)
	at org.testng.TestRunner.privateRun(TestRunner.java:648)
	at org.testng.TestRunner.run(TestRunner.java:505)
	at org.testng.SuiteRunner.runTest(SuiteRunner.java:455)
	at org.testng.SuiteRunner.runSequentially(SuiteRunner.java:450)
	at org.testng.SuiteRunner.privateRun(SuiteRunner.java:415)
	at org.testng.SuiteRunner.run(SuiteRunner.java:364)
	at org.testng.SuiteRunnerWorker.runSuite(SuiteRunnerWorker.java:52)
	at org.testng.SuiteRunnerWorker.run(SuiteRunnerWorker.java:84)
	at org.testng.TestNG.runSuitesSequentially(TestNG.java:1208)
	at org.testng.TestNG.runSuitesLocally(TestNG.java:1137)
	at org.testng.TestNG.runSuites(TestNG.java:1049)
	at org.testng.TestNG.run(TestNG.java:1017)
	at org.testng.TestNG.privateMain(TestNG.java:1354)
	at org.testng.TestNG.main(TestNG.java:1323)
</pre></div></td>
<td>0</td>
<td>com.edu.test.JK@239963d8</td></tr>
<tr>
<td title='com.edu.test.JK.newsameaddress()'><b>newsameaddress</b><br>Test class: com.edu.test.JK</td>
<td><div><pre>java.lang.AssertionError: expected [success] but found [最多只能添加6个地址]
	at com.edu.utils.Checker.assertXpath(Unknown Source)
	at com.edu.test.JK.newsameaddress(Unknown Source)
... Removed 30 stack frames</pre></div><a href='#' onClick='toggleBox("stack-trace1731656333", this, "Click to show all stack frames", "Click to hide stack frames")'>Click to show all stack frames</a>
<div class='stack-trace' id='stack-trace1731656333'><pre>java.lang.AssertionError: expected [success] but found [最多只能添加6个地址]
	at org.testng.Assert.fail(Assert.java:96)
	at org.testng.Assert.failNotEquals(Assert.java:776)
	at org.testng.Assert.assertEqualsImpl(Assert.java:137)
	at org.testng.Assert.assertEquals(Assert.java:118)
	at org.testng.Assert.assertEquals(Assert.java:453)
	at org.testng.Assert.assertEquals(Assert.java:463)
	at com.edu.utils.Checker.assertXpath(Unknown Source)
	at com.edu.test.JK.newsameaddress(Unknown Source)
	at sun.reflect.NativeMethodAccessorImpl.invoke0(Native Method)
	at sun.reflect.NativeMethodAccessorImpl.invoke(NativeMethodAccessorImpl.java:62)
	at sun.reflect.DelegatingMethodAccessorImpl.invoke(DelegatingMethodAccessorImpl.java:43)
	at java.lang.reflect.Method.invoke(Method.java:498)
	at org.testng.internal.MethodInvocationHelper.invokeMethod(MethodInvocationHelper.java:124)
	at org.testng.internal.Invoker.invokeMethod(Invoker.java:580)
	at org.testng.internal.Invoker.invokeTestMethod(Invoker.java:716)
	at org.testng.internal.Invoker.invokeTestMethods(Invoker.java:988)
	at org.testng.internal.TestMethodWorker.invokeTestMethods(TestMethodWorker.java:125)
	at org.testng.internal.TestMethodWorker.run(TestMethodWorker.java:109)
	at org.testng.TestRunner.privateRun(TestRunner.java:648)
	at org.testng.TestRunner.run(TestRunner.java:505)
	at org.testng.SuiteRunner.runTest(SuiteRunner.java:455)
	at org.testng.SuiteRunner.runSequentially(SuiteRunner.java:450)
	at org.testng.SuiteRunner.privateRun(SuiteRunner.java:415)
	at org.testng.SuiteRunner.run(SuiteRunner.java:364)
	at org.testng.SuiteRunnerWorker.runSuite(SuiteRunnerWorker.java:52)
	at org.testng.SuiteRunnerWorker.run(SuiteRunnerWorker.java:84)
	at org.testng.TestNG.runSuitesSequentially(TestNG.java:1208)
	at org.testng.TestNG.runSuitesLocally(TestNG.java:1137)
	at org.testng.TestNG.runSuites(TestNG.java:1049)
	at org.testng.TestNG.run(TestNG.java:1017)
	at org.testng.TestNG.privateMain(TestNG.java:1354)
	at org.testng.TestNG.main(TestNG.java:1323)
</pre></div></td>
<td>0</td>
<td>com.edu.test.JK@239963d8</td></tr>
<tr>
<td title='com.edu.test.SkuListTest.testSkuList6()'><b>testSkuList6</b><br>Test class: com.edu.test.SkuListTest</td>
<td><div><pre>java.lang.Exception: the Text: &apos;header&apos; is not Present!
	at com.edu.utils.Checker.verifyTextPresent(Unknown Source)
	at com.edu.test.SkuListTest.testSkuList6(Unknown Source)
... Removed 24 stack frames</pre></div><a href='#' onClick='toggleBox("stack-trace2079565272", this, "Click to show all stack frames", "Click to hide stack frames")'>Click to show all stack frames</a>
<div class='stack-trace' id='stack-trace2079565272'><pre>java.lang.Exception: the Text: &apos;header&apos; is not Present!
	at com.edu.utils.Checker.verifyTextPresent(Unknown Source)
	at com.edu.test.SkuListTest.testSkuList6(Unknown Source)
	at sun.reflect.NativeMethodAccessorImpl.invoke0(Native Method)
	at sun.reflect.NativeMethodAccessorImpl.invoke(NativeMethodAccessorImpl.java:62)
	at sun.reflect.DelegatingMethodAccessorImpl.invoke(DelegatingMethodAccessorImpl.java:43)
	at java.lang.reflect.Method.invoke(Method.java:498)
	at org.testng.internal.MethodInvocationHelper.invokeMethod(MethodInvocationHelper.java:124)
	at org.testng.internal.Invoker.invokeMethod(Invoker.java:580)
	at org.testng.internal.Invoker.invokeTestMethod(Invoker.java:716)
	at org.testng.internal.Invoker.invokeTestMethods(Invoker.java:988)
	at org.testng.internal.TestMethodWorker.invokeTestMethods(TestMethodWorker.java:125)
	at org.testng.internal.TestMethodWorker.run(TestMethodWorker.java:109)
	at org.testng.TestRunner.privateRun(TestRunner.java:648)
	at org.testng.TestRunner.run(TestRunner.java:505)
	at org.testng.SuiteRunner.runTest(SuiteRunner.java:455)
	at org.testng.SuiteRunner.runSequentially(SuiteRunner.java:450)
	at org.testng.SuiteRunner.privateRun(SuiteRunner.java:415)
	at org.testng.SuiteRunner.run(SuiteRunner.java:364)
	at org.testng.SuiteRunnerWorker.runSuite(SuiteRunnerWorker.java:52)
	at org.testng.SuiteRunnerWorker.run(SuiteRunnerWorker.java:84)
	at org.testng.TestNG.runSuitesSequentially(TestNG.java:1208)
	at org.testng.TestNG.runSuitesLocally(TestNG.java:1137)
	at org.testng.TestNG.runSuites(TestNG.java:1049)
	at org.testng.TestNG.run(TestNG.java:1017)
	at org.testng.TestNG.privateMain(TestNG.java:1354)
	at org.testng.TestNG.main(TestNG.java:1323)
</pre></div></td>
<td>0</td>
<td>com.edu.test.SkuListTest@13deb50e</td></tr>
<tr>
<td title='com.edu.test.SkuListTest.testSkuLlist3()'><b>testSkuLlist3</b><br>Test class: com.edu.test.SkuListTest</td>
<td><div><pre>java.lang.Exception: the Text: &apos;ID&apos; is not Present!
	at com.edu.utils.Checker.verifyTextPresent(Unknown Source)
	at com.edu.test.SkuListTest.testSkuLlist3(Unknown Source)
... Removed 24 stack frames</pre></div><a href='#' onClick='toggleBox("stack-trace1789452565", this, "Click to show all stack frames", "Click to hide stack frames")'>Click to show all stack frames</a>
<div class='stack-trace' id='stack-trace1789452565'><pre>java.lang.Exception: the Text: &apos;ID&apos; is not Present!
	at com.edu.utils.Checker.verifyTextPresent(Unknown Source)
	at com.edu.test.SkuListTest.testSkuLlist3(Unknown Source)
	at sun.reflect.NativeMethodAccessorImpl.invoke0(Native Method)
	at sun.reflect.NativeMethodAccessorImpl.invoke(NativeMethodAccessorImpl.java:62)
	at sun.reflect.DelegatingMethodAccessorImpl.invoke(DelegatingMethodAccessorImpl.java:43)
	at java.lang.reflect.Method.invoke(Method.java:498)
	at org.testng.internal.MethodInvocationHelper.invokeMethod(MethodInvocationHelper.java:124)
	at org.testng.internal.Invoker.invokeMethod(Invoker.java:580)
	at org.testng.internal.Invoker.invokeTestMethod(Invoker.java:716)
	at org.testng.internal.Invoker.invokeTestMethods(Invoker.java:988)
	at org.testng.internal.TestMethodWorker.invokeTestMethods(TestMethodWorker.java:125)
	at org.testng.internal.TestMethodWorker.run(TestMethodWorker.java:109)
	at org.testng.TestRunner.privateRun(TestRunner.java:648)
	at org.testng.TestRunner.run(TestRunner.java:505)
	at org.testng.SuiteRunner.runTest(SuiteRunner.java:455)
	at org.testng.SuiteRunner.runSequentially(SuiteRunner.java:450)
	at org.testng.SuiteRunner.privateRun(SuiteRunner.java:415)
	at org.testng.SuiteRunner.run(SuiteRunner.java:364)
	at org.testng.SuiteRunnerWorker.runSuite(SuiteRunnerWorker.java:52)
	at org.testng.SuiteRunnerWorker.run(SuiteRunnerWorker.java:84)
	at org.testng.TestNG.runSuitesSequentially(TestNG.java:1208)
	at org.testng.TestNG.runSuitesLocally(TestNG.java:1137)
	at org.testng.TestNG.runSuites(TestNG.java:1049)
	at org.testng.TestNG.run(TestNG.java:1017)
	at org.testng.TestNG.privateMain(TestNG.java:1354)
	at org.testng.TestNG.main(TestNG.java:1323)
</pre></div></td>
<td>0</td>
<td>com.edu.test.SkuListTest@13deb50e</td></tr>
</table><p>
<table width='100%' border='1' class='invocation-passed'>
<tr><td colspan='4' align='center'><b>PASSED TESTS</b></td></tr>
<tr><td><b>Test method</b></td>
<td width="30%"><b>Exception</b></td>
<td width="10%"><b>Time (seconds)</b></td>
<td><b>Instance</b></td>
</tr>
<tr>
<td title='com.edu.test.QGDelete.AddressDeleteFail1()'><b>AddressDeleteFail1</b><br>Test class: com.edu.test.QGDelete</td>
<td></td>
<td>0</td>
<td>com.edu.test.QGDelete@31ef45e3</td></tr>
<tr>
<td title='com.edu.test.QGDelete.AddressDeleteFail2()'><b>AddressDeleteFail2</b><br>Test class: com.edu.test.QGDelete</td>
<td></td>
<td>0</td>
<td>com.edu.test.QGDelete@31ef45e3</td></tr>
<tr>
<td title='com.edu.test.QGDelete.AddressDeleteFail3()'><b>AddressDeleteFail3</b><br>Test class: com.edu.test.QGDelete</td>
<td></td>
<td>0</td>
<td>com.edu.test.QGDelete@31ef45e3</td></tr>
<tr>
<td title='com.edu.test.AddList.TestAddList1()'><b>TestAddList1</b><br>Test class: com.edu.test.AddList<br>Test method: 获取所有用户收货地址成功</td>
<td></td>
<td>0</td>
<td>com.edu.test.AddList@57fffcd7</td></tr>
<tr>
<td title='com.edu.test.AddList.TestAddList2()'><b>TestAddList2</b><br>Test class: com.edu.test.AddList<br>Test method: 获取id=82317644的商品sku信息成功</td>
<td></td>
<td>0</td>
<td>com.edu.test.AddList@57fffcd7</td></tr>
<tr>
<td title='com.edu.test.AddList.TestAddList3()'><b>TestAddList3</b><br>Test class: com.edu.test.AddList<br>Test method: 获取id=2147483648的商品sku信息失败</td>
<td></td>
<td>0</td>
<td>com.edu.test.AddList@57fffcd7</td></tr>
<tr>
<td title='com.edu.test.AddList.TestAddList4()'><b>TestAddList4</b><br>Test class: com.edu.test.AddList<br>Test method: 获取id=-2147483648的商品sku信息失败</td>
<td></td>
<td>0</td>
<td>com.edu.test.AddList@57fffcd7</td></tr>
<tr>
<td title='com.edu.test.AddList.TestAddList5()'><b>TestAddList5</b><br>Test class: com.edu.test.AddList<br>Test method: 获取id不存在的商品失败</td>
<td></td>
<td>0</td>
<td>com.edu.test.AddList@57fffcd7</td></tr>
<tr>
<td title='com.edu.test.AddList.TestAddList6()'><b>TestAddList6</b><br>Test class: com.edu.test.AddList<br>Test method: id类型不正确</td>
<td></td>
<td>0</td>
<td>com.edu.test.AddList@57fffcd7</td></tr>
<tr>
<td title='com.edu.test.ChangJing_test.changjing4()'><b>changjing4</b><br>Test class: com.edu.test.ChangJing_test</td>
<td></td>
<td>0</td>
<td>com.edu.test.ChangJing_test@3c0ecd4b</td></tr>
<tr>
<td title='com.edu.test.SubmitTest.loginSuccess()'><b>loginSuccess</b><br>Test class: com.edu.test.SubmitTest</td>
<td></td>
<td>0</td>
<td>com.edu.test.SubmitTest@598067a5</td></tr>
<tr>
<td title='com.edu.test.SubmitTest.submit()'><b>submit</b><br>Test class: com.edu.test.SubmitTest</td>
<td></td>
<td>0</td>
<td>com.edu.test.SubmitTest@598067a5</td></tr>
<tr>
<td title='com.edu.test.SubmitTest.submit1()'><b>submit1</b><br>Test class: com.edu.test.SubmitTest</td>
<td></td>
<td>0</td>
<td>com.edu.test.SubmitTest@598067a5</td></tr>
<tr>
<td title='com.edu.test.SubmitTest.submit11()'><b>submit11</b><br>Test class: com.edu.test.SubmitTest</td>
<td></td>
<td>0</td>
<td>com.edu.test.SubmitTest@598067a5</td></tr>
<tr>
<td title='com.edu.test.SceneTest.testAddress()'><b>testAddress</b><br>Test class: com.edu.test.SceneTest</td>
<td></td>
<td>0</td>
<td>com.edu.test.SceneTest@14bf9759</td></tr>
<tr>
<td title='com.edu.test.HttpClientForGetTransportFeeTest.testGetTranportFeeBySpecial()'><b>testGetTranportFeeBySpecial</b><br>Test class: com.edu.test.HttpClientForGetTransportFeeTest<br>Test method: addressDetail参数为特别行政区_请求成功</td>
<td></td>
<td>0</td>
<td>com.edu.test.HttpClientForGetTransportFeeTest@3abbfa04</td></tr>
<tr>
<td title='com.edu.test.HttpClientForGetTransportFeeTest.testGetTransportFeeByAreaError()'><b>testGetTransportFeeByAreaError</b><br>Test class: com.edu.test.HttpClientForGetTransportFeeTest<br>Test method: addressDetail参数中区不匹配_请求失败</td>
<td></td>
<td>0</td>
<td>com.edu.test.HttpClientForGetTransportFeeTest@3abbfa04</td></tr>
<tr>
<td title='com.edu.test.HttpClientForGetTransportFeeTest.testGetTransportFeeByCityAreaError()'><b>testGetTransportFeeByCityAreaError</b><br>Test class: com.edu.test.HttpClientForGetTransportFeeTest<br>Test method: addressDetail参数中市区均不匹配_请求失败</td>
<td></td>
<td>0</td>
<td>com.edu.test.HttpClientForGetTransportFeeTest@3abbfa04</td></tr>
<tr>
<td title='com.edu.test.HttpClientForGetTransportFeeTest.testGetTransportFeeByCityError()'><b>testGetTransportFeeByCityError</b><br>Test class: com.edu.test.HttpClientForGetTransportFeeTest<br>Test method: addressDetail参数中市不匹配_请求失败</td>
<td></td>
<td>0</td>
<td>com.edu.test.HttpClientForGetTransportFeeTest@3abbfa04</td></tr>
<tr>
<td title='com.edu.test.HttpClientForGetTransportFeeTest.testGetTransportFeeByDirectly()'><b>testGetTransportFeeByDirectly</b><br>Test class: com.edu.test.HttpClientForGetTransportFeeTest<br>Test method: addressDetail参数为直辖市_请求成功</td>
<td></td>
<td>0</td>
<td>com.edu.test.HttpClientForGetTransportFeeTest@3abbfa04</td></tr>
<tr>
<td title='com.edu.test.HttpClientForGetTransportFeeTest.testGetTransportFeeById()'><b>testGetTransportFeeById</b><br>Test class: com.edu.test.HttpClientForGetTransportFeeTest<br>Test method: id参数不正确_获取运费成功</td>
<td></td>
<td>0</td>
<td>com.edu.test.HttpClientForGetTransportFeeTest@3abbfa04</td></tr>
<tr>
<td title='com.edu.test.HttpClientForGetTransportFeeTest.testGetTransportFeeByIdError()'><b>testGetTransportFeeByIdError</b><br>Test class: com.edu.test.HttpClientForGetTransportFeeTest<br>Test method: id参数类型不正确_获取运费失败</td>
<td></td>
<td>0</td>
<td>com.edu.test.HttpClientForGetTransportFeeTest@3abbfa04</td></tr>
<tr>
<td title='com.edu.test.HttpClientForGetTransportFeeTest.testGetTransportFeeByMuni()'><b>testGetTransportFeeByMuni</b><br>Test class: com.edu.test.HttpClientForGetTransportFeeTest<br>Test method: addressDetail参数为自治区_请求成功</td>
<td></td>
<td>0</td>
<td>com.edu.test.HttpClientForGetTransportFeeTest@3abbfa04</td></tr>
<tr>
<td title='com.edu.test.HttpClientForGetTransportFeeTest.testGetTransportFeeByNullId()'><b>testGetTransportFeeByNullId</b><br>Test class: com.edu.test.HttpClientForGetTransportFeeTest<br>Test method: id参数为空_获取运费失败</td>
<td></td>
<td>0</td>
<td>com.edu.test.HttpClientForGetTransportFeeTest@3abbfa04</td></tr>
<tr>
<td title='com.edu.test.HttpClientForGetTransportFeeTest.testGetTransportFeeSuccess()'><b>testGetTransportFeeSuccess</b><br>Test class: com.edu.test.HttpClientForGetTransportFeeTest<br>Test method: id_addressDetail参数均正确_获取运费成功</td>
<td></td>
<td>0</td>
<td>com.edu.test.HttpClientForGetTransportFeeTest@3abbfa04</td></tr>
<tr>
<td title='com.edu.test.SceneTest.testSkuList()'><b>testSkuList</b><br>Test class: com.edu.test.SceneTest</td>
<td></td>
<td>0</td>
<td>com.edu.test.SceneTest@14bf9759</td></tr>
<tr>
<td title='com.edu.test.SkuListTest.testSkuList1()'><b>testSkuList1</b><br>Test class: com.edu.test.SkuListTest</td>
<td></td>
<td>0</td>
<td>com.edu.test.SkuListTest@13deb50e</td></tr>
<tr>
<td title='com.edu.test.SkuListTest.testSkuList2()'><b>testSkuList2</b><br>Test class: com.edu.test.SkuListTest</td>
<td></td>
<td>0</td>
<td>com.edu.test.SkuListTest@13deb50e</td></tr>
<tr>
<td title='com.edu.test.SkuListTest.testSkuLlist4()'><b>testSkuLlist4</b><br>Test class: com.edu.test.SkuListTest</td>
<td></td>
<td>0</td>
<td>com.edu.test.SkuListTest@13deb50e</td></tr>
<tr>
<td title='com.edu.test.SceneTest.testSubmit()'><b>testSubmit</b><br>Test class: com.edu.test.SceneTest</td>
<td></td>
<td>0</td>
<td>com.edu.test.SceneTest@14bf9759</td></tr>
<tr>
<td title='com.edu.test.SceneTest.testTransport()'><b>testTransport</b><br>Test class: com.edu.test.SceneTest</td>
<td></td>
<td>0</td>
<td>com.edu.test.SceneTest@14bf9759</td></tr>
<tr>
<td title='com.edu.test.loginTest.test_Login1()'><b>test_Login1</b><br>Test class: com.edu.test.loginTest<br>Test method: 登录成功</td>
<td></td>
<td>0</td>
<td>com.edu.test.loginTest@f6c48ac</td></tr>
<tr>
<td title='com.edu.test.loginTest.test_Login10()'><b>test_Login10</b><br>Test class: com.edu.test.loginTest<br>Test method: 登录失败，密码错误</td>
<td></td>
<td>0</td>
<td>com.edu.test.loginTest@f6c48ac</td></tr>
<tr>
<td title='com.edu.test.loginTest.test_Login11()'><b>test_Login11</b><br>Test class: com.edu.test.loginTest<br>Test method: 登录失败，用户不存在</td>
<td></td>
<td>0</td>
<td>com.edu.test.loginTest@f6c48ac</td></tr>
<tr>
<td title='com.edu.test.loginTest.test_Login12()'><b>test_Login12</b><br>Test class: com.edu.test.loginTest<br>Test method: 登录失败，区号不存在</td>
<td></td>
<td>0</td>
<td>com.edu.test.loginTest@f6c48ac</td></tr>
<tr>
<td title='com.edu.test.loginTest.test_Login2()'><b>test_Login2</b><br>Test class: com.edu.test.loginTest<br>Test method: 登录失败，phoneArea参数类型不正确</td>
<td></td>
<td>0</td>
<td>com.edu.test.loginTest@f6c48ac</td></tr>
<tr>
<td title='com.edu.test.loginTest.test_Login3()'><b>test_Login3</b><br>Test class: com.edu.test.loginTest<br>Test method: 登录失败，phoneNumber参数类型不正确</td>
<td></td>
<td>0</td>
<td>com.edu.test.loginTest@f6c48ac</td></tr>
<tr>
<td title='com.edu.test.loginTest.test_Login4()'><b>test_Login4</b><br>Test class: com.edu.test.loginTest<br>Test method: 登录失败，password参数类型不正确</td>
<td></td>
<td>0</td>
<td>com.edu.test.loginTest@f6c48ac</td></tr>
<tr>
<td title='com.edu.test.loginTest.test_Login5()'><b>test_Login5</b><br>Test class: com.edu.test.loginTest<br>Test method: 登录失败，缺少phoneArea参数</td>
<td></td>
<td>0</td>
<td>com.edu.test.loginTest@f6c48ac</td></tr>
<tr>
<td title='com.edu.test.loginTest.test_Login6()'><b>test_Login6</b><br>Test class: com.edu.test.loginTest<br>Test method: 登录失败，缺少phoneNumber参数</td>
<td></td>
<td>0</td>
<td>com.edu.test.loginTest@f6c48ac</td></tr>
<tr>
<td title='com.edu.test.loginTest.test_Login7()'><b>test_Login7</b><br>Test class: com.edu.test.loginTest<br>Test method: 登录失败，缺少password参数</td>
<td></td>
<td>0</td>
<td>com.edu.test.loginTest@f6c48ac</td></tr>
<tr>
<td title='com.edu.test.loginTest.test_Login8()'><b>test_Login8</b><br>Test class: com.edu.test.loginTest<br>Test method: 登录失败，电话号码超过11位</td>
<td></td>
<td>0</td>
<td>com.edu.test.loginTest@f6c48ac</td></tr>
<tr>
<td title='com.edu.test.loginTest.test_Login9()'><b>test_Login9</b><br>Test class: com.edu.test.loginTest<br>Test method: 登录失败，电话号码不足11位</td>
<td></td>
<td>0</td>
<td>com.edu.test.loginTest@f6c48ac</td></tr>
</table><p>
</body>
</html>