<?xml version="1.0" encoding="UTF-8"?>
<testng-results ignored="0" total="74" passed="62" failed="6" skipped="6">
  <reporter-output>
  </reporter-output>
  <suite started-at="2018-12-07T00:47:45Z" name="s1" finished-at="2018-12-07T01:20:41Z" duration-ms="1975988">
    <groups>
    </groups>
    <test started-at="2018-12-07T00:47:45Z" name="personnel" finished-at="2018-12-07T01:20:41Z" duration-ms="1975988">
      <class name="com.webtest.personnel.personnal_files.File_Subscript_Test">
        <test-method is-config="true" signature="doBeforeSuite()[pri:0, instance:com.webtest.personnel.personnal_files.File_Subscript_Test@68267da0]" started-at="2018-12-07T01:02:02Z" name="doBeforeSuite" finished-at="2018-12-07T01:02:10Z" duration-ms="8213" status="PASS">
          <reporter-output>
          </reporter-output>
        </test-method> <!-- doBeforeSuite -->
        <test-method is-config="true" signature="initAction()[pri:0, instance:com.webtest.personnel.personnal_files.File_Subscript_Test@68267da0]" started-at="2018-12-07T01:02:10Z" name="initAction" finished-at="2018-12-07T01:02:18Z" duration-ms="8257" status="PASS">
          <reporter-output>
          </reporter-output>
        </test-method> <!-- initAction -->
        <test-method signature="testSubscript()[pri:0, instance:com.webtest.personnel.personnal_files.File_Subscript_Test@68267da0]" started-at="2018-12-07T01:02:18Z" name="testSubscript" finished-at="2018-12-07T01:02:35Z" duration-ms="16159" status="PASS">
          <reporter-output>
          </reporter-output>
        </test-method> <!-- testSubscript -->
        <test-method is-config="true" signature="doAfterMethod()[pri:0, instance:com.webtest.personnel.personnal_files.File_Subscript_Test@68267da0]" started-at="2018-12-07T01:02:35Z" name="doAfterMethod" finished-at="2018-12-07T01:02:35Z" duration-ms="628" status="PASS">
          <reporter-output>
          </reporter-output>
        </test-method> <!-- doAfterMethod -->
      </class> <!-- com.webtest.personnel.personnal_files.File_Subscript_Test -->
      <class name="com.webtest.customer.test.HighSearch_test">
        <test-method is-config="true" signature="doBeforeSuite()[pri:0, instance:com.webtest.customer.test.HighSearch_test@76ed1b7c]" started-at="2018-12-07T00:57:43Z" name="doBeforeSuite" finished-at="2018-12-07T00:57:52Z" duration-ms="8263" status="PASS">
          <reporter-output>
          </reporter-output>
        </test-method> <!-- doBeforeSuite -->
        <test-method is-config="true" signature="enter_customer()[pri:0, instance:com.webtest.customer.test.HighSearch_test@76ed1b7c]" started-at="2018-12-07T00:57:52Z" name="enter_customer" finished-at="2018-12-07T00:58:18Z" duration-ms="26424" status="PASS">
          <reporter-output>
          </reporter-output>
        </test-method> <!-- enter_customer -->
        <test-method is-config="true" signature="enter_customer_hightsearch()[pri:0, instance:com.webtest.customer.test.HighSearch_test@76ed1b7c]" started-at="2018-12-07T00:58:18Z" name="enter_customer_hightsearch" finished-at="2018-12-07T00:58:25Z" duration-ms="6538" status="PASS">
          <reporter-output>
          </reporter-output>
        </test-method> <!-- enter_customer_hightsearch -->
        <test-method signature="custname()[pri:0, instance:com.webtest.customer.test.HighSearch_test@76ed1b7c]" started-at="2018-12-07T00:58:25Z" name="custname" finished-at="2018-12-07T00:58:36Z" duration-ms="11408" status="PASS">
          <reporter-output>
          </reporter-output>
        </test-method> <!-- custname -->
        <test-method is-config="true" signature="enter_customer_hightsearch()[pri:0, instance:com.webtest.customer.test.HighSearch_test@76ed1b7c]" started-at="2018-12-07T00:58:36Z" name="enter_customer_hightsearch" finished-at="2018-12-07T00:58:42Z" duration-ms="6484" status="PASS">
          <reporter-output>
          </reporter-output>
        </test-method> <!-- enter_customer_hightsearch -->
        <test-method signature="htshu()[pri:0, instance:com.webtest.customer.test.HighSearch_test@76ed1b7c]" started-at="2018-12-07T00:58:42Z" name="htshu" finished-at="2018-12-07T00:58:53Z" duration-ms="10815" status="PASS">
          <reporter-output>
          </reporter-output>
        </test-method> <!-- htshu -->
        <test-method is-config="true" signature="enter_customer_hightsearch()[pri:0, instance:com.webtest.customer.test.HighSearch_test@76ed1b7c]" started-at="2018-12-07T00:58:53Z" name="enter_customer_hightsearch" finished-at="2018-12-07T00:59:00Z" duration-ms="6501" status="PASS">
          <reporter-output>
          </reporter-output>
        </test-method> <!-- enter_customer_hightsearch -->
        <test-method signature="mobile()[pri:0, instance:com.webtest.customer.test.HighSearch_test@76ed1b7c]" started-at="2018-12-07T00:59:00Z" name="mobile" finished-at="2018-12-07T00:59:10Z" duration-ms="10716" status="PASS">
          <reporter-output>
          </reporter-output>
        </test-method> <!-- mobile -->
        <test-method is-config="true" signature="enter_customer_hightsearch()[pri:0, instance:com.webtest.customer.test.HighSearch_test@76ed1b7c]" started-at="2018-12-07T00:59:10Z" name="enter_customer_hightsearch" finished-at="2018-12-07T00:59:17Z" duration-ms="6527" status="PASS">
          <reporter-output>
          </reporter-output>
        </test-method> <!-- enter_customer_hightsearch -->
        <test-method signature="moneyz()[pri:0, instance:com.webtest.customer.test.HighSearch_test@76ed1b7c]" started-at="2018-12-07T00:59:17Z" name="moneyz" finished-at="2018-12-07T00:59:28Z" duration-ms="10987" status="PASS">
          <reporter-output>
          </reporter-output>
        </test-method> <!-- moneyz -->
        <test-method is-config="true" signature="enter_customer_hightsearch()[pri:0, instance:com.webtest.customer.test.HighSearch_test@76ed1b7c]" started-at="2018-12-07T00:59:28Z" name="enter_customer_hightsearch" finished-at="2018-12-07T00:59:34Z" duration-ms="6512" status="PASS">
          <reporter-output>
          </reporter-output>
        </test-method> <!-- enter_customer_hightsearch -->
        <test-method signature="type()[pri:0, instance:com.webtest.customer.test.HighSearch_test@76ed1b7c]" started-at="2018-12-07T00:59:34Z" name="type" finished-at="2018-12-07T00:59:52Z" duration-ms="17085" status="PASS">
          <reporter-output>
          </reporter-output>
        </test-method> <!-- type -->
        <test-method is-config="true" signature="doAfterMethod()[pri:0, instance:com.webtest.customer.test.HighSearch_test@76ed1b7c]" started-at="2018-12-07T00:59:52Z" name="doAfterMethod" finished-at="2018-12-07T00:59:52Z" duration-ms="836" status="PASS">
          <reporter-output>
          </reporter-output>
        </test-method> <!-- doAfterMethod -->
      </class> <!-- com.webtest.customer.test.HighSearch_test -->
      <class name="com.webtest.personnel.personnal_files.File_Flush_Test">
        <test-method is-config="true" signature="doBeforeSuite()[pri:0, instance:com.webtest.personnel.personnal_files.File_Flush_Test@7a675056]" started-at="2018-12-07T00:51:35Z" name="doBeforeSuite" finished-at="2018-12-07T00:51:48Z" duration-ms="13048" status="PASS">
          <reporter-output>
          </reporter-output>
        </test-method> <!-- doBeforeSuite -->
        <test-method is-config="true" signature="initAction()[pri:0, instance:com.webtest.personnel.personnal_files.File_Flush_Test@7a675056]" started-at="2018-12-07T00:51:48Z" name="initAction" finished-at="2018-12-07T00:51:57Z" duration-ms="9459" status="PASS">
          <reporter-output>
          </reporter-output>
        </test-method> <!-- initAction -->
        <test-method signature="testFlush()[pri:0, instance:com.webtest.personnel.personnal_files.File_Flush_Test@7a675056]" started-at="2018-12-07T00:51:57Z" name="testFlush" finished-at="2018-12-07T00:52:14Z" duration-ms="16105" status="PASS">
          <reporter-output>
          </reporter-output>
        </test-method> <!-- testFlush -->
        <test-method is-config="true" signature="doAfterMethod()[pri:0, instance:com.webtest.personnel.personnal_files.File_Flush_Test@7a675056]" started-at="2018-12-07T00:52:14Z" name="doAfterMethod" finished-at="2018-12-07T00:52:15Z" duration-ms="954" status="PASS">
          <reporter-output>
          </reporter-output>
        </test-method> <!-- doAfterMethod -->
      </class> <!-- com.webtest.personnel.personnal_files.File_Flush_Test -->
      <class name="com.webtest.xinhu_personal.Addnotice_time">
        <test-method is-config="true" signature="doBeforeSuite()[pri:0, instance:com.webtest.xinhu_personal.Addnotice_time@a1cdc6d]" started-at="2018-12-07T01:15:10Z" name="doBeforeSuite" finished-at="2018-12-07T01:15:18Z" duration-ms="8737" status="PASS">
          <reporter-output>
          </reporter-output>
        </test-method> <!-- doBeforeSuite -->
        <test-method signature="login4()[pri:0, instance:com.webtest.xinhu_personal.Addnotice_time@a1cdc6d]" started-at="2018-12-07T01:15:18Z" name="login4" finished-at="2018-12-07T01:15:27Z" duration-ms="8949" status="PASS">
          <reporter-output>
          </reporter-output>
        </test-method> <!-- login4 -->
        <test-method signature="enterNotice()[pri:0, instance:com.webtest.xinhu_personal.Addnotice_time@a1cdc6d]" started-at="2018-12-07T01:16:55Z" name="enterNotice" finished-at="2018-12-07T01:17:01Z" depends-on-methods="com.webtest.xinhu_personal.Addnotice_time.login4" duration-ms="6531" status="PASS">
          <reporter-output>
          </reporter-output>
        </test-method> <!-- enterNotice -->
        <test-method signature="testTime(java.lang.String, java.lang.String)[pri:0, instance:com.webtest.xinhu_personal.Addnotice_time@a1cdc6d]" started-at="2018-12-07T01:17:01Z" name="testTime" data-provider="txt3" finished-at="2018-12-07T01:17:17Z" depends-on-methods="com.webtest.xinhu_personal.Addnotice_time.enterNotice" duration-ms="16273" status="PASS">
          <params>
            <param index="0">
              <value>
                <![CDATA[2016-07-08]]>
              </value>
            </param>
            <param index="1">
              <value>
                <![CDATA[新增保存成功]]>
              </value>
            </param>
          </params>
          <reporter-output>
          </reporter-output>
        </test-method> <!-- testTime -->
        <test-method signature="testTime(java.lang.String, java.lang.String)[pri:0, instance:com.webtest.xinhu_personal.Addnotice_time@a1cdc6d]" started-at="2018-12-07T01:17:17Z" name="testTime" data-provider="txt3" finished-at="2018-12-07T01:17:34Z" depends-on-methods="com.webtest.xinhu_personal.Addnotice_time.enterNotice" duration-ms="16241" status="FAIL">
          <params>
            <param index="0">
              <value>
                <![CDATA[2019-04-05]]>
              </value>
            </param>
            <param index="1">
              <value>
                <![CDATA[日期不存在]]>
              </value>
            </param>
          </params>
          <exception class="java.lang.AssertionError">
            <message>
              <![CDATA[expected [true] but found [false]]]>
            </message>
            <full-stacktrace>
              <![CDATA[java.lang.AssertionError: expected [true] but found [false]
at org.testng.Assert.fail(Assert.java:96)
at org.testng.Assert.failNotEquals(Assert.java:776)
at org.testng.Assert.assertTrue(Assert.java:44)
at org.testng.Assert.assertTrue(Assert.java:54)
at com.webtest.xinhu_personal.Addnotice_time.testTime(Unknown Source)
at java.base/jdk.internal.reflect.NativeMethodAccessorImpl.invoke0(Native Method)
at java.base/jdk.internal.reflect.NativeMethodAccessorImpl.invoke(NativeMethodAccessorImpl.java:62)
at java.base/jdk.internal.reflect.DelegatingMethodAccessorImpl.invoke(DelegatingMethodAccessorImpl.java:43)
at java.base/java.lang.reflect.Method.invoke(Method.java:564)
at org.testng.internal.MethodInvocationHelper.invokeMethod(MethodInvocationHelper.java:124)
at org.testng.internal.Invoker.invokeMethod(Invoker.java:580)
at org.testng.internal.Invoker.invokeTestMethod(Invoker.java:716)
at org.testng.internal.Invoker.invokeTestMethods(Invoker.java:988)
at org.testng.internal.TestMethodWorker.invokeTestMethods(TestMethodWorker.java:125)
at org.testng.internal.TestMethodWorker.run(TestMethodWorker.java:109)
at org.testng.TestRunner.privateRun(TestRunner.java:648)
at org.testng.TestRunner.run(TestRunner.java:505)
at org.testng.SuiteRunner.runTest(SuiteRunner.java:455)
at org.testng.SuiteRunner.runSequentially(SuiteRunner.java:450)
at org.testng.SuiteRunner.privateRun(SuiteRunner.java:415)
at org.testng.SuiteRunner.run(SuiteRunner.java:364)
at org.testng.SuiteRunnerWorker.runSuite(SuiteRunnerWorker.java:52)
at org.testng.SuiteRunnerWorker.run(SuiteRunnerWorker.java:84)
at org.testng.TestNG.runSuitesSequentially(TestNG.java:1208)
at org.testng.TestNG.runSuitesLocally(TestNG.java:1137)
at org.testng.TestNG.runSuites(TestNG.java:1049)
at org.testng.TestNG.run(TestNG.java:1017)
at org.testng.TestNG.privateMain(TestNG.java:1354)
at org.testng.TestNG.main(TestNG.java:1323)
]]>
            </full-stacktrace>
          </exception> <!-- java.lang.AssertionError -->
          <reporter-output>
          </reporter-output>
        </test-method> <!-- testTime -->
        <test-method signature="testTime(java.lang.String, java.lang.String)[pri:0, instance:com.webtest.xinhu_personal.Addnotice_time@a1cdc6d]" started-at="2018-12-07T01:17:34Z" name="testTime" data-provider="txt3" finished-at="2018-12-07T01:17:50Z" depends-on-methods="com.webtest.xinhu_personal.Addnotice_time.enterNotice" duration-ms="16227" status="FAIL">
          <params>
            <param index="0">
              <value>
                <![CDATA[16-7-8]]>
              </value>
            </param>
            <param index="1">
              <value>
                <![CDATA[日期格式有误]]>
              </value>
            </param>
          </params>
          <exception class="java.lang.AssertionError">
            <message>
              <![CDATA[expected [true] but found [false]]]>
            </message>
            <full-stacktrace>
              <![CDATA[java.lang.AssertionError: expected [true] but found [false]
at org.testng.Assert.fail(Assert.java:96)
at org.testng.Assert.failNotEquals(Assert.java:776)
at org.testng.Assert.assertTrue(Assert.java:44)
at org.testng.Assert.assertTrue(Assert.java:54)
at com.webtest.xinhu_personal.Addnotice_time.testTime(Unknown Source)
at java.base/jdk.internal.reflect.NativeMethodAccessorImpl.invoke0(Native Method)
at java.base/jdk.internal.reflect.NativeMethodAccessorImpl.invoke(NativeMethodAccessorImpl.java:62)
at java.base/jdk.internal.reflect.DelegatingMethodAccessorImpl.invoke(DelegatingMethodAccessorImpl.java:43)
at java.base/java.lang.reflect.Method.invoke(Method.java:564)
at org.testng.internal.MethodInvocationHelper.invokeMethod(MethodInvocationHelper.java:124)
at org.testng.internal.Invoker.invokeMethod(Invoker.java:580)
at org.testng.internal.Invoker.invokeTestMethod(Invoker.java:716)
at org.testng.internal.Invoker.invokeTestMethods(Invoker.java:988)
at org.testng.internal.TestMethodWorker.invokeTestMethods(TestMethodWorker.java:125)
at org.testng.internal.TestMethodWorker.run(TestMethodWorker.java:109)
at org.testng.TestRunner.privateRun(TestRunner.java:648)
at org.testng.TestRunner.run(TestRunner.java:505)
at org.testng.SuiteRunner.runTest(SuiteRunner.java:455)
at org.testng.SuiteRunner.runSequentially(SuiteRunner.java:450)
at org.testng.SuiteRunner.privateRun(SuiteRunner.java:415)
at org.testng.SuiteRunner.run(SuiteRunner.java:364)
at org.testng.SuiteRunnerWorker.runSuite(SuiteRunnerWorker.java:52)
at org.testng.SuiteRunnerWorker.run(SuiteRunnerWorker.java:84)
at org.testng.TestNG.runSuitesSequentially(TestNG.java:1208)
at org.testng.TestNG.runSuitesLocally(TestNG.java:1137)
at org.testng.TestNG.runSuites(TestNG.java:1049)
at org.testng.TestNG.run(TestNG.java:1017)
at org.testng.TestNG.privateMain(TestNG.java:1354)
at org.testng.TestNG.main(TestNG.java:1323)
]]>
            </full-stacktrace>
          </exception> <!-- java.lang.AssertionError -->
          <reporter-output>
          </reporter-output>
        </test-method> <!-- testTime -->
        <test-method is-config="true" signature="doAfterMethod()[pri:0, instance:com.webtest.xinhu_personal.Addnotice_time@a1cdc6d]" started-at="2018-12-07T01:17:50Z" name="doAfterMethod" finished-at="2018-12-07T01:17:51Z" duration-ms="948" status="PASS">
          <reporter-output>
          </reporter-output>
        </test-method> <!-- doAfterMethod -->
      </class> <!-- com.webtest.xinhu_personal.Addnotice_time -->
      <class name="com.webtest.liucheng.test1">
        <test-method is-config="true" signature="doBeforeSuite()[pri:0, instance:com.webtest.liucheng.test1@6ff29830]" started-at="2018-12-07T01:04:54Z" name="doBeforeSuite" finished-at="2018-12-07T01:05:01Z" duration-ms="7141" status="PASS">
          <reporter-output>
          </reporter-output>
        </test-method> <!-- doBeforeSuite -->
        <test-method is-config="true" signature="testLogin()[pri:0, instance:com.webtest.liucheng.test1@6ff29830]" started-at="2018-12-07T01:05:01Z" name="testLogin" finished-at="2018-12-07T01:05:15Z" duration-ms="13922" status="PASS">
          <reporter-output>
          </reporter-output>
        </test-method> <!-- testLogin -->
        <test-method signature="testT()[pri:0, instance:com.webtest.liucheng.test1@6ff29830]" started-at="2018-12-07T01:05:15Z" name="testT" finished-at="2018-12-07T01:05:51Z" duration-ms="36704" status="PASS">
          <reporter-output>
          </reporter-output>
        </test-method> <!-- testT -->
        <test-method is-config="true" signature="doAfterMethod()[pri:0, instance:com.webtest.liucheng.test1@6ff29830]" started-at="2018-12-07T01:05:51Z" name="doAfterMethod" finished-at="2018-12-07T01:05:52Z" duration-ms="617" status="PASS">
          <reporter-output>
          </reporter-output>
        </test-method> <!-- doAfterMethod -->
      </class> <!-- com.webtest.liucheng.test1 -->
      <class name="com.webtest.personnel.personnal_files.File_Output_Test">
        <test-method is-config="true" signature="doBeforeSuite()[pri:0, instance:com.webtest.personnel.personnal_files.File_Output_Test@6e509ffa]" started-at="2018-12-07T00:56:39Z" name="doBeforeSuite" finished-at="2018-12-07T00:56:58Z" duration-ms="18275" status="PASS">
          <reporter-output>
          </reporter-output>
        </test-method> <!-- doBeforeSuite -->
        <test-method is-config="true" signature="initAction()[pri:0, instance:com.webtest.personnel.personnal_files.File_Output_Test@6e509ffa]" started-at="2018-12-07T00:56:58Z" name="initAction" finished-at="2018-12-07T00:57:06Z" duration-ms="8330" status="PASS">
          <reporter-output>
          </reporter-output>
        </test-method> <!-- initAction -->
        <test-method signature="testOutputAll()[pri:0, instance:com.webtest.personnel.personnal_files.File_Output_Test@6e509ffa]" started-at="2018-12-07T00:57:06Z" name="testOutputAll" finished-at="2018-12-07T00:57:22Z" duration-ms="16111" status="FAIL">
          <exception class="java.lang.AssertionError">
            <message>
              <![CDATA[expected [true] but found [false]]]>
            </message>
            <full-stacktrace>
              <![CDATA[java.lang.AssertionError: expected [true] but found [false]
at org.testng.Assert.fail(Assert.java:96)
at org.testng.Assert.failNotEquals(Assert.java:776)
at org.testng.Assert.assertEqualsImpl(Assert.java:137)
at org.testng.Assert.assertEquals(Assert.java:118)
at org.testng.Assert.assertEquals(Assert.java:568)
at org.testng.Assert.assertEquals(Assert.java:578)
at com.webtest.personnel.action.File_Action.outputAll(Unknown Source)
at com.webtest.personnel.personnal_files.File_Output_Test.testOutputAll(Unknown Source)
at java.base/jdk.internal.reflect.NativeMethodAccessorImpl.invoke0(Native Method)
at java.base/jdk.internal.reflect.NativeMethodAccessorImpl.invoke(NativeMethodAccessorImpl.java:62)
at java.base/jdk.internal.reflect.DelegatingMethodAccessorImpl.invoke(DelegatingMethodAccessorImpl.java:43)
at java.base/java.lang.reflect.Method.invoke(Method.java:564)
at org.testng.internal.MethodInvocationHelper.invokeMethod(MethodInvocationHelper.java:124)
at org.testng.internal.Invoker.invokeMethod(Invoker.java:580)
at org.testng.internal.Invoker.invokeTestMethod(Invoker.java:716)
at org.testng.internal.Invoker.invokeTestMethods(Invoker.java:988)
at org.testng.internal.TestMethodWorker.invokeTestMethods(TestMethodWorker.java:125)
at org.testng.internal.TestMethodWorker.run(TestMethodWorker.java:109)
at org.testng.TestRunner.privateRun(TestRunner.java:648)
at org.testng.TestRunner.run(TestRunner.java:505)
at org.testng.SuiteRunner.runTest(SuiteRunner.java:455)
at org.testng.SuiteRunner.runSequentially(SuiteRunner.java:450)
at org.testng.SuiteRunner.privateRun(SuiteRunner.java:415)
at org.testng.SuiteRunner.run(SuiteRunner.java:364)
at org.testng.SuiteRunnerWorker.runSuite(SuiteRunnerWorker.java:52)
at org.testng.SuiteRunnerWorker.run(SuiteRunnerWorker.java:84)
at org.testng.TestNG.runSuitesSequentially(TestNG.java:1208)
at org.testng.TestNG.runSuitesLocally(TestNG.java:1137)
at org.testng.TestNG.runSuites(TestNG.java:1049)
at org.testng.TestNG.run(TestNG.java:1017)
at org.testng.TestNG.privateMain(TestNG.java:1354)
at org.testng.TestNG.main(TestNG.java:1323)
]]>
            </full-stacktrace>
          </exception> <!-- java.lang.AssertionError -->
          <reporter-output>
          </reporter-output>
        </test-method> <!-- testOutputAll -->
        <test-method is-config="true" signature="initAction()[pri:0, instance:com.webtest.personnel.personnal_files.File_Output_Test@6e509ffa]" started-at="2018-12-07T00:57:22Z" name="initAction" finished-at="2018-12-07T00:57:26Z" duration-ms="4358" status="PASS">
          <reporter-output>
          </reporter-output>
        </test-method> <!-- initAction -->
        <test-method signature="testOutputCurrent()[pri:0, instance:com.webtest.personnel.personnal_files.File_Output_Test@6e509ffa]" started-at="2018-12-07T00:57:26Z" name="testOutputCurrent" finished-at="2018-12-07T00:57:42Z" duration-ms="16138" status="FAIL">
          <exception class="java.lang.AssertionError">
            <message>
              <![CDATA[expected [true] but found [false]]]>
            </message>
            <full-stacktrace>
              <![CDATA[java.lang.AssertionError: expected [true] but found [false]
at org.testng.Assert.fail(Assert.java:96)
at org.testng.Assert.failNotEquals(Assert.java:776)
at org.testng.Assert.assertEqualsImpl(Assert.java:137)
at org.testng.Assert.assertEquals(Assert.java:118)
at org.testng.Assert.assertEquals(Assert.java:568)
at org.testng.Assert.assertEquals(Assert.java:578)
at com.webtest.personnel.action.File_Action.outputCurrent(Unknown Source)
at com.webtest.personnel.personnal_files.File_Output_Test.testOutputCurrent(Unknown Source)
at java.base/jdk.internal.reflect.NativeMethodAccessorImpl.invoke0(Native Method)
at java.base/jdk.internal.reflect.NativeMethodAccessorImpl.invoke(NativeMethodAccessorImpl.java:62)
at java.base/jdk.internal.reflect.DelegatingMethodAccessorImpl.invoke(DelegatingMethodAccessorImpl.java:43)
at java.base/java.lang.reflect.Method.invoke(Method.java:564)
at org.testng.internal.MethodInvocationHelper.invokeMethod(MethodInvocationHelper.java:124)
at org.testng.internal.Invoker.invokeMethod(Invoker.java:580)
at org.testng.internal.Invoker.invokeTestMethod(Invoker.java:716)
at org.testng.internal.Invoker.invokeTestMethods(Invoker.java:988)
at org.testng.internal.TestMethodWorker.invokeTestMethods(TestMethodWorker.java:125)
at org.testng.internal.TestMethodWorker.run(TestMethodWorker.java:109)
at org.testng.TestRunner.privateRun(TestRunner.java:648)
at org.testng.TestRunner.run(TestRunner.java:505)
at org.testng.SuiteRunner.runTest(SuiteRunner.java:455)
at org.testng.SuiteRunner.runSequentially(SuiteRunner.java:450)
at org.testng.SuiteRunner.privateRun(SuiteRunner.java:415)
at org.testng.SuiteRunner.run(SuiteRunner.java:364)
at org.testng.SuiteRunnerWorker.runSuite(SuiteRunnerWorker.java:52)
at org.testng.SuiteRunnerWorker.run(SuiteRunnerWorker.java:84)
at org.testng.TestNG.runSuitesSequentially(TestNG.java:1208)
at org.testng.TestNG.runSuitesLocally(TestNG.java:1137)
at org.testng.TestNG.runSuites(TestNG.java:1049)
at org.testng.TestNG.run(TestNG.java:1017)
at org.testng.TestNG.privateMain(TestNG.java:1354)
at org.testng.TestNG.main(TestNG.java:1323)
]]>
            </full-stacktrace>
          </exception> <!-- java.lang.AssertionError -->
          <reporter-output>
          </reporter-output>
        </test-method> <!-- testOutputCurrent -->
        <test-method is-config="true" signature="doAfterMethod()[pri:0, instance:com.webtest.personnel.personnal_files.File_Output_Test@6e509ffa]" started-at="2018-12-07T00:57:42Z" name="doAfterMethod" finished-at="2018-12-07T00:57:43Z" duration-ms="828" status="PASS">
          <reporter-output>
          </reporter-output>
        </test-method> <!-- doAfterMethod -->
      </class> <!-- com.webtest.personnel.personnal_files.File_Output_Test -->
      <class name="com.webtest.customer.test.Share_Search_test">
        <test-method is-config="true" signature="doBeforeSuite()[pri:0, instance:com.webtest.customer.test.Share_Search_test@32910148]" started-at="2018-12-07T01:10:08Z" name="doBeforeSuite" finished-at="2018-12-07T01:10:15Z" duration-ms="7098" status="PASS">
          <reporter-output>
          </reporter-output>
        </test-method> <!-- doBeforeSuite -->
        <test-method is-config="true" signature="enter_customer()[pri:0, instance:com.webtest.customer.test.Share_Search_test@32910148]" started-at="2018-12-07T01:10:15Z" name="enter_customer" finished-at="2018-12-07T01:10:41Z" duration-ms="26084" status="PASS">
          <reporter-output>
          </reporter-output>
        </test-method> <!-- enter_customer -->
        <test-method signature="share_search(java.lang.String)[pri:0, instance:com.webtest.customer.test.Share_Search_test@32910148]" started-at="2018-12-07T01:10:41Z" name="share_search" data-provider="custom_id" finished-at="2018-12-07T01:10:55Z" duration-ms="14427" status="PASS">
          <params>
            <param index="0">
              <value>
                <![CDATA[2]]>
              </value>
            </param>
          </params>
          <reporter-output>
          </reporter-output>
        </test-method> <!-- share_search -->
        <test-method is-config="true" signature="doAfterMethod()[pri:0, instance:com.webtest.customer.test.Share_Search_test@32910148]" started-at="2018-12-07T01:10:55Z" name="doAfterMethod" finished-at="2018-12-07T01:10:56Z" duration-ms="681" status="PASS">
          <reporter-output>
          </reporter-output>
        </test-method> <!-- doAfterMethod -->
      </class> <!-- com.webtest.customer.test.Share_Search_test -->
      <class name="com.webtest.personnel.personnal_files.File_SelectStatus_Test">
        <test-method is-config="true" signature="doBeforeSuite()[pri:0, instance:com.webtest.personnel.personnal_files.File_SelectStatus_Test@683dbc2c]" started-at="2018-12-07T01:01:06Z" name="doBeforeSuite" finished-at="2018-12-07T01:01:13Z" duration-ms="7157" status="PASS">
          <reporter-output>
          </reporter-output>
        </test-method> <!-- doBeforeSuite -->
        <test-method is-config="true" signature="initAction()[pri:0, instance:com.webtest.personnel.personnal_files.File_SelectStatus_Test@683dbc2c]" started-at="2018-12-07T01:01:13Z" name="initAction" finished-at="2018-12-07T01:01:21Z" duration-ms="8020" status="PASS">
          <reporter-output>
          </reporter-output>
        </test-method> <!-- initAction -->
        <test-method signature="testSelectStatus()[pri:0, instance:com.webtest.personnel.personnal_files.File_SelectStatus_Test@683dbc2c]" started-at="2018-12-07T01:01:21Z" name="testSelectStatus" finished-at="2018-12-07T01:01:40Z" duration-ms="19305" status="PASS">
          <reporter-output>
          </reporter-output>
        </test-method> <!-- testSelectStatus -->
        <test-method is-config="true" signature="doAfterMethod()[pri:0, instance:com.webtest.personnel.personnal_files.File_SelectStatus_Test@683dbc2c]" started-at="2018-12-07T01:01:40Z" name="doAfterMethod" finished-at="2018-12-07T01:01:41Z" duration-ms="806" status="PASS">
          <reporter-output>
          </reporter-output>
        </test-method> <!-- doAfterMethod -->
      </class> <!-- com.webtest.personnel.personnal_files.File_SelectStatus_Test -->
      <class name="com.webtest.customer.test.Search_test">
        <test-method is-config="true" signature="doBeforeSuite()[pri:0, instance:com.webtest.customer.test.Search_test@672872e1]" started-at="2018-12-07T01:08:22Z" name="doBeforeSuite" finished-at="2018-12-07T01:08:31Z" duration-ms="8545" status="PASS">
          <reporter-output>
          </reporter-output>
        </test-method> <!-- doBeforeSuite -->
        <test-method is-config="true" signature="enter_custom()[pri:0, instance:com.webtest.customer.test.Search_test@672872e1]" started-at="2018-12-07T01:08:31Z" name="enter_custom" finished-at="2018-12-07T01:08:57Z" duration-ms="26108" status="PASS">
          <reporter-output>
          </reporter-output>
        </test-method> <!-- enter_custom -->
        <test-method signature="Search()[pri:0, instance:com.webtest.customer.test.Search_test@672872e1]" started-at="2018-12-07T01:08:57Z" name="Search" finished-at="2018-12-07T01:09:04Z" duration-ms="7311" status="PASS">
          <reporter-output>
          </reporter-output>
        </test-method> <!-- Search -->
        <test-method is-config="true" signature="doAfterMethod()[pri:0, instance:com.webtest.customer.test.Search_test@672872e1]" started-at="2018-12-07T01:09:04Z" name="doAfterMethod" finished-at="2018-12-07T01:09:05Z" duration-ms="611" status="PASS">
          <reporter-output>
          </reporter-output>
        </test-method> <!-- doAfterMethod -->
      </class> <!-- com.webtest.customer.test.Search_test -->
      <class name="com.webtest.customer.test.Redata_test">
        <test-method is-config="true" signature="doBeforeSuite()[pri:0, instance:com.webtest.customer.test.Redata_test@fa36558]" started-at="2018-12-07T01:05:52Z" name="doBeforeSuite" finished-at="2018-12-07T01:06:00Z" duration-ms="8252" status="PASS">
          <reporter-output>
          </reporter-output>
        </test-method> <!-- doBeforeSuite -->
        <test-method is-config="true" signature="enter_customer()[pri:0, instance:com.webtest.customer.test.Redata_test@fa36558]" started-at="2018-12-07T01:06:00Z" name="enter_customer" finished-at="2018-12-07T01:06:26Z" duration-ms="26100" status="PASS">
          <reporter-output>
          </reporter-output>
        </test-method> <!-- enter_customer -->
        <test-method signature="redata()[pri:0, instance:com.webtest.customer.test.Redata_test@fa36558]" started-at="2018-12-07T01:06:26Z" name="redata" finished-at="2018-12-07T01:06:30Z" duration-ms="3421" status="PASS">
          <reporter-output>
          </reporter-output>
        </test-method> <!-- redata -->
        <test-method is-config="true" signature="doAfterMethod()[pri:0, instance:com.webtest.customer.test.Redata_test@fa36558]" started-at="2018-12-07T01:06:30Z" name="doAfterMethod" finished-at="2018-12-07T01:06:31Z" duration-ms="712" status="PASS">
          <reporter-output>
          </reporter-output>
        </test-method> <!-- doAfterMethod -->
      </class> <!-- com.webtest.customer.test.Redata_test -->
      <class name="com.webtest.renwu.xinjian">
        <test-method is-config="true" signature="doBeforeSuite()[pri:0, instance:com.webtest.renwu.xinjian@3571b748]" started-at="2018-12-07T01:15:27Z" name="doBeforeSuite" finished-at="2018-12-07T01:15:38Z" duration-ms="10315" status="PASS">
          <reporter-output>
          </reporter-output>
        </test-method> <!-- doBeforeSuite -->
        <test-method signature="testSearch()[pri:0, instance:com.webtest.renwu.xinjian@3571b748]" started-at="2018-12-07T01:15:38Z" name="testSearch" finished-at="2018-12-07T01:16:54Z" duration-ms="76365" status="PASS">
          <reporter-output>
          </reporter-output>
        </test-method> <!-- testSearch -->
        <test-method is-config="true" signature="doAfterMethod()[pri:0, instance:com.webtest.renwu.xinjian@3571b748]" started-at="2018-12-07T01:16:54Z" name="doAfterMethod" finished-at="2018-12-07T01:16:55Z" duration-ms="623" status="PASS">
          <reporter-output>
          </reporter-output>
        </test-method> <!-- doAfterMethod -->
      </class> <!-- com.webtest.renwu.xinjian -->
      <class name="com.webtest.liucheng.test6">
        <test-method is-config="true" signature="doBeforeSuite()[pri:0, instance:com.webtest.liucheng.test6@623a8092]" started-at="2018-12-07T01:13:46Z" name="doBeforeSuite" finished-at="2018-12-07T01:13:54Z" duration-ms="8354" status="PASS">
          <reporter-output>
          </reporter-output>
        </test-method> <!-- doBeforeSuite -->
        <test-method is-config="true" signature="testLogin()[pri:0, instance:com.webtest.liucheng.test6@623a8092]" started-at="2018-12-07T01:13:54Z" name="testLogin" finished-at="2018-12-07T01:14:07Z" duration-ms="13066" status="PASS">
          <reporter-output>
          </reporter-output>
        </test-method> <!-- testLogin -->
        <test-method signature="test()[pri:0, instance:com.webtest.liucheng.test6@623a8092]" started-at="2018-12-07T01:14:07Z" name="test" finished-at="2018-12-07T01:14:17Z" duration-ms="9798" status="PASS">
          <reporter-output>
          </reporter-output>
        </test-method> <!-- test -->
        <test-method is-config="true" signature="doAfterMethod()[pri:0, instance:com.webtest.liucheng.test6@623a8092]" started-at="2018-12-07T01:14:17Z" name="doAfterMethod" finished-at="2018-12-07T01:14:18Z" duration-ms="688" status="PASS">
          <reporter-output>
          </reporter-output>
        </test-method> <!-- doAfterMethod -->
      </class> <!-- com.webtest.liucheng.test6 -->
      <class name="com.webtest.liucheng.test5">
        <test-method is-config="true" signature="doBeforeSuite()[pri:0, instance:com.webtest.liucheng.test5@548e6d58]" started-at="2018-12-07T01:12:24Z" name="doBeforeSuite" finished-at="2018-12-07T01:12:30Z" duration-ms="6663" status="PASS">
          <reporter-output>
          </reporter-output>
        </test-method> <!-- doBeforeSuite -->
        <test-method is-config="true" signature="testLogin()[pri:0, instance:com.webtest.liucheng.test5@548e6d58]" started-at="2018-12-07T01:12:30Z" name="testLogin" finished-at="2018-12-07T01:12:47Z" duration-ms="16268" status="PASS">
          <reporter-output>
          </reporter-output>
        </test-method> <!-- testLogin -->
        <test-method signature="test()[pri:0, instance:com.webtest.liucheng.test5@548e6d58]" started-at="2018-12-07T01:12:47Z" name="test" finished-at="2018-12-07T01:13:04Z" duration-ms="17392" status="PASS">
          <reporter-output>
          </reporter-output>
        </test-method> <!-- test -->
        <test-method is-config="true" signature="doAfterMethod()[pri:0, instance:com.webtest.liucheng.test5@548e6d58]" started-at="2018-12-07T01:13:04Z" name="doAfterMethod" finished-at="2018-12-07T01:13:05Z" duration-ms="1084" status="PASS">
          <reporter-output>
          </reporter-output>
        </test-method> <!-- doAfterMethod -->
      </class> <!-- com.webtest.liucheng.test5 -->
      <class name="com.webtest.customer.test.NewCustract_test">
        <test-method is-config="true" signature="doBeforeSuite()[pri:0, instance:com.webtest.customer.test.NewCustract_test@394a2528]" started-at="2018-12-07T01:01:41Z" name="doBeforeSuite" finished-at="2018-12-07T01:01:48Z" duration-ms="7203" status="PASS">
          <reporter-output>
          </reporter-output>
        </test-method> <!-- doBeforeSuite -->
        <test-method is-config="true" signature="login()[pri:0, instance:com.webtest.customer.test.NewCustract_test@394a2528]" started-at="2018-12-07T01:01:48Z" name="login" finished-at="2018-12-07T01:02:01Z" duration-ms="12608" status="PASS">
          <reporter-output>
          </reporter-output>
        </test-method> <!-- login -->
        <test-method is-config="true" signature="doAfterMethod()[pri:0, instance:com.webtest.customer.test.NewCustract_test@394a2528]" started-at="2018-12-07T01:02:01Z" name="doAfterMethod" finished-at="2018-12-07T01:02:02Z" duration-ms="839" status="PASS">
          <reporter-output>
          </reporter-output>
        </test-method> <!-- doAfterMethod -->
        <test-method signature="addAgreement(java.lang.String, java.lang.String, java.lang.String, java.lang.String, java.lang.String, java.lang.String, java.lang.String, java.lang.String, java.lang.String)[pri:0, instance:com.webtest.customer.test.NewCustract_test@394a2528]" started-at="2018-12-07T01:02:01Z" name="addAgreement" data-provider="addagreement" finished-at="2018-12-07T01:02:01Z" duration-ms="0" status="SKIP">
          <exception class="java.lang.RuntimeException">
            <message>
              <![CDATA[java.io.FileNotFoundException: D:\admin\p_data\add.xlsx (系统找不到指定的路径。)]]>
            </message>
            <full-stacktrace>
              <![CDATA[java.lang.RuntimeException: java.io.FileNotFoundException: D:\admin\p_data\add.xlsx (系统找不到指定的路径。)
at org.testng.internal.MethodInvocationHelper.invokeMethodNoCheckedException(MethodInvocationHelper.java:49)
at org.testng.internal.MethodInvocationHelper.invokeDataProvider(MethodInvocationHelper.java:131)
at org.testng.internal.Parameters.handleParameters(Parameters.java:706)
at org.testng.internal.ParameterHandler.handleParameters(ParameterHandler.java:49)
at org.testng.internal.ParameterHandler.createParameters(ParameterHandler.java:37)
at org.testng.internal.Invoker.invokeTestMethods(Invoker.java:923)
at org.testng.internal.TestMethodWorker.invokeTestMethods(TestMethodWorker.java:125)
at org.testng.internal.TestMethodWorker.run(TestMethodWorker.java:109)
at org.testng.TestRunner.privateRun(TestRunner.java:648)
at org.testng.TestRunner.run(TestRunner.java:505)
at org.testng.SuiteRunner.runTest(SuiteRunner.java:455)
at org.testng.SuiteRunner.runSequentially(SuiteRunner.java:450)
at org.testng.SuiteRunner.privateRun(SuiteRunner.java:415)
at org.testng.SuiteRunner.run(SuiteRunner.java:364)
at org.testng.SuiteRunnerWorker.runSuite(SuiteRunnerWorker.java:52)
at org.testng.SuiteRunnerWorker.run(SuiteRunnerWorker.java:84)
at org.testng.TestNG.runSuitesSequentially(TestNG.java:1208)
at org.testng.TestNG.runSuitesLocally(TestNG.java:1137)
at org.testng.TestNG.runSuites(TestNG.java:1049)
at org.testng.TestNG.run(TestNG.java:1017)
at org.testng.TestNG.privateMain(TestNG.java:1354)
at org.testng.TestNG.main(TestNG.java:1323)
Caused by: java.io.FileNotFoundException: D:\admin\p_data\add.xlsx (系统找不到指定的路径。)
at java.base/java.io.FileInputStream.open0(Native Method)
at java.base/java.io.FileInputStream.open(FileInputStream.java:196)
at java.base/java.io.FileInputStream.<init>(FileInputStream.java:139)
at com.webtest.dataprovider.ExcelDataProvider.getTestDataByExcel(Unknown Source)
at com.webtest.dataprovider.NSDataProvider.getExcelData3(Unknown Source)
at java.base/jdk.internal.reflect.NativeMethodAccessorImpl.invoke0(Native Method)
at java.base/jdk.internal.reflect.NativeMethodAccessorImpl.invoke(NativeMethodAccessorImpl.java:62)
at java.base/jdk.internal.reflect.DelegatingMethodAccessorImpl.invoke(DelegatingMethodAccessorImpl.java:43)
at java.base/java.lang.reflect.Method.invoke(Method.java:564)
at org.testng.internal.MethodInvocationHelper.invokeMethod(MethodInvocationHelper.java:124)
at org.testng.internal.MethodInvocationHelper.invokeMethod(MethodInvocationHelper.java:74)
at org.testng.internal.MethodInvocationHelper.invokeMethodNoCheckedException(MethodInvocationHelper.java:45)
... 21 more
]]>
            </full-stacktrace>
          </exception> <!-- java.lang.RuntimeException -->
          <reporter-output>
          </reporter-output>
        </test-method> <!-- addAgreement -->
      </class> <!-- com.webtest.customer.test.NewCustract_test -->
      <class name="com.webtest.liucheng.test4">
        <test-method is-config="true" signature="doBeforeSuite()[pri:0, instance:com.webtest.liucheng.test4@2f465398]" started-at="2018-12-07T01:10:56Z" name="doBeforeSuite" finished-at="2018-12-07T01:11:03Z" duration-ms="7325" status="PASS">
          <reporter-output>
          </reporter-output>
        </test-method> <!-- doBeforeSuite -->
        <test-method is-config="true" signature="testLogin()[pri:0, instance:com.webtest.liucheng.test4@2f465398]" started-at="2018-12-07T01:11:03Z" name="testLogin" finished-at="2018-12-07T01:11:21Z" duration-ms="17541" status="PASS">
          <reporter-output>
          </reporter-output>
        </test-method> <!-- testLogin -->
        <test-method signature="test1()[pri:0, instance:com.webtest.liucheng.test4@2f465398]" started-at="2018-12-07T01:11:21Z" name="test1" finished-at="2018-12-07T01:11:35Z" duration-ms="14089" status="PASS">
          <reporter-output>
          </reporter-output>
        </test-method> <!-- test1 -->
        <test-method is-config="true" signature="doAfterMethod()[pri:0, instance:com.webtest.liucheng.test4@2f465398]" started-at="2018-12-07T01:11:35Z" name="doAfterMethod" finished-at="2018-12-07T01:11:35Z" duration-ms="585" status="PASS">
          <reporter-output>
          </reporter-output>
        </test-method> <!-- doAfterMethod -->
      </class> <!-- com.webtest.liucheng.test4 -->
      <class name="com.webtest.liucheng.test3">
        <test-method is-config="true" signature="doBeforeSuite()[pri:0, instance:com.webtest.liucheng.test3@313b2ea6]" started-at="2018-12-07T01:09:05Z" name="doBeforeSuite" finished-at="2018-12-07T01:09:12Z" duration-ms="7312" status="PASS">
          <reporter-output>
          </reporter-output>
        </test-method> <!-- doBeforeSuite -->
        <test-method is-config="true" signature="testLogin()[pri:0, instance:com.webtest.liucheng.test3@313b2ea6]" started-at="2018-12-07T01:09:12Z" name="testLogin" finished-at="2018-12-07T01:09:29Z" duration-ms="16728" status="PASS">
          <reporter-output>
          </reporter-output>
        </test-method> <!-- testLogin -->
        <test-method signature="test1()[pri:0, instance:com.webtest.liucheng.test3@313b2ea6]" started-at="2018-12-07T01:09:29Z" name="test1" finished-at="2018-12-07T01:09:42Z" duration-ms="13142" status="PASS">
          <reporter-output>
          </reporter-output>
        </test-method> <!-- test1 -->
        <test-method signature="test2()[pri:0, instance:com.webtest.liucheng.test3@313b2ea6]" started-at="2018-12-07T01:09:42Z" name="test2" finished-at="2018-12-07T01:10:07Z" duration-ms="24743" status="PASS">
          <reporter-output>
          </reporter-output>
        </test-method> <!-- test2 -->
        <test-method is-config="true" signature="doAfterMethod()[pri:0, instance:com.webtest.liucheng.test3@313b2ea6]" started-at="2018-12-07T01:10:07Z" name="doAfterMethod" finished-at="2018-12-07T01:10:08Z" duration-ms="764" status="PASS">
          <reporter-output>
          </reporter-output>
        </test-method> <!-- doAfterMethod -->
      </class> <!-- com.webtest.liucheng.test3 -->
      <class name="com.webtest.liucheng.test2">
        <test-method is-config="true" signature="doBeforeSuite()[pri:0, instance:com.webtest.liucheng.test2@6a2b953e]" started-at="2018-12-07T01:06:31Z" name="doBeforeSuite" finished-at="2018-12-07T01:06:39Z" duration-ms="8811" status="PASS">
          <reporter-output>
          </reporter-output>
        </test-method> <!-- doBeforeSuite -->
        <test-method is-config="true" signature="testLogin()[pri:0, instance:com.webtest.liucheng.test2@6a2b953e]" started-at="2018-12-07T01:06:39Z" name="testLogin" finished-at="2018-12-07T01:06:57Z" duration-ms="18103" status="PASS">
          <reporter-output>
          </reporter-output>
        </test-method> <!-- testLogin -->
        <test-method signature="test1()[pri:0, instance:com.webtest.liucheng.test2@6a2b953e]" started-at="2018-12-07T01:06:57Z" name="test1" finished-at="2018-12-07T01:07:14Z" duration-ms="16249" status="PASS">
          <reporter-output>
          </reporter-output>
        </test-method> <!-- test1 -->
        <test-method signature="test2()[pri:0, instance:com.webtest.liucheng.test2@6a2b953e]" started-at="2018-12-07T01:07:14Z" name="test2" finished-at="2018-12-07T01:07:27Z" duration-ms="12906" status="PASS">
          <reporter-output>
          </reporter-output>
        </test-method> <!-- test2 -->
        <test-method signature="test3()[pri:0, instance:com.webtest.liucheng.test2@6a2b953e]" started-at="2018-12-07T01:07:27Z" name="test3" finished-at="2018-12-07T01:07:40Z" duration-ms="12910" status="PASS">
          <reporter-output>
          </reporter-output>
        </test-method> <!-- test3 -->
        <test-method signature="test4()[pri:0, instance:com.webtest.liucheng.test2@6a2b953e]" started-at="2018-12-07T01:07:40Z" name="test4" finished-at="2018-12-07T01:07:52Z" duration-ms="12820" status="PASS">
          <reporter-output>
          </reporter-output>
        </test-method> <!-- test4 -->
        <test-method signature="test5()[pri:0, instance:com.webtest.liucheng.test2@6a2b953e]" started-at="2018-12-07T01:07:52Z" name="test5" finished-at="2018-12-07T01:08:09Z" duration-ms="16241" status="PASS">
          <reporter-output>
          </reporter-output>
        </test-method> <!-- test5 -->
        <test-method signature="test6()[pri:0, instance:com.webtest.liucheng.test2@6a2b953e]" started-at="2018-12-07T01:08:09Z" name="test6" finished-at="2018-12-07T01:08:21Z" duration-ms="12880" status="PASS">
          <reporter-output>
          </reporter-output>
        </test-method> <!-- test6 -->
        <test-method is-config="true" signature="doAfterMethod()[pri:0, instance:com.webtest.liucheng.test2@6a2b953e]" started-at="2018-12-07T01:08:21Z" name="doAfterMethod" finished-at="2018-12-07T01:08:22Z" duration-ms="782" status="PASS">
          <reporter-output>
          </reporter-output>
        </test-method> <!-- doAfterMethod -->
      </class> <!-- com.webtest.liucheng.test2 -->
      <class name="com.webtest.renwu.pingfen">
        <test-method is-config="true" signature="doBeforeSuite()[pri:0, instance:com.webtest.renwu.pingfen@3f56875e]" started-at="2018-12-07T01:11:35Z" name="doBeforeSuite" finished-at="2018-12-07T01:11:43Z" duration-ms="7842" status="PASS">
          <reporter-output>
          </reporter-output>
        </test-method> <!-- doBeforeSuite -->
        <test-method signature="testSearch()[pri:0, instance:com.webtest.renwu.pingfen@3f56875e]" started-at="2018-12-07T01:11:43Z" name="testSearch" finished-at="2018-12-07T01:12:23Z" duration-ms="39757" status="PASS">
          <reporter-output>
          </reporter-output>
        </test-method> <!-- testSearch -->
        <test-method is-config="true" signature="doAfterMethod()[pri:0, instance:com.webtest.renwu.pingfen@3f56875e]" started-at="2018-12-07T01:12:23Z" name="doAfterMethod" finished-at="2018-12-07T01:12:24Z" duration-ms="747" status="PASS">
          <reporter-output>
          </reporter-output>
        </test-method> <!-- doAfterMethod -->
      </class> <!-- com.webtest.renwu.pingfen -->
      <class name="com.webtest.xinhu_personal.Addnotice">
        <test-method is-config="true" signature="doBeforeSuite()[pri:0, instance:com.webtest.xinhu_personal.Addnotice@3098cf3b]" started-at="2018-12-07T01:17:51Z" name="doBeforeSuite" finished-at="2018-12-07T01:18:04Z" duration-ms="13291" status="PASS">
          <reporter-output>
          </reporter-output>
        </test-method> <!-- doBeforeSuite -->
        <test-method signature="login2()[pri:0, instance:com.webtest.xinhu_personal.Addnotice@3098cf3b]" started-at="2018-12-07T01:18:04Z" name="login2" finished-at="2018-12-07T01:18:15Z" duration-ms="10708" status="PASS">
          <reporter-output>
          </reporter-output>
        </test-method> <!-- login2 -->
        <test-method signature="enterNotice()[pri:0, instance:com.webtest.xinhu_personal.Addnotice@3098cf3b]" started-at="2018-12-07T01:18:15Z" name="enterNotice" finished-at="2018-12-07T01:18:21Z" depends-on-methods="com.webtest.xinhu_personal.Addnotice.login2" duration-ms="6512" status="PASS">
          <reporter-output>
          </reporter-output>
        </test-method> <!-- enterNotice -->
        <test-method signature="addNotice(java.lang.String, java.lang.String, java.lang.String)[pri:0, instance:com.webtest.xinhu_personal.Addnotice@3098cf3b]" started-at="2018-12-07T01:18:21Z" name="addNotice" data-provider="excel1" finished-at="2018-12-07T01:18:21Z" depends-on-methods="com.webtest.xinhu_personal.Addnotice.enterNotice" duration-ms="0" status="SKIP">
          <exception class="java.lang.RuntimeException">
            <message>
              <![CDATA[java.io.FileNotFoundException: D:\admin\p_data\enterNotice.xlsx (系统找不到指定的路径。)]]>
            </message>
            <full-stacktrace>
              <![CDATA[java.lang.RuntimeException: java.io.FileNotFoundException: D:\admin\p_data\enterNotice.xlsx (系统找不到指定的路径。)
at org.testng.internal.MethodInvocationHelper.invokeMethodNoCheckedException(MethodInvocationHelper.java:49)
at org.testng.internal.MethodInvocationHelper.invokeDataProvider(MethodInvocationHelper.java:131)
at org.testng.internal.Parameters.handleParameters(Parameters.java:706)
at org.testng.internal.ParameterHandler.handleParameters(ParameterHandler.java:49)
at org.testng.internal.ParameterHandler.createParameters(ParameterHandler.java:37)
at org.testng.internal.Invoker.invokeTestMethods(Invoker.java:923)
at org.testng.internal.TestMethodWorker.invokeTestMethods(TestMethodWorker.java:125)
at org.testng.internal.TestMethodWorker.run(TestMethodWorker.java:109)
at org.testng.TestRunner.privateRun(TestRunner.java:648)
at org.testng.TestRunner.run(TestRunner.java:505)
at org.testng.SuiteRunner.runTest(SuiteRunner.java:455)
at org.testng.SuiteRunner.runSequentially(SuiteRunner.java:450)
at org.testng.SuiteRunner.privateRun(SuiteRunner.java:415)
at org.testng.SuiteRunner.run(SuiteRunner.java:364)
at org.testng.SuiteRunnerWorker.runSuite(SuiteRunnerWorker.java:52)
at org.testng.SuiteRunnerWorker.run(SuiteRunnerWorker.java:84)
at org.testng.TestNG.runSuitesSequentially(TestNG.java:1208)
at org.testng.TestNG.runSuitesLocally(TestNG.java:1137)
at org.testng.TestNG.runSuites(TestNG.java:1049)
at org.testng.TestNG.run(TestNG.java:1017)
at org.testng.TestNG.privateMain(TestNG.java:1354)
at org.testng.TestNG.main(TestNG.java:1323)
Caused by: java.io.FileNotFoundException: D:\admin\p_data\enterNotice.xlsx (系统找不到指定的路径。)
at java.base/java.io.FileInputStream.open0(Native Method)
at java.base/java.io.FileInputStream.open(FileInputStream.java:196)
at java.base/java.io.FileInputStream.<init>(FileInputStream.java:139)
at com.webtest.dataprovider.ExcelDataProvider.getTestDataByExcel(Unknown Source)
at com.webtest.dataprovider.NSDataProvider.getExcelData1(Unknown Source)
at java.base/jdk.internal.reflect.NativeMethodAccessorImpl.invoke0(Native Method)
at java.base/jdk.internal.reflect.NativeMethodAccessorImpl.invoke(NativeMethodAccessorImpl.java:62)
at java.base/jdk.internal.reflect.DelegatingMethodAccessorImpl.invoke(DelegatingMethodAccessorImpl.java:43)
at java.base/java.lang.reflect.Method.invoke(Method.java:564)
at org.testng.internal.MethodInvocationHelper.invokeMethod(MethodInvocationHelper.java:124)
at org.testng.internal.MethodInvocationHelper.invokeMethod(MethodInvocationHelper.java:74)
at org.testng.internal.MethodInvocationHelper.invokeMethodNoCheckedException(MethodInvocationHelper.java:45)
... 21 more
]]>
            </full-stacktrace>
          </exception> <!-- java.lang.RuntimeException -->
          <reporter-output>
          </reporter-output>
        </test-method> <!-- addNotice -->
        <test-method is-config="true" signature="doAfterMethod()[pri:0, instance:com.webtest.xinhu_personal.Addnotice@3098cf3b]" started-at="2018-12-07T01:18:21Z" name="doAfterMethod" finished-at="2018-12-07T01:18:22Z" duration-ms="722" status="PASS">
          <reporter-output>
          </reporter-output>
        </test-method> <!-- doAfterMethod -->
      </class> <!-- com.webtest.xinhu_personal.Addnotice -->
      <class name="com.webtest.personnel.personnal_files.File_Operation_Test">
        <test-method is-config="true" signature="doBeforeSuite()[pri:0, instance:com.webtest.personnel.personnal_files.File_Operation_Test@d21a74c]" started-at="2018-12-07T00:53:34Z" name="doBeforeSuite" finished-at="2018-12-07T00:53:42Z" duration-ms="8319" status="PASS">
          <reporter-output>
          </reporter-output>
        </test-method> <!-- doBeforeSuite -->
        <test-method is-config="true" signature="initAction()[pri:0, instance:com.webtest.personnel.personnal_files.File_Operation_Test@d21a74c]" started-at="2018-12-07T00:53:42Z" name="initAction" finished-at="2018-12-07T00:53:51Z" duration-ms="8431" status="PASS">
          <reporter-output>
          </reporter-output>
        </test-method> <!-- initAction -->
        <test-method signature="testOperatioinAddremind()[pri:0, instance:com.webtest.personnel.personnal_files.File_Operation_Test@d21a74c]" started-at="2018-12-07T00:53:51Z" name="testOperatioinAddremind" finished-at="2018-12-07T00:54:16Z" duration-ms="25935" status="PASS">
          <reporter-output>
          </reporter-output>
        </test-method> <!-- testOperatioinAddremind -->
        <test-method is-config="true" signature="initAction()[pri:0, instance:com.webtest.personnel.personnal_files.File_Operation_Test@d21a74c]" started-at="2018-12-07T00:54:16Z" name="initAction" finished-at="2018-12-07T00:54:22Z" duration-ms="5098" status="PASS">
          <reporter-output>
          </reporter-output>
        </test-method> <!-- initAction -->
        <test-method signature="testOperationComment()[pri:0, instance:com.webtest.personnel.personnal_files.File_Operation_Test@d21a74c]" started-at="2018-12-07T00:54:22Z" name="testOperationComment" finished-at="2018-12-07T00:54:44Z" duration-ms="22537" status="PASS">
          <reporter-output>
          </reporter-output>
        </test-method> <!-- testOperationComment -->
        <test-method is-config="true" signature="initAction()[pri:0, instance:com.webtest.personnel.personnal_files.File_Operation_Test@d21a74c]" started-at="2018-12-07T00:54:44Z" name="initAction" finished-at="2018-12-07T00:54:49Z" duration-ms="4476" status="PASS">
          <reporter-output>
          </reporter-output>
        </test-method> <!-- initAction -->
        <test-method signature="testOperationDetails()[pri:0, instance:com.webtest.personnel.personnal_files.File_Operation_Test@d21a74c]" started-at="2018-12-07T00:54:49Z" name="testOperationDetails" finished-at="2018-12-07T00:55:11Z" duration-ms="22415" status="PASS">
          <reporter-output>
          </reporter-output>
        </test-method> <!-- testOperationDetails -->
        <test-method is-config="true" signature="doAfterMethod()[pri:0, instance:com.webtest.personnel.personnal_files.File_Operation_Test@d21a74c]" started-at="2018-12-07T00:55:11Z" name="doAfterMethod" finished-at="2018-12-07T00:55:14Z" duration-ms="2740" status="PASS">
          <reporter-output>
          </reporter-output>
        </test-method> <!-- doAfterMethod -->
      </class> <!-- com.webtest.personnel.personnal_files.File_Operation_Test -->
      <class name="com.webtest.personnel.personnal_files.File_Search_Test">
        <test-method is-config="true" signature="doBeforeSuite()[pri:0, instance:com.webtest.personnel.personnal_files.File_Search_Test@2898ac89]" started-at="2018-12-07T00:59:52Z" name="doBeforeSuite" finished-at="2018-12-07T01:00:03Z" duration-ms="10579" status="PASS">
          <reporter-output>
          </reporter-output>
        </test-method> <!-- doBeforeSuite -->
        <test-method is-config="true" signature="initAction()[pri:0, instance:com.webtest.personnel.personnal_files.File_Search_Test@2898ac89]" started-at="2018-12-07T01:00:03Z" name="initAction" finished-at="2018-12-07T01:00:12Z" duration-ms="8576" status="PASS">
          <reporter-output>
          </reporter-output>
        </test-method> <!-- initAction -->
        <test-method signature="testSearch()[pri:0, instance:com.webtest.personnel.personnal_files.File_Search_Test@2898ac89]" started-at="2018-12-07T01:00:12Z" name="testSearch" finished-at="2018-12-07T01:00:31Z" duration-ms="19439" status="PASS">
          <reporter-output>
          </reporter-output>
        </test-method> <!-- testSearch -->
        <test-method is-config="true" signature="doAfterMethod()[pri:0, instance:com.webtest.personnel.personnal_files.File_Search_Test@2898ac89]" started-at="2018-12-07T01:00:31Z" name="doAfterMethod" finished-at="2018-12-07T01:00:32Z" duration-ms="687" status="PASS">
          <reporter-output>
          </reporter-output>
        </test-method> <!-- doAfterMethod -->
      </class> <!-- com.webtest.personnel.personnal_files.File_Search_Test -->
      <class name="com.webtest.personnel.personnal_files.File_AdvancedSearch_Test">
        <test-method is-config="true" signature="doBeforeSuite()[pri:0, instance:com.webtest.personnel.personnal_files.File_AdvancedSearch_Test@15ca7889]" started-at="2018-12-07T00:47:45Z" name="doBeforeSuite" finished-at="2018-12-07T00:48:40Z" duration-ms="54929" status="PASS">
          <reporter-output>
          </reporter-output>
        </test-method> <!-- doBeforeSuite -->
        <test-method is-config="true" signature="initAction()[pri:0, instance:com.webtest.personnel.personnal_files.File_AdvancedSearch_Test@15ca7889]" started-at="2018-12-07T00:48:40Z" name="initAction" finished-at="2018-12-07T00:48:51Z" duration-ms="10675" status="PASS">
          <reporter-output>
          </reporter-output>
        </test-method> <!-- initAction -->
        <test-method signature="testAdvancedSearch()[pri:0, instance:com.webtest.personnel.personnal_files.File_AdvancedSearch_Test@15ca7889]" started-at="2018-12-07T00:48:51Z" name="testAdvancedSearch" finished-at="2018-12-07T00:49:22Z" duration-ms="31636" status="PASS">
          <reporter-output>
          </reporter-output>
        </test-method> <!-- testAdvancedSearch -->
        <test-method is-config="true" signature="doAfterMethod()[pri:0, instance:com.webtest.personnel.personnal_files.File_AdvancedSearch_Test@15ca7889]" started-at="2018-12-07T00:49:22Z" name="doAfterMethod" finished-at="2018-12-07T00:49:26Z" duration-ms="3505" status="PASS">
          <reporter-output>
          </reporter-output>
        </test-method> <!-- doAfterMethod -->
      </class> <!-- com.webtest.personnel.personnal_files.File_AdvancedSearch_Test -->
      <class name="com.webtest.renwu.rank">
        <test-method is-config="true" signature="doBeforeSuite()[pri:0, instance:com.webtest.renwu.rank@2b4bac49]" started-at="2018-12-07T01:13:05Z" name="doBeforeSuite" finished-at="2018-12-07T01:13:12Z" duration-ms="6619" status="PASS">
          <reporter-output>
          </reporter-output>
        </test-method> <!-- doBeforeSuite -->
        <test-method signature="testSearch()[pri:0, instance:com.webtest.renwu.rank@2b4bac49]" started-at="2018-12-07T01:13:12Z" name="testSearch" finished-at="2018-12-07T01:13:45Z" duration-ms="33298" status="PASS">
          <reporter-output>
          </reporter-output>
        </test-method> <!-- testSearch -->
        <test-method is-config="true" signature="doAfterMethod()[pri:0, instance:com.webtest.renwu.rank@2b4bac49]" started-at="2018-12-07T01:13:45Z" name="doAfterMethod" finished-at="2018-12-07T01:13:46Z" duration-ms="641" status="PASS">
          <reporter-output>
          </reporter-output>
        </test-method> <!-- doAfterMethod -->
      </class> <!-- com.webtest.renwu.rank -->
      <class name="com.webtest.customer.test.NewRecipt_test">
        <test-method is-config="true" signature="doBeforeSuite()[pri:0, instance:com.webtest.customer.test.NewRecipt_test@6236eb5f]" started-at="2018-12-07T01:02:35Z" name="doBeforeSuite" finished-at="2018-12-07T01:02:42Z" duration-ms="7112" status="PASS">
          <reporter-output>
          </reporter-output>
        </test-method> <!-- doBeforeSuite -->
        <test-method is-config="true" signature="login()[pri:0, instance:com.webtest.customer.test.NewRecipt_test@6236eb5f]" started-at="2018-12-07T01:02:42Z" name="login" finished-at="2018-12-07T01:02:54Z" duration-ms="12142" status="PASS">
          <reporter-output>
          </reporter-output>
        </test-method> <!-- login -->
        <test-method signature="addRecipt(java.lang.String, java.lang.String, java.lang.String, java.lang.String, java.lang.String, java.lang.String, java.lang.String, java.lang.String)[pri:0, instance:com.webtest.customer.test.NewRecipt_test@6236eb5f]" started-at="2018-12-07T01:02:54Z" name="addRecipt" data-provider="addrecipt" finished-at="2018-12-07T01:02:54Z" duration-ms="0" status="SKIP">
          <exception class="java.lang.RuntimeException">
            <message>
              <![CDATA[java.io.FileNotFoundException: D:\admin\p_data\add.xlsx (系统找不到指定的路径。)]]>
            </message>
            <full-stacktrace>
              <![CDATA[java.lang.RuntimeException: java.io.FileNotFoundException: D:\admin\p_data\add.xlsx (系统找不到指定的路径。)
at org.testng.internal.MethodInvocationHelper.invokeMethodNoCheckedException(MethodInvocationHelper.java:49)
at org.testng.internal.MethodInvocationHelper.invokeDataProvider(MethodInvocationHelper.java:131)
at org.testng.internal.Parameters.handleParameters(Parameters.java:706)
at org.testng.internal.ParameterHandler.handleParameters(ParameterHandler.java:49)
at org.testng.internal.ParameterHandler.createParameters(ParameterHandler.java:37)
at org.testng.internal.Invoker.invokeTestMethods(Invoker.java:923)
at org.testng.internal.TestMethodWorker.invokeTestMethods(TestMethodWorker.java:125)
at org.testng.internal.TestMethodWorker.run(TestMethodWorker.java:109)
at org.testng.TestRunner.privateRun(TestRunner.java:648)
at org.testng.TestRunner.run(TestRunner.java:505)
at org.testng.SuiteRunner.runTest(SuiteRunner.java:455)
at org.testng.SuiteRunner.runSequentially(SuiteRunner.java:450)
at org.testng.SuiteRunner.privateRun(SuiteRunner.java:415)
at org.testng.SuiteRunner.run(SuiteRunner.java:364)
at org.testng.SuiteRunnerWorker.runSuite(SuiteRunnerWorker.java:52)
at org.testng.SuiteRunnerWorker.run(SuiteRunnerWorker.java:84)
at org.testng.TestNG.runSuitesSequentially(TestNG.java:1208)
at org.testng.TestNG.runSuitesLocally(TestNG.java:1137)
at org.testng.TestNG.runSuites(TestNG.java:1049)
at org.testng.TestNG.run(TestNG.java:1017)
at org.testng.TestNG.privateMain(TestNG.java:1354)
at org.testng.TestNG.main(TestNG.java:1323)
Caused by: java.io.FileNotFoundException: D:\admin\p_data\add.xlsx (系统找不到指定的路径。)
at java.base/java.io.FileInputStream.open0(Native Method)
at java.base/java.io.FileInputStream.open(FileInputStream.java:196)
at java.base/java.io.FileInputStream.<init>(FileInputStream.java:139)
at com.webtest.dataprovider.ExcelDataProvider.getTestDataByExcel(Unknown Source)
at com.webtest.dataprovider.NSDataProvider.getExcelData4(Unknown Source)
at java.base/jdk.internal.reflect.NativeMethodAccessorImpl.invoke0(Native Method)
at java.base/jdk.internal.reflect.NativeMethodAccessorImpl.invoke(NativeMethodAccessorImpl.java:62)
at java.base/jdk.internal.reflect.DelegatingMethodAccessorImpl.invoke(DelegatingMethodAccessorImpl.java:43)
at java.base/java.lang.reflect.Method.invoke(Method.java:564)
at org.testng.internal.MethodInvocationHelper.invokeMethod(MethodInvocationHelper.java:124)
at org.testng.internal.MethodInvocationHelper.invokeMethod(MethodInvocationHelper.java:74)
at org.testng.internal.MethodInvocationHelper.invokeMethodNoCheckedException(MethodInvocationHelper.java:45)
... 21 more
]]>
            </full-stacktrace>
          </exception> <!-- java.lang.RuntimeException -->
          <reporter-output>
          </reporter-output>
        </test-method> <!-- addRecipt -->
        <test-method is-config="true" signature="doAfterMethod()[pri:0, instance:com.webtest.customer.test.NewRecipt_test@6236eb5f]" started-at="2018-12-07T01:02:54Z" name="doAfterMethod" finished-at="2018-12-07T01:02:55Z" duration-ms="847" status="PASS">
          <reporter-output>
          </reporter-output>
        </test-method> <!-- doAfterMethod -->
      </class> <!-- com.webtest.customer.test.NewRecipt_test -->
      <class name="com.webtest.customer.test.NewSell_test">
        <test-method is-config="true" signature="doBeforeSuite()[pri:0, instance:com.webtest.customer.test.NewSell_test@7c1e2a9e]" started-at="2018-12-07T01:04:28Z" name="doBeforeSuite" finished-at="2018-12-07T01:04:39Z" duration-ms="11231" status="PASS">
          <reporter-output>
          </reporter-output>
        </test-method> <!-- doBeforeSuite -->
        <test-method is-config="true" signature="login()[pri:0, instance:com.webtest.customer.test.NewSell_test@7c1e2a9e]" started-at="2018-12-07T01:04:39Z" name="login" finished-at="2018-12-07T01:04:53Z" duration-ms="14029" status="PASS">
          <reporter-output>
          </reporter-output>
        </test-method> <!-- login -->
        <test-method signature="addSell(java.lang.String, java.lang.String, java.lang.String, java.lang.String, java.lang.String)[pri:0, instance:com.webtest.customer.test.NewSell_test@7c1e2a9e]" started-at="2018-12-07T01:04:53Z" name="addSell" data-provider="addsell" finished-at="2018-12-07T01:04:53Z" duration-ms="0" status="SKIP">
          <exception class="java.lang.RuntimeException">
            <message>
              <![CDATA[java.io.FileNotFoundException: D:\admin\p_data\add.xlsx (系统找不到指定的路径。)]]>
            </message>
            <full-stacktrace>
              <![CDATA[java.lang.RuntimeException: java.io.FileNotFoundException: D:\admin\p_data\add.xlsx (系统找不到指定的路径。)
at org.testng.internal.MethodInvocationHelper.invokeMethodNoCheckedException(MethodInvocationHelper.java:49)
at org.testng.internal.MethodInvocationHelper.invokeDataProvider(MethodInvocationHelper.java:131)
at org.testng.internal.Parameters.handleParameters(Parameters.java:706)
at org.testng.internal.ParameterHandler.handleParameters(ParameterHandler.java:49)
at org.testng.internal.ParameterHandler.createParameters(ParameterHandler.java:37)
at org.testng.internal.Invoker.invokeTestMethods(Invoker.java:923)
at org.testng.internal.TestMethodWorker.invokeTestMethods(TestMethodWorker.java:125)
at org.testng.internal.TestMethodWorker.run(TestMethodWorker.java:109)
at org.testng.TestRunner.privateRun(TestRunner.java:648)
at org.testng.TestRunner.run(TestRunner.java:505)
at org.testng.SuiteRunner.runTest(SuiteRunner.java:455)
at org.testng.SuiteRunner.runSequentially(SuiteRunner.java:450)
at org.testng.SuiteRunner.privateRun(SuiteRunner.java:415)
at org.testng.SuiteRunner.run(SuiteRunner.java:364)
at org.testng.SuiteRunnerWorker.runSuite(SuiteRunnerWorker.java:52)
at org.testng.SuiteRunnerWorker.run(SuiteRunnerWorker.java:84)
at org.testng.TestNG.runSuitesSequentially(TestNG.java:1208)
at org.testng.TestNG.runSuitesLocally(TestNG.java:1137)
at org.testng.TestNG.runSuites(TestNG.java:1049)
at org.testng.TestNG.run(TestNG.java:1017)
at org.testng.TestNG.privateMain(TestNG.java:1354)
at org.testng.TestNG.main(TestNG.java:1323)
Caused by: java.io.FileNotFoundException: D:\admin\p_data\add.xlsx (系统找不到指定的路径。)
at java.base/java.io.FileInputStream.open0(Native Method)
at java.base/java.io.FileInputStream.open(FileInputStream.java:196)
at java.base/java.io.FileInputStream.<init>(FileInputStream.java:139)
at com.webtest.dataprovider.ExcelDataProvider.getTestDataByExcel(Unknown Source)
at com.webtest.dataprovider.NSDataProvider.getExcelData2(Unknown Source)
at java.base/jdk.internal.reflect.NativeMethodAccessorImpl.invoke0(Native Method)
at java.base/jdk.internal.reflect.NativeMethodAccessorImpl.invoke(NativeMethodAccessorImpl.java:62)
at java.base/jdk.internal.reflect.DelegatingMethodAccessorImpl.invoke(DelegatingMethodAccessorImpl.java:43)
at java.base/java.lang.reflect.Method.invoke(Method.java:564)
at org.testng.internal.MethodInvocationHelper.invokeMethod(MethodInvocationHelper.java:124)
at org.testng.internal.MethodInvocationHelper.invokeMethod(MethodInvocationHelper.java:74)
at org.testng.internal.MethodInvocationHelper.invokeMethodNoCheckedException(MethodInvocationHelper.java:45)
... 21 more
]]>
            </full-stacktrace>
          </exception> <!-- java.lang.RuntimeException -->
          <reporter-output>
          </reporter-output>
        </test-method> <!-- addSell -->
        <test-method is-config="true" signature="doAfterMethod()[pri:0, instance:com.webtest.customer.test.NewSell_test@7c1e2a9e]" started-at="2018-12-07T01:04:53Z" name="doAfterMethod" finished-at="2018-12-07T01:04:54Z" duration-ms="662" status="PASS">
          <reporter-output>
          </reporter-output>
        </test-method> <!-- doAfterMethod -->
      </class> <!-- com.webtest.customer.test.NewSell_test -->
      <class name="com.webtest.xingzheng.TestPart1_wupin">
        <test-method is-config="true" signature="doBeforeSuite()[pri:0, instance:com.webtest.xingzheng.TestPart1_wupin@2118cddf]" started-at="2018-12-07T00:49:26Z" name="doBeforeSuite" finished-at="2018-12-07T00:49:41Z" duration-ms="15078" status="PASS">
          <reporter-output>
          </reporter-output>
        </test-method> <!-- doBeforeSuite -->
        <test-method is-config="true" signature="Enter()[pri:0, instance:com.webtest.xingzheng.TestPart1_wupin@2118cddf]" started-at="2018-12-07T00:49:41Z" name="Enter" finished-at="2018-12-07T00:50:09Z" duration-ms="28140" status="PASS">
          <reporter-output>
          </reporter-output>
        </test-method> <!-- Enter -->
        <test-method signature="test_a1()[pri:0, instance:com.webtest.xingzheng.TestPart1_wupin@2118cddf]" started-at="2018-12-07T00:50:09Z" name="test_a1" finished-at="2018-12-07T00:50:38Z" duration-ms="29114" status="PASS">
          <reporter-output>
          </reporter-output>
        </test-method> <!-- test_a1 -->
        <test-method signature="test_a2()[pri:0, instance:com.webtest.xingzheng.TestPart1_wupin@2118cddf]" started-at="2018-12-07T00:50:38Z" name="test_a2" finished-at="2018-12-07T00:50:51Z" duration-ms="12899" status="PASS">
          <reporter-output>
          </reporter-output>
        </test-method> <!-- test_a2 -->
        <test-method signature="test_a3()[pri:0, instance:com.webtest.xingzheng.TestPart1_wupin@2118cddf]" started-at="2018-12-07T00:50:51Z" name="test_a3" finished-at="2018-12-07T00:51:10Z" duration-ms="19040" status="PASS">
          <reporter-output>
          </reporter-output>
        </test-method> <!-- test_a3 -->
        <test-method signature="test_a4()[pri:0, instance:com.webtest.xingzheng.TestPart1_wupin@2118cddf]" started-at="2018-12-07T00:51:10Z" name="test_a4" finished-at="2018-12-07T00:51:26Z" duration-ms="15944" status="PASS">
          <reporter-output>
          </reporter-output>
        </test-method> <!-- test_a4 -->
        <test-method signature="test_a5()[pri:0, instance:com.webtest.xingzheng.TestPart1_wupin@2118cddf]" started-at="2018-12-07T00:51:26Z" name="test_a5" finished-at="2018-12-07T00:51:30Z" duration-ms="3314" status="FAIL">
          <exception class="org.openqa.selenium.InvalidElementStateException">
            <message>
              <![CDATA[Element is not enabled
Build info: version: '3.6.0', revision: '6fbf3ec767', time: '2017-09-27T16:15:40.131Z'
System info: host: 'DESKTOP-JAB7ISN', ip: '169.254.133.219', os.name: 'Windows 10', os.arch: 'amd64', os.version: '10.0', java.version: '9.0.4'
Driver info: org.openqa.selenium.firefox.FirefoxDriver
Capabilities [{moz:profile=C:\Users\DELL\AppData\Local\Temp\rust_mozprofile.2RMrQjvus1lX, rotatable=false, timeouts={implicit=0, pageLoad=300000, script=30000}, pageLoadStrategy=normal, moz:headless=false, platform=XP, specificationLevel=0, moz:accessibilityChecks=false, acceptInsecureCerts=true, browserVersion=56.0, platformVersion=10.0, moz:processID=5364, browserName=firefox, javascriptEnabled=true, platformName=XP}]
Session ID: 2ae9b635-ac1c-4762-8190-82334604f0de]]>
            </message>
            <full-stacktrace>
              <![CDATA[org.openqa.selenium.InvalidElementStateException: Element is not enabled
Build info: version: '3.6.0', revision: '6fbf3ec767', time: '2017-09-27T16:15:40.131Z'
System info: host: 'DESKTOP-JAB7ISN', ip: '169.254.133.219', os.name: 'Windows 10', os.arch: 'amd64', os.version: '10.0', java.version: '9.0.4'
Driver info: org.openqa.selenium.firefox.FirefoxDriver
Capabilities [{moz:profile=C:\Users\DELL\AppData\Local\Temp\rust_mozprofile.2RMrQjvus1lX, rotatable=false, timeouts={implicit=0, pageLoad=300000, script=30000}, pageLoadStrategy=normal, moz:headless=false, platform=XP, specificationLevel=0, moz:accessibilityChecks=false, acceptInsecureCerts=true, browserVersion=56.0, platformVersion=10.0, moz:processID=5364, browserName=firefox, javascriptEnabled=true, platformName=XP}]
Session ID: 2ae9b635-ac1c-4762-8190-82334604f0de
at java.base/jdk.internal.reflect.NativeConstructorAccessorImpl.newInstance0(Native Method)
at java.base/jdk.internal.reflect.NativeConstructorAccessorImpl.newInstance(NativeConstructorAccessorImpl.java:62)
at java.base/jdk.internal.reflect.DelegatingConstructorAccessorImpl.newInstance(DelegatingConstructorAccessorImpl.java:45)
at java.base/java.lang.reflect.Constructor.newInstance(Constructor.java:488)
at org.openqa.selenium.remote.http.W3CHttpResponseCodec.createException(W3CHttpResponseCodec.java:185)
at org.openqa.selenium.remote.http.W3CHttpResponseCodec.decode(W3CHttpResponseCodec.java:120)
at org.openqa.selenium.remote.http.W3CHttpResponseCodec.decode(W3CHttpResponseCodec.java:49)
at org.openqa.selenium.remote.HttpCommandExecutor.execute(HttpCommandExecutor.java:164)
at org.openqa.selenium.remote.service.DriverCommandExecutor.execute(DriverCommandExecutor.java:83)
at org.openqa.selenium.remote.RemoteWebDriver.execute(RemoteWebDriver.java:586)
at org.openqa.selenium.remote.RemoteWebElement.execute(RemoteWebElement.java:279)
at org.openqa.selenium.remote.RemoteWebElement.click(RemoteWebElement.java:83)
at com.webtest.core.WebDriverEngine.click(Unknown Source)
at com.webtest.xingzheng.TestPart1_wupin.test_a5(Unknown Source)
at java.base/jdk.internal.reflect.NativeMethodAccessorImpl.invoke0(Native Method)
at java.base/jdk.internal.reflect.NativeMethodAccessorImpl.invoke(NativeMethodAccessorImpl.java:62)
at java.base/jdk.internal.reflect.DelegatingMethodAccessorImpl.invoke(DelegatingMethodAccessorImpl.java:43)
at java.base/java.lang.reflect.Method.invoke(Method.java:564)
at org.testng.internal.MethodInvocationHelper.invokeMethod(MethodInvocationHelper.java:124)
at org.testng.internal.Invoker.invokeMethod(Invoker.java:580)
at org.testng.internal.Invoker.invokeTestMethod(Invoker.java:716)
at org.testng.internal.Invoker.invokeTestMethods(Invoker.java:988)
at org.testng.internal.TestMethodWorker.invokeTestMethods(TestMethodWorker.java:125)
at org.testng.internal.TestMethodWorker.run(TestMethodWorker.java:109)
at org.testng.TestRunner.privateRun(TestRunner.java:648)
at org.testng.TestRunner.run(TestRunner.java:505)
at org.testng.SuiteRunner.runTest(SuiteRunner.java:455)
at org.testng.SuiteRunner.runSequentially(SuiteRunner.java:450)
at org.testng.SuiteRunner.privateRun(SuiteRunner.java:415)
at org.testng.SuiteRunner.run(SuiteRunner.java:364)
at org.testng.SuiteRunnerWorker.runSuite(SuiteRunnerWorker.java:52)
at org.testng.SuiteRunnerWorker.run(SuiteRunnerWorker.java:84)
at org.testng.TestNG.runSuitesSequentially(TestNG.java:1208)
at org.testng.TestNG.runSuitesLocally(TestNG.java:1137)
at org.testng.TestNG.runSuites(TestNG.java:1049)
at org.testng.TestNG.run(TestNG.java:1017)
at org.testng.TestNG.privateMain(TestNG.java:1354)
at org.testng.TestNG.main(TestNG.java:1323)
]]>
            </full-stacktrace>
          </exception> <!-- org.openqa.selenium.InvalidElementStateException -->
          <reporter-output>
          </reporter-output>
        </test-method> <!-- test_a5 -->
        <test-method is-config="true" signature="doAfterMethod()[pri:0, instance:com.webtest.xingzheng.TestPart1_wupin@2118cddf]" started-at="2018-12-07T00:51:30Z" name="doAfterMethod" finished-at="2018-12-07T00:51:35Z" duration-ms="5462" status="PASS">
          <reporter-output>
          </reporter-output>
        </test-method> <!-- doAfterMethod -->
      </class> <!-- com.webtest.xingzheng.TestPart1_wupin -->
      <class name="com.webtest.customer.test.NewCustomer_test">
        <test-method is-config="true" signature="doBeforeSuite()[pri:0, instance:com.webtest.customer.test.NewCustomer_test@11fc564b]" started-at="2018-12-07T01:00:32Z" name="doBeforeSuite" finished-at="2018-12-07T01:00:39Z" duration-ms="6973" status="PASS">
          <reporter-output>
          </reporter-output>
        </test-method> <!-- doBeforeSuite -->
        <test-method is-config="true" signature="enter_customer()[pri:0, instance:com.webtest.customer.test.NewCustomer_test@11fc564b]" started-at="2018-12-07T01:00:39Z" name="enter_customer" finished-at="2018-12-07T01:01:05Z" duration-ms="26379" status="PASS">
          <reporter-output>
          </reporter-output>
        </test-method> <!-- enter_customer -->
        <test-method is-config="true" signature="doAfterMethod()[pri:0, instance:com.webtest.customer.test.NewCustomer_test@11fc564b]" started-at="2018-12-07T01:01:05Z" name="doAfterMethod" finished-at="2018-12-07T01:01:06Z" duration-ms="944" status="PASS">
          <reporter-output>
          </reporter-output>
        </test-method> <!-- doAfterMethod -->
        <test-method signature="addCustomer(java.lang.String, java.lang.String, java.lang.String, java.lang.String, java.lang.String, java.lang.String, java.lang.String, java.lang.String, java.lang.String, java.lang.String, java.lang.String, java.lang.String, java.lang.String)[pri:0, instance:com.webtest.customer.test.NewCustomer_test@11fc564b]" started-at="2018-12-07T01:01:05Z" name="addCustomer" data-provider="addcustomer" finished-at="2018-12-07T01:01:05Z" duration-ms="0" status="SKIP">
          <exception class="java.lang.RuntimeException">
            <message>
              <![CDATA[java.io.FileNotFoundException: D:\admin\p_data\add.xlsx (系统找不到指定的路径。)]]>
            </message>
            <full-stacktrace>
              <![CDATA[java.lang.RuntimeException: java.io.FileNotFoundException: D:\admin\p_data\add.xlsx (系统找不到指定的路径。)
at org.testng.internal.MethodInvocationHelper.invokeMethodNoCheckedException(MethodInvocationHelper.java:49)
at org.testng.internal.MethodInvocationHelper.invokeDataProvider(MethodInvocationHelper.java:131)
at org.testng.internal.Parameters.handleParameters(Parameters.java:706)
at org.testng.internal.ParameterHandler.handleParameters(ParameterHandler.java:49)
at org.testng.internal.ParameterHandler.createParameters(ParameterHandler.java:37)
at org.testng.internal.Invoker.invokeTestMethods(Invoker.java:923)
at org.testng.internal.TestMethodWorker.invokeTestMethods(TestMethodWorker.java:125)
at org.testng.internal.TestMethodWorker.run(TestMethodWorker.java:109)
at org.testng.TestRunner.privateRun(TestRunner.java:648)
at org.testng.TestRunner.run(TestRunner.java:505)
at org.testng.SuiteRunner.runTest(SuiteRunner.java:455)
at org.testng.SuiteRunner.runSequentially(SuiteRunner.java:450)
at org.testng.SuiteRunner.privateRun(SuiteRunner.java:415)
at org.testng.SuiteRunner.run(SuiteRunner.java:364)
at org.testng.SuiteRunnerWorker.runSuite(SuiteRunnerWorker.java:52)
at org.testng.SuiteRunnerWorker.run(SuiteRunnerWorker.java:84)
at org.testng.TestNG.runSuitesSequentially(TestNG.java:1208)
at org.testng.TestNG.runSuitesLocally(TestNG.java:1137)
at org.testng.TestNG.runSuites(TestNG.java:1049)
at org.testng.TestNG.run(TestNG.java:1017)
at org.testng.TestNG.privateMain(TestNG.java:1354)
at org.testng.TestNG.main(TestNG.java:1323)
Caused by: java.io.FileNotFoundException: D:\admin\p_data\add.xlsx (系统找不到指定的路径。)
at java.base/java.io.FileInputStream.open0(Native Method)
at java.base/java.io.FileInputStream.open(FileInputStream.java:196)
at java.base/java.io.FileInputStream.<init>(FileInputStream.java:139)
at com.webtest.dataprovider.ExcelDataProvider.getTestDataByExcel(Unknown Source)
at com.webtest.dataprovider.NSDataProvider.getExcelData7(Unknown Source)
at java.base/jdk.internal.reflect.NativeMethodAccessorImpl.invoke0(Native Method)
at java.base/jdk.internal.reflect.NativeMethodAccessorImpl.invoke(NativeMethodAccessorImpl.java:62)
at java.base/jdk.internal.reflect.DelegatingMethodAccessorImpl.invoke(DelegatingMethodAccessorImpl.java:43)
at java.base/java.lang.reflect.Method.invoke(Method.java:564)
at org.testng.internal.MethodInvocationHelper.invokeMethod(MethodInvocationHelper.java:124)
at org.testng.internal.MethodInvocationHelper.invokeMethod(MethodInvocationHelper.java:74)
at org.testng.internal.MethodInvocationHelper.invokeMethodNoCheckedException(MethodInvocationHelper.java:45)
... 21 more
]]>
            </full-stacktrace>
          </exception> <!-- java.lang.RuntimeException -->
          <reporter-output>
          </reporter-output>
        </test-method> <!-- addCustomer -->
      </class> <!-- com.webtest.customer.test.NewCustomer_test -->
      <class name="com.webtest.xinhu_personal.ReInfor">
        <test-method is-config="true" signature="doBeforeSuite()[pri:0, instance:com.webtest.xinhu_personal.ReInfor@57250572]" started-at="2018-12-07T01:19:27Z" name="doBeforeSuite" finished-at="2018-12-07T01:19:34Z" duration-ms="6698" status="PASS">
          <reporter-output>
          </reporter-output>
        </test-method> <!-- doBeforeSuite -->
        <test-method signature="login3()[pri:0, instance:com.webtest.xinhu_personal.ReInfor@57250572]" started-at="2018-12-07T01:19:34Z" name="login3" finished-at="2018-12-07T01:19:42Z" duration-ms="8284" status="PASS">
          <reporter-output>
          </reporter-output>
        </test-method> <!-- login3 -->
        <test-method signature="enterInfor()[pri:0, instance:com.webtest.xinhu_personal.ReInfor@57250572]" started-at="2018-12-07T01:19:42Z" name="enterInfor" finished-at="2018-12-07T01:19:52Z" depends-on-methods="com.webtest.xinhu_personal.ReInfor.login3" duration-ms="9754" status="PASS">
          <reporter-output>
          </reporter-output>
        </test-method> <!-- enterInfor -->
        <test-method signature="reInfor1()[pri:0, instance:com.webtest.xinhu_personal.ReInfor@57250572]" started-at="2018-12-07T01:19:52Z" name="reInfor1" finished-at="2018-12-07T01:19:55Z" depends-on-methods="com.webtest.xinhu_personal.ReInfor.enterInfor" duration-ms="3266" status="PASS">
          <reporter-output>
          </reporter-output>
        </test-method> <!-- reInfor1 -->
        <test-method signature="reInfor2()[pri:0, instance:com.webtest.xinhu_personal.ReInfor@57250572]" started-at="2018-12-07T01:19:55Z" name="reInfor2" finished-at="2018-12-07T01:20:41Z" depends-on-methods="com.webtest.xinhu_personal.ReInfor.enterInfor" duration-ms="45707" status="PASS">
          <reporter-output>
          </reporter-output>
        </test-method> <!-- reInfor2 -->
        <test-method is-config="true" signature="doAfterMethod()[pri:0, instance:com.webtest.xinhu_personal.ReInfor@57250572]" started-at="2018-12-07T01:20:41Z" name="doAfterMethod" finished-at="2018-12-07T01:20:41Z" duration-ms="627" status="PASS">
          <reporter-output>
          </reporter-output>
        </test-method> <!-- doAfterMethod -->
      </class> <!-- com.webtest.xinhu_personal.ReInfor -->
      <class name="com.webtest.xingzheng.TestPart2_zichan">
        <test-method is-config="true" signature="doBeforeSuite()[pri:0, instance:com.webtest.xingzheng.TestPart2_zichan@17a7f733]" started-at="2018-12-07T00:52:15Z" name="doBeforeSuite" finished-at="2018-12-07T00:52:22Z" duration-ms="7123" status="PASS">
          <reporter-output>
          </reporter-output>
        </test-method> <!-- doBeforeSuite -->
        <test-method is-config="true" signature="Enter()[pri:0, instance:com.webtest.xingzheng.TestPart2_zichan@17a7f733]" started-at="2018-12-07T00:52:22Z" name="Enter" finished-at="2018-12-07T00:52:49Z" duration-ms="27525" status="PASS">
          <reporter-output>
          </reporter-output>
        </test-method> <!-- Enter -->
        <test-method signature="test_b1()[pri:0, instance:com.webtest.xingzheng.TestPart2_zichan@17a7f733]" started-at="2018-12-07T00:52:49Z" name="test_b1" finished-at="2018-12-07T00:52:59Z" duration-ms="9734" status="PASS">
          <reporter-output>
          </reporter-output>
        </test-method> <!-- test_b1 -->
        <test-method signature="test_b2()[pri:0, instance:com.webtest.xingzheng.TestPart2_zichan@17a7f733]" started-at="2018-12-07T00:52:59Z" name="test_b2" finished-at="2018-12-07T00:53:32Z" duration-ms="33203" status="PASS">
          <reporter-output>
          </reporter-output>
        </test-method> <!-- test_b2 -->
        <test-method is-config="true" signature="doAfterMethod()[pri:0, instance:com.webtest.xingzheng.TestPart2_zichan@17a7f733]" started-at="2018-12-07T00:53:32Z" name="doAfterMethod" finished-at="2018-12-07T00:53:34Z" duration-ms="1636" status="PASS">
          <reporter-output>
          </reporter-output>
        </test-method> <!-- doAfterMethod -->
      </class> <!-- com.webtest.xingzheng.TestPart2_zichan -->
      <class name="com.webtest.xinhu_personal.Login">
        <test-method is-config="true" signature="doBeforeSuite()[pri:0, instance:com.webtest.xinhu_personal.Login@21b2e768]" started-at="2018-12-07T01:18:57Z" name="doBeforeSuite" finished-at="2018-12-07T01:19:04Z" duration-ms="7117" status="PASS">
          <reporter-output>
          </reporter-output>
        </test-method> <!-- doBeforeSuite -->
        <test-method signature="openBrower()[pri:0, instance:com.webtest.xinhu_personal.Login@21b2e768]" started-at="2018-12-07T01:19:04Z" name="openBrower" finished-at="2018-12-07T01:19:09Z" duration-ms="4936" status="PASS">
          <reporter-output>
          </reporter-output>
        </test-method> <!-- openBrower -->
        <test-method signature="login(java.lang.String, java.lang.String, java.lang.String)[pri:0, instance:com.webtest.xinhu_personal.Login@21b2e768]" started-at="2018-12-07T01:19:09Z" name="login" data-provider="txt2" finished-at="2018-12-07T01:19:13Z" depends-on-methods="com.webtest.xinhu_personal.Login.openBrower" duration-ms="3387" status="PASS">
          <params>
            <param index="0">
              <value>
                <![CDATA[adyom]]>
              </value>
            </param>
            <param index="1">
              <value>
                <![CDATA[123456aa]]>
              </value>
            </param>
            <param index="2">
              <value>
                <![CDATA[用户不存在]]>
              </value>
            </param>
          </params>
          <reporter-output>
          </reporter-output>
        </test-method> <!-- login -->
        <test-method signature="login(java.lang.String, java.lang.String, java.lang.String)[pri:0, instance:com.webtest.xinhu_personal.Login@21b2e768]" started-at="2018-12-07T01:19:13Z" name="login" data-provider="txt2" finished-at="2018-12-07T01:19:16Z" depends-on-methods="com.webtest.xinhu_personal.Login.openBrower" duration-ms="3386" status="PASS">
          <params>
            <param index="0">
              <value>
                <![CDATA[admin]]>
              </value>
            </param>
            <param index="1">
              <value>
                <![CDATA[12345]]>
              </value>
            </param>
            <param index="2">
              <value>
                <![CDATA[密码不对]]>
              </value>
            </param>
          </params>
          <reporter-output>
          </reporter-output>
        </test-method> <!-- login -->
        <test-method signature="login(java.lang.String, java.lang.String, java.lang.String)[pri:0, instance:com.webtest.xinhu_personal.Login@21b2e768]" started-at="2018-12-07T01:19:16Z" name="login" data-provider="txt2" finished-at="2018-12-07T01:19:19Z" depends-on-methods="com.webtest.xinhu_personal.Login.openBrower" duration-ms="3381" status="PASS">
          <params>
            <param index="0">
              <value>
                <![CDATA[]]>
              </value>
            </param>
            <param index="1">
              <value>
                <![CDATA[123456aa]]>
              </value>
            </param>
            <param index="2">
              <value>
                <![CDATA[用户名不能为空]]>
              </value>
            </param>
          </params>
          <reporter-output>
          </reporter-output>
        </test-method> <!-- login -->
        <test-method signature="login(java.lang.String, java.lang.String, java.lang.String)[pri:0, instance:com.webtest.xinhu_personal.Login@21b2e768]" started-at="2018-12-07T01:19:19Z" name="login" data-provider="txt2" finished-at="2018-12-07T01:19:23Z" depends-on-methods="com.webtest.xinhu_personal.Login.openBrower" duration-ms="3331" status="PASS">
          <params>
            <param index="0">
              <value>
                <![CDATA[admin]]>
              </value>
            </param>
            <param index="1">
              <value>
                <![CDATA[]]>
              </value>
            </param>
            <param index="2">
              <value>
                <![CDATA[密码不能为空]]>
              </value>
            </param>
          </params>
          <reporter-output>
          </reporter-output>
        </test-method> <!-- login -->
        <test-method signature="loginsuccess()[pri:0, instance:com.webtest.xinhu_personal.Login@21b2e768]" started-at="2018-12-07T01:19:23Z" name="loginsuccess" finished-at="2018-12-07T01:19:26Z" depends-on-methods="com.webtest.xinhu_personal.Login.login" duration-ms="3391" status="PASS">
          <reporter-output>
          </reporter-output>
        </test-method> <!-- loginsuccess -->
        <test-method is-config="true" signature="doAfterMethod()[pri:0, instance:com.webtest.xinhu_personal.Login@21b2e768]" started-at="2018-12-07T01:19:26Z" name="doAfterMethod" finished-at="2018-12-07T01:19:27Z" duration-ms="682" status="PASS">
          <reporter-output>
          </reporter-output>
        </test-method> <!-- doAfterMethod -->
      </class> <!-- com.webtest.xinhu_personal.Login -->
      <class name="com.webtest.customer.test.CaoZuo_test">
        <test-method is-config="true" signature="doBeforeSuite()[pri:0, instance:com.webtest.customer.test.CaoZuo_test@68567e20]" started-at="2018-12-07T00:55:14Z" name="doBeforeSuite" finished-at="2018-12-07T00:55:29Z" duration-ms="15416" status="PASS">
          <reporter-output>
          </reporter-output>
        </test-method> <!-- doBeforeSuite -->
        <test-method is-config="true" signature="enter_customer()[pri:0, instance:com.webtest.customer.test.CaoZuo_test@68567e20]" started-at="2018-12-07T00:55:29Z" name="enter_customer" finished-at="2018-12-07T00:55:59Z" duration-ms="29734" status="PASS">
          <reporter-output>
          </reporter-output>
        </test-method> <!-- enter_customer -->
        <test-method signature="addReminSetting(java.lang.String, java.lang.String, java.lang.String, java.lang.String, java.lang.String, java.lang.String, java.lang.String, java.lang.String, java.lang.String)[pri:0, instance:com.webtest.customer.test.CaoZuo_test@68567e20]" started-at="2018-12-07T00:55:59Z" name="addReminSetting" data-provider="addReminSetting" finished-at="2018-12-07T00:55:59Z" duration-ms="0" status="SKIP">
          <exception class="java.lang.RuntimeException">
            <message>
              <![CDATA[java.io.FileNotFoundException: D:\admin\p_data\add.xlsx (系统找不到指定的路径。)]]>
            </message>
            <full-stacktrace>
              <![CDATA[java.lang.RuntimeException: java.io.FileNotFoundException: D:\admin\p_data\add.xlsx (系统找不到指定的路径。)
at org.testng.internal.MethodInvocationHelper.invokeMethodNoCheckedException(MethodInvocationHelper.java:49)
at org.testng.internal.MethodInvocationHelper.invokeDataProvider(MethodInvocationHelper.java:131)
at org.testng.internal.Parameters.handleParameters(Parameters.java:706)
at org.testng.internal.ParameterHandler.handleParameters(ParameterHandler.java:49)
at org.testng.internal.ParameterHandler.createParameters(ParameterHandler.java:37)
at org.testng.internal.Invoker.invokeTestMethods(Invoker.java:923)
at org.testng.internal.TestMethodWorker.invokeTestMethods(TestMethodWorker.java:125)
at org.testng.internal.TestMethodWorker.run(TestMethodWorker.java:109)
at org.testng.TestRunner.privateRun(TestRunner.java:648)
at org.testng.TestRunner.run(TestRunner.java:505)
at org.testng.SuiteRunner.runTest(SuiteRunner.java:455)
at org.testng.SuiteRunner.runSequentially(SuiteRunner.java:450)
at org.testng.SuiteRunner.privateRun(SuiteRunner.java:415)
at org.testng.SuiteRunner.run(SuiteRunner.java:364)
at org.testng.SuiteRunnerWorker.runSuite(SuiteRunnerWorker.java:52)
at org.testng.SuiteRunnerWorker.run(SuiteRunnerWorker.java:84)
at org.testng.TestNG.runSuitesSequentially(TestNG.java:1208)
at org.testng.TestNG.runSuitesLocally(TestNG.java:1137)
at org.testng.TestNG.runSuites(TestNG.java:1049)
at org.testng.TestNG.run(TestNG.java:1017)
at org.testng.TestNG.privateMain(TestNG.java:1354)
at org.testng.TestNG.main(TestNG.java:1323)
Caused by: java.io.FileNotFoundException: D:\admin\p_data\add.xlsx (系统找不到指定的路径。)
at java.base/java.io.FileInputStream.open0(Native Method)
at java.base/java.io.FileInputStream.open(FileInputStream.java:196)
at java.base/java.io.FileInputStream.<init>(FileInputStream.java:139)
at com.webtest.dataprovider.ExcelDataProvider.getTestDataByExcel(Unknown Source)
at com.webtest.dataprovider.NSDataProvider.getExcelData6(Unknown Source)
at java.base/jdk.internal.reflect.NativeMethodAccessorImpl.invoke0(Native Method)
at java.base/jdk.internal.reflect.NativeMethodAccessorImpl.invoke(NativeMethodAccessorImpl.java:62)
at java.base/jdk.internal.reflect.DelegatingMethodAccessorImpl.invoke(DelegatingMethodAccessorImpl.java:43)
at java.base/java.lang.reflect.Method.invoke(Method.java:564)
at org.testng.internal.MethodInvocationHelper.invokeMethod(MethodInvocationHelper.java:124)
at org.testng.internal.MethodInvocationHelper.invokeMethod(MethodInvocationHelper.java:74)
at org.testng.internal.MethodInvocationHelper.invokeMethodNoCheckedException(MethodInvocationHelper.java:45)
... 21 more
]]>
            </full-stacktrace>
          </exception> <!-- java.lang.RuntimeException -->
          <reporter-output>
          </reporter-output>
        </test-method> <!-- addReminSetting -->
        <test-method signature="delete(java.lang.String)[pri:0, instance:com.webtest.customer.test.CaoZuo_test@68567e20]" started-at="2018-12-07T00:55:59Z" name="delete" data-provider="custom_id" finished-at="2018-12-07T00:56:13Z" duration-ms="14507" status="PASS">
          <params>
            <param index="0">
              <value>
                <![CDATA[2]]>
              </value>
            </param>
          </params>
          <reporter-output>
          </reporter-output>
        </test-method> <!-- delete -->
        <test-method signature="detil(java.lang.String)[pri:0, instance:com.webtest.customer.test.CaoZuo_test@68567e20]" started-at="2018-12-07T00:56:13Z" name="detil" data-provider="custom_id" finished-at="2018-12-07T00:56:27Z" duration-ms="13697" status="PASS">
          <params>
            <param index="0">
              <value>
                <![CDATA[2]]>
              </value>
            </param>
          </params>
          <reporter-output>
          </reporter-output>
        </test-method> <!-- detil -->
        <test-method signature="share(java.lang.String)[pri:0, instance:com.webtest.customer.test.CaoZuo_test@68567e20]" started-at="2018-12-07T00:56:27Z" name="share" data-provider="custom_id" finished-at="2018-12-07T00:56:35Z" duration-ms="7928" status="PASS">
          <params>
            <param index="0">
              <value>
                <![CDATA[2]]>
              </value>
            </param>
          </params>
          <reporter-output>
          </reporter-output>
        </test-method> <!-- share -->
        <test-method is-config="true" signature="doAfterMethod()[pri:0, instance:com.webtest.customer.test.CaoZuo_test@68567e20]" started-at="2018-12-07T00:56:35Z" name="doAfterMethod" finished-at="2018-12-07T00:56:39Z" duration-ms="4161" status="PASS">
          <reporter-output>
          </reporter-output>
        </test-method> <!-- doAfterMethod -->
      </class> <!-- com.webtest.customer.test.CaoZuo_test -->
      <class name="com.webtest.xinhu_personal.AddrList">
        <test-method is-config="true" signature="doBeforeSuite()[pri:0, instance:com.webtest.xinhu_personal.AddrList@6a03bcb1]" started-at="2018-12-07T01:18:22Z" name="doBeforeSuite" finished-at="2018-12-07T01:18:29Z" duration-ms="6618" status="PASS">
          <reporter-output>
          </reporter-output>
        </test-method> <!-- doBeforeSuite -->
        <test-method signature="login1()[pri:0, instance:com.webtest.xinhu_personal.AddrList@6a03bcb1]" started-at="2018-12-07T01:18:29Z" name="login1" finished-at="2018-12-07T01:18:37Z" duration-ms="7959" status="PASS">
          <reporter-output>
          </reporter-output>
        </test-method> <!-- login1 -->
        <test-method signature="addrList()[pri:0, instance:com.webtest.xinhu_personal.AddrList@6a03bcb1]" started-at="2018-12-07T01:18:37Z" name="addrList" finished-at="2018-12-07T01:18:46Z" depends-on-methods="com.webtest.xinhu_personal.AddrList.login1" duration-ms="9746" status="PASS">
          <reporter-output>
          </reporter-output>
        </test-method> <!-- addrList -->
        <test-method signature="searchList(java.lang.String)[pri:0, instance:com.webtest.xinhu_personal.AddrList@6a03bcb1]" started-at="2018-12-07T01:18:46Z" name="searchList" data-provider="txt1" finished-at="2018-12-07T01:18:50Z" depends-on-methods="com.webtest.xinhu_personal.AddrList.addrList" duration-ms="3418" status="PASS">
          <params>
            <param index="0">
              <value>
                <![CDATA[曹操]]>
              </value>
            </param>
          </params>
          <reporter-output>
          </reporter-output>
        </test-method> <!-- searchList -->
        <test-method signature="searchList(java.lang.String)[pri:0, instance:com.webtest.xinhu_personal.AddrList@6a03bcb1]" started-at="2018-12-07T01:18:50Z" name="searchList" data-provider="txt1" finished-at="2018-12-07T01:18:53Z" depends-on-methods="com.webtest.xinhu_personal.AddrList.addrList" duration-ms="3292" status="PASS">
          <params>
            <param index="0">
              <value>
                <![CDATA[亮]]>
              </value>
            </param>
          </params>
          <reporter-output>
          </reporter-output>
        </test-method> <!-- searchList -->
        <test-method signature="searchList(java.lang.String)[pri:0, instance:com.webtest.xinhu_personal.AddrList@6a03bcb1]" started-at="2018-12-07T01:18:53Z" name="searchList" data-provider="txt1" finished-at="2018-12-07T01:18:56Z" depends-on-methods="com.webtest.xinhu_personal.AddrList.addrList" duration-ms="3333" status="PASS">
          <params>
            <param index="0">
              <value>
                <![CDATA[曹]]>
              </value>
            </param>
          </params>
          <reporter-output>
          </reporter-output>
        </test-method> <!-- searchList -->
        <test-method is-config="true" signature="doAfterMethod()[pri:0, instance:com.webtest.xinhu_personal.AddrList@6a03bcb1]" started-at="2018-12-07T01:18:56Z" name="doAfterMethod" finished-at="2018-12-07T01:18:57Z" duration-ms="800" status="PASS">
          <reporter-output>
          </reporter-output>
        </test-method> <!-- doAfterMethod -->
      </class> <!-- com.webtest.xinhu_personal.AddrList -->
      <class name="com.webtest.personnel.personnal_files.Add_Test">
        <test-method is-config="true" signature="doBeforeSuite()[pri:0, instance:com.webtest.personnel.personnal_files.Add_Test@2638011]" started-at="2018-12-07T01:02:55Z" name="doBeforeSuite" finished-at="2018-12-07T01:03:02Z" duration-ms="6690" status="PASS">
          <reporter-output>
          </reporter-output>
        </test-method> <!-- doBeforeSuite -->
        <test-method is-config="true" signature="initAction()[pri:0, instance:com.webtest.personnel.personnal_files.Add_Test@2638011]" started-at="2018-12-07T01:03:02Z" name="initAction" finished-at="2018-12-07T01:03:10Z" duration-ms="8450" status="PASS">
          <reporter-output>
          </reporter-output>
        </test-method> <!-- initAction -->
        <test-method signature="testAddOutRecord()[pri:0, instance:com.webtest.personnel.personnal_files.Add_Test@2638011]" started-at="2018-12-07T01:03:10Z" name="testAddOutRecord" finished-at="2018-12-07T01:03:40Z" duration-ms="29465" status="PASS">
          <reporter-output>
          </reporter-output>
        </test-method> <!-- testAddOutRecord -->
        <test-method is-config="true" signature="initAction()[pri:0, instance:com.webtest.personnel.personnal_files.Add_Test@2638011]" started-at="2018-12-07T01:03:40Z" name="initAction" finished-at="2018-12-07T01:03:44Z" duration-ms="4529" status="PASS">
          <reporter-output>
          </reporter-output>
        </test-method> <!-- initAction -->
        <test-method signature="testNewContract()[pri:0, instance:com.webtest.personnel.personnal_files.Add_Test@2638011]" started-at="2018-12-07T01:03:44Z" name="testNewContract" finished-at="2018-12-07T01:04:27Z" duration-ms="42609" status="PASS">
          <reporter-output>
          </reporter-output>
        </test-method> <!-- testNewContract -->
        <test-method is-config="true" signature="doAfterMethod()[pri:0, instance:com.webtest.personnel.personnal_files.Add_Test@2638011]" started-at="2018-12-07T01:04:27Z" name="doAfterMethod" finished-at="2018-12-07T01:04:28Z" duration-ms="749" status="PASS">
          <reporter-output>
          </reporter-output>
        </test-method> <!-- doAfterMethod -->
      </class> <!-- com.webtest.personnel.personnal_files.Add_Test -->
      <class name="com.webtest.renwu.sousuo">
        <test-method is-config="true" signature="doBeforeSuite()[pri:0, instance:com.webtest.renwu.sousuo@fd07cbb]" started-at="2018-12-07T01:14:18Z" name="doBeforeSuite" finished-at="2018-12-07T01:14:25Z" duration-ms="7173" status="PASS">
          <reporter-output>
          </reporter-output>
        </test-method> <!-- doBeforeSuite -->
        <test-method signature="testSearch()[pri:0, instance:com.webtest.renwu.sousuo@fd07cbb]" started-at="2018-12-07T01:14:25Z" name="testSearch" finished-at="2018-12-07T01:15:09Z" duration-ms="44111" status="FAIL">
          <exception class="java.lang.AssertionError">
            <message>
              <![CDATA[expected [true] but found [false]]]>
            </message>
            <full-stacktrace>
              <![CDATA[java.lang.AssertionError: expected [true] but found [false]
at org.testng.Assert.fail(Assert.java:96)
at org.testng.Assert.failNotEquals(Assert.java:776)
at org.testng.Assert.assertTrue(Assert.java:44)
at org.testng.Assert.assertTrue(Assert.java:54)
at com.webtest.renwu.sousuo.testSearch(Unknown Source)
at java.base/jdk.internal.reflect.NativeMethodAccessorImpl.invoke0(Native Method)
at java.base/jdk.internal.reflect.NativeMethodAccessorImpl.invoke(NativeMethodAccessorImpl.java:62)
at java.base/jdk.internal.reflect.DelegatingMethodAccessorImpl.invoke(DelegatingMethodAccessorImpl.java:43)
at java.base/java.lang.reflect.Method.invoke(Method.java:564)
at org.testng.internal.MethodInvocationHelper.invokeMethod(MethodInvocationHelper.java:124)
at org.testng.internal.Invoker.invokeMethod(Invoker.java:580)
at org.testng.internal.Invoker.invokeTestMethod(Invoker.java:716)
at org.testng.internal.Invoker.invokeTestMethods(Invoker.java:988)
at org.testng.internal.TestMethodWorker.invokeTestMethods(TestMethodWorker.java:125)
at org.testng.internal.TestMethodWorker.run(TestMethodWorker.java:109)
at org.testng.TestRunner.privateRun(TestRunner.java:648)
at org.testng.TestRunner.run(TestRunner.java:505)
at org.testng.SuiteRunner.runTest(SuiteRunner.java:455)
at org.testng.SuiteRunner.runSequentially(SuiteRunner.java:450)
at org.testng.SuiteRunner.privateRun(SuiteRunner.java:415)
at org.testng.SuiteRunner.run(SuiteRunner.java:364)
at org.testng.SuiteRunnerWorker.runSuite(SuiteRunnerWorker.java:52)
at org.testng.SuiteRunnerWorker.run(SuiteRunnerWorker.java:84)
at org.testng.TestNG.runSuitesSequentially(TestNG.java:1208)
at org.testng.TestNG.runSuitesLocally(TestNG.java:1137)
at org.testng.TestNG.runSuites(TestNG.java:1049)
at org.testng.TestNG.run(TestNG.java:1017)
at org.testng.TestNG.privateMain(TestNG.java:1354)
at org.testng.TestNG.main(TestNG.java:1323)
]]>
            </full-stacktrace>
          </exception> <!-- java.lang.AssertionError -->
          <reporter-output>
          </reporter-output>
        </test-method> <!-- testSearch -->
        <test-method is-config="true" signature="doAfterMethod()[pri:0, instance:com.webtest.renwu.sousuo@fd07cbb]" started-at="2018-12-07T01:15:09Z" name="doAfterMethod" finished-at="2018-12-07T01:15:10Z" duration-ms="731" status="PASS">
          <reporter-output>
          </reporter-output>
        </test-method> <!-- doAfterMethod -->
      </class> <!-- com.webtest.renwu.sousuo -->
    </test> <!-- personnel -->
  </suite> <!-- s1 -->
</testng-results>
